2016-03-13 23:49:22,620 : Starting machine on PID 25602 with clock rate: 1
2016-03-13 23:49:22,621 : Starting machine on PID 25603 with clock rate: 3
2016-03-13 23:49:22,621 : Starting machine on PID 25604 with clock rate: 6
2016-03-13 23:49:22,622 : Machine 1 (clock rate = 1) has internal event at 0.001s with logical clock value of 1
2016-03-13 23:49:22,622 : Machine 2 (clock rate = 3) has internal event at 0.001s with logical clock value of 1
2016-03-13 23:49:22,632 : Machine 3 (clock rate = 6) has internal event at 0.010s with logical clock value of 1
2016-03-13 23:49:22,791 : Machine 3 (clock rate = 6) has internal event at 0.169s with logical clock value of 2
2016-03-13 23:49:22,957 : Machine 2 (clock rate = 3) has internal event at 0.336s with logical clock value of 2
2016-03-13 23:49:22,958 : Machine 3 (clock rate = 6) has internal event at 0.336s with logical clock value of 3
2016-03-13 23:49:23,126 : Machine 3 (clock rate = 6) sending to Machine 1 logical clock value of 4 at 0.504s
2016-03-13 23:49:23,291 : Machine 2 (clock rate = 3) has internal event at 0.670s with logical clock value of 3
2016-03-13 23:49:23,292 : Machine 3 (clock rate = 6) has internal event at 0.671s with logical clock value of 5
2016-03-13 23:49:23,460 : Machine 3 (clock rate = 6) has internal event at 0.839s with logical clock value of 6
2016-03-13 23:49:23,623 : Machine 1 (clock rate = 1) received message with lc value of 4 with queue size of 1 at 1.002s with logical clock of 2
2016-03-13 23:49:23,623 : Machine 1 (clock rate = 1) has internal event at 1.003s with logical clock value of 4
2016-03-13 23:49:23,625 : Machine 2 (clock rate = 3) has internal event at 1.004s with logical clock value of 4
2016-03-13 23:49:23,628 : Machine 3 (clock rate = 6) sending to Machine 1 logical clock value of 7 at 1.006s
2016-03-13 23:49:23,795 : Machine 3 (clock rate = 6) has internal event at 1.174s with logical clock value of 8
2016-03-13 23:49:23,960 : Machine 2 (clock rate = 3) has internal event at 1.339s with logical clock value of 5
2016-03-13 23:49:23,963 : Machine 3 (clock rate = 6) sending to Machine 1 logical clock value of 9 at 1.341s
2016-03-13 23:49:24,130 : Machine 3 (clock rate = 6) has internal event at 1.509s with logical clock value of 10
2016-03-13 23:49:24,294 : Machine 2 (clock rate = 3) received message with lc value of 9 with queue size of 1 at 1.672s with logical clock of 6
2016-03-13 23:49:24,294 : Machine 2 (clock rate = 3) sending to Machine 1 logical clock value of 9 at 1.673s
2016-03-13 23:49:24,298 : Machine 3 (clock rate = 6) received message with lc value of 9 with queue size of 1 at 1.676s with logical clock of 11
2016-03-13 23:49:24,298 : Machine 3 (clock rate = 6) has internal event at 1.676s with logical clock value of 11
2016-03-13 23:49:24,466 : Machine 3 (clock rate = 6) has internal event at 1.844s with logical clock value of 12
2016-03-13 23:49:24,623 : Machine 1 (clock rate = 1) received message with lc value of 7 with queue size of 1 at 2.002s with logical clock of 5
2016-03-13 23:49:24,623 : Machine 1 (clock rate = 1) has internal event at 2.003s with logical clock value of 7
2016-03-13 23:49:24,628 : Machine 2 (clock rate = 3) has internal event at 2.007s with logical clock value of 10
2016-03-13 23:49:24,633 : Machine 3 (clock rate = 6) has internal event at 2.012s with logical clock value of 13
2016-03-13 23:49:24,801 : Machine 3 (clock rate = 6) has internal event at 2.179s with logical clock value of 14
2016-03-13 23:49:24,962 : Machine 2 (clock rate = 3) sending to Machine 1 logical clock value of 11 at 2.341s
2016-03-13 23:49:24,967 : Machine 3 (clock rate = 6) received message with lc value of 11 with queue size of 1 at 2.346s with logical clock of 15
2016-03-13 23:49:24,968 : Machine 3 (clock rate = 6) has internal event at 2.346s with logical clock value of 15
2016-03-13 23:49:25,135 : Machine 3 (clock rate = 6) sending to Machine 1 logical clock value of 16 at 2.513s
2016-03-13 23:49:25,296 : Machine 2 (clock rate = 3) has internal event at 2.674s with logical clock value of 12
2016-03-13 23:49:25,302 : Machine 3 (clock rate = 6) has internal event at 2.680s with logical clock value of 17
2016-03-13 23:49:25,469 : Machine 3 (clock rate = 6) has internal event at 2.847s with logical clock value of 18
2016-03-13 23:49:25,624 : Machine 1 (clock rate = 1) received message with lc value of 16 with queue size of 1 at 3.003s with logical clock of 8
2016-03-13 23:49:25,624 : Machine 1 (clock rate = 1) has internal event at 3.004s with logical clock value of 16
2016-03-13 23:49:25,629 : Machine 2 (clock rate = 3) has internal event at 3.008s with logical clock value of 13
2016-03-13 23:49:25,637 : Machine 3 (clock rate = 6) has internal event at 3.015s with logical clock value of 19
2016-03-13 23:49:25,805 : Machine 3 (clock rate = 6) sending to Machine 1 logical clock value of 20 at 3.183s
2016-03-13 23:49:25,964 : Machine 2 (clock rate = 3) received message with lc value of 20 with queue size of 1 at 3.343s with logical clock of 14
2016-03-13 23:49:25,964 : Machine 2 (clock rate = 3) has internal event at 3.343s with logical clock value of 20
2016-03-13 23:49:25,972 : Machine 3 (clock rate = 6) sending to Machine 1 logical clock value of 21 at 3.350s
2016-03-13 23:49:26,140 : Machine 3 (clock rate = 6) sending to Machine 1 logical clock value of 22 at 3.518s
2016-03-13 23:49:26,298 : Machine 2 (clock rate = 3) received message with lc value of 21 with queue size of 2 at 3.677s with logical clock of 21
2016-03-13 23:49:26,299 : Machine 2 (clock rate = 3) has internal event at 3.677s with logical clock value of 21
2016-03-13 23:49:26,308 : Machine 3 (clock rate = 6) has internal event at 3.686s with logical clock value of 23
2016-03-13 23:49:26,475 : Machine 3 (clock rate = 6) has internal event at 3.853s with logical clock value of 24
2016-03-13 23:49:26,624 : Machine 1 (clock rate = 1) has internal event at 4.003s with logical clock value of 17
2016-03-13 23:49:26,632 : Machine 2 (clock rate = 3) received message with lc value of 22 with queue size of 1 at 4.011s with logical clock of 22
2016-03-13 23:49:26,633 : Machine 2 (clock rate = 3) has internal event at 4.012s with logical clock value of 22
2016-03-13 23:49:26,642 : Machine 3 (clock rate = 6) has internal event at 4.021s with logical clock value of 25
2016-03-13 23:49:26,810 : Machine 3 (clock rate = 6) has internal event at 4.188s with logical clock value of 26
2016-03-13 23:49:26,966 : Machine 2 (clock rate = 3) has internal event at 4.345s with logical clock value of 23
2016-03-13 23:49:26,977 : Machine 3 (clock rate = 6) has internal event at 4.355s with logical clock value of 27
2016-03-13 23:49:27,144 : Machine 3 (clock rate = 6) has internal event at 4.522s with logical clock value of 28
2016-03-13 23:49:27,300 : Machine 2 (clock rate = 3) has internal event at 4.679s with logical clock value of 24
2016-03-13 23:49:27,311 : Machine 3 (clock rate = 6) has internal event at 4.689s with logical clock value of 29
2016-03-13 23:49:27,478 : Machine 3 (clock rate = 6) has internal event at 4.856s with logical clock value of 30
2016-03-13 23:49:27,625 : Machine 1 (clock rate = 1) sending to Machine 2 logical clock value of 18 at 5.004s
2016-03-13 23:49:27,634 : Machine 2 (clock rate = 3) has internal event at 5.013s with logical clock value of 25
2016-03-13 23:49:27,645 : Machine 3 (clock rate = 6) received message with lc value of 18 with queue size of 1 at 5.023s with logical clock of 31
2016-03-13 23:49:27,645 : Machine 3 (clock rate = 6) has internal event at 5.024s with logical clock value of 31
2016-03-13 23:49:27,813 : Machine 3 (clock rate = 6) sending to Machine 1 logical clock value of 32 at 5.191s
2016-03-13 23:49:27,968 : Machine 2 (clock rate = 3) received message with lc value of 32 with queue size of 1 at 5.347s with logical clock of 26
2016-03-13 23:49:27,969 : Machine 2 (clock rate = 3) has internal event at 5.348s with logical clock value of 32
2016-03-13 23:49:27,980 : Machine 3 (clock rate = 6) has internal event at 5.359s with logical clock value of 33
2016-03-13 23:49:28,148 : Machine 3 (clock rate = 6) has internal event at 5.526s with logical clock value of 34
2016-03-13 23:49:28,302 : Machine 2 (clock rate = 3) has internal event at 5.681s with logical clock value of 33
2016-03-13 23:49:28,316 : Machine 3 (clock rate = 6) has internal event at 5.694s with logical clock value of 35
2016-03-13 23:49:28,483 : Machine 3 (clock rate = 6) has internal event at 5.861s with logical clock value of 36
2016-03-13 23:49:28,625 : Machine 1 (clock rate = 1) sending to Machine 2 logical clock value of 19 at 6.005s
2016-03-13 23:49:28,636 : Machine 2 (clock rate = 3) has internal event at 6.015s with logical clock value of 34
2016-03-13 23:49:28,650 : Machine 3 (clock rate = 6) received message with lc value of 19 with queue size of 1 at 6.029s with logical clock of 37
2016-03-13 23:49:28,651 : Machine 3 (clock rate = 6) has internal event at 6.029s with logical clock value of 37
2016-03-13 23:49:28,818 : Machine 3 (clock rate = 6) has internal event at 6.196s with logical clock value of 38
2016-03-13 23:49:28,970 : Machine 2 (clock rate = 3) has internal event at 6.349s with logical clock value of 35
2016-03-13 23:49:28,986 : Machine 3 (clock rate = 6) has internal event at 6.364s with logical clock value of 39
2016-03-13 23:49:29,153 : Machine 3 (clock rate = 6) has internal event at 6.531s with logical clock value of 40
2016-03-13 23:49:29,305 : Machine 2 (clock rate = 3) has internal event at 6.684s with logical clock value of 36
2016-03-13 23:49:29,320 : Machine 3 (clock rate = 6) has internal event at 6.698s with logical clock value of 41
2016-03-13 23:49:29,487 : Machine 3 (clock rate = 6) has internal event at 6.865s with logical clock value of 42
2016-03-13 23:49:29,626 : Machine 1 (clock rate = 1) sending to Machine 2 logical clock value of 20 at 7.005s
2016-03-13 23:49:29,639 : Machine 2 (clock rate = 3) has internal event at 7.017s with logical clock value of 37
2016-03-13 23:49:29,655 : Machine 3 (clock rate = 6) received message with lc value of 20 with queue size of 1 at 7.033s with logical clock of 43
2016-03-13 23:49:29,655 : Machine 3 (clock rate = 6) has internal event at 7.034s with logical clock value of 43
2016-03-13 23:49:29,822 : Machine 3 (clock rate = 6) sending to Machine 1 logical clock value of 44 at 7.200s
2016-03-13 23:49:29,973 : Machine 2 (clock rate = 3) received message with lc value of 44 with queue size of 1 at 7.351s with logical clock of 38
2016-03-13 23:49:29,973 : Machine 2 (clock rate = 3) sending to Machine 1 logical clock value of 44 at 7.352s
2016-03-13 23:49:29,989 : Machine 3 (clock rate = 6) received message with lc value of 44 with queue size of 1 at 7.367s with logical clock of 45
2016-03-13 23:49:29,989 : Machine 3 (clock rate = 6) has internal event at 7.367s with logical clock value of 45
2016-03-13 23:49:30,156 : Machine 3 (clock rate = 6) has internal event at 7.534s with logical clock value of 46
2016-03-13 23:49:30,307 : Machine 2 (clock rate = 3) has internal event at 7.685s with logical clock value of 45
2016-03-13 23:49:30,323 : Machine 3 (clock rate = 6) has internal event at 7.701s with logical clock value of 47
2016-03-13 23:49:30,491 : Machine 3 (clock rate = 6) has internal event at 7.869s with logical clock value of 48
2016-03-13 23:49:30,626 : Machine 1 (clock rate = 1) has internal event at 8.006s with logical clock value of 21
2016-03-13 23:49:30,641 : Machine 2 (clock rate = 3) sending to Machine 1 logical clock value of 46 at 8.020s
2016-03-13 23:49:30,659 : Machine 3 (clock rate = 6) received message with lc value of 46 with queue size of 1 at 8.037s with logical clock of 49
2016-03-13 23:49:30,659 : Machine 3 (clock rate = 6) has internal event at 8.037s with logical clock value of 49
2016-03-13 23:49:30,825 : Machine 3 (clock rate = 6) has internal event at 8.204s with logical clock value of 50
2016-03-13 23:49:30,975 : Machine 2 (clock rate = 3) has internal event at 8.354s with logical clock value of 47
2016-03-13 23:49:30,992 : Machine 3 (clock rate = 6) has internal event at 8.371s with logical clock value of 51
2016-03-13 23:49:31,159 : Machine 3 (clock rate = 6) has internal event at 8.537s with logical clock value of 52
2016-03-13 23:49:31,309 : Machine 2 (clock rate = 3) has internal event at 8.688s with logical clock value of 48
2016-03-13 23:49:31,327 : Machine 3 (clock rate = 6) has internal event at 8.705s with logical clock value of 53
2016-03-13 23:49:31,495 : Machine 3 (clock rate = 6) has internal event at 8.873s with logical clock value of 54
2016-03-13 23:49:31,628 : Machine 1 (clock rate = 1) has internal event at 9.008s with logical clock value of 22
2016-03-13 23:49:31,643 : Machine 2 (clock rate = 3) has internal event at 9.021s with logical clock value of 49
2016-03-13 23:49:31,662 : Machine 3 (clock rate = 6) has internal event at 9.041s with logical clock value of 55
2016-03-13 23:49:31,830 : Machine 3 (clock rate = 6) has internal event at 9.208s with logical clock value of 56
2016-03-13 23:49:31,977 : Machine 2 (clock rate = 3) has internal event at 9.356s with logical clock value of 50
2016-03-13 23:49:31,997 : Machine 3 (clock rate = 6) has internal event at 9.376s with logical clock value of 57
2016-03-13 23:49:32,165 : Machine 3 (clock rate = 6) has internal event at 9.544s with logical clock value of 58
2016-03-13 23:49:32,311 : Machine 2 (clock rate = 3) has internal event at 9.690s with logical clock value of 51
2016-03-13 23:49:32,332 : Machine 3 (clock rate = 6) has internal event at 9.711s with logical clock value of 59
2016-03-13 23:49:32,500 : Machine 3 (clock rate = 6) sending to Machine 1 logical clock value of 60 at 9.879s
2016-03-13 23:49:32,629 : Machine 1 (clock rate = 1) received message with lc value of 60 with queue size of 1 at 10.00s with logical clock of 23
2016-03-13 23:49:32,629 : Machine 1 (clock rate = 1) has internal event at 10.00s with logical clock value of 60
2016-03-13 23:49:32,645 : Machine 2 (clock rate = 3) has internal event at 10.02s with logical clock value of 52
2016-03-13 23:49:32,668 : Machine 3 (clock rate = 6) sending to Machine 1 logical clock value of 61 at 10.04s
2016-03-13 23:49:32,835 : Machine 3 (clock rate = 6) sending to Machine 1 logical clock value of 62 at 10.21s
2016-03-13 23:49:32,979 : Machine 2 (clock rate = 3) received message with lc value of 61 with queue size of 2 at 10.35s with logical clock of 53
2016-03-13 23:49:32,980 : Machine 2 (clock rate = 3) sending to Machine 1 logical clock value of 61 at 10.35s
2016-03-13 23:49:33,002 : Machine 3 (clock rate = 6) received message with lc value of 61 with queue size of 1 at 10.38s with logical clock of 63
2016-03-13 23:49:33,003 : Machine 3 (clock rate = 6) sending to Machine 1 logical clock value of 63 at 10.38s
2016-03-13 23:49:33,169 : Machine 3 (clock rate = 6) has internal event at 10.54s with logical clock value of 64
2016-03-13 23:49:33,314 : Machine 2 (clock rate = 3) received message with lc value of 62 with queue size of 1 at 10.69s with logical clock of 62
2016-03-13 23:49:33,314 : Machine 2 (clock rate = 3) has internal event at 10.69s with logical clock value of 62
2016-03-13 23:49:33,337 : Machine 3 (clock rate = 6) has internal event at 10.71s with logical clock value of 65
2016-03-13 23:49:33,505 : Machine 3 (clock rate = 6) has internal event at 10.88s with logical clock value of 66
2016-03-13 23:49:33,629 : Machine 1 (clock rate = 1) received message with lc value of 63 with queue size of 1 at 11.00s with logical clock of 61
2016-03-13 23:49:33,629 : Machine 1 (clock rate = 1) has internal event at 11.00s with logical clock value of 63
2016-03-13 23:49:33,648 : Machine 2 (clock rate = 3) has internal event at 11.02s with logical clock value of 63
2016-03-13 23:49:33,672 : Machine 3 (clock rate = 6) has internal event at 11.05s with logical clock value of 67
2016-03-13 23:49:33,839 : Machine 3 (clock rate = 6) has internal event at 11.21s with logical clock value of 68
2016-03-13 23:49:33,982 : Machine 2 (clock rate = 3) has internal event at 11.36s with logical clock value of 64
2016-03-13 23:49:34,007 : Machine 3 (clock rate = 6) has internal event at 11.38s with logical clock value of 69
2016-03-13 23:49:34,174 : Machine 3 (clock rate = 6) has internal event at 11.55s with logical clock value of 70
2016-03-13 23:49:34,316 : Machine 2 (clock rate = 3) has internal event at 11.69s with logical clock value of 65
2016-03-13 23:49:34,342 : Machine 3 (clock rate = 6) has internal event at 11.72s with logical clock value of 71
2016-03-13 23:49:34,509 : Machine 3 (clock rate = 6) has internal event at 11.88s with logical clock value of 72
2016-03-13 23:49:34,630 : Machine 1 (clock rate = 1) sending to Machine 2 logical clock value of 64 at 12.00s
2016-03-13 23:49:34,650 : Machine 2 (clock rate = 3) received message with lc value of 64 with queue size of 1 at 12.02s with logical clock of 66
2016-03-13 23:49:34,650 : Machine 2 (clock rate = 3) sending to Machine 1 logical clock value of 66 at 12.02s
2016-03-13 23:49:34,676 : Machine 3 (clock rate = 6) received message with lc value of 66 with queue size of 1 at 12.05s with logical clock of 73
2016-03-13 23:49:34,676 : Machine 3 (clock rate = 6) has internal event at 12.05s with logical clock value of 73
2016-03-13 23:49:34,844 : Machine 3 (clock rate = 6) has internal event at 12.22s with logical clock value of 74
2016-03-13 23:49:34,984 : Machine 2 (clock rate = 3) has internal event at 12.36s with logical clock value of 67
2016-03-13 23:49:35,011 : Machine 3 (clock rate = 6) has internal event at 12.38s with logical clock value of 75
2016-03-13 23:49:35,179 : Machine 3 (clock rate = 6) has internal event at 12.55s with logical clock value of 76
2016-03-13 23:49:35,318 : Machine 2 (clock rate = 3) has internal event at 12.69s with logical clock value of 68
2016-03-13 23:49:35,346 : Machine 3 (clock rate = 6) sending to Machine 1 logical clock value of 77 at 12.72s
2016-03-13 23:49:35,513 : Machine 3 (clock rate = 6) has internal event at 12.89s with logical clock value of 78
2016-03-13 23:49:35,631 : Machine 1 (clock rate = 1) received message with lc value of 77 with queue size of 1 at 13.01s with logical clock of 65
2016-03-13 23:49:35,631 : Machine 1 (clock rate = 1) sending to Machine 2 logical clock value of 77 at 13.01s
2016-03-13 23:49:35,652 : Machine 2 (clock rate = 3) sending to Machine 1 logical clock value of 69 at 13.03s
2016-03-13 23:49:35,680 : Machine 3 (clock rate = 6) received message with lc value of 77 with queue size of 1 at 13.05s with logical clock of 79
2016-03-13 23:49:35,680 : Machine 3 (clock rate = 6) has internal event at 13.05s with logical clock value of 79
2016-03-13 23:49:35,848 : Machine 3 (clock rate = 6) has internal event at 13.22s with logical clock value of 80
2016-03-13 23:49:35,986 : Machine 2 (clock rate = 3) has internal event at 13.36s with logical clock value of 70
2016-03-13 23:49:36,015 : Machine 3 (clock rate = 6) has internal event at 13.39s with logical clock value of 81
2016-03-13 23:49:36,182 : Machine 3 (clock rate = 6) has internal event at 13.56s with logical clock value of 82
2016-03-13 23:49:36,320 : Machine 2 (clock rate = 3) has internal event at 13.69s with logical clock value of 71
2016-03-13 23:49:36,350 : Machine 3 (clock rate = 6) sending to Machine 1 logical clock value of 83 at 13.72s
2016-03-13 23:49:36,518 : Machine 3 (clock rate = 6) sending to Machine 1 logical clock value of 84 at 13.89s
2016-03-13 23:49:36,631 : Machine 1 (clock rate = 1) received message with lc value of 69 with queue size of 1 at 14.01s with logical clock of 78
2016-03-13 23:49:36,632 : Machine 1 (clock rate = 1) has internal event at 14.01s with logical clock value of 78
2016-03-13 23:49:36,654 : Machine 2 (clock rate = 3) received message with lc value of 83 with queue size of 2 at 14.03s with logical clock of 72
2016-03-13 23:49:36,654 : Machine 2 (clock rate = 3) has internal event at 14.03s with logical clock value of 83
2016-03-13 23:49:36,684 : Machine 3 (clock rate = 6) has internal event at 14.06s with logical clock value of 85
2016-03-13 23:49:36,852 : Machine 3 (clock rate = 6) has internal event at 14.23s with logical clock value of 86
2016-03-13 23:49:36,987 : Machine 2 (clock rate = 3) received message with lc value of 84 with queue size of 1 at 14.36s with logical clock of 84
2016-03-13 23:49:36,988 : Machine 2 (clock rate = 3) has internal event at 14.36s with logical clock value of 84
2016-03-13 23:49:37,020 : Machine 3 (clock rate = 6) sending to Machine 1 logical clock value of 87 at 14.39s
2016-03-13 23:49:37,187 : Machine 3 (clock rate = 6) sending to Machine 1 logical clock value of 88 at 14.56s
2016-03-13 23:49:37,322 : Machine 2 (clock rate = 3) received message with lc value of 87 with queue size of 2 at 14.70s with logical clock of 85
2016-03-13 23:49:37,322 : Machine 2 (clock rate = 3) has internal event at 14.70s with logical clock value of 87
2016-03-13 23:49:37,354 : Machine 3 (clock rate = 6) has internal event at 14.73s with logical clock value of 89
2016-03-13 23:49:37,520 : Machine 3 (clock rate = 6) has internal event at 14.89s with logical clock value of 90
2016-03-13 23:49:37,632 : Machine 1 (clock rate = 1) has internal event at 15.01s with logical clock value of 79
2016-03-13 23:49:37,656 : Machine 2 (clock rate = 3) received message with lc value of 88 with queue size of 1 at 15.03s with logical clock of 88
2016-03-13 23:49:37,656 : Machine 2 (clock rate = 3) has internal event at 15.03s with logical clock value of 88
2016-03-13 23:49:37,688 : Machine 3 (clock rate = 6) has internal event at 15.06s with logical clock value of 91
2016-03-13 23:49:37,855 : Machine 3 (clock rate = 6) has internal event at 15.23s with logical clock value of 92
2016-03-13 23:49:37,990 : Machine 2 (clock rate = 3) has internal event at 15.36s with logical clock value of 89
2016-03-13 23:49:38,022 : Machine 3 (clock rate = 6) has internal event at 15.40s with logical clock value of 93
2016-03-13 23:49:38,189 : Machine 3 (clock rate = 6) has internal event at 15.56s with logical clock value of 94
2016-03-13 23:49:38,324 : Machine 2 (clock rate = 3) has internal event at 15.70s with logical clock value of 90
2016-03-13 23:49:38,357 : Machine 3 (clock rate = 6) has internal event at 15.73s with logical clock value of 95
2016-03-13 23:49:38,525 : Machine 3 (clock rate = 6) has internal event at 15.90s with logical clock value of 96
2016-03-13 23:49:38,632 : Machine 1 (clock rate = 1) sending to Machine 2 logical clock value of 80 at 16.01s
2016-03-13 23:49:38,659 : Machine 2 (clock rate = 3) has internal event at 16.03s with logical clock value of 91
2016-03-13 23:49:38,692 : Machine 3 (clock rate = 6) received message with lc value of 80 with queue size of 1 at 16.07s with logical clock of 97
2016-03-13 23:49:38,693 : Machine 3 (clock rate = 6) has internal event at 16.07s with logical clock value of 97
2016-03-13 23:49:38,860 : Machine 3 (clock rate = 6) has internal event at 16.23s with logical clock value of 98
2016-03-13 23:49:38,993 : Machine 2 (clock rate = 3) has internal event at 16.37s with logical clock value of 92
2016-03-13 23:49:39,027 : Machine 3 (clock rate = 6) has internal event at 16.40s with logical clock value of 99
2016-03-13 23:49:39,195 : Machine 3 (clock rate = 6) has internal event at 16.57s with logical clock value of 100
2016-03-13 23:49:39,327 : Machine 2 (clock rate = 3) has internal event at 16.70s with logical clock value of 93
2016-03-13 23:49:39,362 : Machine 3 (clock rate = 6) has internal event at 16.74s with logical clock value of 101
2016-03-13 23:49:39,529 : Machine 3 (clock rate = 6) has internal event at 16.90s with logical clock value of 102
2016-03-13 23:49:39,633 : Machine 1 (clock rate = 1) has internal event at 17.01s with logical clock value of 81
2016-03-13 23:49:39,660 : Machine 2 (clock rate = 3) has internal event at 17.03s with logical clock value of 94
2016-03-13 23:49:39,696 : Machine 3 (clock rate = 6) has internal event at 17.07s with logical clock value of 103
2016-03-13 23:49:39,864 : Machine 3 (clock rate = 6) has internal event at 17.24s with logical clock value of 104
2016-03-13 23:49:39,995 : Machine 2 (clock rate = 3) has internal event at 17.37s with logical clock value of 95
2016-03-13 23:49:40,031 : Machine 3 (clock rate = 6) has internal event at 17.40s with logical clock value of 105
2016-03-13 23:49:40,199 : Machine 3 (clock rate = 6) sending to Machine 1 logical clock value of 106 at 17.57s
2016-03-13 23:49:40,329 : Machine 2 (clock rate = 3) received message with lc value of 106 with queue size of 1 at 17.70s with logical clock of 96
2016-03-13 23:49:40,329 : Machine 2 (clock rate = 3) sending to Machine 1 logical clock value of 106 at 17.70s
2016-03-13 23:49:40,366 : Machine 3 (clock rate = 6) received message with lc value of 106 with queue size of 1 at 17.74s with logical clock of 107
2016-03-13 23:49:40,366 : Machine 3 (clock rate = 6) has internal event at 17.74s with logical clock value of 107
2016-03-13 23:49:40,534 : Machine 3 (clock rate = 6) has internal event at 17.91s with logical clock value of 108
2016-03-13 23:49:40,634 : Machine 1 (clock rate = 1) has internal event at 18.01s with logical clock value of 82
2016-03-13 23:49:40,663 : Machine 2 (clock rate = 3) has internal event at 18.04s with logical clock value of 107
2016-03-13 23:49:40,701 : Machine 3 (clock rate = 6) has internal event at 18.08s with logical clock value of 109
2016-03-13 23:49:40,868 : Machine 3 (clock rate = 6) has internal event at 18.24s with logical clock value of 110
2016-03-13 23:49:40,997 : Machine 2 (clock rate = 3) sending to Machine 1 logical clock value of 108 at 18.37s
2016-03-13 23:49:41,036 : Machine 3 (clock rate = 6) has internal event at 18.41s with logical clock value of 111
2016-03-13 23:49:41,203 : Machine 3 (clock rate = 6) has internal event at 18.58s with logical clock value of 112
2016-03-13 23:49:41,331 : Machine 2 (clock rate = 3) sending to Machine 1 logical clock value of 109 at 18.70s
2016-03-13 23:49:41,371 : Machine 3 (clock rate = 6) received message with lc value of 109 with queue size of 1 at 18.74s with logical clock of 113
2016-03-13 23:49:41,371 : Machine 3 (clock rate = 6) sending to Machine 1 logical clock value of 113 at 18.74s
2016-03-13 23:49:41,539 : Machine 3 (clock rate = 6) sending to Machine 1 logical clock value of 114 at 18.91s
2016-03-13 23:49:41,635 : Machine 1 (clock rate = 1) received message with lc value of 108 with queue size of 2 at 19.01s with logical clock of 83
2016-03-13 23:49:41,635 : Machine 1 (clock rate = 1) has internal event at 19.01s with logical clock value of 108
2016-03-13 23:49:41,665 : Machine 2 (clock rate = 3) received message with lc value of 113 with queue size of 1 at 19.04s with logical clock of 110
2016-03-13 23:49:41,665 : Machine 2 (clock rate = 3) sending to Machine 1 logical clock value of 113 at 19.04s
2016-03-13 23:49:41,706 : Machine 3 (clock rate = 6) sending to Machine 1 logical clock value of 115 at 19.08s
2016-03-13 23:49:41,874 : Machine 3 (clock rate = 6) has internal event at 19.25s with logical clock value of 116
2016-03-13 23:49:41,998 : Machine 2 (clock rate = 3) received message with lc value of 115 with queue size of 1 at 19.37s with logical clock of 114
2016-03-13 23:49:41,999 : Machine 2 (clock rate = 3) has internal event at 19.37s with logical clock value of 115
2016-03-13 23:49:42,040 : Machine 3 (clock rate = 6) has internal event at 19.41s with logical clock value of 117
2016-03-13 23:49:42,208 : Machine 3 (clock rate = 6) has internal event at 19.58s with logical clock value of 118
2016-03-13 23:49:42,332 : Machine 2 (clock rate = 3) has internal event at 19.71s with logical clock value of 116
2016-03-13 23:49:42,375 : Machine 3 (clock rate = 6) has internal event at 19.75s with logical clock value of 119
2016-03-13 23:49:42,543 : Machine 3 (clock rate = 6) has internal event at 19.92s with logical clock value of 120
2016-03-13 23:49:42,636 : Machine 1 (clock rate = 1) received message with lc value of 114 with queue size of 2 at 20.01s with logical clock of 109
2016-03-13 23:49:42,636 : Machine 1 (clock rate = 1) has internal event at 20.01s with logical clock value of 114
2016-03-13 23:49:42,666 : Machine 2 (clock rate = 3) has internal event at 20.04s with logical clock value of 117
2016-03-13 23:49:42,710 : Machine 3 (clock rate = 6) sending to Machine 1 logical clock value of 121 at 20.08s
2016-03-13 23:49:42,877 : Machine 3 (clock rate = 6) has internal event at 20.25s with logical clock value of 122
2016-03-13 23:49:43,000 : Machine 2 (clock rate = 3) received message with lc value of 121 with queue size of 1 at 20.37s with logical clock of 118
2016-03-13 23:49:43,001 : Machine 2 (clock rate = 3) has internal event at 20.38s with logical clock value of 121
2016-03-13 23:49:43,044 : Machine 3 (clock rate = 6) has internal event at 20.42s with logical clock value of 123
2016-03-13 23:49:43,212 : Machine 3 (clock rate = 6) has internal event at 20.59s with logical clock value of 124
2016-03-13 23:49:43,335 : Machine 2 (clock rate = 3) has internal event at 20.71s with logical clock value of 122
2016-03-13 23:49:43,378 : Machine 3 (clock rate = 6) has internal event at 20.75s with logical clock value of 125
2016-03-13 23:49:43,546 : Machine 3 (clock rate = 6) has internal event at 20.92s with logical clock value of 126
2016-03-13 23:49:43,636 : Machine 1 (clock rate = 1) received message with lc value of 113 with queue size of 1 at 21.01s with logical clock of 115
2016-03-13 23:49:43,637 : Machine 1 (clock rate = 1) has internal event at 21.01s with logical clock value of 115
2016-03-13 23:49:43,668 : Machine 2 (clock rate = 3) has internal event at 21.04s with logical clock value of 123
2016-03-13 23:49:43,713 : Machine 3 (clock rate = 6) has internal event at 21.09s with logical clock value of 127
2016-03-13 23:49:43,880 : Machine 3 (clock rate = 6) has internal event at 21.25s with logical clock value of 128
2016-03-13 23:49:44,002 : Machine 2 (clock rate = 3) has internal event at 21.38s with logical clock value of 124
2016-03-13 23:49:44,046 : Machine 3 (clock rate = 6) has internal event at 21.42s with logical clock value of 129
2016-03-13 23:49:44,214 : Machine 3 (clock rate = 6) has internal event at 21.59s with logical clock value of 130
2016-03-13 23:49:44,336 : Machine 2 (clock rate = 3) sending to Machine 1 logical clock value of 125 at 21.71s
2016-03-13 23:49:44,382 : Machine 3 (clock rate = 6) sending to Machine 1 logical clock value of 131 at 21.76s
2016-03-13 23:49:44,549 : Machine 3 (clock rate = 6) has internal event at 21.92s with logical clock value of 132
2016-03-13 23:49:44,637 : Machine 1 (clock rate = 1) received message with lc value of 125 with queue size of 2 at 22.01s with logical clock of 116
2016-03-13 23:49:44,638 : Machine 1 (clock rate = 1) has internal event at 22.01s with logical clock value of 125
2016-03-13 23:49:44,670 : Machine 2 (clock rate = 3) has internal event at 22.04s with logical clock value of 126
2016-03-13 23:49:44,715 : Machine 3 (clock rate = 6) has internal event at 22.09s with logical clock value of 133
2016-03-13 23:49:44,882 : Machine 3 (clock rate = 6) has internal event at 22.26s with logical clock value of 134
2016-03-13 23:49:45,004 : Machine 2 (clock rate = 3) has internal event at 22.38s with logical clock value of 127
2016-03-13 23:49:45,050 : Machine 3 (clock rate = 6) has internal event at 22.42s with logical clock value of 135
2016-03-13 23:49:45,218 : Machine 3 (clock rate = 6) has internal event at 22.59s with logical clock value of 136
2016-03-13 23:49:45,339 : Machine 2 (clock rate = 3) has internal event at 22.71s with logical clock value of 128
2016-03-13 23:49:45,385 : Machine 3 (clock rate = 6) has internal event at 22.76s with logical clock value of 137
2016-03-13 23:49:45,552 : Machine 3 (clock rate = 6) has internal event at 22.93s with logical clock value of 138
2016-03-13 23:49:45,637 : Machine 1 (clock rate = 1) received message with lc value of 131 with queue size of 1 at 23.01s with logical clock of 126
2016-03-13 23:49:45,638 : Machine 1 (clock rate = 1) has internal event at 23.01s with logical clock value of 131
2016-03-13 23:49:45,673 : Machine 2 (clock rate = 3) has internal event at 23.05s with logical clock value of 129
2016-03-13 23:49:45,720 : Machine 3 (clock rate = 6) has internal event at 23.09s with logical clock value of 139
2016-03-13 23:49:45,887 : Machine 3 (clock rate = 6) has internal event at 23.26s with logical clock value of 140
2016-03-13 23:49:46,007 : Machine 2 (clock rate = 3) has internal event at 23.38s with logical clock value of 130
2016-03-13 23:49:46,054 : Machine 3 (clock rate = 6) has internal event at 23.43s with logical clock value of 141
2016-03-13 23:49:46,222 : Machine 3 (clock rate = 6) has internal event at 23.60s with logical clock value of 142
2016-03-13 23:49:46,341 : Machine 2 (clock rate = 3) has internal event at 23.71s with logical clock value of 131
2016-03-13 23:49:46,389 : Machine 3 (clock rate = 6) has internal event at 23.76s with logical clock value of 143
2016-03-13 23:49:46,556 : Machine 3 (clock rate = 6) has internal event at 23.93s with logical clock value of 144
2016-03-13 23:49:46,637 : Machine 1 (clock rate = 1) has internal event at 24.01s with logical clock value of 132
2016-03-13 23:49:46,675 : Machine 2 (clock rate = 3) has internal event at 24.05s with logical clock value of 132
2016-03-13 23:49:46,724 : Machine 3 (clock rate = 6) has internal event at 24.10s with logical clock value of 145
2016-03-13 23:49:46,891 : Machine 3 (clock rate = 6) has internal event at 24.26s with logical clock value of 146
2016-03-13 23:49:47,009 : Machine 2 (clock rate = 3) has internal event at 24.38s with logical clock value of 133
2016-03-13 23:49:47,058 : Machine 3 (clock rate = 6) sending to Machine 1 logical clock value of 147 at 24.43s
2016-03-13 23:49:47,225 : Machine 3 (clock rate = 6) sending to Machine 1 logical clock value of 148 at 24.60s
2016-03-13 23:49:47,343 : Machine 2 (clock rate = 3) received message with lc value of 147 with queue size of 2 at 24.72s with logical clock of 134
2016-03-13 23:49:47,344 : Machine 2 (clock rate = 3) has internal event at 24.72s with logical clock value of 147
2016-03-13 23:49:47,393 : Machine 3 (clock rate = 6) sending to Machine 1 logical clock value of 149 at 24.77s
2016-03-13 23:49:47,560 : Machine 3 (clock rate = 6) sending to Machine 1 logical clock value of 150 at 24.93s
2016-03-13 23:49:47,638 : Machine 1 (clock rate = 1) received message with lc value of 149 with queue size of 1 at 25.01s with logical clock of 133
2016-03-13 23:49:47,638 : Machine 1 (clock rate = 1) sending to Machine 2 logical clock value of 149 at 25.01s
2016-03-13 23:49:47,678 : Machine 2 (clock rate = 3) received message with lc value of 148 with queue size of 2 at 25.05s with logical clock of 148
2016-03-13 23:49:47,678 : Machine 2 (clock rate = 3) has internal event at 25.05s with logical clock value of 148
2016-03-13 23:49:47,727 : Machine 3 (clock rate = 6) received message with lc value of 149 with queue size of 1 at 25.10s with logical clock of 151
2016-03-13 23:49:47,728 : Machine 3 (clock rate = 6) has internal event at 25.10s with logical clock value of 151
2016-03-13 23:49:47,894 : Machine 3 (clock rate = 6) has internal event at 25.27s with logical clock value of 152
2016-03-13 23:49:48,012 : Machine 2 (clock rate = 3) received message with lc value of 150 with queue size of 1 at 25.39s with logical clock of 149
2016-03-13 23:49:48,012 : Machine 2 (clock rate = 3) sending to Machine 1 logical clock value of 150 at 25.39s
2016-03-13 23:49:48,062 : Machine 3 (clock rate = 6) received message with lc value of 150 with queue size of 1 at 25.44s with logical clock of 153
2016-03-13 23:49:48,062 : Machine 3 (clock rate = 6) has internal event at 25.44s with logical clock value of 153
2016-03-13 23:49:48,229 : Machine 3 (clock rate = 6) has internal event at 25.60s with logical clock value of 154
2016-03-13 23:49:48,346 : Machine 2 (clock rate = 3) has internal event at 25.72s with logical clock value of 151
2016-03-13 23:49:48,396 : Machine 3 (clock rate = 6) has internal event at 25.77s with logical clock value of 155
2016-03-13 23:49:48,565 : Machine 3 (clock rate = 6) has internal event at 25.94s with logical clock value of 156
2016-03-13 23:49:48,638 : Machine 1 (clock rate = 1) has internal event at 26.01s with logical clock value of 150
2016-03-13 23:49:48,680 : Machine 2 (clock rate = 3) has internal event at 26.05s with logical clock value of 152
2016-03-13 23:49:48,731 : Machine 3 (clock rate = 6) has internal event at 26.10s with logical clock value of 157
2016-03-13 23:49:48,898 : Machine 3 (clock rate = 6) has internal event at 26.27s with logical clock value of 158
2016-03-13 23:49:49,014 : Machine 2 (clock rate = 3) has internal event at 26.39s with logical clock value of 153
2016-03-13 23:49:49,066 : Machine 3 (clock rate = 6) has internal event at 26.44s with logical clock value of 159
2016-03-13 23:49:49,233 : Machine 3 (clock rate = 6) sending to Machine 1 logical clock value of 160 at 26.61s
2016-03-13 23:49:49,347 : Machine 2 (clock rate = 3) sending to Machine 1 logical clock value of 154 at 26.72s
2016-03-13 23:49:49,401 : Machine 3 (clock rate = 6) has internal event at 26.77s with logical clock value of 161
2016-03-13 23:49:49,569 : Machine 3 (clock rate = 6) sending to Machine 1 logical clock value of 162 at 26.94s
2016-03-13 23:49:49,640 : Machine 1 (clock rate = 1) received message with lc value of 160 with queue size of 3 at 27.01s with logical clock of 151
2016-03-13 23:49:49,641 : Machine 1 (clock rate = 1) has internal event at 27.02s with logical clock value of 160
2016-03-13 23:49:49,681 : Machine 2 (clock rate = 3) has internal event at 27.06s with logical clock value of 155
2016-03-13 23:49:49,736 : Machine 3 (clock rate = 6) has internal event at 27.11s with logical clock value of 163
2016-03-13 23:49:49,903 : Machine 3 (clock rate = 6) has internal event at 27.28s with logical clock value of 164
2016-03-13 23:49:50,016 : Machine 2 (clock rate = 3) has internal event at 27.39s with logical clock value of 156
2016-03-13 23:49:50,070 : Machine 3 (clock rate = 6) sending to Machine 1 logical clock value of 165 at 27.44s
2016-03-13 23:49:50,238 : Machine 3 (clock rate = 6) has internal event at 27.61s with logical clock value of 166
2016-03-13 23:49:50,349 : Machine 2 (clock rate = 3) received message with lc value of 165 with queue size of 1 at 27.72s with logical clock of 157
2016-03-13 23:49:50,350 : Machine 2 (clock rate = 3) has internal event at 27.72s with logical clock value of 165
2016-03-13 23:49:50,406 : Machine 3 (clock rate = 6) has internal event at 27.78s with logical clock value of 167
2016-03-13 23:49:50,573 : Machine 3 (clock rate = 6) has internal event at 27.95s with logical clock value of 168
2016-03-13 23:49:50,640 : Machine 1 (clock rate = 1) received message with lc value of 154 with queue size of 2 at 28.01s with logical clock of 161
2016-03-13 23:49:50,640 : Machine 1 (clock rate = 1) has internal event at 28.02s with logical clock value of 161
2016-03-13 23:49:50,684 : Machine 2 (clock rate = 3) has internal event at 28.06s with logical clock value of 166
2016-03-13 23:49:50,740 : Machine 3 (clock rate = 6) has internal event at 28.11s with logical clock value of 169
2016-03-13 23:49:50,908 : Machine 3 (clock rate = 6) has internal event at 28.28s with logical clock value of 170
2016-03-13 23:49:51,018 : Machine 2 (clock rate = 3) has internal event at 28.39s with logical clock value of 167
2016-03-13 23:49:51,076 : Machine 3 (clock rate = 6) has internal event at 28.45s with logical clock value of 171
2016-03-13 23:49:51,243 : Machine 3 (clock rate = 6) has internal event at 28.62s with logical clock value of 172
2016-03-13 23:49:51,353 : Machine 2 (clock rate = 3) has internal event at 28.73s with logical clock value of 168
2016-03-13 23:49:51,411 : Machine 3 (clock rate = 6) has internal event at 28.78s with logical clock value of 173
2016-03-13 23:49:51,578 : Machine 3 (clock rate = 6) sending to Machine 1 logical clock value of 174 at 28.95s
2016-03-13 23:49:51,640 : Machine 1 (clock rate = 1) received message with lc value of 162 with queue size of 1 at 29.02s with logical clock of 162
2016-03-13 23:49:51,641 : Machine 1 (clock rate = 1) has internal event at 29.02s with logical clock value of 162
2016-03-13 23:49:51,687 : Machine 2 (clock rate = 3) received message with lc value of 174 with queue size of 1 at 29.06s with logical clock of 169
2016-03-13 23:49:51,687 : Machine 2 (clock rate = 3) has internal event at 29.06s with logical clock value of 174
2016-03-13 23:49:51,746 : Machine 3 (clock rate = 6) has internal event at 29.12s with logical clock value of 175
2016-03-13 23:49:51,914 : Machine 3 (clock rate = 6) has internal event at 29.29s with logical clock value of 176
2016-03-13 23:49:52,021 : Machine 2 (clock rate = 3) has internal event at 29.40s with logical clock value of 175
2016-03-13 23:49:52,081 : Machine 3 (clock rate = 6) has internal event at 29.46s with logical clock value of 177
2016-03-13 23:49:52,249 : Machine 3 (clock rate = 6) has internal event at 29.62s with logical clock value of 178
2016-03-13 23:49:52,355 : Machine 2 (clock rate = 3) has internal event at 29.73s with logical clock value of 176
2016-03-13 23:49:52,416 : Machine 3 (clock rate = 6) sending to Machine 1 logical clock value of 179 at 29.79s
2016-03-13 23:49:52,584 : Machine 3 (clock rate = 6) has internal event at 29.96s with logical clock value of 180
2016-03-13 23:49:52,641 : Machine 1 (clock rate = 1) sending to Machine 2 logical clock value of 163 at 30.02s
2016-03-13 23:49:52,689 : Machine 2 (clock rate = 3) received message with lc value of 179 with queue size of 2 at 30.06s with logical clock of 177
2016-03-13 23:49:52,690 : Machine 2 (clock rate = 3) has internal event at 30.06s with logical clock value of 179
2016-03-13 23:49:52,751 : Machine 3 (clock rate = 6) has internal event at 30.12s with logical clock value of 181
2016-03-13 23:49:52,919 : Machine 3 (clock rate = 6) has internal event at 30.29s with logical clock value of 182
2016-03-13 23:49:53,023 : Machine 2 (clock rate = 3) received message with lc value of 163 with queue size of 1 at 30.40s with logical clock of 180
2016-03-13 23:49:53,024 : Machine 2 (clock rate = 3) has internal event at 30.40s with logical clock value of 180
2016-03-13 23:49:53,087 : Machine 3 (clock rate = 6) has internal event at 30.46s with logical clock value of 183
2016-03-13 23:49:53,254 : Machine 3 (clock rate = 6) has internal event at 30.63s with logical clock value of 184
2016-03-13 23:49:53,356 : Machine 2 (clock rate = 3) has internal event at 30.73s with logical clock value of 181
2016-03-13 23:49:53,422 : Machine 3 (clock rate = 6) sending to Machine 1 logical clock value of 185 at 30.80s
2016-03-13 23:49:53,589 : Machine 3 (clock rate = 6) has internal event at 30.96s with logical clock value of 186
2016-03-13 23:49:53,642 : Machine 1 (clock rate = 1) received message with lc value of 185 with queue size of 1 at 31.02s with logical clock of 164
2016-03-13 23:49:53,643 : Machine 1 (clock rate = 1) has internal event at 31.02s with logical clock value of 185
2016-03-13 23:49:53,690 : Machine 2 (clock rate = 3) sending to Machine 1 logical clock value of 182 at 31.06s
2016-03-13 23:49:53,756 : Machine 3 (clock rate = 6) sending to Machine 1 logical clock value of 187 at 31.13s
2016-03-13 23:49:53,924 : Machine 3 (clock rate = 6) has internal event at 31.30s with logical clock value of 188
2016-03-13 23:49:54,024 : Machine 2 (clock rate = 3) sending to Machine 1 logical clock value of 183 at 31.40s
2016-03-13 23:49:54,090 : Machine 3 (clock rate = 6) has internal event at 31.46s with logical clock value of 189
2016-03-13 23:49:54,258 : Machine 3 (clock rate = 6) has internal event at 31.63s with logical clock value of 190
2016-03-13 23:49:54,359 : Machine 2 (clock rate = 3) has internal event at 31.73s with logical clock value of 184
2016-03-13 23:49:54,425 : Machine 3 (clock rate = 6) has internal event at 31.80s with logical clock value of 191
2016-03-13 23:49:54,593 : Machine 3 (clock rate = 6) has internal event at 31.97s with logical clock value of 192
2016-03-13 23:49:54,643 : Machine 1 (clock rate = 1) received message with lc value of 182 with queue size of 3 at 32.02s with logical clock of 186
2016-03-13 23:49:54,644 : Machine 1 (clock rate = 1) sending to Machine 2 logical clock value of 186 at 32.02s
2016-03-13 23:49:54,692 : Machine 2 (clock rate = 3) received message with lc value of 186 with queue size of 1 at 32.07s with logical clock of 185
2016-03-13 23:49:54,693 : Machine 2 (clock rate = 3) has internal event at 32.07s with logical clock value of 186
2016-03-13 23:49:54,760 : Machine 3 (clock rate = 6) has internal event at 32.13s with logical clock value of 193
2016-03-13 23:49:54,928 : Machine 3 (clock rate = 6) has internal event at 32.30s with logical clock value of 194
2016-03-13 23:49:55,026 : Machine 2 (clock rate = 3) has internal event at 32.40s with logical clock value of 187
2016-03-13 23:49:55,094 : Machine 3 (clock rate = 6) has internal event at 32.47s with logical clock value of 195
2016-03-13 23:49:55,262 : Machine 3 (clock rate = 6) has internal event at 32.64s with logical clock value of 196
2016-03-13 23:49:55,361 : Machine 2 (clock rate = 3) sending to Machine 1 logical clock value of 188 at 32.74s
2016-03-13 23:49:55,430 : Machine 3 (clock rate = 6) has internal event at 32.80s with logical clock value of 197
2016-03-13 23:49:55,597 : Machine 3 (clock rate = 6) has internal event at 32.97s with logical clock value of 198
2016-03-13 23:49:55,644 : Machine 1 (clock rate = 1) received message with lc value of 187 with queue size of 3 at 33.02s with logical clock of 187
2016-03-13 23:49:55,644 : Machine 1 (clock rate = 1) has internal event at 33.02s with logical clock value of 187
2016-03-13 23:49:55,696 : Machine 2 (clock rate = 3) has internal event at 33.07s with logical clock value of 189
2016-03-13 23:49:55,764 : Machine 3 (clock rate = 6) has internal event at 33.14s with logical clock value of 199
2016-03-13 23:49:55,932 : Machine 3 (clock rate = 6) has internal event at 33.31s with logical clock value of 200
2016-03-13 23:49:56,030 : Machine 2 (clock rate = 3) has internal event at 33.40s with logical clock value of 190
2016-03-13 23:49:56,100 : Machine 3 (clock rate = 6) has internal event at 33.47s with logical clock value of 201
2016-03-13 23:49:56,267 : Machine 3 (clock rate = 6) sending to Machine 1 logical clock value of 202 at 33.64s
2016-03-13 23:49:56,363 : Machine 2 (clock rate = 3) has internal event at 33.74s with logical clock value of 191
2016-03-13 23:49:56,434 : Machine 3 (clock rate = 6) has internal event at 33.81s with logical clock value of 203
2016-03-13 23:49:56,602 : Machine 3 (clock rate = 6) has internal event at 33.98s with logical clock value of 204
2016-03-13 23:49:56,645 : Machine 1 (clock rate = 1) received message with lc value of 183 with queue size of 3 at 34.02s with logical clock of 188
2016-03-13 23:49:56,645 : Machine 1 (clock rate = 1) sending to Machine 2 logical clock value of 188 at 34.02s
2016-03-13 23:49:56,698 : Machine 2 (clock rate = 3) has internal event at 34.07s with logical clock value of 192
2016-03-13 23:49:56,770 : Machine 3 (clock rate = 6) received message with lc value of 188 with queue size of 1 at 34.14s with logical clock of 205
2016-03-13 23:49:56,770 : Machine 3 (clock rate = 6) sending to Machine 1 logical clock value of 205 at 34.14s
2016-03-13 23:49:56,937 : Machine 3 (clock rate = 6) sending to Machine 1 logical clock value of 206 at 34.31s
2016-03-13 23:49:57,031 : Machine 2 (clock rate = 3) has internal event at 34.41s with logical clock value of 193
2016-03-13 23:49:57,104 : Machine 3 (clock rate = 6) has internal event at 34.48s with logical clock value of 207
2016-03-13 23:49:57,272 : Machine 3 (clock rate = 6) has internal event at 34.65s with logical clock value of 208
2016-03-13 23:49:57,366 : Machine 2 (clock rate = 3) has internal event at 34.74s with logical clock value of 194
2016-03-13 23:49:57,440 : Machine 3 (clock rate = 6) has internal event at 34.81s with logical clock value of 209
2016-03-13 23:49:57,607 : Machine 3 (clock rate = 6) has internal event at 34.98s with logical clock value of 210
2016-03-13 23:49:57,646 : Machine 1 (clock rate = 1) received message with lc value of 188 with queue size of 4 at 35.02s with logical clock of 189
2016-03-13 23:49:57,646 : Machine 1 (clock rate = 1) sending to Machine 2 logical clock value of 189 at 35.02s
2016-03-13 23:49:57,699 : Machine 2 (clock rate = 3) has internal event at 35.07s with logical clock value of 195
2016-03-13 23:49:57,774 : Machine 3 (clock rate = 6) received message with lc value of 189 with queue size of 1 at 35.15s with logical clock of 211
2016-03-13 23:49:57,775 : Machine 3 (clock rate = 6) has internal event at 35.15s with logical clock value of 211
2016-03-13 23:49:57,942 : Machine 3 (clock rate = 6) sending to Machine 1 logical clock value of 212 at 35.32s
2016-03-13 23:49:58,034 : Machine 2 (clock rate = 3) has internal event at 35.41s with logical clock value of 196
2016-03-13 23:49:58,110 : Machine 3 (clock rate = 6) sending to Machine 1 logical clock value of 213 at 35.48s
2016-03-13 23:49:58,277 : Machine 3 (clock rate = 6) has internal event at 35.65s with logical clock value of 214
2016-03-13 23:49:58,368 : Machine 2 (clock rate = 3) has internal event at 35.74s with logical clock value of 197
2016-03-13 23:49:58,445 : Machine 3 (clock rate = 6) has internal event at 35.82s with logical clock value of 215
2016-03-13 23:49:58,613 : Machine 3 (clock rate = 6) has internal event at 35.99s with logical clock value of 216
2016-03-13 23:49:58,647 : Machine 1 (clock rate = 1) received message with lc value of 202 with queue size of 5 at 36.02s with logical clock of 190
2016-03-13 23:49:58,648 : Machine 1 (clock rate = 1) has internal event at 36.02s with logical clock value of 202
2016-03-13 23:49:58,702 : Machine 2 (clock rate = 3) sending to Machine 1 logical clock value of 198 at 36.08s
2016-03-13 23:49:58,780 : Machine 3 (clock rate = 6) received message with lc value of 198 with queue size of 1 at 36.15s with logical clock of 217
2016-03-13 23:49:58,781 : Machine 3 (clock rate = 6) has internal event at 36.15s with logical clock value of 217
2016-03-13 23:49:58,947 : Machine 3 (clock rate = 6) has internal event at 36.32s with logical clock value of 218
2016-03-13 23:49:59,036 : Machine 2 (clock rate = 3) has internal event at 36.41s with logical clock value of 199
2016-03-13 23:49:59,114 : Machine 3 (clock rate = 6) has internal event at 36.49s with logical clock value of 219
2016-03-13 23:49:59,282 : Machine 3 (clock rate = 6) has internal event at 36.66s with logical clock value of 220
2016-03-13 23:49:59,370 : Machine 2 (clock rate = 3) has internal event at 36.74s with logical clock value of 200
2016-03-13 23:49:59,449 : Machine 3 (clock rate = 6) has internal event at 36.82s with logical clock value of 221
2016-03-13 23:49:59,616 : Machine 3 (clock rate = 6) has internal event at 36.99s with logical clock value of 222
2016-03-13 23:49:59,648 : Machine 1 (clock rate = 1) received message with lc value of 205 with queue size of 4 at 37.02s with logical clock of 203
2016-03-13 23:49:59,649 : Machine 1 (clock rate = 1) has internal event at 37.02s with logical clock value of 205
2016-03-13 23:49:59,704 : Machine 2 (clock rate = 3) has internal event at 37.08s with logical clock value of 201
2016-03-13 23:49:59,783 : Machine 3 (clock rate = 6) sending to Machine 1 logical clock value of 223 at 37.16s
2016-03-13 23:49:59,951 : Machine 3 (clock rate = 6) has internal event at 37.32s with logical clock value of 224
2016-03-13 23:50:00,037 : Machine 2 (clock rate = 3) has internal event at 37.41s with logical clock value of 202
2016-03-13 23:50:00,118 : Machine 3 (clock rate = 6) has internal event at 37.49s with logical clock value of 225
2016-03-13 23:50:00,285 : Machine 3 (clock rate = 6) has internal event at 37.66s with logical clock value of 226
2016-03-13 23:50:00,372 : Machine 2 (clock rate = 3) has internal event at 37.75s with logical clock value of 203
2016-03-13 23:50:00,452 : Machine 3 (clock rate = 6) has internal event at 37.83s with logical clock value of 227
2016-03-13 23:50:00,619 : Machine 3 (clock rate = 6) sending to Machine 1 logical clock value of 228 at 37.99s
2016-03-13 23:50:00,649 : Machine 1 (clock rate = 1) received message with lc value of 206 with queue size of 5 at 38.02s with logical clock of 206
2016-03-13 23:50:00,649 : Machine 1 (clock rate = 1) has internal event at 38.02s with logical clock value of 206
2016-03-13 23:50:00,706 : Machine 2 (clock rate = 3) has internal event at 38.08s with logical clock value of 204
2016-03-13 23:50:00,785 : Machine 3 (clock rate = 6) has internal event at 38.16s with logical clock value of 229
2016-03-13 23:50:00,954 : Machine 3 (clock rate = 6) has internal event at 38.33s with logical clock value of 230
2016-03-13 23:50:01,040 : Machine 2 (clock rate = 3) has internal event at 38.41s with logical clock value of 205
2016-03-13 23:50:01,121 : Machine 3 (clock rate = 6) has internal event at 38.49s with logical clock value of 231
2016-03-13 23:50:01,288 : Machine 3 (clock rate = 6) has internal event at 38.66s with logical clock value of 232
2016-03-13 23:50:01,375 : Machine 2 (clock rate = 3) has internal event at 38.75s with logical clock value of 206
2016-03-13 23:50:01,456 : Machine 3 (clock rate = 6) has internal event at 38.83s with logical clock value of 233
2016-03-13 23:50:01,624 : Machine 3 (clock rate = 6) has internal event at 39.00s with logical clock value of 234
2016-03-13 23:50:01,650 : Machine 1 (clock rate = 1) received message with lc value of 212 with queue size of 4 at 39.03s with logical clock of 207
2016-03-13 23:50:01,651 : Machine 1 (clock rate = 1) has internal event at 39.03s with logical clock value of 212
2016-03-13 23:50:01,708 : Machine 2 (clock rate = 3) has internal event at 39.08s with logical clock value of 207
2016-03-13 23:50:01,791 : Machine 3 (clock rate = 6) sending to Machine 1 logical clock value of 235 at 39.16s
2016-03-13 23:50:01,958 : Machine 3 (clock rate = 6) sending to Machine 1 logical clock value of 236 at 39.33s
2016-03-13 23:50:02,042 : Machine 2 (clock rate = 3) received message with lc value of 236 with queue size of 1 at 39.42s with logical clock of 208
2016-03-13 23:50:02,043 : Machine 2 (clock rate = 3) has internal event at 39.42s with logical clock value of 236
2016-03-13 23:50:02,126 : Machine 3 (clock rate = 6) has internal event at 39.50s with logical clock value of 237
2016-03-13 23:50:02,293 : Machine 3 (clock rate = 6) has internal event at 39.67s with logical clock value of 238
2016-03-13 23:50:02,376 : Machine 2 (clock rate = 3) sending to Machine 1 logical clock value of 237 at 39.75s
2016-03-13 23:50:02,461 : Machine 3 (clock rate = 6) has internal event at 39.83s with logical clock value of 239
2016-03-13 23:50:02,628 : Machine 3 (clock rate = 6) has internal event at 40.00s with logical clock value of 240
2016-03-13 23:50:02,651 : Machine 1 (clock rate = 1) received message with lc value of 213 with queue size of 5 at 40.03s with logical clock of 213
2016-03-13 23:50:02,651 : Machine 1 (clock rate = 1) has internal event at 40.03s with logical clock value of 213
2016-03-13 23:50:02,710 : Machine 2 (clock rate = 3) has internal event at 40.08s with logical clock value of 238
2016-03-13 23:50:02,795 : Machine 3 (clock rate = 6) has internal event at 40.17s with logical clock value of 241
2016-03-13 23:50:02,963 : Machine 3 (clock rate = 6) has internal event at 40.34s with logical clock value of 242
2016-03-13 23:50:03,044 : Machine 2 (clock rate = 3) has internal event at 40.42s with logical clock value of 239
2016-03-13 23:50:03,130 : Machine 3 (clock rate = 6) has internal event at 40.50s with logical clock value of 243
2016-03-13 23:50:03,298 : Machine 3 (clock rate = 6) sending to Machine 1 logical clock value of 244 at 40.67s
2016-03-13 23:50:03,378 : Machine 2 (clock rate = 3) received message with lc value of 244 with queue size of 1 at 40.75s with logical clock of 240
2016-03-13 23:50:03,378 : Machine 2 (clock rate = 3) has internal event at 40.75s with logical clock value of 244
2016-03-13 23:50:03,465 : Machine 3 (clock rate = 6) sending to Machine 1 logical clock value of 245 at 40.84s
2016-03-13 23:50:03,633 : Machine 3 (clock rate = 6) has internal event at 41.01s with logical clock value of 246
2016-03-13 23:50:03,651 : Machine 1 (clock rate = 1) received message with lc value of 223 with queue size of 4 at 41.03s with logical clock of 214
2016-03-13 23:50:03,652 : Machine 1 (clock rate = 1) has internal event at 41.03s with logical clock value of 223
2016-03-13 23:50:03,713 : Machine 2 (clock rate = 3) received message with lc value of 245 with queue size of 1 at 41.09s with logical clock of 245
2016-03-13 23:50:03,713 : Machine 2 (clock rate = 3) sending to Machine 1 logical clock value of 245 at 41.09s
2016-03-13 23:50:03,800 : Machine 3 (clock rate = 6) received message with lc value of 245 with queue size of 1 at 41.17s with logical clock of 247
2016-03-13 23:50:03,801 : Machine 3 (clock rate = 6) has internal event at 41.17s with logical clock value of 247
2016-03-13 23:50:03,968 : Machine 3 (clock rate = 6) has internal event at 41.34s with logical clock value of 248
2016-03-13 23:50:04,046 : Machine 2 (clock rate = 3) has internal event at 41.42s with logical clock value of 246
2016-03-13 23:50:04,135 : Machine 3 (clock rate = 6) has internal event at 41.51s with logical clock value of 249
2016-03-13 23:50:04,302 : Machine 3 (clock rate = 6) has internal event at 41.68s with logical clock value of 250
2016-03-13 23:50:04,381 : Machine 2 (clock rate = 3) has internal event at 41.76s with logical clock value of 247
2016-03-13 23:50:04,469 : Machine 3 (clock rate = 6) has internal event at 41.84s with logical clock value of 251
2016-03-13 23:50:04,635 : Machine 3 (clock rate = 6) has internal event at 42.01s with logical clock value of 252
2016-03-13 23:50:04,651 : Machine 1 (clock rate = 1) received message with lc value of 228 with queue size of 3 at 42.03s with logical clock of 224
2016-03-13 23:50:04,652 : Machine 1 (clock rate = 1) has internal event at 42.03s with logical clock value of 228
2016-03-13 23:50:04,714 : Machine 2 (clock rate = 3) has internal event at 42.09s with logical clock value of 248
2016-03-13 23:50:04,803 : Machine 3 (clock rate = 6) sending to Machine 1 logical clock value of 253 at 42.18s
2016-03-13 23:50:04,971 : Machine 3 (clock rate = 6) has internal event at 42.34s with logical clock value of 254
2016-03-13 23:50:05,049 : Machine 2 (clock rate = 3) received message with lc value of 253 with queue size of 1 at 42.42s with logical clock of 249
2016-03-13 23:50:05,050 : Machine 2 (clock rate = 3) has internal event at 42.42s with logical clock value of 253
2016-03-13 23:50:05,137 : Machine 3 (clock rate = 6) sending to Machine 1 logical clock value of 255 at 42.51s
2016-03-13 23:50:05,304 : Machine 3 (clock rate = 6) has internal event at 42.68s with logical clock value of 256
2016-03-13 23:50:05,382 : Machine 2 (clock rate = 3) has internal event at 42.76s with logical clock value of 254
2016-03-13 23:50:05,472 : Machine 3 (clock rate = 6) has internal event at 42.85s with logical clock value of 257
2016-03-13 23:50:05,640 : Machine 3 (clock rate = 6) has internal event at 43.01s with logical clock value of 258
2016-03-13 23:50:05,652 : Machine 1 (clock rate = 1) received message with lc value of 235 with queue size of 3 at 43.03s with logical clock of 229
2016-03-13 23:50:05,652 : Machine 1 (clock rate = 1) has internal event at 43.03s with logical clock value of 235
2016-03-13 23:50:05,717 : Machine 2 (clock rate = 3) has internal event at 43.09s with logical clock value of 255
2016-03-13 23:50:05,807 : Machine 3 (clock rate = 6) has internal event at 43.18s with logical clock value of 259
2016-03-13 23:50:05,975 : Machine 3 (clock rate = 6) has internal event at 43.35s with logical clock value of 260
2016-03-13 23:50:06,051 : Machine 2 (clock rate = 3) has internal event at 43.43s with logical clock value of 256
2016-03-13 23:50:06,142 : Machine 3 (clock rate = 6) has internal event at 43.52s with logical clock value of 261
2016-03-13 23:50:06,309 : Machine 3 (clock rate = 6) has internal event at 43.68s with logical clock value of 262
2016-03-13 23:50:06,385 : Machine 2 (clock rate = 3) has internal event at 43.76s with logical clock value of 257
2016-03-13 23:50:06,477 : Machine 3 (clock rate = 6) has internal event at 43.85s with logical clock value of 263
2016-03-13 23:50:06,644 : Machine 3 (clock rate = 6) has internal event at 44.02s with logical clock value of 264
2016-03-13 23:50:06,653 : Machine 1 (clock rate = 1) received message with lc value of 237 with queue size of 2 at 44.03s with logical clock of 236
2016-03-13 23:50:06,653 : Machine 1 (clock rate = 1) has internal event at 44.03s with logical clock value of 237
2016-03-13 23:50:06,719 : Machine 2 (clock rate = 3) sending to Machine 1 logical clock value of 258 at 44.09s
2016-03-13 23:50:06,812 : Machine 3 (clock rate = 6) received message with lc value of 258 with queue size of 1 at 44.19s with logical clock of 265
2016-03-13 23:50:06,813 : Machine 3 (clock rate = 6) has internal event at 44.19s with logical clock value of 265
2016-03-13 23:50:06,980 : Machine 3 (clock rate = 6) has internal event at 44.35s with logical clock value of 266
2016-03-13 23:50:07,054 : Machine 2 (clock rate = 3) has internal event at 44.43s with logical clock value of 259
2016-03-13 23:50:07,147 : Machine 3 (clock rate = 6) has internal event at 44.52s with logical clock value of 267
2016-03-13 23:50:07,315 : Machine 3 (clock rate = 6) has internal event at 44.69s with logical clock value of 268
2016-03-13 23:50:07,387 : Machine 2 (clock rate = 3) sending to Machine 1 logical clock value of 260 at 44.76s
2016-03-13 23:50:07,482 : Machine 3 (clock rate = 6) received message with lc value of 260 with queue size of 1 at 44.86s with logical clock of 269
2016-03-13 23:50:07,483 : Machine 3 (clock rate = 6) has internal event at 44.86s with logical clock value of 269
2016-03-13 23:50:07,650 : Machine 3 (clock rate = 6) has internal event at 45.02s with logical clock value of 270
2016-03-13 23:50:07,653 : Machine 1 (clock rate = 1) received message with lc value of 255 with queue size of 1 at 45.03s with logical clock of 238
2016-03-13 23:50:07,654 : Machine 1 (clock rate = 1) has internal event at 45.03s with logical clock value of 255
2016-03-13 23:50:07,722 : Machine 2 (clock rate = 3) has internal event at 45.10s with logical clock value of 261
2016-03-13 23:50:07,817 : Machine 3 (clock rate = 6) has internal event at 45.19s with logical clock value of 271
2016-03-13 23:50:07,984 : Machine 3 (clock rate = 6) has internal event at 45.36s with logical clock value of 272
2016-03-13 23:50:08,056 : Machine 2 (clock rate = 3) has internal event at 45.43s with logical clock value of 262
2016-03-13 23:50:08,151 : Machine 3 (clock rate = 6) has internal event at 45.52s with logical clock value of 273
2016-03-13 23:50:08,318 : Machine 3 (clock rate = 6) has internal event at 45.69s with logical clock value of 274
2016-03-13 23:50:08,391 : Machine 2 (clock rate = 3) has internal event at 45.77s with logical clock value of 263
2016-03-13 23:50:08,485 : Machine 3 (clock rate = 6) has internal event at 45.86s with logical clock value of 275
2016-03-13 23:50:08,653 : Machine 3 (clock rate = 6) has internal event at 46.03s with logical clock value of 276
2016-03-13 23:50:08,654 : Machine 1 (clock rate = 1) has internal event at 46.03s with logical clock value of 256
2016-03-13 23:50:08,725 : Machine 2 (clock rate = 3) has internal event at 46.10s with logical clock value of 264
2016-03-13 23:50:08,821 : Machine 3 (clock rate = 6) has internal event at 46.19s with logical clock value of 277
2016-03-13 23:50:08,988 : Machine 3 (clock rate = 6) has internal event at 46.36s with logical clock value of 278
2016-03-13 23:50:09,058 : Machine 2 (clock rate = 3) has internal event at 46.43s with logical clock value of 265
2016-03-13 23:50:09,155 : Machine 3 (clock rate = 6) has internal event at 46.53s with logical clock value of 279
2016-03-13 23:50:09,322 : Machine 3 (clock rate = 6) has internal event at 46.70s with logical clock value of 280
2016-03-13 23:50:09,392 : Machine 2 (clock rate = 3) has internal event at 46.77s with logical clock value of 266
2016-03-13 23:50:09,489 : Machine 3 (clock rate = 6) has internal event at 46.86s with logical clock value of 281
2016-03-13 23:50:09,654 : Machine 1 (clock rate = 1) sending to Machine 2 logical clock value of 257 at 47.03s
2016-03-13 23:50:09,656 : Machine 3 (clock rate = 6) has internal event at 47.03s with logical clock value of 282
2016-03-13 23:50:09,726 : Machine 2 (clock rate = 3) received message with lc value of 257 with queue size of 1 at 47.10s with logical clock of 267
2016-03-13 23:50:09,727 : Machine 2 (clock rate = 3) has internal event at 47.10s with logical clock value of 267
2016-03-13 23:50:09,824 : Machine 3 (clock rate = 6) sending to Machine 1 logical clock value of 283 at 47.20s
2016-03-13 23:50:09,991 : Machine 3 (clock rate = 6) has internal event at 47.36s with logical clock value of 284
2016-03-13 23:50:10,060 : Machine 2 (clock rate = 3) received message with lc value of 283 with queue size of 1 at 47.43s with logical clock of 268
2016-03-13 23:50:10,061 : Machine 2 (clock rate = 3) has internal event at 47.43s with logical clock value of 283
2016-03-13 23:50:10,158 : Machine 3 (clock rate = 6) has internal event at 47.53s with logical clock value of 285
2016-03-13 23:50:10,325 : Machine 3 (clock rate = 6) has internal event at 47.70s with logical clock value of 286
2016-03-13 23:50:10,393 : Machine 2 (clock rate = 3) has internal event at 47.77s with logical clock value of 284
2016-03-13 23:50:10,492 : Machine 3 (clock rate = 6) has internal event at 47.87s with logical clock value of 287
2016-03-13 23:50:10,655 : Machine 1 (clock rate = 1) sending to Machine 2 logical clock value of 258 at 48.03s
2016-03-13 23:50:10,660 : Machine 3 (clock rate = 6) has internal event at 48.03s with logical clock value of 288
2016-03-13 23:50:10,728 : Machine 2 (clock rate = 3) received message with lc value of 258 with queue size of 1 at 48.10s with logical clock of 285
2016-03-13 23:50:10,728 : Machine 2 (clock rate = 3) sending to Machine 1 logical clock value of 285 at 48.10s
2016-03-13 23:50:10,828 : Machine 3 (clock rate = 6) received message with lc value of 285 with queue size of 1 at 48.20s with logical clock of 289
2016-03-13 23:50:10,829 : Machine 3 (clock rate = 6) sending to Machine 1 logical clock value of 289 at 48.20s
2016-03-13 23:50:10,996 : Machine 3 (clock rate = 6) has internal event at 48.37s with logical clock value of 290
2016-03-13 23:50:11,062 : Machine 2 (clock rate = 3) has internal event at 48.44s with logical clock value of 286
2016-03-13 23:50:11,162 : Machine 3 (clock rate = 6) has internal event at 48.54s with logical clock value of 291
2016-03-13 23:50:11,330 : Machine 3 (clock rate = 6) sending to Machine 1 logical clock value of 292 at 48.70s
2016-03-13 23:50:11,395 : Machine 2 (clock rate = 3) received message with lc value of 292 with queue size of 1 at 48.77s with logical clock of 287
2016-03-13 23:50:11,396 : Machine 2 (clock rate = 3) has internal event at 48.77s with logical clock value of 292
2016-03-13 23:50:11,497 : Machine 3 (clock rate = 6) has internal event at 48.87s with logical clock value of 293
2016-03-13 23:50:11,656 : Machine 1 (clock rate = 1) received message with lc value of 289 with queue size of 1 at 49.03s with logical clock of 259
2016-03-13 23:50:11,657 : Machine 1 (clock rate = 1) has internal event at 49.03s with logical clock value of 289
2016-03-13 23:50:11,665 : Machine 3 (clock rate = 6) has internal event at 49.04s with logical clock value of 294
2016-03-13 23:50:11,730 : Machine 2 (clock rate = 3) has internal event at 49.10s with logical clock value of 293
2016-03-13 23:50:11,833 : Machine 3 (clock rate = 6) has internal event at 49.21s with logical clock value of 295
2016-03-13 23:50:11,999 : Machine 3 (clock rate = 6) sending to Machine 1 logical clock value of 296 at 49.37s
2016-03-13 23:50:12,064 : Machine 2 (clock rate = 3) received message with lc value of 296 with queue size of 1 at 49.44s with logical clock of 294
2016-03-13 23:50:12,064 : Machine 2 (clock rate = 3) has internal event at 49.44s with logical clock value of 296
2016-03-13 23:50:12,167 : Machine 3 (clock rate = 6) has internal event at 49.54s with logical clock value of 297
2016-03-13 23:50:12,334 : Machine 3 (clock rate = 6) has internal event at 49.71s with logical clock value of 298
2016-03-13 23:50:12,398 : Machine 2 (clock rate = 3) sending to Machine 1 logical clock value of 297 at 49.77s
2016-03-13 23:50:12,502 : Machine 3 (clock rate = 6) sending to Machine 1 logical clock value of 299 at 49.88s
2016-03-13 23:50:12,657 : Machine 1 (clock rate = 1) received message with lc value of 297 with queue size of 1 at 50.03s with logical clock of 290
2016-03-13 23:50:12,657 : Machine 1 (clock rate = 1) has internal event at 50.03s with logical clock value of 297
2016-03-13 23:50:12,669 : Machine 3 (clock rate = 6) has internal event at 50.04s with logical clock value of 300
2016-03-13 23:50:12,733 : Machine 2 (clock rate = 3) received message with lc value of 299 with queue size of 1 at 50.11s with logical clock of 298
2016-03-13 23:50:12,733 : Machine 2 (clock rate = 3) sending to Machine 1 logical clock value of 299 at 50.11s
2016-03-13 23:50:12,837 : Machine 3 (clock rate = 6) received message with lc value of 299 with queue size of 1 at 50.21s with logical clock of 301
2016-03-13 23:50:12,837 : Machine 3 (clock rate = 6) has internal event at 50.21s with logical clock value of 301
2016-03-13 23:50:13,004 : Machine 3 (clock rate = 6) has internal event at 50.38s with logical clock value of 302
2016-03-13 23:50:13,066 : Machine 2 (clock rate = 3) has internal event at 50.44s with logical clock value of 300
2016-03-13 23:50:13,172 : Machine 3 (clock rate = 6) has internal event at 50.55s with logical clock value of 303
2016-03-13 23:50:13,340 : Machine 3 (clock rate = 6) sending to Machine 1 logical clock value of 304 at 50.71s
2016-03-13 23:50:13,400 : Machine 2 (clock rate = 3) has internal event at 50.77s with logical clock value of 301
2016-03-13 23:50:13,507 : Machine 3 (clock rate = 6) sending to Machine 1 logical clock value of 305 at 50.88s
2016-03-13 23:50:13,658 : Machine 1 (clock rate = 1) received message with lc value of 304 with queue size of 1 at 51.03s with logical clock of 298
2016-03-13 23:50:13,659 : Machine 1 (clock rate = 1) has internal event at 51.03s with logical clock value of 304
2016-03-13 23:50:13,674 : Machine 3 (clock rate = 6) has internal event at 51.05s with logical clock value of 306
2016-03-13 23:50:13,734 : Machine 2 (clock rate = 3) received message with lc value of 305 with queue size of 1 at 51.11s with logical clock of 302
2016-03-13 23:50:13,734 : Machine 2 (clock rate = 3) has internal event at 51.11s with logical clock value of 305
2016-03-13 23:50:13,841 : Machine 3 (clock rate = 6) has internal event at 51.21s with logical clock value of 307
2016-03-13 23:50:14,009 : Machine 3 (clock rate = 6) sending to Machine 1 logical clock value of 308 at 51.38s
2016-03-13 23:50:14,068 : Machine 2 (clock rate = 3) received message with lc value of 308 with queue size of 1 at 51.44s with logical clock of 306
2016-03-13 23:50:14,069 : Machine 2 (clock rate = 3) has internal event at 51.44s with logical clock value of 308
2016-03-13 23:50:14,176 : Machine 3 (clock rate = 6) sending to Machine 1 logical clock value of 309 at 51.55s
2016-03-13 23:50:14,344 : Machine 3 (clock rate = 6) has internal event at 51.72s with logical clock value of 310
2016-03-13 23:50:14,403 : Machine 2 (clock rate = 3) sending to Machine 1 logical clock value of 309 at 51.78s
2016-03-13 23:50:14,511 : Machine 3 (clock rate = 6) has internal event at 51.89s with logical clock value of 311
2016-03-13 23:50:14,658 : Machine 1 (clock rate = 1) received message with lc value of 309 with queue size of 2 at 52.03s with logical clock of 305
2016-03-13 23:50:14,659 : Machine 1 (clock rate = 1) has internal event at 52.03s with logical clock value of 309
2016-03-13 23:50:14,678 : Machine 3 (clock rate = 6) has internal event at 52.05s with logical clock value of 312
2016-03-13 23:50:14,736 : Machine 2 (clock rate = 3) sending to Machine 1 logical clock value of 310 at 52.11s
2016-03-13 23:50:14,846 : Machine 3 (clock rate = 6) received message with lc value of 310 with queue size of 1 at 52.22s with logical clock of 313
2016-03-13 23:50:14,847 : Machine 3 (clock rate = 6) has internal event at 52.22s with logical clock value of 313
2016-03-13 23:50:15,014 : Machine 3 (clock rate = 6) has internal event at 52.39s with logical clock value of 314
2016-03-13 23:50:15,070 : Machine 2 (clock rate = 3) has internal event at 52.44s with logical clock value of 311
2016-03-13 23:50:15,181 : Machine 3 (clock rate = 6) sending to Machine 1 logical clock value of 315 at 52.55s
2016-03-13 23:50:15,349 : Machine 3 (clock rate = 6) has internal event at 52.72s with logical clock value of 316
2016-03-13 23:50:15,404 : Machine 2 (clock rate = 3) received message with lc value of 315 with queue size of 1 at 52.78s with logical clock of 312
2016-03-13 23:50:15,405 : Machine 2 (clock rate = 3) has internal event at 52.78s with logical clock value of 315
2016-03-13 23:50:15,516 : Machine 3 (clock rate = 6) has internal event at 52.89s with logical clock value of 317
2016-03-13 23:50:15,659 : Machine 1 (clock rate = 1) received message with lc value of 309 with queue size of 1 at 53.03s with logical clock of 310
2016-03-13 23:50:15,659 : Machine 1 (clock rate = 1) has internal event at 53.03s with logical clock value of 310
2016-03-13 23:50:15,684 : Machine 3 (clock rate = 6) has internal event at 53.06s with logical clock value of 318
2016-03-13 23:50:15,738 : Machine 2 (clock rate = 3) has internal event at 53.11s with logical clock value of 316
2016-03-13 23:50:15,851 : Machine 3 (clock rate = 6) has internal event at 53.22s with logical clock value of 319
2016-03-13 23:50:16,018 : Machine 3 (clock rate = 6) has internal event at 53.39s with logical clock value of 320
2016-03-13 23:50:16,072 : Machine 2 (clock rate = 3) has internal event at 53.45s with logical clock value of 317
2016-03-13 23:50:16,185 : Machine 3 (clock rate = 6) has internal event at 53.56s with logical clock value of 321
2016-03-13 23:50:16,353 : Machine 3 (clock rate = 6) has internal event at 53.73s with logical clock value of 322
2016-03-13 23:50:16,407 : Machine 2 (clock rate = 3) has internal event at 53.78s with logical clock value of 318
2016-03-13 23:50:16,519 : Machine 3 (clock rate = 6) has internal event at 53.89s with logical clock value of 323
2016-03-13 23:50:16,660 : Machine 1 (clock rate = 1) sending to Machine 2 logical clock value of 311 at 54.03s
2016-03-13 23:50:16,686 : Machine 3 (clock rate = 6) has internal event at 54.06s with logical clock value of 324
2016-03-13 23:50:16,740 : Machine 2 (clock rate = 3) received message with lc value of 311 with queue size of 1 at 54.11s with logical clock of 319
2016-03-13 23:50:16,741 : Machine 2 (clock rate = 3) has internal event at 54.11s with logical clock value of 319
2016-03-13 23:50:16,854 : Machine 3 (clock rate = 6) has internal event at 54.23s with logical clock value of 325
2016-03-13 23:50:17,022 : Machine 3 (clock rate = 6) has internal event at 54.40s with logical clock value of 326
2016-03-13 23:50:17,075 : Machine 2 (clock rate = 3) sending to Machine 1 logical clock value of 320 at 54.45s
2016-03-13 23:50:17,189 : Machine 3 (clock rate = 6) received message with lc value of 320 with queue size of 1 at 54.56s with logical clock of 327
2016-03-13 23:50:17,190 : Machine 3 (clock rate = 6) has internal event at 54.56s with logical clock value of 327
2016-03-13 23:50:17,357 : Machine 3 (clock rate = 6) has internal event at 54.73s with logical clock value of 328
2016-03-13 23:50:17,409 : Machine 2 (clock rate = 3) has internal event at 54.78s with logical clock value of 321
2016-03-13 23:50:17,524 : Machine 3 (clock rate = 6) has internal event at 54.90s with logical clock value of 329
2016-03-13 23:50:17,661 : Machine 1 (clock rate = 1) sending to Machine 2 logical clock value of 312 at 55.04s
2016-03-13 23:50:17,692 : Machine 3 (clock rate = 6) received message with lc value of 312 with queue size of 1 at 55.07s with logical clock of 330
2016-03-13 23:50:17,692 : Machine 3 (clock rate = 6) has internal event at 55.07s with logical clock value of 330
2016-03-13 23:50:17,743 : Machine 2 (clock rate = 3) has internal event at 55.12s with logical clock value of 322
2016-03-13 23:50:17,859 : Machine 3 (clock rate = 6) sending to Machine 1 logical clock value of 331 at 55.23s
2016-03-13 23:50:18,027 : Machine 3 (clock rate = 6) has internal event at 55.40s with logical clock value of 332
2016-03-13 23:50:18,077 : Machine 2 (clock rate = 3) has internal event at 55.45s with logical clock value of 323
2016-03-13 23:50:18,194 : Machine 3 (clock rate = 6) has internal event at 55.57s with logical clock value of 333
2016-03-13 23:50:18,362 : Machine 3 (clock rate = 6) has internal event at 55.74s with logical clock value of 334
2016-03-13 23:50:18,412 : Machine 2 (clock rate = 3) has internal event at 55.79s with logical clock value of 324
2016-03-13 23:50:18,530 : Machine 3 (clock rate = 6) has internal event at 55.90s with logical clock value of 335
2016-03-13 23:50:18,662 : Machine 1 (clock rate = 1) received message with lc value of 331 with queue size of 1 at 56.04s with logical clock of 313
2016-03-13 23:50:18,662 : Machine 1 (clock rate = 1) sending to Machine 2 logical clock value of 331 at 56.04s
2016-03-13 23:50:18,697 : Machine 3 (clock rate = 6) has internal event at 56.07s with logical clock value of 336
2016-03-13 23:50:18,746 : Machine 2 (clock rate = 3) received message with lc value of 331 with queue size of 1 at 56.12s with logical clock of 325
2016-03-13 23:50:18,746 : Machine 2 (clock rate = 3) sending to Machine 1 logical clock value of 331 at 56.12s
2016-03-13 23:50:18,864 : Machine 3 (clock rate = 6) received message with lc value of 331 with queue size of 1 at 56.24s with logical clock of 337
2016-03-13 23:50:18,865 : Machine 3 (clock rate = 6) has internal event at 56.24s with logical clock value of 337
2016-03-13 23:50:19,032 : Machine 3 (clock rate = 6) has internal event at 56.41s with logical clock value of 338
2016-03-13 23:50:19,080 : Machine 2 (clock rate = 3) has internal event at 56.45s with logical clock value of 332
2016-03-13 23:50:19,199 : Machine 3 (clock rate = 6) has internal event at 56.57s with logical clock value of 339
2016-03-13 23:50:19,366 : Machine 3 (clock rate = 6) has internal event at 56.74s with logical clock value of 340
2016-03-13 23:50:19,413 : Machine 2 (clock rate = 3) has internal event at 56.79s with logical clock value of 333
2016-03-13 23:50:19,533 : Machine 3 (clock rate = 6) has internal event at 56.91s with logical clock value of 341
2016-03-13 23:50:19,663 : Machine 1 (clock rate = 1) has internal event at 57.04s with logical clock value of 332
2016-03-13 23:50:19,701 : Machine 3 (clock rate = 6) has internal event at 57.07s with logical clock value of 342
2016-03-13 23:50:19,748 : Machine 2 (clock rate = 3) sending to Machine 1 logical clock value of 334 at 57.12s
2016-03-13 23:50:19,869 : Machine 3 (clock rate = 6) received message with lc value of 334 with queue size of 1 at 57.24s with logical clock of 343
2016-03-13 23:50:19,870 : Machine 3 (clock rate = 6) has internal event at 57.24s with logical clock value of 343
2016-03-13 23:50:20,036 : Machine 3 (clock rate = 6) has internal event at 57.41s with logical clock value of 344
2016-03-13 23:50:20,082 : Machine 2 (clock rate = 3) has internal event at 57.46s with logical clock value of 335
2016-03-13 23:50:20,203 : Machine 3 (clock rate = 6) has internal event at 57.58s with logical clock value of 345
2016-03-13 23:50:20,371 : Machine 3 (clock rate = 6) has internal event at 57.74s with logical clock value of 346
2016-03-13 23:50:20,416 : Machine 2 (clock rate = 3) has internal event at 57.79s with logical clock value of 336
2016-03-13 23:50:20,539 : Machine 3 (clock rate = 6) has internal event at 57.91s with logical clock value of 347
2016-03-13 23:50:20,664 : Machine 1 (clock rate = 1) has internal event at 58.04s with logical clock value of 333
2016-03-13 23:50:20,706 : Machine 3 (clock rate = 6) has internal event at 58.08s with logical clock value of 348
2016-03-13 23:50:20,751 : Machine 2 (clock rate = 3) has internal event at 58.13s with logical clock value of 337
2016-03-13 23:50:20,874 : Machine 3 (clock rate = 6) has internal event at 58.25s with logical clock value of 349
2016-03-13 23:50:21,042 : Machine 3 (clock rate = 6) has internal event at 58.42s with logical clock value of 350
2016-03-13 23:50:21,085 : Machine 2 (clock rate = 3) has internal event at 58.46s with logical clock value of 338
2016-03-13 23:50:21,208 : Machine 3 (clock rate = 6) sending to Machine 1 logical clock value of 351 at 58.58s
2016-03-13 23:50:21,376 : Machine 3 (clock rate = 6) has internal event at 58.75s with logical clock value of 352
2016-03-13 23:50:21,419 : Machine 2 (clock rate = 3) received message with lc value of 351 with queue size of 1 at 58.79s with logical clock of 339
2016-03-13 23:50:21,419 : Machine 2 (clock rate = 3) has internal event at 58.79s with logical clock value of 351
2016-03-13 23:50:21,543 : Machine 3 (clock rate = 6) sending to Machine 1 logical clock value of 353 at 58.92s
2016-03-13 23:50:21,665 : Machine 1 (clock rate = 1) received message with lc value of 353 with queue size of 1 at 59.04s with logical clock of 334
2016-03-13 23:50:21,665 : Machine 1 (clock rate = 1) has internal event at 59.04s with logical clock value of 353
2016-03-13 23:50:21,710 : Machine 3 (clock rate = 6) has internal event at 59.08s with logical clock value of 354
2016-03-13 23:50:21,753 : Machine 2 (clock rate = 3) has internal event at 59.13s with logical clock value of 352
2016-03-13 23:50:21,877 : Machine 3 (clock rate = 6) sending to Machine 1 logical clock value of 355 at 59.25s
2016-03-13 23:50:22,045 : Machine 3 (clock rate = 6) has internal event at 59.42s with logical clock value of 356
2016-03-13 23:50:22,087 : Machine 2 (clock rate = 3) received message with lc value of 355 with queue size of 1 at 59.46s with logical clock of 353
2016-03-13 23:50:22,087 : Machine 2 (clock rate = 3) sending to Machine 1 logical clock value of 355 at 59.46s
2016-03-13 23:50:22,212 : Machine 3 (clock rate = 6) received message with lc value of 355 with queue size of 1 at 59.59s with logical clock of 357
2016-03-13 23:50:22,213 : Machine 3 (clock rate = 6) has internal event at 59.59s with logical clock value of 357
2016-03-13 23:50:22,379 : Machine 3 (clock rate = 6) has internal event at 59.75s with logical clock value of 358
2016-03-13 23:50:22,421 : Machine 2 (clock rate = 3) has internal event at 59.80s with logical clock value of 356
2016-03-13 23:50:22,546 : Machine 3 (clock rate = 6) has internal event at 59.92s with logical clock value of 359
2016-03-13 23:50:22,714 : Machine 3 (clock rate = 6) has internal event at 60.09s with logical clock value of 360
