2016-03-13 23:42:06,694 : Starting machine on PID 25369 with clock rate: 1
2016-03-13 23:42:06,694 : Starting machine on PID 25370 with clock rate: 3
2016-03-13 23:42:06,694 : Starting machine on PID 25371 with clock rate: 6
2016-03-13 23:42:06,695 : Machine 1 (clock rate = 1) has internal event at 0.001s with logical clock value of 1
2016-03-13 23:42:06,695 : Machine 2 (clock rate = 3) has internal event at 0.001s with logical clock value of 1
2016-03-13 23:42:06,712 : Machine 3 (clock rate = 6) sending to Machine 1 logical clock value of 1 at 0.018s
2016-03-13 23:42:06,864 : Machine 3 (clock rate = 6) sending to Machine 1 logical clock value of 2 at 0.169s
2016-03-13 23:42:07,030 : Machine 2 (clock rate = 3) has internal event at 0.336s with logical clock value of 2
2016-03-13 23:42:07,031 : Machine 3 (clock rate = 6) sending to Machine 1 logical clock value of 3 at 0.336s
2016-03-13 23:42:07,199 : Machine 3 (clock rate = 6) has internal event at 0.504s with logical clock value of 4
2016-03-13 23:42:07,363 : Machine 2 (clock rate = 3) has internal event at 0.669s with logical clock value of 3
2016-03-13 23:42:07,366 : Machine 3 (clock rate = 6) has internal event at 0.671s with logical clock value of 5
2016-03-13 23:42:07,533 : Machine 3 (clock rate = 6) has internal event at 0.838s with logical clock value of 6
2016-03-13 23:42:07,696 : Machine 1 (clock rate = 1) received message with lc value of 1 with queue size of 3 at 1.002s with logical clock of 2
2016-03-13 23:42:07,696 : Machine 1 (clock rate = 1) has internal event at 1.002s with logical clock value of 2
2016-03-13 23:42:07,697 : Machine 2 (clock rate = 3) sending to Machine 1 logical clock value of 4 at 1.003s
2016-03-13 23:42:07,699 : Machine 3 (clock rate = 6) received message with lc value of 4 with queue size of 1 at 1.005s with logical clock of 7
2016-03-13 23:42:07,700 : Machine 3 (clock rate = 6) sending to Machine 1 logical clock value of 7 at 1.005s
2016-03-13 23:42:07,867 : Machine 3 (clock rate = 6) has internal event at 1.172s with logical clock value of 8
2016-03-13 23:42:08,031 : Machine 2 (clock rate = 3) received message with lc value of 7 with queue size of 1 at 1.337s with logical clock of 5
2016-03-13 23:42:08,032 : Machine 2 (clock rate = 3) sending to Machine 1 logical clock value of 7 at 1.337s
2016-03-13 23:42:08,034 : Machine 3 (clock rate = 6) sending to Machine 1 logical clock value of 9 at 1.339s
2016-03-13 23:42:08,201 : Machine 3 (clock rate = 6) sending to Machine 1 logical clock value of 10 at 1.506s
2016-03-13 23:42:08,365 : Machine 2 (clock rate = 3) has internal event at 1.671s with logical clock value of 8
2016-03-13 23:42:08,368 : Machine 3 (clock rate = 6) has internal event at 1.674s with logical clock value of 11
2016-03-13 23:42:08,535 : Machine 3 (clock rate = 6) sending to Machine 1 logical clock value of 12 at 1.840s
2016-03-13 23:42:08,696 : Machine 1 (clock rate = 1) received message with lc value of 2 with queue size of 5 at 2.002s with logical clock of 3
2016-03-13 23:42:08,697 : Machine 1 (clock rate = 1) has internal event at 2.003s with logical clock value of 3
2016-03-13 23:42:08,698 : Machine 2 (clock rate = 3) received message with lc value of 12 with queue size of 1 at 2.004s with logical clock of 9
2016-03-13 23:42:08,699 : Machine 2 (clock rate = 3) has internal event at 2.005s with logical clock value of 12
2016-03-13 23:42:08,702 : Machine 3 (clock rate = 6) sending to Machine 1 logical clock value of 13 at 2.008s
2016-03-13 23:42:08,870 : Machine 3 (clock rate = 6) has internal event at 2.175s with logical clock value of 14
2016-03-13 23:42:09,033 : Machine 2 (clock rate = 3) received message with lc value of 13 with queue size of 1 at 2.339s with logical clock of 13
2016-03-13 23:42:09,033 : Machine 2 (clock rate = 3) has internal event at 2.339s with logical clock value of 13
2016-03-13 23:42:09,038 : Machine 3 (clock rate = 6) has internal event at 2.343s with logical clock value of 15
2016-03-13 23:42:09,204 : Machine 3 (clock rate = 6) sending to Machine 1 logical clock value of 16 at 2.510s
2016-03-13 23:42:09,366 : Machine 2 (clock rate = 3) received message with lc value of 16 with queue size of 1 at 2.672s with logical clock of 14
2016-03-13 23:42:09,367 : Machine 2 (clock rate = 3) sending to Machine 1 logical clock value of 16 at 2.673s
2016-03-13 23:42:09,372 : Machine 3 (clock rate = 6) has internal event at 2.677s with logical clock value of 17
2016-03-13 23:42:09,539 : Machine 3 (clock rate = 6) has internal event at 2.844s with logical clock value of 18
2016-03-13 23:42:09,697 : Machine 1 (clock rate = 1) received message with lc value of 3 with queue size of 5 at 3.003s with logical clock of 4
2016-03-13 23:42:09,697 : Machine 1 (clock rate = 1) has internal event at 3.003s with logical clock value of 4
2016-03-13 23:42:09,700 : Machine 2 (clock rate = 3) has internal event at 3.006s with logical clock value of 17
2016-03-13 23:42:09,707 : Machine 3 (clock rate = 6) sending to Machine 1 logical clock value of 19 at 3.012s
2016-03-13 23:42:09,874 : Machine 3 (clock rate = 6) sending to Machine 1 logical clock value of 20 at 3.179s
2016-03-13 23:42:10,034 : Machine 2 (clock rate = 3) received message with lc value of 19 with queue size of 1 at 3.340s with logical clock of 18
2016-03-13 23:42:10,034 : Machine 2 (clock rate = 3) sending to Machine 1 logical clock value of 19 at 3.340s
2016-03-13 23:42:10,041 : Machine 3 (clock rate = 6) received message with lc value of 19 with queue size of 1 at 3.346s with logical clock of 21
2016-03-13 23:42:10,041 : Machine 3 (clock rate = 6) sending to Machine 1 logical clock value of 21 at 3.346s
2016-03-13 23:42:10,208 : Machine 3 (clock rate = 6) sending to Machine 1 logical clock value of 22 at 3.514s
2016-03-13 23:42:10,368 : Machine 2 (clock rate = 3) has internal event at 3.674s with logical clock value of 20
2016-03-13 23:42:10,376 : Machine 3 (clock rate = 6) has internal event at 3.681s with logical clock value of 23
2016-03-13 23:42:10,544 : Machine 3 (clock rate = 6) sending to Machine 1 logical clock value of 24 at 3.849s
2016-03-13 23:42:10,698 : Machine 1 (clock rate = 1) received message with lc value of 7 with queue size of 7 at 4.004s with logical clock of 5
2016-03-13 23:42:10,698 : Machine 1 (clock rate = 1) has internal event at 4.004s with logical clock value of 7
2016-03-13 23:42:10,702 : Machine 2 (clock rate = 3) received message with lc value of 24 with queue size of 1 at 4.008s with logical clock of 21
2016-03-13 23:42:10,702 : Machine 2 (clock rate = 3) has internal event at 4.008s with logical clock value of 24
2016-03-13 23:42:10,711 : Machine 3 (clock rate = 6) sending to Machine 1 logical clock value of 25 at 4.017s
2016-03-13 23:42:10,879 : Machine 3 (clock rate = 6) has internal event at 4.185s with logical clock value of 26
2016-03-13 23:42:11,036 : Machine 2 (clock rate = 3) has internal event at 4.341s with logical clock value of 25
2016-03-13 23:42:11,046 : Machine 3 (clock rate = 6) sending to Machine 1 logical clock value of 27 at 4.351s
2016-03-13 23:42:11,213 : Machine 3 (clock rate = 6) has internal event at 4.518s with logical clock value of 28
2016-03-13 23:42:11,370 : Machine 2 (clock rate = 3) received message with lc value of 27 with queue size of 1 at 4.675s with logical clock of 26
2016-03-13 23:42:11,370 : Machine 2 (clock rate = 3) has internal event at 4.676s with logical clock value of 27
2016-03-13 23:42:11,380 : Machine 3 (clock rate = 6) sending to Machine 1 logical clock value of 29 at 4.686s
2016-03-13 23:42:11,548 : Machine 3 (clock rate = 6) has internal event at 4.853s with logical clock value of 30
2016-03-13 23:42:11,699 : Machine 1 (clock rate = 1) received message with lc value of 9 with queue size of 8 at 5.005s with logical clock of 8
2016-03-13 23:42:11,699 : Machine 1 (clock rate = 1) has internal event at 5.005s with logical clock value of 9
2016-03-13 23:42:11,704 : Machine 2 (clock rate = 3) sending to Machine 1 logical clock value of 28 at 5.009s
2016-03-13 23:42:11,715 : Machine 3 (clock rate = 6) has internal event at 5.020s with logical clock value of 31
2016-03-13 23:42:11,882 : Machine 3 (clock rate = 6) has internal event at 5.188s with logical clock value of 32
2016-03-13 23:42:12,038 : Machine 2 (clock rate = 3) sending to Machine 1 logical clock value of 29 at 5.344s
2016-03-13 23:42:12,050 : Machine 3 (clock rate = 6) has internal event at 5.355s with logical clock value of 33
2016-03-13 23:42:12,217 : Machine 3 (clock rate = 6) has internal event at 5.522s with logical clock value of 34
2016-03-13 23:42:12,373 : Machine 2 (clock rate = 3) has internal event at 5.678s with logical clock value of 30
2016-03-13 23:42:12,384 : Machine 3 (clock rate = 6) has internal event at 5.690s with logical clock value of 35
2016-03-13 23:42:12,552 : Machine 3 (clock rate = 6) sending to Machine 1 logical clock value of 36 at 5.857s
2016-03-13 23:42:12,699 : Machine 1 (clock rate = 1) received message with lc value of 10 with queue size of 9 at 6.006s with logical clock of 10
2016-03-13 23:42:12,700 : Machine 1 (clock rate = 1) has internal event at 6.006s with logical clock value of 10
2016-03-13 23:42:12,707 : Machine 2 (clock rate = 3) received message with lc value of 36 with queue size of 1 at 6.012s with logical clock of 31
2016-03-13 23:42:12,707 : Machine 2 (clock rate = 3) sending to Machine 1 logical clock value of 36 at 6.013s
2016-03-13 23:42:12,720 : Machine 3 (clock rate = 6) received message with lc value of 36 with queue size of 1 at 6.025s with logical clock of 37
2016-03-13 23:42:12,720 : Machine 3 (clock rate = 6) sending to Machine 1 logical clock value of 37 at 6.026s
2016-03-13 23:42:12,886 : Machine 3 (clock rate = 6) sending to Machine 1 logical clock value of 38 at 6.192s
2016-03-13 23:42:13,041 : Machine 2 (clock rate = 3) received message with lc value of 37 with queue size of 1 at 6.347s with logical clock of 37
2016-03-13 23:42:13,042 : Machine 2 (clock rate = 3) has internal event at 6.348s with logical clock value of 37
2016-03-13 23:42:13,053 : Machine 3 (clock rate = 6) sending to Machine 1 logical clock value of 39 at 6.359s
2016-03-13 23:42:13,220 : Machine 3 (clock rate = 6) sending to Machine 1 logical clock value of 40 at 6.526s
2016-03-13 23:42:13,375 : Machine 2 (clock rate = 3) received message with lc value of 39 with queue size of 2 at 6.680s with logical clock of 38
2016-03-13 23:42:13,375 : Machine 2 (clock rate = 3) has internal event at 6.681s with logical clock value of 39
2016-03-13 23:42:13,388 : Machine 3 (clock rate = 6) sending to Machine 1 logical clock value of 41 at 6.693s
2016-03-13 23:42:13,555 : Machine 3 (clock rate = 6) has internal event at 6.860s with logical clock value of 42
2016-03-13 23:42:13,700 : Machine 1 (clock rate = 1) received message with lc value of 16 with queue size of 9 at 7.007s with logical clock of 11
2016-03-13 23:42:13,701 : Machine 1 (clock rate = 1) has internal event at 7.007s with logical clock value of 16
2016-03-13 23:42:13,709 : Machine 2 (clock rate = 3) received message with lc value of 40 with queue size of 2 at 7.015s with logical clock of 40
2016-03-13 23:42:13,710 : Machine 2 (clock rate = 3) sending to Machine 1 logical clock value of 40 at 7.016s
2016-03-13 23:42:13,722 : Machine 3 (clock rate = 6) has internal event at 7.027s with logical clock value of 43
2016-03-13 23:42:13,890 : Machine 3 (clock rate = 6) sending to Machine 1 logical clock value of 44 at 7.195s
2016-03-13 23:42:14,043 : Machine 2 (clock rate = 3) received message with lc value of 41 with queue size of 1 at 7.349s with logical clock of 41
2016-03-13 23:42:14,043 : Machine 2 (clock rate = 3) sending to Machine 1 logical clock value of 41 at 7.349s
2016-03-13 23:42:14,058 : Machine 3 (clock rate = 6) has internal event at 7.363s with logical clock value of 45
2016-03-13 23:42:14,224 : Machine 3 (clock rate = 6) sending to Machine 1 logical clock value of 46 at 7.530s
2016-03-13 23:42:14,376 : Machine 2 (clock rate = 3) received message with lc value of 46 with queue size of 1 at 7.682s with logical clock of 42
2016-03-13 23:42:14,377 : Machine 2 (clock rate = 3) sending to Machine 1 logical clock value of 46 at 7.682s
2016-03-13 23:42:14,391 : Machine 3 (clock rate = 6) received message with lc value of 46 with queue size of 1 at 7.696s with logical clock of 47
2016-03-13 23:42:14,392 : Machine 3 (clock rate = 6) sending to Machine 1 logical clock value of 47 at 7.697s
2016-03-13 23:42:14,559 : Machine 3 (clock rate = 6) has internal event at 7.864s with logical clock value of 48
2016-03-13 23:42:14,702 : Machine 1 (clock rate = 1) received message with lc value of 20 with queue size of 11 at 8.008s with logical clock of 17
2016-03-13 23:42:14,702 : Machine 1 (clock rate = 1) has internal event at 8.008s with logical clock value of 20
2016-03-13 23:42:14,710 : Machine 2 (clock rate = 3) received message with lc value of 47 with queue size of 1 at 8.016s with logical clock of 47
2016-03-13 23:42:14,711 : Machine 2 (clock rate = 3) sending to Machine 1 logical clock value of 47 at 8.017s
2016-03-13 23:42:14,726 : Machine 3 (clock rate = 6) sending to Machine 1 logical clock value of 49 at 8.031s
2016-03-13 23:42:14,894 : Machine 3 (clock rate = 6) sending to Machine 1 logical clock value of 50 at 8.199s
2016-03-13 23:42:15,045 : Machine 2 (clock rate = 3) has internal event at 8.350s with logical clock value of 48
2016-03-13 23:42:15,061 : Machine 3 (clock rate = 6) has internal event at 8.366s with logical clock value of 51
2016-03-13 23:42:15,228 : Machine 3 (clock rate = 6) has internal event at 8.533s with logical clock value of 52
2016-03-13 23:42:15,379 : Machine 2 (clock rate = 3) sending to Machine 1 logical clock value of 49 at 8.685s
2016-03-13 23:42:15,395 : Machine 3 (clock rate = 6) has internal event at 8.700s with logical clock value of 53
2016-03-13 23:42:15,563 : Machine 3 (clock rate = 6) sending to Machine 1 logical clock value of 54 at 8.868s
2016-03-13 23:42:15,702 : Machine 1 (clock rate = 1) received message with lc value of 21 with queue size of 15 at 9.008s with logical clock of 21
2016-03-13 23:42:15,702 : Machine 1 (clock rate = 1) has internal event at 9.008s with logical clock value of 21
2016-03-13 23:42:15,712 : Machine 2 (clock rate = 3) sending to Machine 1 logical clock value of 50 at 9.018s
2016-03-13 23:42:15,730 : Machine 3 (clock rate = 6) received message with lc value of 50 with queue size of 1 at 9.035s with logical clock of 55
2016-03-13 23:42:15,731 : Machine 3 (clock rate = 6) sending to Machine 1 logical clock value of 55 at 9.036s
2016-03-13 23:42:15,897 : Machine 3 (clock rate = 6) sending to Machine 1 logical clock value of 56 at 9.202s
2016-03-13 23:42:16,046 : Machine 2 (clock rate = 3) received message with lc value of 56 with queue size of 1 at 9.351s with logical clock of 51
2016-03-13 23:42:16,046 : Machine 2 (clock rate = 3) has internal event at 9.352s with logical clock value of 56
2016-03-13 23:42:16,064 : Machine 3 (clock rate = 6) sending to Machine 1 logical clock value of 57 at 9.369s
2016-03-13 23:42:16,232 : Machine 3 (clock rate = 6) has internal event at 9.537s with logical clock value of 58
2016-03-13 23:42:16,380 : Machine 2 (clock rate = 3) received message with lc value of 57 with queue size of 1 at 9.686s with logical clock of 57
2016-03-13 23:42:16,381 : Machine 2 (clock rate = 3) has internal event at 9.686s with logical clock value of 57
2016-03-13 23:42:16,400 : Machine 3 (clock rate = 6) has internal event at 9.705s with logical clock value of 59
2016-03-13 23:42:16,566 : Machine 3 (clock rate = 6) sending to Machine 1 logical clock value of 60 at 9.872s
2016-03-13 23:42:16,703 : Machine 1 (clock rate = 1) received message with lc value of 22 with queue size of 15 at 10.00s with logical clock of 22
2016-03-13 23:42:16,703 : Machine 1 (clock rate = 1) sending to Machine 2 logical clock value of 22 at 10.00s
2016-03-13 23:42:16,714 : Machine 2 (clock rate = 3) received message with lc value of 60 with queue size of 1 at 10.01s with logical clock of 58
2016-03-13 23:42:16,714 : Machine 2 (clock rate = 3) has internal event at 10.02s with logical clock value of 60
2016-03-13 23:42:16,733 : Machine 3 (clock rate = 6) received message with lc value of 22 with queue size of 1 at 10.03s with logical clock of 61
2016-03-13 23:42:16,733 : Machine 3 (clock rate = 6) sending to Machine 1 logical clock value of 61 at 10.03s
2016-03-13 23:42:16,901 : Machine 3 (clock rate = 6) sending to Machine 1 logical clock value of 62 at 10.20s
2016-03-13 23:42:17,048 : Machine 2 (clock rate = 3) has internal event at 10.35s with logical clock value of 61
2016-03-13 23:42:17,068 : Machine 3 (clock rate = 6) has internal event at 10.37s with logical clock value of 63
2016-03-13 23:42:17,235 : Machine 3 (clock rate = 6) sending to Machine 1 logical clock value of 64 at 10.54s
2016-03-13 23:42:17,382 : Machine 2 (clock rate = 3) has internal event at 10.68s with logical clock value of 62
2016-03-13 23:42:17,402 : Machine 3 (clock rate = 6) has internal event at 10.70s with logical clock value of 65
2016-03-13 23:42:17,570 : Machine 3 (clock rate = 6) has internal event at 10.87s with logical clock value of 66
2016-03-13 23:42:17,703 : Machine 1 (clock rate = 1) received message with lc value of 25 with queue size of 17 at 11.01s with logical clock of 23
2016-03-13 23:42:17,704 : Machine 1 (clock rate = 1) has internal event at 11.01s with logical clock value of 25
2016-03-13 23:42:17,716 : Machine 2 (clock rate = 3) has internal event at 11.02s with logical clock value of 63
2016-03-13 23:42:17,737 : Machine 3 (clock rate = 6) has internal event at 11.04s with logical clock value of 67
2016-03-13 23:42:17,904 : Machine 3 (clock rate = 6) has internal event at 11.20s with logical clock value of 68
2016-03-13 23:42:18,051 : Machine 2 (clock rate = 3) has internal event at 11.35s with logical clock value of 64
2016-03-13 23:42:18,071 : Machine 3 (clock rate = 6) has internal event at 11.37s with logical clock value of 69
2016-03-13 23:42:18,239 : Machine 3 (clock rate = 6) has internal event at 11.54s with logical clock value of 70
2016-03-13 23:42:18,385 : Machine 2 (clock rate = 3) has internal event at 11.69s with logical clock value of 65
2016-03-13 23:42:18,406 : Machine 3 (clock rate = 6) has internal event at 11.71s with logical clock value of 71
2016-03-13 23:42:18,573 : Machine 3 (clock rate = 6) sending to Machine 1 logical clock value of 72 at 11.87s
2016-03-13 23:42:18,705 : Machine 1 (clock rate = 1) received message with lc value of 29 with queue size of 17 at 12.01s with logical clock of 26
2016-03-13 23:42:18,705 : Machine 1 (clock rate = 1) has internal event at 12.01s with logical clock value of 29
2016-03-13 23:42:18,720 : Machine 2 (clock rate = 3) has internal event at 12.02s with logical clock value of 66
2016-03-13 23:42:18,740 : Machine 3 (clock rate = 6) sending to Machine 1 logical clock value of 73 at 12.04s
2016-03-13 23:42:18,908 : Machine 3 (clock rate = 6) has internal event at 12.21s with logical clock value of 74
2016-03-13 23:42:19,054 : Machine 2 (clock rate = 3) has internal event at 12.35s with logical clock value of 67
2016-03-13 23:42:19,075 : Machine 3 (clock rate = 6) sending to Machine 1 logical clock value of 75 at 12.38s
2016-03-13 23:42:19,243 : Machine 3 (clock rate = 6) sending to Machine 1 logical clock value of 76 at 12.54s
2016-03-13 23:42:19,388 : Machine 2 (clock rate = 3) received message with lc value of 76 with queue size of 1 at 12.69s with logical clock of 68
2016-03-13 23:42:19,388 : Machine 2 (clock rate = 3) sending to Machine 1 logical clock value of 76 at 12.69s
2016-03-13 23:42:19,410 : Machine 3 (clock rate = 6) received message with lc value of 76 with queue size of 1 at 12.71s with logical clock of 77
2016-03-13 23:42:19,410 : Machine 3 (clock rate = 6) sending to Machine 1 logical clock value of 77 at 12.71s
2016-03-13 23:42:19,576 : Machine 3 (clock rate = 6) has internal event at 12.88s with logical clock value of 78
2016-03-13 23:42:19,706 : Machine 1 (clock rate = 1) received message with lc value of 28 with queue size of 18 at 13.01s with logical clock of 30
2016-03-13 23:42:19,707 : Machine 1 (clock rate = 1) has internal event at 13.01s with logical clock value of 30
2016-03-13 23:42:19,722 : Machine 2 (clock rate = 3) received message with lc value of 77 with queue size of 1 at 13.02s with logical clock of 77
2016-03-13 23:42:19,724 : Machine 2 (clock rate = 3) sending to Machine 1 logical clock value of 77 at 13.02s
2016-03-13 23:42:19,743 : Machine 3 (clock rate = 6) has internal event at 13.04s with logical clock value of 79
2016-03-13 23:42:19,911 : Machine 3 (clock rate = 6) has internal event at 13.21s with logical clock value of 80
2016-03-13 23:42:20,056 : Machine 2 (clock rate = 3) has internal event at 13.36s with logical clock value of 78
2016-03-13 23:42:20,077 : Machine 3 (clock rate = 6) has internal event at 13.38s with logical clock value of 81
2016-03-13 23:42:20,245 : Machine 3 (clock rate = 6) sending to Machine 1 logical clock value of 82 at 13.55s
2016-03-13 23:42:20,390 : Machine 2 (clock rate = 3) received message with lc value of 82 with queue size of 1 at 13.69s with logical clock of 79
2016-03-13 23:42:20,391 : Machine 2 (clock rate = 3) sending to Machine 1 logical clock value of 82 at 13.69s
2016-03-13 23:42:20,413 : Machine 3 (clock rate = 6) sending to Machine 1 logical clock value of 83 at 13.71s
2016-03-13 23:42:20,581 : Machine 3 (clock rate = 6) has internal event at 13.88s with logical clock value of 84
2016-03-13 23:42:20,707 : Machine 1 (clock rate = 1) received message with lc value of 29 with queue size of 20 at 14.01s with logical clock of 31
2016-03-13 23:42:20,707 : Machine 1 (clock rate = 1) has internal event at 14.01s with logical clock value of 31
2016-03-13 23:42:20,724 : Machine 2 (clock rate = 3) has internal event at 14.03s with logical clock value of 83
2016-03-13 23:42:20,748 : Machine 3 (clock rate = 6) has internal event at 14.05s with logical clock value of 85
2016-03-13 23:42:20,915 : Machine 3 (clock rate = 6) sending to Machine 1 logical clock value of 86 at 14.22s
2016-03-13 23:42:21,058 : Machine 2 (clock rate = 3) sending to Machine 1 logical clock value of 84 at 14.36s
2016-03-13 23:42:21,083 : Machine 3 (clock rate = 6) sending to Machine 1 logical clock value of 87 at 14.38s
2016-03-13 23:42:21,250 : Machine 3 (clock rate = 6) sending to Machine 1 logical clock value of 88 at 14.55s
2016-03-13 23:42:21,391 : Machine 2 (clock rate = 3) received message with lc value of 87 with queue size of 1 at 14.69s with logical clock of 85
2016-03-13 23:42:21,391 : Machine 2 (clock rate = 3) has internal event at 14.69s with logical clock value of 87
2016-03-13 23:42:21,417 : Machine 3 (clock rate = 6) has internal event at 14.72s with logical clock value of 89
2016-03-13 23:42:21,585 : Machine 3 (clock rate = 6) has internal event at 14.89s with logical clock value of 90
2016-03-13 23:42:21,707 : Machine 1 (clock rate = 1) received message with lc value of 38 with queue size of 22 at 15.01s with logical clock of 32
2016-03-13 23:42:21,708 : Machine 1 (clock rate = 1) sending to Machine 2 logical clock value of 38 at 15.01s
2016-03-13 23:42:21,726 : Machine 2 (clock rate = 3) has internal event at 15.03s with logical clock value of 88
2016-03-13 23:42:21,752 : Machine 3 (clock rate = 6) received message with lc value of 38 with queue size of 1 at 15.05s with logical clock of 91
2016-03-13 23:42:21,752 : Machine 3 (clock rate = 6) has internal event at 15.05s with logical clock value of 91
2016-03-13 23:42:21,920 : Machine 3 (clock rate = 6) has internal event at 15.22s with logical clock value of 92
2016-03-13 23:42:22,059 : Machine 2 (clock rate = 3) has internal event at 15.36s with logical clock value of 89
2016-03-13 23:42:22,088 : Machine 3 (clock rate = 6) sending to Machine 1 logical clock value of 93 at 15.39s
2016-03-13 23:42:22,255 : Machine 3 (clock rate = 6) sending to Machine 1 logical clock value of 94 at 15.56s
2016-03-13 23:42:22,394 : Machine 2 (clock rate = 3) received message with lc value of 93 with queue size of 2 at 15.69s with logical clock of 90
2016-03-13 23:42:22,394 : Machine 2 (clock rate = 3) has internal event at 15.70s with logical clock value of 93
2016-03-13 23:42:22,422 : Machine 3 (clock rate = 6) has internal event at 15.72s with logical clock value of 95
2016-03-13 23:42:22,590 : Machine 3 (clock rate = 6) has internal event at 15.89s with logical clock value of 96
2016-03-13 23:42:22,708 : Machine 1 (clock rate = 1) received message with lc value of 40 with queue size of 21 at 16.01s with logical clock of 39
2016-03-13 23:42:22,708 : Machine 1 (clock rate = 1) has internal event at 16.01s with logical clock value of 40
2016-03-13 23:42:22,727 : Machine 2 (clock rate = 3) received message with lc value of 94 with queue size of 1 at 16.03s with logical clock of 94
2016-03-13 23:42:22,728 : Machine 2 (clock rate = 3) has internal event at 16.03s with logical clock value of 94
2016-03-13 23:42:22,757 : Machine 3 (clock rate = 6) sending to Machine 1 logical clock value of 97 at 16.06s
2016-03-13 23:42:22,925 : Machine 3 (clock rate = 6) has internal event at 16.23s with logical clock value of 98
2016-03-13 23:42:23,062 : Machine 2 (clock rate = 3) received message with lc value of 97 with queue size of 1 at 16.36s with logical clock of 95
2016-03-13 23:42:23,063 : Machine 2 (clock rate = 3) sending to Machine 1 logical clock value of 97 at 16.36s
2016-03-13 23:42:23,092 : Machine 3 (clock rate = 6) has internal event at 16.39s with logical clock value of 99
2016-03-13 23:42:23,259 : Machine 3 (clock rate = 6) has internal event at 16.56s with logical clock value of 100
2016-03-13 23:42:23,395 : Machine 2 (clock rate = 3) sending to Machine 1 logical clock value of 98 at 16.70s
2016-03-13 23:42:23,426 : Machine 3 (clock rate = 6) received message with lc value of 98 with queue size of 1 at 16.73s with logical clock of 101
2016-03-13 23:42:23,426 : Machine 3 (clock rate = 6) has internal event at 16.73s with logical clock value of 101
2016-03-13 23:42:23,594 : Machine 3 (clock rate = 6) sending to Machine 1 logical clock value of 102 at 16.89s
2016-03-13 23:42:23,709 : Machine 1 (clock rate = 1) received message with lc value of 44 with queue size of 22 at 17.01s with logical clock of 41
2016-03-13 23:42:23,709 : Machine 1 (clock rate = 1) has internal event at 17.01s with logical clock value of 44
2016-03-13 23:42:23,730 : Machine 2 (clock rate = 3) has internal event at 17.03s with logical clock value of 99
2016-03-13 23:42:23,761 : Machine 3 (clock rate = 6) has internal event at 17.06s with logical clock value of 103
2016-03-13 23:42:23,929 : Machine 3 (clock rate = 6) sending to Machine 1 logical clock value of 104 at 17.23s
2016-03-13 23:42:24,064 : Machine 2 (clock rate = 3) sending to Machine 1 logical clock value of 100 at 17.37s
2016-03-13 23:42:24,096 : Machine 3 (clock rate = 6) sending to Machine 1 logical clock value of 105 at 17.40s
2016-03-13 23:42:24,264 : Machine 3 (clock rate = 6) sending to Machine 1 logical clock value of 106 at 17.56s
2016-03-13 23:42:24,398 : Machine 2 (clock rate = 3) received message with lc value of 106 with queue size of 1 at 17.70s with logical clock of 101
2016-03-13 23:42:24,399 : Machine 2 (clock rate = 3) has internal event at 17.70s with logical clock value of 106
2016-03-13 23:42:24,431 : Machine 3 (clock rate = 6) sending to Machine 1 logical clock value of 107 at 17.73s
2016-03-13 23:42:24,599 : Machine 3 (clock rate = 6) sending to Machine 1 logical clock value of 108 at 17.90s
2016-03-13 23:42:24,709 : Machine 1 (clock rate = 1) received message with lc value of 41 with queue size of 25 at 18.01s with logical clock of 45
2016-03-13 23:42:24,709 : Machine 1 (clock rate = 1) has internal event at 18.01s with logical clock value of 45
2016-03-13 23:42:24,732 : Machine 2 (clock rate = 3) received message with lc value of 108 with queue size of 1 at 18.03s with logical clock of 107
2016-03-13 23:42:24,736 : Machine 2 (clock rate = 3) has internal event at 18.04s with logical clock value of 108
2016-03-13 23:42:24,766 : Machine 3 (clock rate = 6) sending to Machine 1 logical clock value of 109 at 18.07s
2016-03-13 23:42:24,934 : Machine 3 (clock rate = 6) sending to Machine 1 logical clock value of 110 at 18.23s
2016-03-13 23:42:25,066 : Machine 2 (clock rate = 3) sending to Machine 1 logical clock value of 109 at 18.37s
2016-03-13 23:42:25,100 : Machine 3 (clock rate = 6) has internal event at 18.40s with logical clock value of 111
2016-03-13 23:42:25,267 : Machine 3 (clock rate = 6) has internal event at 18.57s with logical clock value of 112
2016-03-13 23:42:25,400 : Machine 2 (clock rate = 3) has internal event at 18.70s with logical clock value of 110
2016-03-13 23:42:25,435 : Machine 3 (clock rate = 6) has internal event at 18.74s with logical clock value of 113
2016-03-13 23:42:25,602 : Machine 3 (clock rate = 6) sending to Machine 1 logical clock value of 114 at 18.90s
2016-03-13 23:42:25,709 : Machine 1 (clock rate = 1) received message with lc value of 47 with queue size of 27 at 19.01s with logical clock of 46
2016-03-13 23:42:25,710 : Machine 1 (clock rate = 1) has internal event at 19.01s with logical clock value of 47
2016-03-13 23:42:25,734 : Machine 2 (clock rate = 3) received message with lc value of 114 with queue size of 1 at 19.04s with logical clock of 111
2016-03-13 23:42:25,735 : Machine 2 (clock rate = 3) sending to Machine 1 logical clock value of 114 at 19.04s
2016-03-13 23:42:25,770 : Machine 3 (clock rate = 6) sending to Machine 1 logical clock value of 115 at 19.07s
2016-03-13 23:42:25,937 : Machine 3 (clock rate = 6) sending to Machine 1 logical clock value of 116 at 19.24s
2016-03-13 23:42:26,068 : Machine 2 (clock rate = 3) received message with lc value of 116 with queue size of 1 at 19.37s with logical clock of 115
2016-03-13 23:42:26,069 : Machine 2 (clock rate = 3) has internal event at 19.37s with logical clock value of 116
2016-03-13 23:42:26,105 : Machine 3 (clock rate = 6) sending to Machine 1 logical clock value of 117 at 19.41s
2016-03-13 23:42:26,272 : Machine 3 (clock rate = 6) sending to Machine 1 logical clock value of 118 at 19.57s
2016-03-13 23:42:26,402 : Machine 2 (clock rate = 3) received message with lc value of 117 with queue size of 2 at 19.70s with logical clock of 117
2016-03-13 23:42:26,402 : Machine 2 (clock rate = 3) has internal event at 19.70s with logical clock value of 117
2016-03-13 23:42:26,439 : Machine 3 (clock rate = 6) has internal event at 19.74s with logical clock value of 119
2016-03-13 23:42:26,606 : Machine 3 (clock rate = 6) sending to Machine 1 logical clock value of 120 at 19.91s
2016-03-13 23:42:26,711 : Machine 1 (clock rate = 1) received message with lc value of 49 with queue size of 28 at 20.01s with logical clock of 48
2016-03-13 23:42:26,711 : Machine 1 (clock rate = 1) sending to Machine 2 logical clock value of 49 at 20.01s
2016-03-13 23:42:26,736 : Machine 2 (clock rate = 3) received message with lc value of 118 with queue size of 3 at 20.04s with logical clock of 118
2016-03-13 23:42:26,736 : Machine 2 (clock rate = 3) sending to Machine 1 logical clock value of 118 at 20.04s
2016-03-13 23:42:26,774 : Machine 3 (clock rate = 6) received message with lc value of 118 with queue size of 1 at 20.07s with logical clock of 121
2016-03-13 23:42:26,774 : Machine 3 (clock rate = 6) has internal event at 20.07s with logical clock value of 121
2016-03-13 23:42:26,940 : Machine 3 (clock rate = 6) sending to Machine 1 logical clock value of 122 at 20.24s
2016-03-13 23:42:27,070 : Machine 2 (clock rate = 3) received message with lc value of 120 with queue size of 2 at 20.37s with logical clock of 119
2016-03-13 23:42:27,071 : Machine 2 (clock rate = 3) has internal event at 20.37s with logical clock value of 120
2016-03-13 23:42:27,108 : Machine 3 (clock rate = 6) has internal event at 20.41s with logical clock value of 123
2016-03-13 23:42:27,275 : Machine 3 (clock rate = 6) has internal event at 20.58s with logical clock value of 124
2016-03-13 23:42:27,405 : Machine 2 (clock rate = 3) received message with lc value of 49 with queue size of 1 at 20.71s with logical clock of 121
2016-03-13 23:42:27,405 : Machine 2 (clock rate = 3) has internal event at 20.71s with logical clock value of 121
2016-03-13 23:42:27,443 : Machine 3 (clock rate = 6) sending to Machine 1 logical clock value of 125 at 20.74s
2016-03-13 23:42:27,611 : Machine 3 (clock rate = 6) has internal event at 20.91s with logical clock value of 126
2016-03-13 23:42:27,711 : Machine 1 (clock rate = 1) received message with lc value of 50 with queue size of 28 at 21.01s with logical clock of 50
2016-03-13 23:42:27,711 : Machine 1 (clock rate = 1) sending to Machine 2 logical clock value of 50 at 21.01s
2016-03-13 23:42:27,739 : Machine 2 (clock rate = 3) received message with lc value of 125 with queue size of 1 at 21.04s with logical clock of 122
2016-03-13 23:42:27,739 : Machine 2 (clock rate = 3) has internal event at 21.04s with logical clock value of 125
2016-03-13 23:42:27,778 : Machine 3 (clock rate = 6) received message with lc value of 50 with queue size of 1 at 21.08s with logical clock of 127
2016-03-13 23:42:27,778 : Machine 3 (clock rate = 6) has internal event at 21.08s with logical clock value of 127
2016-03-13 23:42:27,945 : Machine 3 (clock rate = 6) sending to Machine 1 logical clock value of 128 at 21.25s
2016-03-13 23:42:28,073 : Machine 2 (clock rate = 3) received message with lc value of 128 with queue size of 1 at 21.37s with logical clock of 126
2016-03-13 23:42:28,073 : Machine 2 (clock rate = 3) sending to Machine 1 logical clock value of 128 at 21.37s
2016-03-13 23:42:28,113 : Machine 3 (clock rate = 6) has internal event at 21.41s with logical clock value of 129
2016-03-13 23:42:28,281 : Machine 3 (clock rate = 6) has internal event at 21.58s with logical clock value of 130
2016-03-13 23:42:28,406 : Machine 2 (clock rate = 3) has internal event at 21.71s with logical clock value of 129
2016-03-13 23:42:28,448 : Machine 3 (clock rate = 6) has internal event at 21.75s with logical clock value of 131
2016-03-13 23:42:28,615 : Machine 3 (clock rate = 6) has internal event at 21.92s with logical clock value of 132
2016-03-13 23:42:28,712 : Machine 1 (clock rate = 1) received message with lc value of 49 with queue size of 28 at 22.01s with logical clock of 51
2016-03-13 23:42:28,712 : Machine 1 (clock rate = 1) has internal event at 22.01s with logical clock value of 51
2016-03-13 23:42:28,740 : Machine 2 (clock rate = 3) has internal event at 22.04s with logical clock value of 130
2016-03-13 23:42:28,782 : Machine 3 (clock rate = 6) sending to Machine 1 logical clock value of 133 at 22.08s
2016-03-13 23:42:28,950 : Machine 3 (clock rate = 6) sending to Machine 1 logical clock value of 134 at 22.25s
2016-03-13 23:42:29,074 : Machine 2 (clock rate = 3) has internal event at 22.38s with logical clock value of 131
2016-03-13 23:42:29,116 : Machine 3 (clock rate = 6) sending to Machine 1 logical clock value of 135 at 22.42s
2016-03-13 23:42:29,283 : Machine 3 (clock rate = 6) sending to Machine 1 logical clock value of 136 at 22.58s
2016-03-13 23:42:29,408 : Machine 2 (clock rate = 3) sending to Machine 1 logical clock value of 132 at 22.71s
2016-03-13 23:42:29,451 : Machine 3 (clock rate = 6) has internal event at 22.75s with logical clock value of 137
2016-03-13 23:42:29,618 : Machine 3 (clock rate = 6) has internal event at 22.92s with logical clock value of 138
2016-03-13 23:42:29,712 : Machine 1 (clock rate = 1) received message with lc value of 54 with queue size of 32 at 23.01s with logical clock of 52
2016-03-13 23:42:29,712 : Machine 1 (clock rate = 1) sending to Machine 2 logical clock value of 54 at 23.01s
2016-03-13 23:42:29,742 : Machine 2 (clock rate = 3) received message with lc value of 54 with queue size of 1 at 23.04s with logical clock of 133
2016-03-13 23:42:29,800 : Machine 2 (clock rate = 3) sending to Machine 1 logical clock value of 133 at 23.10s
2016-03-13 23:42:29,800 : Machine 3 (clock rate = 6) has internal event at 23.10s with logical clock value of 139
2016-03-13 23:42:29,954 : Machine 3 (clock rate = 6) received message with lc value of 133 with queue size of 1 at 23.25s with logical clock of 140
2016-03-13 23:42:29,954 : Machine 3 (clock rate = 6) has internal event at 23.25s with logical clock value of 140
2016-03-13 23:42:30,076 : Machine 2 (clock rate = 3) has internal event at 23.38s with logical clock value of 134
2016-03-13 23:42:30,121 : Machine 3 (clock rate = 6) sending to Machine 1 logical clock value of 141 at 23.42s
2016-03-13 23:42:30,288 : Machine 3 (clock rate = 6) sending to Machine 1 logical clock value of 142 at 23.59s
2016-03-13 23:42:30,411 : Machine 2 (clock rate = 3) received message with lc value of 141 with queue size of 1 at 23.71s with logical clock of 135
2016-03-13 23:42:30,411 : Machine 2 (clock rate = 3) sending to Machine 1 logical clock value of 141 at 23.71s
2016-03-13 23:42:30,455 : Machine 3 (clock rate = 6) has internal event at 23.76s with logical clock value of 143
2016-03-13 23:42:30,622 : Machine 3 (clock rate = 6) has internal event at 23.92s with logical clock value of 144
2016-03-13 23:42:30,713 : Machine 1 (clock rate = 1) received message with lc value of 55 with queue size of 33 at 24.02s with logical clock of 55
2016-03-13 23:42:30,714 : Machine 1 (clock rate = 1) sending to Machine 2 logical clock value of 55 at 24.02s
2016-03-13 23:42:30,745 : Machine 2 (clock rate = 3) sending to Machine 1 logical clock value of 142 at 24.05s
2016-03-13 23:42:30,790 : Machine 3 (clock rate = 6) received message with lc value of 55 with queue size of 1 at 24.09s with logical clock of 145
2016-03-13 23:42:30,790 : Machine 3 (clock rate = 6) has internal event at 24.09s with logical clock value of 145
2016-03-13 23:42:30,956 : Machine 3 (clock rate = 6) has internal event at 24.26s with logical clock value of 146
2016-03-13 23:42:31,079 : Machine 2 (clock rate = 3) sending to Machine 1 logical clock value of 143 at 24.38s
2016-03-13 23:42:31,123 : Machine 3 (clock rate = 6) has internal event at 24.42s with logical clock value of 147
2016-03-13 23:42:31,291 : Machine 3 (clock rate = 6) has internal event at 24.59s with logical clock value of 148
2016-03-13 23:42:31,413 : Machine 2 (clock rate = 3) sending to Machine 1 logical clock value of 144 at 24.71s
2016-03-13 23:42:31,458 : Machine 3 (clock rate = 6) has internal event at 24.76s with logical clock value of 149
2016-03-13 23:42:31,626 : Machine 3 (clock rate = 6) sending to Machine 1 logical clock value of 150 at 24.93s
2016-03-13 23:42:31,715 : Machine 1 (clock rate = 1) received message with lc value of 61 with queue size of 35 at 25.02s with logical clock of 56
2016-03-13 23:42:31,715 : Machine 1 (clock rate = 1) has internal event at 25.02s with logical clock value of 61
2016-03-13 23:42:31,746 : Machine 2 (clock rate = 3) received message with lc value of 150 with queue size of 1 at 25.05s with logical clock of 145
2016-03-13 23:42:31,747 : Machine 2 (clock rate = 3) has internal event at 25.05s with logical clock value of 150
2016-03-13 23:42:31,793 : Machine 3 (clock rate = 6) sending to Machine 1 logical clock value of 151 at 25.09s
2016-03-13 23:42:31,961 : Machine 3 (clock rate = 6) has internal event at 25.26s with logical clock value of 152
2016-03-13 23:42:32,080 : Machine 2 (clock rate = 3) sending to Machine 1 logical clock value of 151 at 25.38s
2016-03-13 23:42:32,128 : Machine 3 (clock rate = 6) has internal event at 25.43s with logical clock value of 153
2016-03-13 23:42:32,296 : Machine 3 (clock rate = 6) sending to Machine 1 logical clock value of 154 at 25.60s
2016-03-13 23:42:32,414 : Machine 2 (clock rate = 3) received message with lc value of 154 with queue size of 1 at 25.72s with logical clock of 152
2016-03-13 23:42:32,415 : Machine 2 (clock rate = 3) sending to Machine 1 logical clock value of 154 at 25.72s
2016-03-13 23:42:32,463 : Machine 3 (clock rate = 6) sending to Machine 1 logical clock value of 155 at 25.76s
2016-03-13 23:42:32,631 : Machine 3 (clock rate = 6) sending to Machine 1 logical clock value of 156 at 25.93s
2016-03-13 23:42:32,715 : Machine 1 (clock rate = 1) received message with lc value of 62 with queue size of 39 at 26.02s with logical clock of 62
2016-03-13 23:42:32,715 : Machine 1 (clock rate = 1) has internal event at 26.02s with logical clock value of 62
2016-03-13 23:42:32,748 : Machine 2 (clock rate = 3) has internal event at 26.05s with logical clock value of 155
2016-03-13 23:42:32,799 : Machine 3 (clock rate = 6) sending to Machine 1 logical clock value of 157 at 26.10s
2016-03-13 23:42:32,967 : Machine 3 (clock rate = 6) has internal event at 26.27s with logical clock value of 158
2016-03-13 23:42:33,082 : Machine 2 (clock rate = 3) sending to Machine 1 logical clock value of 156 at 26.38s
2016-03-13 23:42:33,133 : Machine 3 (clock rate = 6) received message with lc value of 156 with queue size of 1 at 26.43s with logical clock of 159
2016-03-13 23:42:33,134 : Machine 3 (clock rate = 6) sending to Machine 1 logical clock value of 159 at 26.43s
2016-03-13 23:42:33,301 : Machine 3 (clock rate = 6) sending to Machine 1 logical clock value of 160 at 26.60s
2016-03-13 23:42:33,417 : Machine 2 (clock rate = 3) received message with lc value of 159 with queue size of 2 at 26.72s with logical clock of 157
2016-03-13 23:42:33,417 : Machine 2 (clock rate = 3) has internal event at 26.72s with logical clock value of 159
2016-03-13 23:42:33,468 : Machine 3 (clock rate = 6) has internal event at 26.77s with logical clock value of 161
2016-03-13 23:42:33,635 : Machine 3 (clock rate = 6) sending to Machine 1 logical clock value of 162 at 26.94s
2016-03-13 23:42:33,715 : Machine 1 (clock rate = 1) received message with lc value of 64 with queue size of 40 at 27.02s with logical clock of 63
2016-03-13 23:42:33,715 : Machine 1 (clock rate = 1) has internal event at 27.02s with logical clock value of 64
2016-03-13 23:42:33,751 : Machine 2 (clock rate = 3) received message with lc value of 160 with queue size of 1 at 27.05s with logical clock of 160
2016-03-13 23:42:33,751 : Machine 2 (clock rate = 3) sending to Machine 1 logical clock value of 160 at 27.05s
2016-03-13 23:42:33,803 : Machine 3 (clock rate = 6) received message with lc value of 160 with queue size of 1 at 27.10s with logical clock of 163
2016-03-13 23:42:33,803 : Machine 3 (clock rate = 6) has internal event at 27.10s with logical clock value of 163
2016-03-13 23:42:33,970 : Machine 3 (clock rate = 6) sending to Machine 1 logical clock value of 164 at 27.27s
2016-03-13 23:42:34,085 : Machine 2 (clock rate = 3) sending to Machine 1 logical clock value of 161 at 27.39s
2016-03-13 23:42:34,138 : Machine 3 (clock rate = 6) has internal event at 27.44s with logical clock value of 165
2016-03-13 23:42:34,305 : Machine 3 (clock rate = 6) sending to Machine 1 logical clock value of 166 at 27.61s
2016-03-13 23:42:34,419 : Machine 2 (clock rate = 3) has internal event at 27.72s with logical clock value of 162
2016-03-13 23:42:34,472 : Machine 3 (clock rate = 6) has internal event at 27.77s with logical clock value of 167
2016-03-13 23:42:34,640 : Machine 3 (clock rate = 6) sending to Machine 1 logical clock value of 168 at 27.94s
2016-03-13 23:42:34,715 : Machine 1 (clock rate = 1) received message with lc value of 72 with queue size of 42 at 28.02s with logical clock of 65
2016-03-13 23:42:34,716 : Machine 1 (clock rate = 1) has internal event at 28.02s with logical clock value of 72
2016-03-13 23:42:34,753 : Machine 2 (clock rate = 3) received message with lc value of 168 with queue size of 1 at 28.05s with logical clock of 163
2016-03-13 23:42:34,753 : Machine 2 (clock rate = 3) has internal event at 28.05s with logical clock value of 168
2016-03-13 23:42:34,808 : Machine 3 (clock rate = 6) sending to Machine 1 logical clock value of 169 at 28.11s
2016-03-13 23:42:34,975 : Machine 3 (clock rate = 6) has internal event at 28.28s with logical clock value of 170
2016-03-13 23:42:35,087 : Machine 2 (clock rate = 3) sending to Machine 1 logical clock value of 169 at 28.39s
2016-03-13 23:42:35,143 : Machine 3 (clock rate = 6) sending to Machine 1 logical clock value of 171 at 28.44s
2016-03-13 23:42:35,310 : Machine 3 (clock rate = 6) sending to Machine 1 logical clock value of 172 at 28.61s
2016-03-13 23:42:35,422 : Machine 2 (clock rate = 3) received message with lc value of 171 with queue size of 2 at 28.72s with logical clock of 170
2016-03-13 23:42:35,422 : Machine 2 (clock rate = 3) sending to Machine 1 logical clock value of 171 at 28.72s
2016-03-13 23:42:35,477 : Machine 3 (clock rate = 6) has internal event at 28.78s with logical clock value of 173
2016-03-13 23:42:35,644 : Machine 3 (clock rate = 6) sending to Machine 1 logical clock value of 174 at 28.95s
2016-03-13 23:42:35,716 : Machine 1 (clock rate = 1) received message with lc value of 73 with queue size of 45 at 29.02s with logical clock of 73
2016-03-13 23:42:35,717 : Machine 1 (clock rate = 1) has internal event at 29.02s with logical clock value of 73
2016-03-13 23:42:35,755 : Machine 2 (clock rate = 3) received message with lc value of 172 with queue size of 1 at 29.06s with logical clock of 172
2016-03-13 23:42:35,756 : Machine 2 (clock rate = 3) sending to Machine 1 logical clock value of 172 at 29.06s
2016-03-13 23:42:35,812 : Machine 3 (clock rate = 6) received message with lc value of 172 with queue size of 1 at 29.11s with logical clock of 175
2016-03-13 23:42:35,813 : Machine 3 (clock rate = 6) sending to Machine 1 logical clock value of 175 at 29.11s
2016-03-13 23:42:35,980 : Machine 3 (clock rate = 6) sending to Machine 1 logical clock value of 176 at 29.28s
2016-03-13 23:42:36,089 : Machine 2 (clock rate = 3) received message with lc value of 175 with queue size of 1 at 29.39s with logical clock of 173
2016-03-13 23:42:36,089 : Machine 2 (clock rate = 3) sending to Machine 1 logical clock value of 175 at 29.39s
2016-03-13 23:42:36,148 : Machine 3 (clock rate = 6) received message with lc value of 175 with queue size of 1 at 29.45s with logical clock of 177
2016-03-13 23:42:36,148 : Machine 3 (clock rate = 6) sending to Machine 1 logical clock value of 177 at 29.45s
2016-03-13 23:42:36,315 : Machine 3 (clock rate = 6) has internal event at 29.62s with logical clock value of 178
2016-03-13 23:42:36,422 : Machine 2 (clock rate = 3) received message with lc value of 177 with queue size of 1 at 29.72s with logical clock of 176
2016-03-13 23:42:36,423 : Machine 2 (clock rate = 3) sending to Machine 1 logical clock value of 177 at 29.72s
2016-03-13 23:42:36,483 : Machine 3 (clock rate = 6) has internal event at 29.78s with logical clock value of 179
2016-03-13 23:42:36,650 : Machine 3 (clock rate = 6) has internal event at 29.95s with logical clock value of 180
2016-03-13 23:42:36,717 : Machine 1 (clock rate = 1) received message with lc value of 75 with queue size of 46 at 30.02s with logical clock of 74
2016-03-13 23:42:36,717 : Machine 1 (clock rate = 1) has internal event at 30.02s with logical clock value of 75
2016-03-13 23:42:36,756 : Machine 2 (clock rate = 3) sending to Machine 1 logical clock value of 178 at 30.06s
2016-03-13 23:42:36,818 : Machine 3 (clock rate = 6) has internal event at 30.12s with logical clock value of 181
2016-03-13 23:42:36,986 : Machine 3 (clock rate = 6) sending to Machine 1 logical clock value of 182 at 30.29s
2016-03-13 23:42:37,090 : Machine 2 (clock rate = 3) received message with lc value of 182 with queue size of 1 at 30.39s with logical clock of 179
2016-03-13 23:42:37,091 : Machine 2 (clock rate = 3) sending to Machine 1 logical clock value of 182 at 30.39s
2016-03-13 23:42:37,153 : Machine 3 (clock rate = 6) received message with lc value of 182 with queue size of 1 at 30.45s with logical clock of 183
2016-03-13 23:42:37,153 : Machine 3 (clock rate = 6) has internal event at 30.45s with logical clock value of 183
2016-03-13 23:42:37,321 : Machine 3 (clock rate = 6) has internal event at 30.62s with logical clock value of 184
2016-03-13 23:42:37,424 : Machine 2 (clock rate = 3) sending to Machine 1 logical clock value of 183 at 30.73s
2016-03-13 23:42:37,488 : Machine 3 (clock rate = 6) sending to Machine 1 logical clock value of 185 at 30.79s
2016-03-13 23:42:37,655 : Machine 3 (clock rate = 6) sending to Machine 1 logical clock value of 186 at 30.96s
2016-03-13 23:42:37,717 : Machine 1 (clock rate = 1) received message with lc value of 77 with queue size of 47 at 31.02s with logical clock of 76
2016-03-13 23:42:37,718 : Machine 1 (clock rate = 1) sending to Machine 2 logical clock value of 77 at 31.02s
2016-03-13 23:42:37,758 : Machine 2 (clock rate = 3) received message with lc value of 185 with queue size of 3 at 31.06s with logical clock of 184
2016-03-13 23:42:37,759 : Machine 2 (clock rate = 3) sending to Machine 1 logical clock value of 185 at 31.06s
2016-03-13 23:42:37,822 : Machine 3 (clock rate = 6) received message with lc value of 185 with queue size of 1 at 31.12s with logical clock of 187
2016-03-13 23:42:37,822 : Machine 3 (clock rate = 6) has internal event at 31.12s with logical clock value of 187
2016-03-13 23:42:37,989 : Machine 3 (clock rate = 6) sending to Machine 1 logical clock value of 188 at 31.29s
2016-03-13 23:42:38,092 : Machine 2 (clock rate = 3) received message with lc value of 186 with queue size of 2 at 31.39s with logical clock of 186
2016-03-13 23:42:38,092 : Machine 2 (clock rate = 3) has internal event at 31.39s with logical clock value of 186
2016-03-13 23:42:38,157 : Machine 3 (clock rate = 6) sending to Machine 1 logical clock value of 189 at 31.46s
2016-03-13 23:42:38,325 : Machine 3 (clock rate = 6) sending to Machine 1 logical clock value of 190 at 31.63s
2016-03-13 23:42:38,425 : Machine 2 (clock rate = 3) received message with lc value of 77 with queue size of 2 at 31.73s with logical clock of 187
2016-03-13 23:42:38,426 : Machine 2 (clock rate = 3) has internal event at 31.73s with logical clock value of 187
2016-03-13 23:42:38,492 : Machine 3 (clock rate = 6) has internal event at 31.79s with logical clock value of 191
2016-03-13 23:42:38,660 : Machine 3 (clock rate = 6) has internal event at 31.96s with logical clock value of 192
2016-03-13 23:42:38,717 : Machine 1 (clock rate = 1) received message with lc value of 82 with queue size of 48 at 32.02s with logical clock of 78
2016-03-13 23:42:38,717 : Machine 1 (clock rate = 1) has internal event at 32.02s with logical clock value of 82
2016-03-13 23:42:38,759 : Machine 2 (clock rate = 3) received message with lc value of 190 with queue size of 1 at 32.06s with logical clock of 188
2016-03-13 23:42:38,759 : Machine 2 (clock rate = 3) has internal event at 32.06s with logical clock value of 190
2016-03-13 23:42:38,828 : Machine 3 (clock rate = 6) has internal event at 32.13s with logical clock value of 193
2016-03-13 23:42:38,996 : Machine 3 (clock rate = 6) sending to Machine 1 logical clock value of 194 at 32.30s
2016-03-13 23:42:39,092 : Machine 2 (clock rate = 3) received message with lc value of 194 with queue size of 1 at 32.39s with logical clock of 191
2016-03-13 23:42:39,093 : Machine 2 (clock rate = 3) sending to Machine 1 logical clock value of 194 at 32.39s
2016-03-13 23:42:39,163 : Machine 3 (clock rate = 6) sending to Machine 1 logical clock value of 195 at 32.46s
2016-03-13 23:42:39,330 : Machine 3 (clock rate = 6) has internal event at 32.63s with logical clock value of 196
2016-03-13 23:42:39,426 : Machine 2 (clock rate = 3) sending to Machine 1 logical clock value of 195 at 32.73s
2016-03-13 23:42:39,498 : Machine 3 (clock rate = 6) received message with lc value of 195 with queue size of 1 at 32.80s with logical clock of 197
2016-03-13 23:42:39,499 : Machine 3 (clock rate = 6) has internal event at 32.80s with logical clock value of 197
2016-03-13 23:42:39,665 : Machine 3 (clock rate = 6) has internal event at 32.97s with logical clock value of 198
2016-03-13 23:42:39,718 : Machine 1 (clock rate = 1) received message with lc value of 83 with queue size of 49 at 33.02s with logical clock of 83
2016-03-13 23:42:39,718 : Machine 1 (clock rate = 1) sending to Machine 2 logical clock value of 83 at 33.02s
2016-03-13 23:42:39,760 : Machine 2 (clock rate = 3) sending to Machine 1 logical clock value of 196 at 33.06s
2016-03-13 23:42:39,831 : Machine 3 (clock rate = 6) received message with lc value of 83 with queue size of 2 at 33.13s with logical clock of 199
2016-03-13 23:42:39,832 : Machine 3 (clock rate = 6) has internal event at 33.13s with logical clock value of 199
2016-03-13 23:42:39,999 : Machine 3 (clock rate = 6) received message with lc value of 196 with queue size of 1 at 33.30s with logical clock of 200
2016-03-13 23:42:40,000 : Machine 3 (clock rate = 6) sending to Machine 1 logical clock value of 200 at 33.30s
2016-03-13 23:42:40,095 : Machine 2 (clock rate = 3) received message with lc value of 200 with queue size of 1 at 33.40s with logical clock of 197
2016-03-13 23:42:40,095 : Machine 2 (clock rate = 3) has internal event at 33.40s with logical clock value of 200
2016-03-13 23:42:40,167 : Machine 3 (clock rate = 6) sending to Machine 1 logical clock value of 201 at 33.47s
2016-03-13 23:42:40,334 : Machine 3 (clock rate = 6) has internal event at 33.63s with logical clock value of 202
2016-03-13 23:42:40,429 : Machine 2 (clock rate = 3) has internal event at 33.73s with logical clock value of 201
2016-03-13 23:42:40,502 : Machine 3 (clock rate = 6) has internal event at 33.80s with logical clock value of 203
2016-03-13 23:42:40,670 : Machine 3 (clock rate = 6) has internal event at 33.97s with logical clock value of 204
2016-03-13 23:42:40,719 : Machine 1 (clock rate = 1) received message with lc value of 86 with queue size of 49 at 34.02s with logical clock of 84
2016-03-13 23:42:40,720 : Machine 1 (clock rate = 1) has internal event at 34.02s with logical clock value of 86
2016-03-13 23:42:40,762 : Machine 2 (clock rate = 3) has internal event at 34.06s with logical clock value of 202
2016-03-13 23:42:40,837 : Machine 3 (clock rate = 6) sending to Machine 1 logical clock value of 205 at 34.14s
2016-03-13 23:42:41,005 : Machine 3 (clock rate = 6) sending to Machine 1 logical clock value of 206 at 34.31s
2016-03-13 23:42:41,096 : Machine 2 (clock rate = 3) received message with lc value of 206 with queue size of 1 at 34.40s with logical clock of 203
2016-03-13 23:42:41,096 : Machine 2 (clock rate = 3) has internal event at 34.40s with logical clock value of 206
2016-03-13 23:42:41,173 : Machine 3 (clock rate = 6) sending to Machine 1 logical clock value of 207 at 34.47s
2016-03-13 23:42:41,340 : Machine 3 (clock rate = 6) has internal event at 34.64s with logical clock value of 208
2016-03-13 23:42:41,430 : Machine 2 (clock rate = 3) received message with lc value of 207 with queue size of 1 at 34.73s with logical clock of 207
2016-03-13 23:42:41,431 : Machine 2 (clock rate = 3) has internal event at 34.73s with logical clock value of 207
2016-03-13 23:42:41,507 : Machine 3 (clock rate = 6) has internal event at 34.81s with logical clock value of 209
2016-03-13 23:42:41,675 : Machine 3 (clock rate = 6) sending to Machine 1 logical clock value of 210 at 34.98s
2016-03-13 23:42:41,720 : Machine 1 (clock rate = 1) received message with lc value of 84 with queue size of 50 at 35.02s with logical clock of 87
2016-03-13 23:42:41,721 : Machine 1 (clock rate = 1) sending to Machine 2 logical clock value of 87 at 35.02s
2016-03-13 23:42:41,764 : Machine 2 (clock rate = 3) has internal event at 35.07s with logical clock value of 208
2016-03-13 23:42:41,842 : Machine 3 (clock rate = 6) received message with lc value of 87 with queue size of 1 at 35.14s with logical clock of 211
2016-03-13 23:42:41,842 : Machine 3 (clock rate = 6) sending to Machine 1 logical clock value of 211 at 35.14s
2016-03-13 23:42:42,009 : Machine 3 (clock rate = 6) has internal event at 35.31s with logical clock value of 212
2016-03-13 23:42:42,097 : Machine 2 (clock rate = 3) received message with lc value of 211 with queue size of 1 at 35.40s with logical clock of 209
2016-03-13 23:42:42,098 : Machine 2 (clock rate = 3) sending to Machine 1 logical clock value of 211 at 35.40s
2016-03-13 23:42:42,176 : Machine 3 (clock rate = 6) has internal event at 35.48s with logical clock value of 213
2016-03-13 23:42:42,344 : Machine 3 (clock rate = 6) sending to Machine 1 logical clock value of 214 at 35.64s
2016-03-13 23:42:42,431 : Machine 2 (clock rate = 3) received message with lc value of 214 with queue size of 1 at 35.73s with logical clock of 212
2016-03-13 23:42:42,432 : Machine 2 (clock rate = 3) has internal event at 35.73s with logical clock value of 214
2016-03-13 23:42:42,511 : Machine 3 (clock rate = 6) sending to Machine 1 logical clock value of 215 at 35.81s
2016-03-13 23:42:42,679 : Machine 3 (clock rate = 6) has internal event at 35.98s with logical clock value of 216
2016-03-13 23:42:42,721 : Machine 1 (clock rate = 1) received message with lc value of 88 with queue size of 51 at 36.02s with logical clock of 88
2016-03-13 23:42:42,722 : Machine 1 (clock rate = 1) has internal event at 36.02s with logical clock value of 88
2016-03-13 23:42:42,764 : Machine 2 (clock rate = 3) has internal event at 36.07s with logical clock value of 215
2016-03-13 23:42:42,846 : Machine 3 (clock rate = 6) sending to Machine 1 logical clock value of 217 at 36.15s
2016-03-13 23:42:43,014 : Machine 3 (clock rate = 6) has internal event at 36.32s with logical clock value of 218
2016-03-13 23:42:43,098 : Machine 2 (clock rate = 3) received message with lc value of 217 with queue size of 1 at 36.40s with logical clock of 216
2016-03-13 23:42:43,099 : Machine 2 (clock rate = 3) sending to Machine 1 logical clock value of 217 at 36.40s
2016-03-13 23:42:43,182 : Machine 3 (clock rate = 6) sending to Machine 1 logical clock value of 219 at 36.48s
2016-03-13 23:42:43,349 : Machine 3 (clock rate = 6) sending to Machine 1 logical clock value of 220 at 36.65s
2016-03-13 23:42:43,433 : Machine 2 (clock rate = 3) received message with lc value of 219 with queue size of 1 at 36.73s with logical clock of 218
2016-03-13 23:42:43,433 : Machine 2 (clock rate = 3) sending to Machine 1 logical clock value of 219 at 36.73s
2016-03-13 23:42:43,517 : Machine 3 (clock rate = 6) has internal event at 36.82s with logical clock value of 221
2016-03-13 23:42:43,685 : Machine 3 (clock rate = 6) sending to Machine 1 logical clock value of 222 at 36.99s
2016-03-13 23:42:43,722 : Machine 1 (clock rate = 1) received message with lc value of 97 with queue size of 53 at 37.02s with logical clock of 89
2016-03-13 23:42:43,723 : Machine 1 (clock rate = 1) sending to Machine 2 logical clock value of 97 at 37.02s
2016-03-13 23:42:43,767 : Machine 2 (clock rate = 3) received message with lc value of 222 with queue size of 2 at 37.07s with logical clock of 220
2016-03-13 23:42:43,767 : Machine 2 (clock rate = 3) has internal event at 37.07s with logical clock value of 222
2016-03-13 23:42:43,853 : Machine 3 (clock rate = 6) has internal event at 37.15s with logical clock value of 223
2016-03-13 23:42:44,021 : Machine 3 (clock rate = 6) sending to Machine 1 logical clock value of 224 at 37.32s
2016-03-13 23:42:44,100 : Machine 2 (clock rate = 3) received message with lc value of 97 with queue size of 1 at 37.40s with logical clock of 223
2016-03-13 23:42:44,101 : Machine 2 (clock rate = 3) sending to Machine 1 logical clock value of 223 at 37.40s
2016-03-13 23:42:44,188 : Machine 3 (clock rate = 6) received message with lc value of 223 with queue size of 1 at 37.49s with logical clock of 225
2016-03-13 23:42:44,188 : Machine 3 (clock rate = 6) sending to Machine 1 logical clock value of 225 at 37.49s
2016-03-13 23:42:44,355 : Machine 3 (clock rate = 6) has internal event at 37.66s with logical clock value of 226
2016-03-13 23:42:44,435 : Machine 2 (clock rate = 3) sending to Machine 1 logical clock value of 224 at 37.74s
2016-03-13 23:42:44,523 : Machine 3 (clock rate = 6) received message with lc value of 224 with queue size of 1 at 37.82s with logical clock of 227
2016-03-13 23:42:44,524 : Machine 3 (clock rate = 6) sending to Machine 1 logical clock value of 227 at 37.82s
2016-03-13 23:42:44,690 : Machine 3 (clock rate = 6) sending to Machine 1 logical clock value of 228 at 37.99s
2016-03-13 23:42:44,722 : Machine 1 (clock rate = 1) received message with lc value of 102 with queue size of 56 at 38.02s with logical clock of 98
2016-03-13 23:42:44,723 : Machine 1 (clock rate = 1) has internal event at 38.02s with logical clock value of 102
2016-03-13 23:42:44,769 : Machine 2 (clock rate = 3) has internal event at 38.07s with logical clock value of 225
2016-03-13 23:42:44,858 : Machine 3 (clock rate = 6) has internal event at 38.16s with logical clock value of 229
2016-03-13 23:42:45,026 : Machine 3 (clock rate = 6) has internal event at 38.33s with logical clock value of 230
2016-03-13 23:42:45,103 : Machine 2 (clock rate = 3) has internal event at 38.40s with logical clock value of 226
2016-03-13 23:42:45,192 : Machine 3 (clock rate = 6) has internal event at 38.49s with logical clock value of 231
2016-03-13 23:42:45,360 : Machine 3 (clock rate = 6) has internal event at 38.66s with logical clock value of 232
2016-03-13 23:42:45,437 : Machine 2 (clock rate = 3) sending to Machine 1 logical clock value of 227 at 38.74s
2016-03-13 23:42:45,528 : Machine 3 (clock rate = 6) received message with lc value of 227 with queue size of 1 at 38.83s with logical clock of 233
2016-03-13 23:42:45,528 : Machine 3 (clock rate = 6) sending to Machine 1 logical clock value of 233 at 38.83s
2016-03-13 23:42:45,695 : Machine 3 (clock rate = 6) has internal event at 39.00s with logical clock value of 234
2016-03-13 23:42:45,724 : Machine 1 (clock rate = 1) received message with lc value of 104 with queue size of 55 at 39.03s with logical clock of 103
2016-03-13 23:42:45,724 : Machine 1 (clock rate = 1) has internal event at 39.03s with logical clock value of 104
2016-03-13 23:42:45,771 : Machine 2 (clock rate = 3) received message with lc value of 233 with queue size of 1 at 39.07s with logical clock of 228
2016-03-13 23:42:45,771 : Machine 2 (clock rate = 3) has internal event at 39.07s with logical clock value of 233
2016-03-13 23:42:45,862 : Machine 3 (clock rate = 6) sending to Machine 1 logical clock value of 235 at 39.16s
2016-03-13 23:42:46,030 : Machine 3 (clock rate = 6) sending to Machine 1 logical clock value of 236 at 39.33s
2016-03-13 23:42:46,105 : Machine 2 (clock rate = 3) received message with lc value of 235 with queue size of 2 at 39.41s with logical clock of 234
2016-03-13 23:42:46,106 : Machine 2 (clock rate = 3) sending to Machine 1 logical clock value of 235 at 39.41s
2016-03-13 23:42:46,197 : Machine 3 (clock rate = 6) received message with lc value of 235 with queue size of 1 at 39.50s with logical clock of 237
2016-03-13 23:42:46,197 : Machine 3 (clock rate = 6) has internal event at 39.50s with logical clock value of 237
2016-03-13 23:42:46,364 : Machine 3 (clock rate = 6) has internal event at 39.66s with logical clock value of 238
2016-03-13 23:42:46,440 : Machine 2 (clock rate = 3) received message with lc value of 236 with queue size of 1 at 39.74s with logical clock of 236
2016-03-13 23:42:46,440 : Machine 2 (clock rate = 3) has internal event at 39.74s with logical clock value of 236
2016-03-13 23:42:46,531 : Machine 3 (clock rate = 6) sending to Machine 1 logical clock value of 239 at 39.83s
2016-03-13 23:42:46,698 : Machine 3 (clock rate = 6) has internal event at 40.00s with logical clock value of 240
2016-03-13 23:42:46,725 : Machine 1 (clock rate = 1) received message with lc value of 100 with queue size of 54 at 40.03s with logical clock of 105
2016-03-13 23:42:46,725 : Machine 1 (clock rate = 1) sending to Machine 2 logical clock value of 105 at 40.03s
2016-03-13 23:42:46,773 : Machine 2 (clock rate = 3) received message with lc value of 239 with queue size of 2 at 40.07s with logical clock of 237
2016-03-13 23:42:46,774 : Machine 2 (clock rate = 3) sending to Machine 1 logical clock value of 239 at 40.07s
2016-03-13 23:42:46,866 : Machine 3 (clock rate = 6) received message with lc value of 239 with queue size of 1 at 40.17s with logical clock of 241
2016-03-13 23:42:46,866 : Machine 3 (clock rate = 6) has internal event at 40.17s with logical clock value of 241
2016-03-13 23:42:47,034 : Machine 3 (clock rate = 6) has internal event at 40.33s with logical clock value of 242
2016-03-13 23:42:47,106 : Machine 2 (clock rate = 3) received message with lc value of 105 with queue size of 1 at 40.41s with logical clock of 240
2016-03-13 23:42:47,107 : Machine 2 (clock rate = 3) has internal event at 40.41s with logical clock value of 240
2016-03-13 23:42:47,201 : Machine 3 (clock rate = 6) sending to Machine 1 logical clock value of 243 at 40.50s
2016-03-13 23:42:47,368 : Machine 3 (clock rate = 6) has internal event at 40.67s with logical clock value of 244
2016-03-13 23:42:47,440 : Machine 2 (clock rate = 3) received message with lc value of 243 with queue size of 1 at 40.74s with logical clock of 241
2016-03-13 23:42:47,441 : Machine 2 (clock rate = 3) has internal event at 40.74s with logical clock value of 243
2016-03-13 23:42:47,536 : Machine 3 (clock rate = 6) has internal event at 40.84s with logical clock value of 245
2016-03-13 23:42:47,704 : Machine 3 (clock rate = 6) sending to Machine 1 logical clock value of 246 at 41.00s
2016-03-13 23:42:47,726 : Machine 1 (clock rate = 1) received message with lc value of 105 with queue size of 53 at 41.03s with logical clock of 106
2016-03-13 23:42:47,726 : Machine 1 (clock rate = 1) sending to Machine 2 logical clock value of 106 at 41.03s
2016-03-13 23:42:47,774 : Machine 2 (clock rate = 3) received message with lc value of 246 with queue size of 2 at 41.08s with logical clock of 244
2016-03-13 23:42:47,774 : Machine 2 (clock rate = 3) sending to Machine 1 logical clock value of 246 at 41.08s
2016-03-13 23:42:47,870 : Machine 3 (clock rate = 6) received message with lc value of 246 with queue size of 1 at 41.17s with logical clock of 247
2016-03-13 23:42:47,871 : Machine 3 (clock rate = 6) has internal event at 41.17s with logical clock value of 247
2016-03-13 23:42:48,038 : Machine 3 (clock rate = 6) has internal event at 41.34s with logical clock value of 248
2016-03-13 23:42:48,108 : Machine 2 (clock rate = 3) received message with lc value of 106 with queue size of 1 at 41.41s with logical clock of 247
2016-03-13 23:42:48,109 : Machine 2 (clock rate = 3) sending to Machine 1 logical clock value of 247 at 41.41s
2016-03-13 23:42:48,205 : Machine 3 (clock rate = 6) received message with lc value of 247 with queue size of 1 at 41.51s with logical clock of 249
2016-03-13 23:42:48,206 : Machine 3 (clock rate = 6) has internal event at 41.51s with logical clock value of 249
2016-03-13 23:42:48,373 : Machine 3 (clock rate = 6) has internal event at 41.67s with logical clock value of 250
2016-03-13 23:42:48,442 : Machine 2 (clock rate = 3) sending to Machine 1 logical clock value of 248 at 41.74s
2016-03-13 23:42:48,540 : Machine 3 (clock rate = 6) sending to Machine 1 logical clock value of 251 at 41.84s
2016-03-13 23:42:48,708 : Machine 3 (clock rate = 6) sending to Machine 1 logical clock value of 252 at 42.01s
2016-03-13 23:42:48,727 : Machine 1 (clock rate = 1) received message with lc value of 107 with queue size of 54 at 42.03s with logical clock of 107
2016-03-13 23:42:48,727 : Machine 1 (clock rate = 1) has internal event at 42.03s with logical clock value of 107
2016-03-13 23:42:48,776 : Machine 2 (clock rate = 3) received message with lc value of 251 with queue size of 1 at 42.08s with logical clock of 249
2016-03-13 23:42:48,777 : Machine 2 (clock rate = 3) sending to Machine 1 logical clock value of 251 at 42.08s
2016-03-13 23:42:48,876 : Machine 3 (clock rate = 6) sending to Machine 1 logical clock value of 253 at 42.18s
2016-03-13 23:42:49,043 : Machine 3 (clock rate = 6) sending to Machine 1 logical clock value of 254 at 42.34s
2016-03-13 23:42:49,110 : Machine 2 (clock rate = 3) received message with lc value of 254 with queue size of 1 at 42.41s with logical clock of 252
2016-03-13 23:42:49,110 : Machine 2 (clock rate = 3) sending to Machine 1 logical clock value of 254 at 42.41s
2016-03-13 23:42:49,210 : Machine 3 (clock rate = 6) received message with lc value of 254 with queue size of 1 at 42.51s with logical clock of 255
2016-03-13 23:42:49,210 : Machine 3 (clock rate = 6) sending to Machine 1 logical clock value of 255 at 42.51s
2016-03-13 23:42:49,377 : Machine 3 (clock rate = 6) has internal event at 42.68s with logical clock value of 256
2016-03-13 23:42:49,443 : Machine 2 (clock rate = 3) sending to Machine 1 logical clock value of 255 at 42.74s
2016-03-13 23:42:49,544 : Machine 3 (clock rate = 6) has internal event at 42.84s with logical clock value of 257
2016-03-13 23:42:49,711 : Machine 3 (clock rate = 6) sending to Machine 1 logical clock value of 258 at 43.01s
2016-03-13 23:42:49,728 : Machine 1 (clock rate = 1) received message with lc value of 109 with queue size of 58 at 43.03s with logical clock of 108
2016-03-13 23:42:49,728 : Machine 1 (clock rate = 1) sending to Machine 2 logical clock value of 109 at 43.03s
2016-03-13 23:42:49,778 : Machine 2 (clock rate = 3) sending to Machine 1 logical clock value of 256 at 43.08s
2016-03-13 23:42:49,878 : Machine 3 (clock rate = 6) received message with lc value of 109 with queue size of 2 at 43.18s with logical clock of 259
2016-03-13 23:42:49,879 : Machine 3 (clock rate = 6) has internal event at 43.18s with logical clock value of 259
2016-03-13 23:42:50,046 : Machine 3 (clock rate = 6) received message with lc value of 256 with queue size of 1 at 43.35s with logical clock of 260
2016-03-13 23:42:50,047 : Machine 3 (clock rate = 6) sending to Machine 1 logical clock value of 260 at 43.35s
2016-03-13 23:42:50,112 : Machine 2 (clock rate = 3) sending to Machine 1 logical clock value of 257 at 43.41s
2016-03-13 23:42:50,214 : Machine 3 (clock rate = 6) received message with lc value of 257 with queue size of 1 at 43.51s with logical clock of 261
2016-03-13 23:42:50,215 : Machine 3 (clock rate = 6) sending to Machine 1 logical clock value of 261 at 43.52s
2016-03-13 23:42:50,382 : Machine 3 (clock rate = 6) has internal event at 43.68s with logical clock value of 262
2016-03-13 23:42:50,446 : Machine 2 (clock rate = 3) has internal event at 43.75s with logical clock value of 258
2016-03-13 23:42:50,549 : Machine 3 (clock rate = 6) has internal event at 43.85s with logical clock value of 263
2016-03-13 23:42:50,716 : Machine 3 (clock rate = 6) has internal event at 44.02s with logical clock value of 264
2016-03-13 23:42:50,729 : Machine 1 (clock rate = 1) received message with lc value of 110 with queue size of 59 at 44.03s with logical clock of 110
2016-03-13 23:42:50,729 : Machine 1 (clock rate = 1) sending to Machine 2 logical clock value of 110 at 44.03s
2016-03-13 23:42:50,781 : Machine 2 (clock rate = 3) sending to Machine 1 logical clock value of 259 at 44.08s
2016-03-13 23:42:50,883 : Machine 3 (clock rate = 6) received message with lc value of 110 with queue size of 1 at 44.18s with logical clock of 265
2016-03-13 23:42:50,884 : Machine 3 (clock rate = 6) sending to Machine 1 logical clock value of 265 at 44.18s
2016-03-13 23:42:51,051 : Machine 3 (clock rate = 6) sending to Machine 1 logical clock value of 266 at 44.35s
2016-03-13 23:42:51,115 : Machine 2 (clock rate = 3) received message with lc value of 265 with queue size of 2 at 44.42s with logical clock of 260
2016-03-13 23:42:51,115 : Machine 2 (clock rate = 3) has internal event at 44.42s with logical clock value of 265
2016-03-13 23:42:51,217 : Machine 3 (clock rate = 6) sending to Machine 1 logical clock value of 267 at 44.52s
2016-03-13 23:42:51,385 : Machine 3 (clock rate = 6) sending to Machine 1 logical clock value of 268 at 44.69s
2016-03-13 23:42:51,449 : Machine 2 (clock rate = 3) received message with lc value of 266 with queue size of 2 at 44.75s with logical clock of 266
2016-03-13 23:42:51,449 : Machine 2 (clock rate = 3) sending to Machine 1 logical clock value of 266 at 44.75s
2016-03-13 23:42:51,553 : Machine 3 (clock rate = 6) received message with lc value of 266 with queue size of 1 at 44.85s with logical clock of 269
2016-03-13 23:42:51,553 : Machine 3 (clock rate = 6) has internal event at 44.85s with logical clock value of 269
2016-03-13 23:42:51,720 : Machine 3 (clock rate = 6) sending to Machine 1 logical clock value of 270 at 45.02s
2016-03-13 23:42:51,729 : Machine 1 (clock rate = 1) received message with lc value of 109 with queue size of 61 at 45.03s with logical clock of 111
2016-03-13 23:42:51,730 : Machine 1 (clock rate = 1) sending to Machine 2 logical clock value of 111 at 45.03s
2016-03-13 23:42:51,782 : Machine 2 (clock rate = 3) received message with lc value of 267 with queue size of 2 at 45.08s with logical clock of 267
2016-03-13 23:42:51,783 : Machine 2 (clock rate = 3) sending to Machine 1 logical clock value of 267 at 45.08s
2016-03-13 23:42:51,887 : Machine 3 (clock rate = 6) received message with lc value of 267 with queue size of 1 at 45.19s with logical clock of 271
2016-03-13 23:42:51,887 : Machine 3 (clock rate = 6) has internal event at 45.19s with logical clock value of 271
2016-03-13 23:42:52,054 : Machine 3 (clock rate = 6) sending to Machine 1 logical clock value of 272 at 45.35s
2016-03-13 23:42:52,117 : Machine 2 (clock rate = 3) received message with lc value of 111 with queue size of 2 at 45.42s with logical clock of 268
2016-03-13 23:42:52,117 : Machine 2 (clock rate = 3) sending to Machine 1 logical clock value of 268 at 45.42s
2016-03-13 23:42:52,221 : Machine 3 (clock rate = 6) received message with lc value of 268 with queue size of 1 at 45.52s with logical clock of 273
2016-03-13 23:42:52,221 : Machine 3 (clock rate = 6) has internal event at 45.52s with logical clock value of 273
2016-03-13 23:42:52,388 : Machine 3 (clock rate = 6) sending to Machine 1 logical clock value of 274 at 45.69s
2016-03-13 23:42:52,451 : Machine 2 (clock rate = 3) received message with lc value of 272 with queue size of 2 at 45.75s with logical clock of 269
2016-03-13 23:42:52,452 : Machine 2 (clock rate = 3) sending to Machine 1 logical clock value of 272 at 45.75s
2016-03-13 23:42:52,556 : Machine 3 (clock rate = 6) received message with lc value of 272 with queue size of 1 at 45.86s with logical clock of 275
2016-03-13 23:42:52,557 : Machine 3 (clock rate = 6) has internal event at 45.86s with logical clock value of 275
2016-03-13 23:42:52,723 : Machine 3 (clock rate = 6) sending to Machine 1 logical clock value of 276 at 46.02s
2016-03-13 23:42:52,730 : Machine 1 (clock rate = 1) received message with lc value of 114 with queue size of 61 at 46.03s with logical clock of 112
2016-03-13 23:42:52,731 : Machine 1 (clock rate = 1) sending to Machine 2 logical clock value of 114 at 46.03s
2016-03-13 23:42:52,785 : Machine 2 (clock rate = 3) received message with lc value of 274 with queue size of 2 at 46.09s with logical clock of 273
2016-03-13 23:42:52,785 : Machine 2 (clock rate = 3) has internal event at 46.09s with logical clock value of 274
2016-03-13 23:42:52,890 : Machine 3 (clock rate = 6) sending to Machine 1 logical clock value of 277 at 46.19s
2016-03-13 23:42:53,057 : Machine 3 (clock rate = 6) sending to Machine 1 logical clock value of 278 at 46.36s
2016-03-13 23:42:53,120 : Machine 2 (clock rate = 3) received message with lc value of 114 with queue size of 3 at 46.42s with logical clock of 275
2016-03-13 23:42:53,120 : Machine 2 (clock rate = 3) has internal event at 46.42s with logical clock value of 275
2016-03-13 23:42:53,225 : Machine 3 (clock rate = 6) has internal event at 46.53s with logical clock value of 279
2016-03-13 23:42:53,392 : Machine 3 (clock rate = 6) has internal event at 46.69s with logical clock value of 280
2016-03-13 23:42:53,453 : Machine 2 (clock rate = 3) received message with lc value of 277 with queue size of 2 at 46.75s with logical clock of 276
2016-03-13 23:42:53,454 : Machine 2 (clock rate = 3) sending to Machine 1 logical clock value of 277 at 46.75s
2016-03-13 23:42:53,560 : Machine 3 (clock rate = 6) sending to Machine 1 logical clock value of 281 at 46.86s
2016-03-13 23:42:53,727 : Machine 3 (clock rate = 6) sending to Machine 1 logical clock value of 282 at 47.03s
2016-03-13 23:42:53,731 : Machine 1 (clock rate = 1) received message with lc value of 115 with queue size of 63 at 47.03s with logical clock of 115
2016-03-13 23:42:53,732 : Machine 1 (clock rate = 1) has internal event at 47.03s with logical clock value of 115
2016-03-13 23:42:53,787 : Machine 2 (clock rate = 3) received message with lc value of 278 with queue size of 1 at 47.09s with logical clock of 278
2016-03-13 23:42:53,787 : Machine 2 (clock rate = 3) sending to Machine 1 logical clock value of 278 at 47.09s
2016-03-13 23:42:53,895 : Machine 3 (clock rate = 6) received message with lc value of 278 with queue size of 1 at 47.20s with logical clock of 283
2016-03-13 23:42:53,896 : Machine 3 (clock rate = 6) sending to Machine 1 logical clock value of 283 at 47.20s
2016-03-13 23:42:54,062 : Machine 3 (clock rate = 6) sending to Machine 1 logical clock value of 284 at 47.36s
2016-03-13 23:42:54,122 : Machine 2 (clock rate = 3) received message with lc value of 284 with queue size of 1 at 47.42s with logical clock of 279
2016-03-13 23:42:54,122 : Machine 2 (clock rate = 3) sending to Machine 1 logical clock value of 284 at 47.42s
2016-03-13 23:42:54,230 : Machine 3 (clock rate = 6) has internal event at 47.53s with logical clock value of 285
2016-03-13 23:42:54,397 : Machine 3 (clock rate = 6) sending to Machine 1 logical clock value of 286 at 47.70s
2016-03-13 23:42:54,456 : Machine 2 (clock rate = 3) received message with lc value of 286 with queue size of 1 at 47.76s with logical clock of 285
2016-03-13 23:42:54,456 : Machine 2 (clock rate = 3) has internal event at 47.76s with logical clock value of 286
2016-03-13 23:42:54,565 : Machine 3 (clock rate = 6) sending to Machine 1 logical clock value of 287 at 47.87s
2016-03-13 23:42:54,732 : Machine 1 (clock rate = 1) received message with lc value of 122 with queue size of 65 at 48.03s with logical clock of 116
2016-03-13 23:42:54,732 : Machine 3 (clock rate = 6) has internal event at 48.03s with logical clock value of 288
2016-03-13 23:42:54,733 : Machine 1 (clock rate = 1) sending to Machine 2 logical clock value of 122 at 48.03s
2016-03-13 23:42:54,790 : Machine 2 (clock rate = 3) received message with lc value of 122 with queue size of 1 at 48.09s with logical clock of 287
2016-03-13 23:42:54,791 : Machine 2 (clock rate = 3) sending to Machine 1 logical clock value of 287 at 48.09s
2016-03-13 23:42:54,900 : Machine 3 (clock rate = 6) received message with lc value of 287 with queue size of 1 at 48.20s with logical clock of 289
2016-03-13 23:42:54,900 : Machine 3 (clock rate = 6) has internal event at 48.20s with logical clock value of 289
2016-03-13 23:42:55,068 : Machine 3 (clock rate = 6) has internal event at 48.37s with logical clock value of 290
2016-03-13 23:42:55,124 : Machine 2 (clock rate = 3) has internal event at 48.43s with logical clock value of 288
2016-03-13 23:42:55,235 : Machine 3 (clock rate = 6) sending to Machine 1 logical clock value of 291 at 48.54s
2016-03-13 23:42:55,402 : Machine 3 (clock rate = 6) sending to Machine 1 logical clock value of 292 at 48.70s
2016-03-13 23:42:55,458 : Machine 2 (clock rate = 3) received message with lc value of 292 with queue size of 1 at 48.76s with logical clock of 289
2016-03-13 23:42:55,459 : Machine 2 (clock rate = 3) sending to Machine 1 logical clock value of 292 at 48.76s
2016-03-13 23:42:55,570 : Machine 3 (clock rate = 6) has internal event at 48.87s with logical clock value of 293
2016-03-13 23:42:55,733 : Machine 1 (clock rate = 1) received message with lc value of 128 with queue size of 66 at 49.03s with logical clock of 123
2016-03-13 23:42:55,734 : Machine 1 (clock rate = 1) sending to Machine 2 logical clock value of 128 at 49.04s
2016-03-13 23:42:55,737 : Machine 3 (clock rate = 6) received message with lc value of 128 with queue size of 1 at 49.04s with logical clock of 294
2016-03-13 23:42:55,738 : Machine 3 (clock rate = 6) sending to Machine 1 logical clock value of 294 at 49.04s
2016-03-13 23:42:55,792 : Machine 2 (clock rate = 3) received message with lc value of 294 with queue size of 1 at 49.09s with logical clock of 293
2016-03-13 23:42:55,792 : Machine 2 (clock rate = 3) sending to Machine 1 logical clock value of 294 at 49.09s
2016-03-13 23:42:55,904 : Machine 3 (clock rate = 6) received message with lc value of 294 with queue size of 1 at 49.20s with logical clock of 295
2016-03-13 23:42:55,905 : Machine 3 (clock rate = 6) sending to Machine 1 logical clock value of 295 at 49.21s
2016-03-13 23:42:56,072 : Machine 3 (clock rate = 6) sending to Machine 1 logical clock value of 296 at 49.37s
2016-03-13 23:42:56,126 : Machine 2 (clock rate = 3) has internal event at 49.43s with logical clock value of 295
2016-03-13 23:42:56,240 : Machine 3 (clock rate = 6) sending to Machine 1 logical clock value of 297 at 49.54s
2016-03-13 23:42:56,406 : Machine 3 (clock rate = 6) sending to Machine 1 logical clock value of 298 at 49.71s
2016-03-13 23:42:56,459 : Machine 2 (clock rate = 3) received message with lc value of 298 with queue size of 1 at 49.76s with logical clock of 296
2016-03-13 23:42:56,460 : Machine 2 (clock rate = 3) has internal event at 49.76s with logical clock value of 298
2016-03-13 23:42:56,574 : Machine 3 (clock rate = 6) sending to Machine 1 logical clock value of 299 at 49.87s
2016-03-13 23:42:56,734 : Machine 1 (clock rate = 1) received message with lc value of 133 with queue size of 69 at 50.04s with logical clock of 129
2016-03-13 23:42:56,735 : Machine 1 (clock rate = 1) has internal event at 50.04s with logical clock value of 133
2016-03-13 23:42:56,741 : Machine 3 (clock rate = 6) sending to Machine 1 logical clock value of 300 at 50.04s
2016-03-13 23:42:56,793 : Machine 2 (clock rate = 3) sending to Machine 1 logical clock value of 299 at 50.09s
2016-03-13 23:42:56,909 : Machine 3 (clock rate = 6) received message with lc value of 299 with queue size of 1 at 50.21s with logical clock of 301
2016-03-13 23:42:56,909 : Machine 3 (clock rate = 6) has internal event at 50.21s with logical clock value of 301
2016-03-13 23:42:57,076 : Machine 3 (clock rate = 6) sending to Machine 1 logical clock value of 302 at 50.38s
2016-03-13 23:42:57,127 : Machine 2 (clock rate = 3) sending to Machine 1 logical clock value of 300 at 50.43s
2016-03-13 23:42:57,244 : Machine 3 (clock rate = 6) received message with lc value of 300 with queue size of 1 at 50.54s with logical clock of 303
2016-03-13 23:42:57,244 : Machine 3 (clock rate = 6) has internal event at 50.54s with logical clock value of 303
2016-03-13 23:42:57,411 : Machine 3 (clock rate = 6) sending to Machine 1 logical clock value of 304 at 50.71s
2016-03-13 23:42:57,462 : Machine 2 (clock rate = 3) has internal event at 50.76s with logical clock value of 301
2016-03-13 23:42:57,578 : Machine 3 (clock rate = 6) sending to Machine 1 logical clock value of 305 at 50.88s
2016-03-13 23:42:57,736 : Machine 1 (clock rate = 1) received message with lc value of 134 with queue size of 71 at 51.04s with logical clock of 134
2016-03-13 23:42:57,736 : Machine 1 (clock rate = 1) has internal event at 51.04s with logical clock value of 134
2016-03-13 23:42:57,746 : Machine 3 (clock rate = 6) sending to Machine 1 logical clock value of 306 at 51.05s
2016-03-13 23:42:57,796 : Machine 2 (clock rate = 3) received message with lc value of 305 with queue size of 1 at 51.10s with logical clock of 302
2016-03-13 23:42:57,796 : Machine 2 (clock rate = 3) has internal event at 51.10s with logical clock value of 305
2016-03-13 23:42:57,913 : Machine 3 (clock rate = 6) sending to Machine 1 logical clock value of 307 at 51.21s
2016-03-13 23:42:58,081 : Machine 3 (clock rate = 6) sending to Machine 1 logical clock value of 308 at 51.38s
2016-03-13 23:42:58,130 : Machine 2 (clock rate = 3) received message with lc value of 307 with queue size of 2 at 51.43s with logical clock of 306
2016-03-13 23:42:58,131 : Machine 2 (clock rate = 3) has internal event at 51.43s with logical clock value of 307
2016-03-13 23:42:58,249 : Machine 3 (clock rate = 6) has internal event at 51.55s with logical clock value of 309
2016-03-13 23:42:58,416 : Machine 3 (clock rate = 6) sending to Machine 1 logical clock value of 310 at 51.72s
2016-03-13 23:42:58,464 : Machine 2 (clock rate = 3) received message with lc value of 308 with queue size of 2 at 51.77s with logical clock of 308
2016-03-13 23:42:58,465 : Machine 2 (clock rate = 3) sending to Machine 1 logical clock value of 308 at 51.77s
2016-03-13 23:42:58,583 : Machine 3 (clock rate = 6) has internal event at 51.88s with logical clock value of 311
2016-03-13 23:42:58,737 : Machine 1 (clock rate = 1) received message with lc value of 135 with queue size of 72 at 52.04s with logical clock of 135
2016-03-13 23:42:58,737 : Machine 1 (clock rate = 1) has internal event at 52.04s with logical clock value of 135
2016-03-13 23:42:58,750 : Machine 3 (clock rate = 6) has internal event at 52.05s with logical clock value of 312
2016-03-13 23:42:58,798 : Machine 2 (clock rate = 3) received message with lc value of 310 with queue size of 1 at 52.10s with logical clock of 309
2016-03-13 23:42:58,799 : Machine 2 (clock rate = 3) has internal event at 52.10s with logical clock value of 310
2016-03-13 23:42:58,918 : Machine 3 (clock rate = 6) sending to Machine 1 logical clock value of 313 at 52.22s
2016-03-13 23:42:59,084 : Machine 3 (clock rate = 6) has internal event at 52.39s with logical clock value of 314
2016-03-13 23:42:59,132 : Machine 2 (clock rate = 3) received message with lc value of 313 with queue size of 1 at 52.43s with logical clock of 311
2016-03-13 23:42:59,132 : Machine 2 (clock rate = 3) has internal event at 52.43s with logical clock value of 313
2016-03-13 23:42:59,251 : Machine 3 (clock rate = 6) has internal event at 52.55s with logical clock value of 315
2016-03-13 23:42:59,418 : Machine 3 (clock rate = 6) sending to Machine 1 logical clock value of 316 at 52.72s
2016-03-13 23:42:59,466 : Machine 2 (clock rate = 3) has internal event at 52.77s with logical clock value of 314
2016-03-13 23:42:59,586 : Machine 3 (clock rate = 6) has internal event at 52.89s with logical clock value of 317
2016-03-13 23:42:59,737 : Machine 1 (clock rate = 1) received message with lc value of 136 with queue size of 72 at 53.04s with logical clock of 136
2016-03-13 23:42:59,738 : Machine 1 (clock rate = 1) has internal event at 53.04s with logical clock value of 136
2016-03-13 23:42:59,753 : Machine 3 (clock rate = 6) has internal event at 53.05s with logical clock value of 318
2016-03-13 23:42:59,800 : Machine 2 (clock rate = 3) has internal event at 53.10s with logical clock value of 315
2016-03-13 23:42:59,920 : Machine 3 (clock rate = 6) sending to Machine 1 logical clock value of 319 at 53.22s
2016-03-13 23:43:00,087 : Machine 3 (clock rate = 6) sending to Machine 1 logical clock value of 320 at 53.39s
2016-03-13 23:43:00,134 : Machine 2 (clock rate = 3) received message with lc value of 320 with queue size of 1 at 53.44s with logical clock of 316
2016-03-13 23:43:00,135 : Machine 2 (clock rate = 3) sending to Machine 1 logical clock value of 320 at 53.44s
2016-03-13 23:43:00,254 : Machine 3 (clock rate = 6) received message with lc value of 320 with queue size of 1 at 53.56s with logical clock of 321
2016-03-13 23:43:00,255 : Machine 3 (clock rate = 6) sending to Machine 1 logical clock value of 321 at 53.56s
2016-03-13 23:43:00,422 : Machine 3 (clock rate = 6) sending to Machine 1 logical clock value of 322 at 53.72s
2016-03-13 23:43:00,468 : Machine 2 (clock rate = 3) received message with lc value of 321 with queue size of 1 at 53.77s with logical clock of 321
2016-03-13 23:43:00,468 : Machine 2 (clock rate = 3) has internal event at 53.77s with logical clock value of 321
2016-03-13 23:43:00,589 : Machine 3 (clock rate = 6) has internal event at 53.89s with logical clock value of 323
2016-03-13 23:43:00,738 : Machine 1 (clock rate = 1) received message with lc value of 132 with queue size of 73 at 54.04s with logical clock of 137
2016-03-13 23:43:00,738 : Machine 1 (clock rate = 1) sending to Machine 2 logical clock value of 137 at 54.04s
2016-03-13 23:43:00,756 : Machine 3 (clock rate = 6) has internal event at 54.06s with logical clock value of 324
2016-03-13 23:43:00,802 : Machine 2 (clock rate = 3) received message with lc value of 137 with queue size of 1 at 54.10s with logical clock of 322
2016-03-13 23:43:00,802 : Machine 2 (clock rate = 3) sending to Machine 1 logical clock value of 322 at 54.10s
2016-03-13 23:43:00,924 : Machine 3 (clock rate = 6) received message with lc value of 322 with queue size of 1 at 54.22s with logical clock of 325
2016-03-13 23:43:00,925 : Machine 3 (clock rate = 6) has internal event at 54.23s with logical clock value of 325
2016-03-13 23:43:01,091 : Machine 3 (clock rate = 6) sending to Machine 1 logical clock value of 326 at 54.39s
2016-03-13 23:43:01,136 : Machine 2 (clock rate = 3) received message with lc value of 326 with queue size of 1 at 54.44s with logical clock of 323
2016-03-13 23:43:01,136 : Machine 2 (clock rate = 3) has internal event at 54.44s with logical clock value of 326
2016-03-13 23:43:01,258 : Machine 3 (clock rate = 6) sending to Machine 1 logical clock value of 327 at 54.56s
2016-03-13 23:43:01,425 : Machine 3 (clock rate = 6) has internal event at 54.73s with logical clock value of 328
2016-03-13 23:43:01,470 : Machine 2 (clock rate = 3) received message with lc value of 327 with queue size of 1 at 54.77s with logical clock of 327
2016-03-13 23:43:01,470 : Machine 2 (clock rate = 3) has internal event at 54.77s with logical clock value of 327
2016-03-13 23:43:01,593 : Machine 3 (clock rate = 6) sending to Machine 1 logical clock value of 329 at 54.89s
2016-03-13 23:43:01,739 : Machine 1 (clock rate = 1) received message with lc value of 142 with queue size of 72 at 55.04s with logical clock of 138
2016-03-13 23:43:01,739 : Machine 1 (clock rate = 1) has internal event at 55.04s with logical clock value of 142
2016-03-13 23:43:01,760 : Machine 3 (clock rate = 6) has internal event at 55.06s with logical clock value of 330
2016-03-13 23:43:01,804 : Machine 2 (clock rate = 3) received message with lc value of 329 with queue size of 1 at 55.10s with logical clock of 328
2016-03-13 23:43:01,804 : Machine 2 (clock rate = 3) has internal event at 55.11s with logical clock value of 329
2016-03-13 23:43:01,928 : Machine 3 (clock rate = 6) sending to Machine 1 logical clock value of 331 at 55.23s
2016-03-13 23:43:02,096 : Machine 3 (clock rate = 6) has internal event at 55.40s with logical clock value of 332
2016-03-13 23:43:02,137 : Machine 2 (clock rate = 3) has internal event at 55.44s with logical clock value of 330
2016-03-13 23:43:02,264 : Machine 3 (clock rate = 6) has internal event at 55.56s with logical clock value of 333
2016-03-13 23:43:02,431 : Machine 3 (clock rate = 6) has internal event at 55.73s with logical clock value of 334
2016-03-13 23:43:02,471 : Machine 2 (clock rate = 3) sending to Machine 1 logical clock value of 331 at 55.77s
2016-03-13 23:43:02,598 : Machine 3 (clock rate = 6) has internal event at 55.90s with logical clock value of 335
2016-03-13 23:43:02,739 : Machine 1 (clock rate = 1) received message with lc value of 141 with queue size of 73 at 56.04s with logical clock of 143
2016-03-13 23:43:02,740 : Machine 1 (clock rate = 1) has internal event at 56.04s with logical clock value of 143
2016-03-13 23:43:02,765 : Machine 3 (clock rate = 6) has internal event at 56.07s with logical clock value of 336
2016-03-13 23:43:02,806 : Machine 2 (clock rate = 3) sending to Machine 1 logical clock value of 332 at 56.11s
2016-03-13 23:43:02,933 : Machine 3 (clock rate = 6) received message with lc value of 332 with queue size of 1 at 56.23s with logical clock of 337
2016-03-13 23:43:02,934 : Machine 3 (clock rate = 6) sending to Machine 1 logical clock value of 337 at 56.23s
2016-03-13 23:43:03,100 : Machine 3 (clock rate = 6) has internal event at 56.40s with logical clock value of 338
2016-03-13 23:43:03,140 : Machine 2 (clock rate = 3) has internal event at 56.44s with logical clock value of 333
2016-03-13 23:43:03,268 : Machine 3 (clock rate = 6) has internal event at 56.57s with logical clock value of 339
2016-03-13 23:43:03,436 : Machine 3 (clock rate = 6) sending to Machine 1 logical clock value of 340 at 56.74s
2016-03-13 23:43:03,474 : Machine 2 (clock rate = 3) has internal event at 56.78s with logical clock value of 334
2016-03-13 23:43:03,603 : Machine 3 (clock rate = 6) has internal event at 56.90s with logical clock value of 341
2016-03-13 23:43:03,739 : Machine 1 (clock rate = 1) received message with lc value of 142 with queue size of 74 at 57.04s with logical clock of 144
2016-03-13 23:43:03,740 : Machine 1 (clock rate = 1) sending to Machine 2 logical clock value of 144 at 57.04s
2016-03-13 23:43:03,770 : Machine 3 (clock rate = 6) received message with lc value of 144 with queue size of 1 at 57.07s with logical clock of 342
2016-03-13 23:43:03,771 : Machine 3 (clock rate = 6) has internal event at 57.07s with logical clock value of 342
2016-03-13 23:43:03,808 : Machine 2 (clock rate = 3) sending to Machine 1 logical clock value of 335 at 57.11s
2016-03-13 23:43:03,938 : Machine 3 (clock rate = 6) sending to Machine 1 logical clock value of 343 at 57.24s
2016-03-13 23:43:04,106 : Machine 3 (clock rate = 6) has internal event at 57.41s with logical clock value of 344
2016-03-13 23:43:04,142 : Machine 2 (clock rate = 3) received message with lc value of 343 with queue size of 1 at 57.44s with logical clock of 336
2016-03-13 23:43:04,143 : Machine 2 (clock rate = 3) sending to Machine 1 logical clock value of 343 at 57.44s
2016-03-13 23:43:04,273 : Machine 3 (clock rate = 6) has internal event at 57.57s with logical clock value of 345
2016-03-13 23:43:04,441 : Machine 3 (clock rate = 6) has internal event at 57.74s with logical clock value of 346
2016-03-13 23:43:04,476 : Machine 2 (clock rate = 3) has internal event at 57.78s with logical clock value of 344
2016-03-13 23:43:04,608 : Machine 3 (clock rate = 6) sending to Machine 1 logical clock value of 347 at 57.91s
2016-03-13 23:43:04,740 : Machine 1 (clock rate = 1) received message with lc value of 143 with queue size of 75 at 58.04s with logical clock of 145
2016-03-13 23:43:04,741 : Machine 1 (clock rate = 1) has internal event at 58.04s with logical clock value of 145
2016-03-13 23:43:04,775 : Machine 3 (clock rate = 6) sending to Machine 1 logical clock value of 348 at 58.08s
2016-03-13 23:43:04,809 : Machine 2 (clock rate = 3) received message with lc value of 347 with queue size of 1 at 58.11s with logical clock of 345
2016-03-13 23:43:04,810 : Machine 2 (clock rate = 3) has internal event at 58.11s with logical clock value of 347
2016-03-13 23:43:04,943 : Machine 3 (clock rate = 6) sending to Machine 1 logical clock value of 349 at 58.24s
2016-03-13 23:43:05,110 : Machine 3 (clock rate = 6) has internal event at 58.41s with logical clock value of 350
2016-03-13 23:43:05,144 : Machine 2 (clock rate = 3) received message with lc value of 349 with queue size of 1 at 58.44s with logical clock of 348
2016-03-13 23:43:05,144 : Machine 2 (clock rate = 3) has internal event at 58.45s with logical clock value of 349
2016-03-13 23:43:05,278 : Machine 3 (clock rate = 6) sending to Machine 1 logical clock value of 351 at 58.58s
2016-03-13 23:43:05,446 : Machine 3 (clock rate = 6) sending to Machine 1 logical clock value of 352 at 58.75s
2016-03-13 23:43:05,478 : Machine 2 (clock rate = 3) received message with lc value of 351 with queue size of 1 at 58.78s with logical clock of 350
2016-03-13 23:43:05,479 : Machine 2 (clock rate = 3) has internal event at 58.78s with logical clock value of 351
2016-03-13 23:43:05,614 : Machine 3 (clock rate = 6) has internal event at 58.91s with logical clock value of 353
2016-03-13 23:43:05,742 : Machine 1 (clock rate = 1) received message with lc value of 144 with queue size of 76 at 59.04s with logical clock of 146
2016-03-13 23:43:05,742 : Machine 1 (clock rate = 1) sending to Machine 2 logical clock value of 146 at 59.04s
2016-03-13 23:43:05,781 : Machine 3 (clock rate = 6) received message with lc value of 146 with queue size of 1 at 59.08s with logical clock of 354
2016-03-13 23:43:05,781 : Machine 3 (clock rate = 6) sending to Machine 1 logical clock value of 354 at 59.08s
2016-03-13 23:43:05,812 : Machine 2 (clock rate = 3) received message with lc value of 354 with queue size of 1 at 59.11s with logical clock of 352
2016-03-13 23:43:05,812 : Machine 2 (clock rate = 3) sending to Machine 1 logical clock value of 354 at 59.11s
2016-03-13 23:43:05,949 : Machine 3 (clock rate = 6) sending to Machine 1 logical clock value of 355 at 59.25s
2016-03-13 23:43:06,116 : Machine 3 (clock rate = 6) sending to Machine 1 logical clock value of 356 at 59.42s
2016-03-13 23:43:06,146 : Machine 2 (clock rate = 3) received message with lc value of 355 with queue size of 2 at 59.45s with logical clock of 355
2016-03-13 23:43:06,146 : Machine 2 (clock rate = 3) has internal event at 59.45s with logical clock value of 355
2016-03-13 23:43:06,283 : Machine 3 (clock rate = 6) has internal event at 59.58s with logical clock value of 357
2016-03-13 23:43:06,451 : Machine 3 (clock rate = 6) sending to Machine 1 logical clock value of 358 at 59.75s
2016-03-13 23:43:06,480 : Machine 2 (clock rate = 3) received message with lc value of 356 with queue size of 1 at 59.78s with logical clock of 356
2016-03-13 23:43:06,480 : Machine 2 (clock rate = 3) sending to Machine 1 logical clock value of 356 at 59.78s
2016-03-13 23:43:06,618 : Machine 3 (clock rate = 6) received message with lc value of 356 with queue size of 1 at 59.92s with logical clock of 359
2016-03-13 23:43:06,619 : Machine 3 (clock rate = 6) sending to Machine 1 logical clock value of 359 at 59.92s
2016-03-13 23:43:06,785 : Machine 3 (clock rate = 6) has internal event at 60.09s with logical clock value of 360
