2016-03-13 23:48:14,338 : Starting machine on PID 25580 with clock rate: 1
2016-03-13 23:48:14,339 : Starting machine on PID 25581 with clock rate: 3
2016-03-13 23:48:14,339 : Starting machine on PID 25582 with clock rate: 6
2016-03-13 23:48:14,340 : Machine 1 (clock rate = 1) has internal event at 0.001s with logical clock value of 1
2016-03-13 23:48:14,340 : Machine 2 (clock rate = 3) has internal event at 0.001s with logical clock value of 1
2016-03-13 23:48:14,354 : Machine 3 (clock rate = 6) sending to Machine 1 logical clock value of 1 at 0.014s
2016-03-13 23:48:14,509 : Machine 3 (clock rate = 6) has internal event at 0.169s with logical clock value of 2
2016-03-13 23:48:14,674 : Machine 2 (clock rate = 3) received message with lc value of 1 with queue size of 1 at 0.335s with logical clock of 2
2016-03-13 23:48:14,675 : Machine 2 (clock rate = 3) has internal event at 0.336s with logical clock value of 2
2016-03-13 23:48:14,677 : Machine 3 (clock rate = 6) has internal event at 0.337s with logical clock value of 3
2016-03-13 23:48:14,844 : Machine 3 (clock rate = 6) has internal event at 0.504s with logical clock value of 4
2016-03-13 23:48:15,008 : Machine 2 (clock rate = 3) has internal event at 0.668s with logical clock value of 3
2016-03-13 23:48:15,011 : Machine 3 (clock rate = 6) has internal event at 0.671s with logical clock value of 5
2016-03-13 23:48:15,178 : Machine 3 (clock rate = 6) has internal event at 0.838s with logical clock value of 6
2016-03-13 23:48:15,341 : Machine 2 (clock rate = 3) has internal event at 1.002s with logical clock value of 4
2016-03-13 23:48:15,341 : Machine 1 (clock rate = 1) has internal event at 1.003s with logical clock value of 2
2016-03-13 23:48:15,346 : Machine 3 (clock rate = 6) has internal event at 1.006s with logical clock value of 7
2016-03-13 23:48:15,513 : Machine 3 (clock rate = 6) sending to Machine 1 logical clock value of 8 at 1.173s
2016-03-13 23:48:15,675 : Machine 2 (clock rate = 3) received message with lc value of 8 with queue size of 1 at 1.336s with logical clock of 5
2016-03-13 23:48:15,676 : Machine 2 (clock rate = 3) sending to Machine 1 logical clock value of 8 at 1.336s
2016-03-13 23:48:15,679 : Machine 3 (clock rate = 6) received message with lc value of 8 with queue size of 1 at 1.340s with logical clock of 9
2016-03-13 23:48:15,680 : Machine 3 (clock rate = 6) has internal event at 1.340s with logical clock value of 9
2016-03-13 23:48:15,847 : Machine 3 (clock rate = 6) has internal event at 1.508s with logical clock value of 10
2016-03-13 23:48:16,009 : Machine 2 (clock rate = 3) has internal event at 1.669s with logical clock value of 9
2016-03-13 23:48:16,015 : Machine 3 (clock rate = 6) sending to Machine 1 logical clock value of 11 at 1.675s
2016-03-13 23:48:16,182 : Machine 3 (clock rate = 6) sending to Machine 1 logical clock value of 12 at 1.842s
2016-03-13 23:48:16,342 : Machine 1 (clock rate = 1) received message with lc value of 11 with queue size of 1 at 2.003s with logical clock of 3
2016-03-13 23:48:16,342 : Machine 1 (clock rate = 1) has internal event at 2.003s with logical clock value of 11
2016-03-13 23:48:16,343 : Machine 2 (clock rate = 3) received message with lc value of 12 with queue size of 1 at 2.004s with logical clock of 10
2016-03-13 23:48:16,343 : Machine 2 (clock rate = 3) has internal event at 2.004s with logical clock value of 12
2016-03-13 23:48:16,350 : Machine 3 (clock rate = 6) has internal event at 2.010s with logical clock value of 13
2016-03-13 23:48:16,517 : Machine 3 (clock rate = 6) has internal event at 2.177s with logical clock value of 14
2016-03-13 23:48:16,676 : Machine 2 (clock rate = 3) has internal event at 2.337s with logical clock value of 13
2016-03-13 23:48:16,685 : Machine 3 (clock rate = 6) has internal event at 2.345s with logical clock value of 15
2016-03-13 23:48:16,852 : Machine 3 (clock rate = 6) has internal event at 2.512s with logical clock value of 16
2016-03-13 23:48:17,011 : Machine 2 (clock rate = 3) has internal event at 2.672s with logical clock value of 14
2016-03-13 23:48:17,019 : Machine 3 (clock rate = 6) has internal event at 2.680s with logical clock value of 17
2016-03-13 23:48:17,186 : Machine 3 (clock rate = 6) has internal event at 2.846s with logical clock value of 18
2016-03-13 23:48:17,342 : Machine 1 (clock rate = 1) sending to Machine 2 logical clock value of 12 at 3.004s
2016-03-13 23:48:17,344 : Machine 2 (clock rate = 3) sending to Machine 1 logical clock value of 15 at 3.005s
2016-03-13 23:48:17,354 : Machine 3 (clock rate = 6) received message with lc value of 12 with queue size of 1 at 3.014s with logical clock of 19
2016-03-13 23:48:17,354 : Machine 3 (clock rate = 6) has internal event at 3.015s with logical clock value of 19
2016-03-13 23:48:17,522 : Machine 3 (clock rate = 6) has internal event at 3.182s with logical clock value of 20
2016-03-13 23:48:17,679 : Machine 2 (clock rate = 3) has internal event at 3.340s with logical clock value of 16
2016-03-13 23:48:17,689 : Machine 3 (clock rate = 6) sending to Machine 1 logical clock value of 21 at 3.349s
2016-03-13 23:48:17,856 : Machine 3 (clock rate = 6) has internal event at 3.516s with logical clock value of 22
2016-03-13 23:48:18,013 : Machine 2 (clock rate = 3) has internal event at 3.674s with logical clock value of 17
2016-03-13 23:48:18,023 : Machine 3 (clock rate = 6) has internal event at 3.683s with logical clock value of 23
2016-03-13 23:48:18,190 : Machine 3 (clock rate = 6) has internal event at 3.851s with logical clock value of 24
2016-03-13 23:48:18,343 : Machine 1 (clock rate = 1) received message with lc value of 15 with queue size of 2 at 4.004s with logical clock of 13
2016-03-13 23:48:18,344 : Machine 1 (clock rate = 1) has internal event at 4.005s with logical clock value of 15
2016-03-13 23:48:18,347 : Machine 2 (clock rate = 3) has internal event at 4.007s with logical clock value of 18
2016-03-13 23:48:18,357 : Machine 3 (clock rate = 6) has internal event at 4.018s with logical clock value of 25
2016-03-13 23:48:18,525 : Machine 3 (clock rate = 6) sending to Machine 1 logical clock value of 26 at 4.185s
2016-03-13 23:48:18,680 : Machine 2 (clock rate = 3) has internal event at 4.341s with logical clock value of 19
2016-03-13 23:48:18,692 : Machine 3 (clock rate = 6) has internal event at 4.352s with logical clock value of 27
2016-03-13 23:48:18,860 : Machine 3 (clock rate = 6) has internal event at 4.520s with logical clock value of 28
2016-03-13 23:48:19,014 : Machine 2 (clock rate = 3) has internal event at 4.675s with logical clock value of 20
2016-03-13 23:48:19,027 : Machine 3 (clock rate = 6) has internal event at 4.687s with logical clock value of 29
2016-03-13 23:48:19,194 : Machine 3 (clock rate = 6) has internal event at 4.855s with logical clock value of 30
2016-03-13 23:48:19,344 : Machine 1 (clock rate = 1) received message with lc value of 21 with queue size of 2 at 5.005s with logical clock of 16
2016-03-13 23:48:19,344 : Machine 1 (clock rate = 1) has internal event at 5.005s with logical clock value of 21
2016-03-13 23:48:19,349 : Machine 2 (clock rate = 3) has internal event at 5.010s with logical clock value of 21
2016-03-13 23:48:19,362 : Machine 3 (clock rate = 6) sending to Machine 1 logical clock value of 31 at 5.022s
2016-03-13 23:48:19,529 : Machine 3 (clock rate = 6) has internal event at 5.189s with logical clock value of 32
2016-03-13 23:48:19,683 : Machine 2 (clock rate = 3) has internal event at 5.344s with logical clock value of 22
2016-03-13 23:48:19,697 : Machine 3 (clock rate = 6) has internal event at 5.357s with logical clock value of 33
2016-03-13 23:48:19,864 : Machine 3 (clock rate = 6) has internal event at 5.524s with logical clock value of 34
2016-03-13 23:48:20,018 : Machine 2 (clock rate = 3) has internal event at 5.678s with logical clock value of 23
2016-03-13 23:48:20,031 : Machine 3 (clock rate = 6) has internal event at 5.691s with logical clock value of 35
2016-03-13 23:48:20,198 : Machine 3 (clock rate = 6) has internal event at 5.858s with logical clock value of 36
2016-03-13 23:48:20,344 : Machine 1 (clock rate = 1) received message with lc value of 26 with queue size of 2 at 6.005s with logical clock of 22
2016-03-13 23:48:20,344 : Machine 1 (clock rate = 1) has internal event at 6.006s with logical clock value of 26
2016-03-13 23:48:20,351 : Machine 2 (clock rate = 3) has internal event at 6.012s with logical clock value of 24
2016-03-13 23:48:20,365 : Machine 3 (clock rate = 6) has internal event at 6.025s with logical clock value of 37
2016-03-13 23:48:20,532 : Machine 3 (clock rate = 6) has internal event at 6.192s with logical clock value of 38
2016-03-13 23:48:20,685 : Machine 2 (clock rate = 3) sending to Machine 1 logical clock value of 25 at 6.346s
2016-03-13 23:48:20,700 : Machine 3 (clock rate = 6) sending to Machine 1 logical clock value of 39 at 6.360s
2016-03-13 23:48:20,867 : Machine 3 (clock rate = 6) sending to Machine 1 logical clock value of 40 at 6.527s
2016-03-13 23:48:21,020 : Machine 2 (clock rate = 3) received message with lc value of 39 with queue size of 2 at 6.681s with logical clock of 26
2016-03-13 23:48:21,020 : Machine 2 (clock rate = 3) sending to Machine 1 logical clock value of 39 at 6.681s
2016-03-13 23:48:21,034 : Machine 3 (clock rate = 6) sending to Machine 1 logical clock value of 41 at 6.694s
2016-03-13 23:48:21,202 : Machine 3 (clock rate = 6) has internal event at 6.862s with logical clock value of 42
2016-03-13 23:48:21,344 : Machine 1 (clock rate = 1) received message with lc value of 31 with queue size of 3 at 7.006s with logical clock of 27
2016-03-13 23:48:21,345 : Machine 1 (clock rate = 1) sending to Machine 2 logical clock value of 31 at 7.006s
2016-03-13 23:48:21,354 : Machine 2 (clock rate = 3) received message with lc value of 40 with queue size of 2 at 7.015s with logical clock of 40
2016-03-13 23:48:21,355 : Machine 2 (clock rate = 3) has internal event at 7.016s with logical clock value of 40
2016-03-13 23:48:21,369 : Machine 3 (clock rate = 6) received message with lc value of 31 with queue size of 1 at 7.029s with logical clock of 43
2016-03-13 23:48:21,370 : Machine 3 (clock rate = 6) has internal event at 7.030s with logical clock value of 43
2016-03-13 23:48:21,536 : Machine 3 (clock rate = 6) has internal event at 7.196s with logical clock value of 44
2016-03-13 23:48:21,688 : Machine 2 (clock rate = 3) received message with lc value of 41 with queue size of 1 at 7.349s with logical clock of 41
2016-03-13 23:48:21,688 : Machine 2 (clock rate = 3) has internal event at 7.349s with logical clock value of 41
2016-03-13 23:48:21,704 : Machine 3 (clock rate = 6) has internal event at 7.364s with logical clock value of 45
2016-03-13 23:48:21,871 : Machine 3 (clock rate = 6) sending to Machine 1 logical clock value of 46 at 7.532s
2016-03-13 23:48:22,021 : Machine 2 (clock rate = 3) received message with lc value of 46 with queue size of 1 at 7.682s with logical clock of 42
2016-03-13 23:48:22,022 : Machine 2 (clock rate = 3) sending to Machine 1 logical clock value of 46 at 7.683s
2016-03-13 23:48:22,039 : Machine 3 (clock rate = 6) has internal event at 7.699s with logical clock value of 47
2016-03-13 23:48:22,207 : Machine 3 (clock rate = 6) sending to Machine 1 logical clock value of 48 at 7.867s
2016-03-13 23:48:22,345 : Machine 1 (clock rate = 1) received message with lc value of 25 with queue size of 4 at 8.007s with logical clock of 32
2016-03-13 23:48:22,346 : Machine 1 (clock rate = 1) has internal event at 8.007s with logical clock value of 32
2016-03-13 23:48:22,355 : Machine 2 (clock rate = 3) sending to Machine 1 logical clock value of 47 at 8.016s
2016-03-13 23:48:22,374 : Machine 3 (clock rate = 6) received message with lc value of 47 with queue size of 1 at 8.034s with logical clock of 49
2016-03-13 23:48:22,375 : Machine 3 (clock rate = 6) has internal event at 8.035s with logical clock value of 49
2016-03-13 23:48:22,542 : Machine 3 (clock rate = 6) has internal event at 8.202s with logical clock value of 50
2016-03-13 23:48:22,689 : Machine 2 (clock rate = 3) has internal event at 8.350s with logical clock value of 48
2016-03-13 23:48:22,710 : Machine 3 (clock rate = 6) sending to Machine 1 logical clock value of 51 at 8.370s
2016-03-13 23:48:22,877 : Machine 3 (clock rate = 6) has internal event at 8.538s with logical clock value of 52
2016-03-13 23:48:23,023 : Machine 2 (clock rate = 3) has internal event at 8.684s with logical clock value of 49
2016-03-13 23:48:23,045 : Machine 3 (clock rate = 6) sending to Machine 1 logical clock value of 53 at 8.705s
2016-03-13 23:48:23,211 : Machine 3 (clock rate = 6) has internal event at 8.872s with logical clock value of 54
2016-03-13 23:48:23,346 : Machine 1 (clock rate = 1) received message with lc value of 39 with queue size of 4 at 9.007s with logical clock of 33
2016-03-13 23:48:23,346 : Machine 1 (clock rate = 1) has internal event at 9.007s with logical clock value of 39
2016-03-13 23:48:23,357 : Machine 2 (clock rate = 3) received message with lc value of 53 with queue size of 1 at 9.018s with logical clock of 50
2016-03-13 23:48:23,357 : Machine 2 (clock rate = 3) has internal event at 9.018s with logical clock value of 53
2016-03-13 23:48:23,379 : Machine 3 (clock rate = 6) has internal event at 9.039s with logical clock value of 55
2016-03-13 23:48:23,546 : Machine 3 (clock rate = 6) has internal event at 9.206s with logical clock value of 56
2016-03-13 23:48:23,690 : Machine 2 (clock rate = 3) has internal event at 9.351s with logical clock value of 54
2016-03-13 23:48:23,713 : Machine 3 (clock rate = 6) has internal event at 9.373s with logical clock value of 57
2016-03-13 23:48:23,880 : Machine 3 (clock rate = 6) has internal event at 9.540s with logical clock value of 58
2016-03-13 23:48:24,025 : Machine 2 (clock rate = 3) has internal event at 9.686s with logical clock value of 55
2016-03-13 23:48:24,047 : Machine 3 (clock rate = 6) has internal event at 9.707s with logical clock value of 59
2016-03-13 23:48:24,215 : Machine 3 (clock rate = 6) has internal event at 9.875s with logical clock value of 60
2016-03-13 23:48:24,347 : Machine 1 (clock rate = 1) received message with lc value of 46 with queue size of 3 at 10.00s with logical clock of 40
2016-03-13 23:48:24,347 : Machine 1 (clock rate = 1) sending to Machine 2 logical clock value of 46 at 10.00s
2016-03-13 23:48:24,359 : Machine 2 (clock rate = 3) sending to Machine 1 logical clock value of 56 at 10.02s
2016-03-13 23:48:24,382 : Machine 3 (clock rate = 6) received message with lc value of 46 with queue size of 1 at 10.04s with logical clock of 61
2016-03-13 23:48:24,383 : Machine 3 (clock rate = 6) has internal event at 10.04s with logical clock value of 61
2016-03-13 23:48:24,550 : Machine 3 (clock rate = 6) has internal event at 10.21s with logical clock value of 62
2016-03-13 23:48:24,692 : Machine 2 (clock rate = 3) has internal event at 10.35s with logical clock value of 57
2016-03-13 23:48:24,718 : Machine 3 (clock rate = 6) has internal event at 10.37s with logical clock value of 63
2016-03-13 23:48:24,885 : Machine 3 (clock rate = 6) has internal event at 10.54s with logical clock value of 64
2016-03-13 23:48:25,026 : Machine 2 (clock rate = 3) sending to Machine 1 logical clock value of 58 at 10.68s
2016-03-13 23:48:25,052 : Machine 3 (clock rate = 6) received message with lc value of 58 with queue size of 1 at 10.71s with logical clock of 65
2016-03-13 23:48:25,053 : Machine 3 (clock rate = 6) has internal event at 10.71s with logical clock value of 65
2016-03-13 23:48:25,220 : Machine 3 (clock rate = 6) has internal event at 10.88s with logical clock value of 66
2016-03-13 23:48:25,348 : Machine 1 (clock rate = 1) received message with lc value of 48 with queue size of 3 at 11.00s with logical clock of 47
2016-03-13 23:48:25,348 : Machine 1 (clock rate = 1) has internal event at 11.01s with logical clock value of 48
2016-03-13 23:48:25,359 : Machine 2 (clock rate = 3) sending to Machine 1 logical clock value of 59 at 11.02s
2016-03-13 23:48:25,388 : Machine 3 (clock rate = 6) has internal event at 11.04s with logical clock value of 67
2016-03-13 23:48:25,556 : Machine 3 (clock rate = 6) has internal event at 11.21s with logical clock value of 68
2016-03-13 23:48:25,693 : Machine 2 (clock rate = 3) sending to Machine 1 logical clock value of 60 at 11.35s
2016-03-13 23:48:25,723 : Machine 3 (clock rate = 6) has internal event at 11.38s with logical clock value of 69
2016-03-13 23:48:25,891 : Machine 3 (clock rate = 6) has internal event at 11.55s with logical clock value of 70
2016-03-13 23:48:26,027 : Machine 2 (clock rate = 3) has internal event at 11.68s with logical clock value of 61
2016-03-13 23:48:26,059 : Machine 3 (clock rate = 6) has internal event at 11.71s with logical clock value of 71
2016-03-13 23:48:26,226 : Machine 3 (clock rate = 6) sending to Machine 1 logical clock value of 72 at 11.88s
2016-03-13 23:48:26,349 : Machine 1 (clock rate = 1) received message with lc value of 51 with queue size of 5 at 12.01s with logical clock of 49
2016-03-13 23:48:26,349 : Machine 1 (clock rate = 1) has internal event at 12.01s with logical clock value of 51
2016-03-13 23:48:26,361 : Machine 2 (clock rate = 3) sending to Machine 1 logical clock value of 62 at 12.02s
2016-03-13 23:48:26,393 : Machine 3 (clock rate = 6) sending to Machine 1 logical clock value of 73 at 12.05s
2016-03-13 23:48:26,561 : Machine 3 (clock rate = 6) has internal event at 12.22s with logical clock value of 74
2016-03-13 23:48:26,695 : Machine 2 (clock rate = 3) received message with lc value of 73 with queue size of 1 at 12.35s with logical clock of 63
2016-03-13 23:48:26,695 : Machine 2 (clock rate = 3) has internal event at 12.35s with logical clock value of 73
2016-03-13 23:48:26,727 : Machine 3 (clock rate = 6) sending to Machine 1 logical clock value of 75 at 12.38s
2016-03-13 23:48:26,896 : Machine 3 (clock rate = 6) has internal event at 12.55s with logical clock value of 76
2016-03-13 23:48:27,029 : Machine 2 (clock rate = 3) has internal event at 12.69s with logical clock value of 74
2016-03-13 23:48:27,062 : Machine 3 (clock rate = 6) has internal event at 12.72s with logical clock value of 77
2016-03-13 23:48:27,230 : Machine 3 (clock rate = 6) has internal event at 12.89s with logical clock value of 78
2016-03-13 23:48:27,349 : Machine 1 (clock rate = 1) received message with lc value of 56 with queue size of 6 at 13.01s with logical clock of 52
2016-03-13 23:48:27,349 : Machine 1 (clock rate = 1) has internal event at 13.01s with logical clock value of 56
2016-03-13 23:48:27,364 : Machine 2 (clock rate = 3) has internal event at 13.02s with logical clock value of 75
2016-03-13 23:48:27,396 : Machine 3 (clock rate = 6) has internal event at 13.05s with logical clock value of 79
2016-03-13 23:48:27,564 : Machine 3 (clock rate = 6) has internal event at 13.22s with logical clock value of 80
2016-03-13 23:48:27,697 : Machine 2 (clock rate = 3) has internal event at 13.35s with logical clock value of 76
2016-03-13 23:48:27,731 : Machine 3 (clock rate = 6) has internal event at 13.39s with logical clock value of 81
2016-03-13 23:48:27,899 : Machine 3 (clock rate = 6) has internal event at 13.55s with logical clock value of 82
2016-03-13 23:48:28,031 : Machine 2 (clock rate = 3) has internal event at 13.69s with logical clock value of 77
2016-03-13 23:48:28,067 : Machine 3 (clock rate = 6) has internal event at 13.72s with logical clock value of 83
2016-03-13 23:48:28,234 : Machine 3 (clock rate = 6) has internal event at 13.89s with logical clock value of 84
2016-03-13 23:48:28,349 : Machine 1 (clock rate = 1) received message with lc value of 59 with queue size of 5 at 14.01s with logical clock of 57
2016-03-13 23:48:28,350 : Machine 1 (clock rate = 1) has internal event at 14.01s with logical clock value of 59
2016-03-13 23:48:28,365 : Machine 2 (clock rate = 3) sending to Machine 1 logical clock value of 78 at 14.02s
2016-03-13 23:48:28,402 : Machine 3 (clock rate = 6) has internal event at 14.06s with logical clock value of 85
2016-03-13 23:48:28,569 : Machine 3 (clock rate = 6) has internal event at 14.22s with logical clock value of 86
2016-03-13 23:48:28,699 : Machine 2 (clock rate = 3) has internal event at 14.36s with logical clock value of 79
2016-03-13 23:48:28,736 : Machine 3 (clock rate = 6) has internal event at 14.39s with logical clock value of 87
2016-03-13 23:48:28,904 : Machine 3 (clock rate = 6) sending to Machine 1 logical clock value of 88 at 14.56s
2016-03-13 23:48:29,033 : Machine 2 (clock rate = 3) received message with lc value of 88 with queue size of 1 at 14.69s with logical clock of 80
2016-03-13 23:48:29,034 : Machine 2 (clock rate = 3) has internal event at 14.69s with logical clock value of 88
2016-03-13 23:48:29,071 : Machine 3 (clock rate = 6) has internal event at 14.73s with logical clock value of 89
2016-03-13 23:48:29,239 : Machine 3 (clock rate = 6) has internal event at 14.89s with logical clock value of 90
2016-03-13 23:48:29,350 : Machine 1 (clock rate = 1) received message with lc value of 60 with queue size of 5 at 15.01s with logical clock of 60
2016-03-13 23:48:29,350 : Machine 1 (clock rate = 1) has internal event at 15.01s with logical clock value of 60
2016-03-13 23:48:29,367 : Machine 2 (clock rate = 3) has internal event at 15.02s with logical clock value of 89
2016-03-13 23:48:29,406 : Machine 3 (clock rate = 6) sending to Machine 1 logical clock value of 91 at 15.06s
2016-03-13 23:48:29,573 : Machine 3 (clock rate = 6) has internal event at 15.23s with logical clock value of 92
2016-03-13 23:48:29,702 : Machine 2 (clock rate = 3) has internal event at 15.36s with logical clock value of 90
2016-03-13 23:48:29,741 : Machine 3 (clock rate = 6) has internal event at 15.40s with logical clock value of 93
2016-03-13 23:48:29,908 : Machine 3 (clock rate = 6) has internal event at 15.56s with logical clock value of 94
2016-03-13 23:48:30,035 : Machine 2 (clock rate = 3) has internal event at 15.69s with logical clock value of 91
2016-03-13 23:48:30,075 : Machine 3 (clock rate = 6) has internal event at 15.73s with logical clock value of 95
2016-03-13 23:48:30,243 : Machine 3 (clock rate = 6) has internal event at 15.90s with logical clock value of 96
2016-03-13 23:48:30,351 : Machine 1 (clock rate = 1) received message with lc value of 72 with queue size of 5 at 16.01s with logical clock of 61
2016-03-13 23:48:30,351 : Machine 1 (clock rate = 1) has internal event at 16.01s with logical clock value of 72
2016-03-13 23:48:30,369 : Machine 2 (clock rate = 3) sending to Machine 1 logical clock value of 92 at 16.03s
2016-03-13 23:48:30,410 : Machine 3 (clock rate = 6) has internal event at 16.07s with logical clock value of 97
2016-03-13 23:48:30,577 : Machine 3 (clock rate = 6) has internal event at 16.23s with logical clock value of 98
2016-03-13 23:48:30,703 : Machine 2 (clock rate = 3) has internal event at 16.36s with logical clock value of 93
2016-03-13 23:48:30,744 : Machine 3 (clock rate = 6) has internal event at 16.40s with logical clock value of 99
2016-03-13 23:48:30,912 : Machine 3 (clock rate = 6) has internal event at 16.57s with logical clock value of 100
2016-03-13 23:48:31,037 : Machine 2 (clock rate = 3) sending to Machine 1 logical clock value of 94 at 16.69s
2016-03-13 23:48:31,079 : Machine 3 (clock rate = 6) received message with lc value of 94 with queue size of 1 at 16.74s with logical clock of 101
2016-03-13 23:48:31,080 : Machine 3 (clock rate = 6) has internal event at 16.74s with logical clock value of 101
2016-03-13 23:48:31,247 : Machine 3 (clock rate = 6) has internal event at 16.90s with logical clock value of 102
2016-03-13 23:48:31,352 : Machine 1 (clock rate = 1) received message with lc value of 62 with queue size of 5 at 17.01s with logical clock of 73
2016-03-13 23:48:31,353 : Machine 1 (clock rate = 1) has internal event at 17.01s with logical clock value of 73
2016-03-13 23:48:31,372 : Machine 2 (clock rate = 3) sending to Machine 1 logical clock value of 95 at 17.03s
2016-03-13 23:48:31,414 : Machine 3 (clock rate = 6) has internal event at 17.07s with logical clock value of 103
2016-03-13 23:48:31,582 : Machine 3 (clock rate = 6) has internal event at 17.24s with logical clock value of 104
2016-03-13 23:48:31,706 : Machine 2 (clock rate = 3) has internal event at 17.36s with logical clock value of 96
2016-03-13 23:48:31,749 : Machine 3 (clock rate = 6) has internal event at 17.40s with logical clock value of 105
2016-03-13 23:48:31,917 : Machine 3 (clock rate = 6) has internal event at 17.57s with logical clock value of 106
2016-03-13 23:48:32,041 : Machine 2 (clock rate = 3) has internal event at 17.70s with logical clock value of 97
2016-03-13 23:48:32,084 : Machine 3 (clock rate = 6) has internal event at 17.74s with logical clock value of 107
2016-03-13 23:48:32,252 : Machine 3 (clock rate = 6) has internal event at 17.91s with logical clock value of 108
2016-03-13 23:48:32,352 : Machine 1 (clock rate = 1) received message with lc value of 75 with queue size of 5 at 18.01s with logical clock of 74
2016-03-13 23:48:32,353 : Machine 1 (clock rate = 1) sending to Machine 2 logical clock value of 75 at 18.01s
2016-03-13 23:48:32,374 : Machine 2 (clock rate = 3) received message with lc value of 75 with queue size of 1 at 18.03s with logical clock of 98
2016-03-13 23:48:32,375 : Machine 2 (clock rate = 3) has internal event at 18.03s with logical clock value of 98
2016-03-13 23:48:32,420 : Machine 3 (clock rate = 6) has internal event at 18.08s with logical clock value of 109
2016-03-13 23:48:32,588 : Machine 3 (clock rate = 6) has internal event at 18.24s with logical clock value of 110
2016-03-13 23:48:32,708 : Machine 2 (clock rate = 3) has internal event at 18.36s with logical clock value of 99
2016-03-13 23:48:32,755 : Machine 3 (clock rate = 6) sending to Machine 1 logical clock value of 111 at 18.41s
2016-03-13 23:48:32,923 : Machine 3 (clock rate = 6) has internal event at 18.58s with logical clock value of 112
2016-03-13 23:48:33,042 : Machine 2 (clock rate = 3) received message with lc value of 111 with queue size of 1 at 18.70s with logical clock of 100
2016-03-13 23:48:33,043 : Machine 2 (clock rate = 3) has internal event at 18.70s with logical clock value of 111
2016-03-13 23:48:33,090 : Machine 3 (clock rate = 6) sending to Machine 1 logical clock value of 113 at 18.75s
2016-03-13 23:48:33,258 : Machine 3 (clock rate = 6) has internal event at 18.91s with logical clock value of 114
2016-03-13 23:48:33,353 : Machine 1 (clock rate = 1) received message with lc value of 78 with queue size of 4 at 19.01s with logical clock of 76
2016-03-13 23:48:33,354 : Machine 1 (clock rate = 1) sending to Machine 2 logical clock value of 78 at 19.01s
2016-03-13 23:48:33,376 : Machine 2 (clock rate = 3) received message with lc value of 113 with queue size of 1 at 19.03s with logical clock of 112
2016-03-13 23:48:33,377 : Machine 2 (clock rate = 3) has internal event at 19.03s with logical clock value of 113
2016-03-13 23:48:33,425 : Machine 3 (clock rate = 6) received message with lc value of 78 with queue size of 1 at 19.08s with logical clock of 115
2016-03-13 23:48:33,426 : Machine 3 (clock rate = 6) sending to Machine 1 logical clock value of 115 at 19.08s
2016-03-13 23:48:33,593 : Machine 3 (clock rate = 6) sending to Machine 1 logical clock value of 116 at 19.25s
2016-03-13 23:48:33,710 : Machine 2 (clock rate = 3) received message with lc value of 115 with queue size of 1 at 19.37s with logical clock of 114
2016-03-13 23:48:33,711 : Machine 2 (clock rate = 3) has internal event at 19.37s with logical clock value of 115
2016-03-13 23:48:33,760 : Machine 3 (clock rate = 6) has internal event at 19.42s with logical clock value of 117
2016-03-13 23:48:33,928 : Machine 3 (clock rate = 6) has internal event at 19.58s with logical clock value of 118
2016-03-13 23:48:34,045 : Machine 2 (clock rate = 3) has internal event at 19.70s with logical clock value of 116
2016-03-13 23:48:34,095 : Machine 3 (clock rate = 6) has internal event at 19.75s with logical clock value of 119
2016-03-13 23:48:34,262 : Machine 3 (clock rate = 6) has internal event at 19.92s with logical clock value of 120
2016-03-13 23:48:34,354 : Machine 1 (clock rate = 1) received message with lc value of 91 with queue size of 4 at 20.01s with logical clock of 79
2016-03-13 23:48:34,355 : Machine 1 (clock rate = 1) sending to Machine 2 logical clock value of 91 at 20.01s
2016-03-13 23:48:34,379 : Machine 2 (clock rate = 3) received message with lc value of 91 with queue size of 1 at 20.04s with logical clock of 117
2016-03-13 23:48:34,380 : Machine 2 (clock rate = 3) has internal event at 20.04s with logical clock value of 117
2016-03-13 23:48:34,429 : Machine 3 (clock rate = 6) has internal event at 20.08s with logical clock value of 121
2016-03-13 23:48:34,597 : Machine 3 (clock rate = 6) sending to Machine 1 logical clock value of 122 at 20.25s
2016-03-13 23:48:34,713 : Machine 2 (clock rate = 3) received message with lc value of 122 with queue size of 1 at 20.37s with logical clock of 118
2016-03-13 23:48:34,713 : Machine 2 (clock rate = 3) has internal event at 20.37s with logical clock value of 122
2016-03-13 23:48:34,764 : Machine 3 (clock rate = 6) has internal event at 20.42s with logical clock value of 123
2016-03-13 23:48:34,932 : Machine 3 (clock rate = 6) has internal event at 20.59s with logical clock value of 124
2016-03-13 23:48:35,047 : Machine 2 (clock rate = 3) sending to Machine 1 logical clock value of 123 at 20.70s
2016-03-13 23:48:35,099 : Machine 3 (clock rate = 6) received message with lc value of 123 with queue size of 1 at 20.75s with logical clock of 125
2016-03-13 23:48:35,100 : Machine 3 (clock rate = 6) has internal event at 20.76s with logical clock value of 125
2016-03-13 23:48:35,267 : Machine 3 (clock rate = 6) has internal event at 20.92s with logical clock value of 126
2016-03-13 23:48:35,355 : Machine 1 (clock rate = 1) received message with lc value of 92 with queue size of 3 at 21.01s with logical clock of 92
2016-03-13 23:48:35,356 : Machine 1 (clock rate = 1) has internal event at 21.01s with logical clock value of 92
2016-03-13 23:48:35,381 : Machine 2 (clock rate = 3) sending to Machine 1 logical clock value of 124 at 21.04s
2016-03-13 23:48:35,434 : Machine 3 (clock rate = 6) received message with lc value of 124 with queue size of 1 at 21.09s with logical clock of 127
2016-03-13 23:48:35,434 : Machine 3 (clock rate = 6) has internal event at 21.09s with logical clock value of 127
2016-03-13 23:48:35,602 : Machine 3 (clock rate = 6) has internal event at 21.26s with logical clock value of 128
2016-03-13 23:48:35,716 : Machine 2 (clock rate = 3) has internal event at 21.37s with logical clock value of 125
2016-03-13 23:48:35,770 : Machine 3 (clock rate = 6) has internal event at 21.43s with logical clock value of 129
2016-03-13 23:48:35,937 : Machine 3 (clock rate = 6) has internal event at 21.59s with logical clock value of 130
2016-03-13 23:48:36,050 : Machine 2 (clock rate = 3) has internal event at 21.71s with logical clock value of 126
2016-03-13 23:48:36,104 : Machine 3 (clock rate = 6) has internal event at 21.76s with logical clock value of 131
2016-03-13 23:48:36,272 : Machine 3 (clock rate = 6) has internal event at 21.93s with logical clock value of 132
2016-03-13 23:48:36,355 : Machine 1 (clock rate = 1) received message with lc value of 95 with queue size of 2 at 22.01s with logical clock of 93
2016-03-13 23:48:36,355 : Machine 1 (clock rate = 1) has internal event at 22.01s with logical clock value of 95
2016-03-13 23:48:36,384 : Machine 2 (clock rate = 3) has internal event at 22.04s with logical clock value of 127
2016-03-13 23:48:36,439 : Machine 3 (clock rate = 6) has internal event at 22.10s with logical clock value of 133
2016-03-13 23:48:36,607 : Machine 3 (clock rate = 6) sending to Machine 1 logical clock value of 134 at 22.26s
2016-03-13 23:48:36,718 : Machine 2 (clock rate = 3) sending to Machine 1 logical clock value of 128 at 22.37s
2016-03-13 23:48:36,774 : Machine 3 (clock rate = 6) sending to Machine 1 logical clock value of 135 at 22.43s
2016-03-13 23:48:36,941 : Machine 3 (clock rate = 6) sending to Machine 1 logical clock value of 136 at 22.60s
2016-03-13 23:48:37,052 : Machine 2 (clock rate = 3) received message with lc value of 136 with queue size of 1 at 22.71s with logical clock of 129
2016-03-13 23:48:37,053 : Machine 2 (clock rate = 3) has internal event at 22.71s with logical clock value of 136
2016-03-13 23:48:37,109 : Machine 3 (clock rate = 6) has internal event at 22.76s with logical clock value of 137
2016-03-13 23:48:37,276 : Machine 3 (clock rate = 6) sending to Machine 1 logical clock value of 138 at 22.93s
2016-03-13 23:48:37,355 : Machine 1 (clock rate = 1) received message with lc value of 116 with queue size of 4 at 23.01s with logical clock of 96
2016-03-13 23:48:37,356 : Machine 1 (clock rate = 1) has internal event at 23.01s with logical clock value of 116
2016-03-13 23:48:37,385 : Machine 2 (clock rate = 3) received message with lc value of 138 with queue size of 1 at 23.04s with logical clock of 137
2016-03-13 23:48:37,386 : Machine 2 (clock rate = 3) has internal event at 23.04s with logical clock value of 138
2016-03-13 23:48:37,444 : Machine 3 (clock rate = 6) has internal event at 23.10s with logical clock value of 139
2016-03-13 23:48:37,611 : Machine 3 (clock rate = 6) has internal event at 23.27s with logical clock value of 140
2016-03-13 23:48:37,720 : Machine 2 (clock rate = 3) has internal event at 23.38s with logical clock value of 139
2016-03-13 23:48:37,778 : Machine 3 (clock rate = 6) has internal event at 23.43s with logical clock value of 141
2016-03-13 23:48:37,946 : Machine 3 (clock rate = 6) has internal event at 23.60s with logical clock value of 142
2016-03-13 23:48:38,054 : Machine 2 (clock rate = 3) has internal event at 23.71s with logical clock value of 140
2016-03-13 23:48:38,113 : Machine 3 (clock rate = 6) has internal event at 23.77s with logical clock value of 143
2016-03-13 23:48:38,280 : Machine 3 (clock rate = 6) sending to Machine 1 logical clock value of 144 at 23.94s
2016-03-13 23:48:38,356 : Machine 1 (clock rate = 1) received message with lc value of 134 with queue size of 4 at 24.01s with logical clock of 117
2016-03-13 23:48:38,357 : Machine 1 (clock rate = 1) sending to Machine 2 logical clock value of 134 at 24.01s
2016-03-13 23:48:38,388 : Machine 2 (clock rate = 3) has internal event at 24.04s with logical clock value of 141
2016-03-13 23:48:38,447 : Machine 3 (clock rate = 6) received message with lc value of 134 with queue size of 1 at 24.10s with logical clock of 145
2016-03-13 23:48:38,448 : Machine 3 (clock rate = 6) has internal event at 24.10s with logical clock value of 145
2016-03-13 23:48:38,614 : Machine 3 (clock rate = 6) has internal event at 24.27s with logical clock value of 146
2016-03-13 23:48:38,722 : Machine 2 (clock rate = 3) has internal event at 24.38s with logical clock value of 142
2016-03-13 23:48:38,782 : Machine 3 (clock rate = 6) sending to Machine 1 logical clock value of 147 at 24.44s
2016-03-13 23:48:38,949 : Machine 3 (clock rate = 6) sending to Machine 1 logical clock value of 148 at 24.60s
2016-03-13 23:48:39,056 : Machine 2 (clock rate = 3) sending to Machine 1 logical clock value of 143 at 24.71s
2016-03-13 23:48:39,116 : Machine 3 (clock rate = 6) received message with lc value of 143 with queue size of 1 at 24.77s with logical clock of 149
2016-03-13 23:48:39,116 : Machine 3 (clock rate = 6) has internal event at 24.77s with logical clock value of 149
2016-03-13 23:48:39,284 : Machine 3 (clock rate = 6) has internal event at 24.94s with logical clock value of 150
2016-03-13 23:48:39,356 : Machine 1 (clock rate = 1) received message with lc value of 128 with queue size of 5 at 25.01s with logical clock of 135
2016-03-13 23:48:39,357 : Machine 1 (clock rate = 1) has internal event at 25.01s with logical clock value of 135
2016-03-13 23:48:39,389 : Machine 2 (clock rate = 3) has internal event at 25.05s with logical clock value of 144
2016-03-13 23:48:39,451 : Machine 3 (clock rate = 6) sending to Machine 1 logical clock value of 151 at 25.11s
2016-03-13 23:48:39,618 : Machine 3 (clock rate = 6) has internal event at 25.27s with logical clock value of 152
2016-03-13 23:48:39,724 : Machine 2 (clock rate = 3) has internal event at 25.38s with logical clock value of 145
2016-03-13 23:48:39,787 : Machine 3 (clock rate = 6) has internal event at 25.44s with logical clock value of 153
2016-03-13 23:48:39,953 : Machine 3 (clock rate = 6) sending to Machine 1 logical clock value of 154 at 25.61s
2016-03-13 23:48:40,059 : Machine 2 (clock rate = 3) has internal event at 25.71s with logical clock value of 146
2016-03-13 23:48:40,120 : Machine 3 (clock rate = 6) has internal event at 25.78s with logical clock value of 155
2016-03-13 23:48:40,288 : Machine 3 (clock rate = 6) has internal event at 25.94s with logical clock value of 156
2016-03-13 23:48:40,357 : Machine 1 (clock rate = 1) received message with lc value of 135 with queue size of 6 at 26.01s with logical clock of 136
2016-03-13 23:48:40,357 : Machine 1 (clock rate = 1) has internal event at 26.01s with logical clock value of 136
2016-03-13 23:48:40,393 : Machine 2 (clock rate = 3) has internal event at 26.05s with logical clock value of 147
2016-03-13 23:48:40,456 : Machine 3 (clock rate = 6) sending to Machine 1 logical clock value of 157 at 26.11s
2016-03-13 23:48:40,623 : Machine 3 (clock rate = 6) sending to Machine 1 logical clock value of 158 at 26.28s
2016-03-13 23:48:40,727 : Machine 2 (clock rate = 3) received message with lc value of 158 with queue size of 1 at 26.38s with logical clock of 148
2016-03-13 23:48:40,727 : Machine 2 (clock rate = 3) sending to Machine 1 logical clock value of 158 at 26.38s
2016-03-13 23:48:40,790 : Machine 3 (clock rate = 6) received message with lc value of 158 with queue size of 1 at 26.45s with logical clock of 159
2016-03-13 23:48:40,791 : Machine 3 (clock rate = 6) has internal event at 26.45s with logical clock value of 159
2016-03-13 23:48:40,957 : Machine 3 (clock rate = 6) sending to Machine 1 logical clock value of 160 at 26.61s
2016-03-13 23:48:41,061 : Machine 2 (clock rate = 3) received message with lc value of 160 with queue size of 1 at 26.72s with logical clock of 159
2016-03-13 23:48:41,062 : Machine 2 (clock rate = 3) has internal event at 26.72s with logical clock value of 160
2016-03-13 23:48:41,125 : Machine 3 (clock rate = 6) sending to Machine 1 logical clock value of 161 at 26.78s
2016-03-13 23:48:41,292 : Machine 3 (clock rate = 6) sending to Machine 1 logical clock value of 162 at 26.95s
2016-03-13 23:48:41,358 : Machine 1 (clock rate = 1) received message with lc value of 144 with queue size of 7 at 27.01s with logical clock of 137
2016-03-13 23:48:41,358 : Machine 1 (clock rate = 1) has internal event at 27.01s with logical clock value of 144
2016-03-13 23:48:41,395 : Machine 2 (clock rate = 3) received message with lc value of 161 with queue size of 1 at 27.05s with logical clock of 161
2016-03-13 23:48:41,396 : Machine 2 (clock rate = 3) has internal event at 27.05s with logical clock value of 161
2016-03-13 23:48:41,459 : Machine 3 (clock rate = 6) has internal event at 27.11s with logical clock value of 163
2016-03-13 23:48:41,627 : Machine 3 (clock rate = 6) has internal event at 27.28s with logical clock value of 164
2016-03-13 23:48:41,730 : Machine 2 (clock rate = 3) has internal event at 27.39s with logical clock value of 162
2016-03-13 23:48:41,794 : Machine 3 (clock rate = 6) has internal event at 27.45s with logical clock value of 165
2016-03-13 23:48:41,961 : Machine 3 (clock rate = 6) sending to Machine 1 logical clock value of 166 at 27.62s
2016-03-13 23:48:42,063 : Machine 2 (clock rate = 3) received message with lc value of 166 with queue size of 1 at 27.72s with logical clock of 163
2016-03-13 23:48:42,064 : Machine 2 (clock rate = 3) has internal event at 27.72s with logical clock value of 166
2016-03-13 23:48:42,128 : Machine 3 (clock rate = 6) has internal event at 27.78s with logical clock value of 167
2016-03-13 23:48:42,295 : Machine 3 (clock rate = 6) has internal event at 27.95s with logical clock value of 168
2016-03-13 23:48:42,359 : Machine 1 (clock rate = 1) received message with lc value of 147 with queue size of 6 at 28.02s with logical clock of 145
2016-03-13 23:48:42,360 : Machine 1 (clock rate = 1) has internal event at 28.02s with logical clock value of 147
2016-03-13 23:48:42,397 : Machine 2 (clock rate = 3) has internal event at 28.05s with logical clock value of 167
2016-03-13 23:48:42,462 : Machine 3 (clock rate = 6) has internal event at 28.12s with logical clock value of 169
2016-03-13 23:48:42,630 : Machine 3 (clock rate = 6) has internal event at 28.29s with logical clock value of 170
2016-03-13 23:48:42,732 : Machine 2 (clock rate = 3) has internal event at 28.39s with logical clock value of 168
2016-03-13 23:48:42,797 : Machine 3 (clock rate = 6) has internal event at 28.45s with logical clock value of 171
2016-03-13 23:48:42,964 : Machine 3 (clock rate = 6) has internal event at 28.62s with logical clock value of 172
2016-03-13 23:48:43,067 : Machine 2 (clock rate = 3) has internal event at 28.72s with logical clock value of 169
2016-03-13 23:48:43,131 : Machine 3 (clock rate = 6) sending to Machine 1 logical clock value of 173 at 28.79s
2016-03-13 23:48:43,299 : Machine 3 (clock rate = 6) has internal event at 28.96s with logical clock value of 174
2016-03-13 23:48:43,359 : Machine 1 (clock rate = 1) received message with lc value of 148 with queue size of 6 at 29.02s with logical clock of 148
2016-03-13 23:48:43,360 : Machine 1 (clock rate = 1) sending to Machine 2 logical clock value of 148 at 29.02s
2016-03-13 23:48:43,400 : Machine 2 (clock rate = 3) received message with lc value of 148 with queue size of 1 at 29.06s with logical clock of 170
2016-03-13 23:48:43,400 : Machine 2 (clock rate = 3) has internal event at 29.06s with logical clock value of 170
2016-03-13 23:48:43,467 : Machine 3 (clock rate = 6) sending to Machine 1 logical clock value of 175 at 29.12s
2016-03-13 23:48:43,634 : Machine 3 (clock rate = 6) has internal event at 29.29s with logical clock value of 176
2016-03-13 23:48:43,734 : Machine 2 (clock rate = 3) has internal event at 29.39s with logical clock value of 171
2016-03-13 23:48:43,801 : Machine 3 (clock rate = 6) sending to Machine 1 logical clock value of 177 at 29.46s
2016-03-13 23:48:43,969 : Machine 3 (clock rate = 6) has internal event at 29.62s with logical clock value of 178
2016-03-13 23:48:44,068 : Machine 2 (clock rate = 3) has internal event at 29.72s with logical clock value of 172
2016-03-13 23:48:44,136 : Machine 3 (clock rate = 6) has internal event at 29.79s with logical clock value of 179
2016-03-13 23:48:44,304 : Machine 3 (clock rate = 6) sending to Machine 1 logical clock value of 180 at 29.96s
2016-03-13 23:48:44,359 : Machine 1 (clock rate = 1) received message with lc value of 151 with queue size of 7 at 30.02s with logical clock of 149
2016-03-13 23:48:44,360 : Machine 1 (clock rate = 1) has internal event at 30.02s with logical clock value of 151
2016-03-13 23:48:44,402 : Machine 2 (clock rate = 3) received message with lc value of 180 with queue size of 1 at 30.06s with logical clock of 173
2016-03-13 23:48:44,402 : Machine 2 (clock rate = 3) has internal event at 30.06s with logical clock value of 180
2016-03-13 23:48:44,471 : Machine 3 (clock rate = 6) has internal event at 30.13s with logical clock value of 181
2016-03-13 23:48:44,638 : Machine 3 (clock rate = 6) has internal event at 30.29s with logical clock value of 182
2016-03-13 23:48:44,736 : Machine 2 (clock rate = 3) has internal event at 30.39s with logical clock value of 181
2016-03-13 23:48:44,806 : Machine 3 (clock rate = 6) has internal event at 30.46s with logical clock value of 183
2016-03-13 23:48:44,973 : Machine 3 (clock rate = 6) sending to Machine 1 logical clock value of 184 at 30.63s
2016-03-13 23:48:45,071 : Machine 2 (clock rate = 3) sending to Machine 1 logical clock value of 182 at 30.73s
2016-03-13 23:48:45,140 : Machine 3 (clock rate = 6) received message with lc value of 182 with queue size of 1 at 30.80s with logical clock of 185
2016-03-13 23:48:45,140 : Machine 3 (clock rate = 6) has internal event at 30.80s with logical clock value of 185
2016-03-13 23:48:45,307 : Machine 3 (clock rate = 6) has internal event at 30.96s with logical clock value of 186
2016-03-13 23:48:45,360 : Machine 1 (clock rate = 1) received message with lc value of 154 with queue size of 7 at 31.02s with logical clock of 152
2016-03-13 23:48:45,360 : Machine 1 (clock rate = 1) has internal event at 31.02s with logical clock value of 154
2016-03-13 23:48:45,405 : Machine 2 (clock rate = 3) sending to Machine 1 logical clock value of 183 at 31.06s
2016-03-13 23:48:45,475 : Machine 3 (clock rate = 6) received message with lc value of 183 with queue size of 1 at 31.13s with logical clock of 187
2016-03-13 23:48:45,475 : Machine 3 (clock rate = 6) has internal event at 31.13s with logical clock value of 187
2016-03-13 23:48:45,643 : Machine 3 (clock rate = 6) has internal event at 31.30s with logical clock value of 188
2016-03-13 23:48:45,738 : Machine 2 (clock rate = 3) sending to Machine 1 logical clock value of 184 at 31.39s
2016-03-13 23:48:45,810 : Machine 3 (clock rate = 6) received message with lc value of 184 with queue size of 1 at 31.47s with logical clock of 189
2016-03-13 23:48:45,810 : Machine 3 (clock rate = 6) has internal event at 31.47s with logical clock value of 189
2016-03-13 23:48:45,977 : Machine 3 (clock rate = 6) sending to Machine 1 logical clock value of 190 at 31.63s
2016-03-13 23:48:46,072 : Machine 2 (clock rate = 3) has internal event at 31.73s with logical clock value of 185
2016-03-13 23:48:46,145 : Machine 3 (clock rate = 6) has internal event at 31.80s with logical clock value of 191
2016-03-13 23:48:46,312 : Machine 3 (clock rate = 6) has internal event at 31.97s with logical clock value of 192
2016-03-13 23:48:46,360 : Machine 1 (clock rate = 1) received message with lc value of 157 with queue size of 7 at 32.02s with logical clock of 155
2016-03-13 23:48:46,361 : Machine 1 (clock rate = 1) has internal event at 32.02s with logical clock value of 157
2016-03-13 23:48:46,407 : Machine 2 (clock rate = 3) has internal event at 32.06s with logical clock value of 186
2016-03-13 23:48:46,479 : Machine 3 (clock rate = 6) sending to Machine 1 logical clock value of 193 at 32.13s
2016-03-13 23:48:46,646 : Machine 3 (clock rate = 6) has internal event at 32.30s with logical clock value of 194
2016-03-13 23:48:46,740 : Machine 2 (clock rate = 3) received message with lc value of 193 with queue size of 1 at 32.40s with logical clock of 187
2016-03-13 23:48:46,741 : Machine 2 (clock rate = 3) has internal event at 32.40s with logical clock value of 193
2016-03-13 23:48:46,814 : Machine 3 (clock rate = 6) has internal event at 32.47s with logical clock value of 195
2016-03-13 23:48:46,982 : Machine 3 (clock rate = 6) has internal event at 32.64s with logical clock value of 196
2016-03-13 23:48:47,075 : Machine 2 (clock rate = 3) has internal event at 32.73s with logical clock value of 194
2016-03-13 23:48:47,148 : Machine 3 (clock rate = 6) sending to Machine 1 logical clock value of 197 at 32.80s
2016-03-13 23:48:47,316 : Machine 3 (clock rate = 6) has internal event at 32.97s with logical clock value of 198
2016-03-13 23:48:47,361 : Machine 1 (clock rate = 1) received message with lc value of 162 with queue size of 7 at 33.02s with logical clock of 158
2016-03-13 23:48:47,361 : Machine 1 (clock rate = 1) sending to Machine 2 logical clock value of 162 at 33.02s
2016-03-13 23:48:47,408 : Machine 2 (clock rate = 3) sending to Machine 1 logical clock value of 195 at 33.06s
2016-03-13 23:48:47,483 : Machine 3 (clock rate = 6) received message with lc value of 162 with queue size of 2 at 33.14s with logical clock of 199
2016-03-13 23:48:47,484 : Machine 3 (clock rate = 6) has internal event at 33.14s with logical clock value of 199
2016-03-13 23:48:47,650 : Machine 3 (clock rate = 6) received message with lc value of 195 with queue size of 1 at 33.31s with logical clock of 200
2016-03-13 23:48:47,650 : Machine 3 (clock rate = 6) sending to Machine 1 logical clock value of 200 at 33.31s
2016-03-13 23:48:47,742 : Machine 2 (clock rate = 3) received message with lc value of 200 with queue size of 1 at 33.40s with logical clock of 196
2016-03-13 23:48:47,742 : Machine 2 (clock rate = 3) sending to Machine 1 logical clock value of 200 at 33.40s
2016-03-13 23:48:47,817 : Machine 3 (clock rate = 6) received message with lc value of 200 with queue size of 1 at 33.47s with logical clock of 201
2016-03-13 23:48:47,817 : Machine 3 (clock rate = 6) sending to Machine 1 logical clock value of 201 at 33.47s
2016-03-13 23:48:47,984 : Machine 3 (clock rate = 6) has internal event at 33.64s with logical clock value of 202
2016-03-13 23:48:48,075 : Machine 2 (clock rate = 3) received message with lc value of 201 with queue size of 1 at 33.73s with logical clock of 201
2016-03-13 23:48:48,075 : Machine 2 (clock rate = 3) sending to Machine 1 logical clock value of 201 at 33.73s
2016-03-13 23:48:48,151 : Machine 3 (clock rate = 6) has internal event at 33.81s with logical clock value of 203
2016-03-13 23:48:48,318 : Machine 3 (clock rate = 6) has internal event at 33.97s with logical clock value of 204
2016-03-13 23:48:48,362 : Machine 1 (clock rate = 1) received message with lc value of 173 with queue size of 7 at 34.02s with logical clock of 163
2016-03-13 23:48:48,362 : Machine 1 (clock rate = 1) has internal event at 34.02s with logical clock value of 173
2016-03-13 23:48:48,409 : Machine 2 (clock rate = 3) sending to Machine 1 logical clock value of 202 at 34.07s
2016-03-13 23:48:48,485 : Machine 3 (clock rate = 6) received message with lc value of 202 with queue size of 1 at 34.14s with logical clock of 205
2016-03-13 23:48:48,486 : Machine 3 (clock rate = 6) has internal event at 34.14s with logical clock value of 205
2016-03-13 23:48:48,652 : Machine 3 (clock rate = 6) sending to Machine 1 logical clock value of 206 at 34.31s
2016-03-13 23:48:48,743 : Machine 2 (clock rate = 3) sending to Machine 1 logical clock value of 203 at 34.40s
2016-03-13 23:48:48,820 : Machine 3 (clock rate = 6) received message with lc value of 203 with queue size of 1 at 34.48s with logical clock of 207
2016-03-13 23:48:48,821 : Machine 3 (clock rate = 6) has internal event at 34.48s with logical clock value of 207
2016-03-13 23:48:48,987 : Machine 3 (clock rate = 6) has internal event at 34.64s with logical clock value of 208
2016-03-13 23:48:49,077 : Machine 2 (clock rate = 3) has internal event at 34.73s with logical clock value of 204
2016-03-13 23:48:49,154 : Machine 3 (clock rate = 6) has internal event at 34.81s with logical clock value of 209
2016-03-13 23:48:49,322 : Machine 3 (clock rate = 6) has internal event at 34.98s with logical clock value of 210
2016-03-13 23:48:49,362 : Machine 1 (clock rate = 1) received message with lc value of 175 with queue size of 7 at 35.02s with logical clock of 174
2016-03-13 23:48:49,363 : Machine 1 (clock rate = 1) has internal event at 35.02s with logical clock value of 175
2016-03-13 23:48:49,411 : Machine 2 (clock rate = 3) has internal event at 35.07s with logical clock value of 205
2016-03-13 23:48:49,489 : Machine 3 (clock rate = 6) has internal event at 35.14s with logical clock value of 211
2016-03-13 23:48:49,657 : Machine 3 (clock rate = 6) has internal event at 35.31s with logical clock value of 212
2016-03-13 23:48:49,745 : Machine 2 (clock rate = 3) has internal event at 35.40s with logical clock value of 206
2016-03-13 23:48:49,824 : Machine 3 (clock rate = 6) has internal event at 35.48s with logical clock value of 213
2016-03-13 23:48:49,991 : Machine 3 (clock rate = 6) has internal event at 35.65s with logical clock value of 214
2016-03-13 23:48:50,079 : Machine 2 (clock rate = 3) has internal event at 35.73s with logical clock value of 207
2016-03-13 23:48:50,159 : Machine 3 (clock rate = 6) has internal event at 35.82s with logical clock value of 215
2016-03-13 23:48:50,327 : Machine 3 (clock rate = 6) has internal event at 35.98s with logical clock value of 216
2016-03-13 23:48:50,363 : Machine 1 (clock rate = 1) received message with lc value of 177 with queue size of 6 at 36.02s with logical clock of 176
2016-03-13 23:48:50,363 : Machine 1 (clock rate = 1) has internal event at 36.02s with logical clock value of 177
2016-03-13 23:48:50,412 : Machine 2 (clock rate = 3) has internal event at 36.07s with logical clock value of 208
2016-03-13 23:48:50,494 : Machine 3 (clock rate = 6) has internal event at 36.15s with logical clock value of 217
2016-03-13 23:48:50,662 : Machine 3 (clock rate = 6) has internal event at 36.32s with logical clock value of 218
2016-03-13 23:48:50,747 : Machine 2 (clock rate = 3) has internal event at 36.40s with logical clock value of 209
2016-03-13 23:48:50,829 : Machine 3 (clock rate = 6) sending to Machine 1 logical clock value of 219 at 36.48s
2016-03-13 23:48:50,996 : Machine 3 (clock rate = 6) has internal event at 36.65s with logical clock value of 220
2016-03-13 23:48:51,081 : Machine 2 (clock rate = 3) received message with lc value of 219 with queue size of 1 at 36.74s with logical clock of 210
2016-03-13 23:48:51,081 : Machine 2 (clock rate = 3) has internal event at 36.74s with logical clock value of 219
2016-03-13 23:48:51,163 : Machine 3 (clock rate = 6) sending to Machine 1 logical clock value of 221 at 36.82s
2016-03-13 23:48:51,330 : Machine 3 (clock rate = 6) sending to Machine 1 logical clock value of 222 at 36.99s
2016-03-13 23:48:51,364 : Machine 1 (clock rate = 1) received message with lc value of 184 with queue size of 5 at 37.02s with logical clock of 178
2016-03-13 23:48:51,364 : Machine 1 (clock rate = 1) sending to Machine 2 logical clock value of 184 at 37.02s
2016-03-13 23:48:51,415 : Machine 2 (clock rate = 3) received message with lc value of 221 with queue size of 3 at 37.07s with logical clock of 220
2016-03-13 23:48:51,415 : Machine 2 (clock rate = 3) sending to Machine 1 logical clock value of 221 at 37.07s
2016-03-13 23:48:51,498 : Machine 3 (clock rate = 6) received message with lc value of 221 with queue size of 1 at 37.15s with logical clock of 223
2016-03-13 23:48:51,498 : Machine 3 (clock rate = 6) has internal event at 37.15s with logical clock value of 223
2016-03-13 23:48:51,666 : Machine 3 (clock rate = 6) has internal event at 37.32s with logical clock value of 224
2016-03-13 23:48:51,748 : Machine 2 (clock rate = 3) received message with lc value of 222 with queue size of 2 at 37.40s with logical clock of 222
2016-03-13 23:48:51,749 : Machine 2 (clock rate = 3) sending to Machine 1 logical clock value of 222 at 37.41s
2016-03-13 23:48:51,834 : Machine 3 (clock rate = 6) sending to Machine 1 logical clock value of 225 at 37.49s
2016-03-13 23:48:52,001 : Machine 3 (clock rate = 6) has internal event at 37.66s with logical clock value of 226
2016-03-13 23:48:52,083 : Machine 2 (clock rate = 3) received message with lc value of 184 with queue size of 2 at 37.74s with logical clock of 223
2016-03-13 23:48:52,084 : Machine 2 (clock rate = 3) has internal event at 37.74s with logical clock value of 223
2016-03-13 23:48:52,168 : Machine 3 (clock rate = 6) sending to Machine 1 logical clock value of 227 at 37.82s
2016-03-13 23:48:52,336 : Machine 3 (clock rate = 6) has internal event at 37.99s with logical clock value of 228
2016-03-13 23:48:52,364 : Machine 1 (clock rate = 1) received message with lc value of 190 with queue size of 5 at 38.02s with logical clock of 185
2016-03-13 23:48:52,365 : Machine 1 (clock rate = 1) has internal event at 38.02s with logical clock value of 190
2016-03-13 23:48:52,417 : Machine 2 (clock rate = 3) received message with lc value of 225 with queue size of 2 at 38.07s with logical clock of 224
2016-03-13 23:48:52,418 : Machine 2 (clock rate = 3) sending to Machine 1 logical clock value of 225 at 38.07s
2016-03-13 23:48:52,503 : Machine 3 (clock rate = 6) received message with lc value of 225 with queue size of 1 at 38.16s with logical clock of 229
2016-03-13 23:48:52,503 : Machine 3 (clock rate = 6) has internal event at 38.16s with logical clock value of 229
2016-03-13 23:48:52,669 : Machine 3 (clock rate = 6) has internal event at 38.33s with logical clock value of 230
2016-03-13 23:48:52,751 : Machine 2 (clock rate = 3) received message with lc value of 227 with queue size of 1 at 38.41s with logical clock of 226
2016-03-13 23:48:52,751 : Machine 2 (clock rate = 3) has internal event at 38.41s with logical clock value of 227
2016-03-13 23:48:52,836 : Machine 3 (clock rate = 6) has internal event at 38.49s with logical clock value of 231
2016-03-13 23:48:53,004 : Machine 3 (clock rate = 6) has internal event at 38.66s with logical clock value of 232
2016-03-13 23:48:53,085 : Machine 2 (clock rate = 3) has internal event at 38.74s with logical clock value of 228
2016-03-13 23:48:53,170 : Machine 3 (clock rate = 6) has internal event at 38.83s with logical clock value of 233
2016-03-13 23:48:53,338 : Machine 3 (clock rate = 6) has internal event at 38.99s with logical clock value of 234
2016-03-13 23:48:53,365 : Machine 1 (clock rate = 1) received message with lc value of 197 with queue size of 4 at 39.02s with logical clock of 191
2016-03-13 23:48:53,365 : Machine 1 (clock rate = 1) sending to Machine 2 logical clock value of 197 at 39.02s
2016-03-13 23:48:53,419 : Machine 2 (clock rate = 3) sending to Machine 1 logical clock value of 229 at 39.08s
2016-03-13 23:48:53,506 : Machine 3 (clock rate = 6) received message with lc value of 197 with queue size of 2 at 39.16s with logical clock of 235
2016-03-13 23:48:53,506 : Machine 3 (clock rate = 6) has internal event at 39.16s with logical clock value of 235
2016-03-13 23:48:53,673 : Machine 3 (clock rate = 6) received message with lc value of 229 with queue size of 1 at 39.33s with logical clock of 236
2016-03-13 23:48:53,673 : Machine 3 (clock rate = 6) has internal event at 39.33s with logical clock value of 236
2016-03-13 23:48:53,753 : Machine 2 (clock rate = 3) sending to Machine 1 logical clock value of 230 at 39.41s
2016-03-13 23:48:53,840 : Machine 3 (clock rate = 6) received message with lc value of 230 with queue size of 1 at 39.50s with logical clock of 237
2016-03-13 23:48:53,841 : Machine 3 (clock rate = 6) has internal event at 39.50s with logical clock value of 237
2016-03-13 23:48:54,007 : Machine 3 (clock rate = 6) has internal event at 39.66s with logical clock value of 238
2016-03-13 23:48:54,087 : Machine 2 (clock rate = 3) has internal event at 39.74s with logical clock value of 231
2016-03-13 23:48:54,175 : Machine 3 (clock rate = 6) has internal event at 39.83s with logical clock value of 239
2016-03-13 23:48:54,343 : Machine 3 (clock rate = 6) has internal event at 40.00s with logical clock value of 240
2016-03-13 23:48:54,366 : Machine 1 (clock rate = 1) received message with lc value of 201 with queue size of 3 at 40.02s with logical clock of 198
2016-03-13 23:48:54,367 : Machine 1 (clock rate = 1) sending to Machine 2 logical clock value of 201 at 40.02s
2016-03-13 23:48:54,421 : Machine 2 (clock rate = 3) received message with lc value of 201 with queue size of 1 at 40.08s with logical clock of 232
2016-03-13 23:48:54,422 : Machine 2 (clock rate = 3) has internal event at 40.08s with logical clock value of 232
2016-03-13 23:48:54,510 : Machine 3 (clock rate = 6) has internal event at 40.17s with logical clock value of 241
2016-03-13 23:48:54,678 : Machine 3 (clock rate = 6) has internal event at 40.33s with logical clock value of 242
2016-03-13 23:48:54,755 : Machine 2 (clock rate = 3) has internal event at 40.41s with logical clock value of 233
2016-03-13 23:48:54,845 : Machine 3 (clock rate = 6) has internal event at 40.50s with logical clock value of 243
2016-03-13 23:48:55,012 : Machine 3 (clock rate = 6) has internal event at 40.67s with logical clock value of 244
2016-03-13 23:48:55,089 : Machine 2 (clock rate = 3) has internal event at 40.75s with logical clock value of 234
2016-03-13 23:48:55,180 : Machine 3 (clock rate = 6) sending to Machine 1 logical clock value of 245 at 40.84s
2016-03-13 23:48:55,348 : Machine 3 (clock rate = 6) has internal event at 41.00s with logical clock value of 246
2016-03-13 23:48:55,367 : Machine 1 (clock rate = 1) received message with lc value of 206 with queue size of 3 at 41.02s with logical clock of 202
2016-03-13 23:48:55,368 : Machine 1 (clock rate = 1) sending to Machine 2 logical clock value of 206 at 41.02s
2016-03-13 23:48:55,423 : Machine 2 (clock rate = 3) received message with lc value of 206 with queue size of 1 at 41.08s with logical clock of 235
2016-03-13 23:48:55,424 : Machine 2 (clock rate = 3) sending to Machine 1 logical clock value of 235 at 41.08s
2016-03-13 23:48:55,515 : Machine 3 (clock rate = 6) has internal event at 41.17s with logical clock value of 247
2016-03-13 23:48:55,683 : Machine 3 (clock rate = 6) sending to Machine 1 logical clock value of 248 at 41.34s
2016-03-13 23:48:55,758 : Machine 2 (clock rate = 3) received message with lc value of 248 with queue size of 1 at 41.41s with logical clock of 236
2016-03-13 23:48:55,758 : Machine 2 (clock rate = 3) has internal event at 41.41s with logical clock value of 248
2016-03-13 23:48:55,850 : Machine 3 (clock rate = 6) has internal event at 41.51s with logical clock value of 249
2016-03-13 23:48:56,018 : Machine 3 (clock rate = 6) has internal event at 41.67s with logical clock value of 250
2016-03-13 23:48:56,091 : Machine 2 (clock rate = 3) sending to Machine 1 logical clock value of 249 at 41.75s
2016-03-13 23:48:56,186 : Machine 3 (clock rate = 6) has internal event at 41.84s with logical clock value of 251
2016-03-13 23:48:56,353 : Machine 3 (clock rate = 6) has internal event at 42.01s with logical clock value of 252
2016-03-13 23:48:56,368 : Machine 1 (clock rate = 1) received message with lc value of 222 with queue size of 4 at 42.02s with logical clock of 207
2016-03-13 23:48:56,368 : Machine 1 (clock rate = 1) has internal event at 42.02s with logical clock value of 222
2016-03-13 23:48:56,426 : Machine 2 (clock rate = 3) has internal event at 42.08s with logical clock value of 250
2016-03-13 23:48:56,521 : Machine 3 (clock rate = 6) has internal event at 42.18s with logical clock value of 253
2016-03-13 23:48:56,688 : Machine 3 (clock rate = 6) sending to Machine 1 logical clock value of 254 at 42.34s
2016-03-13 23:48:56,759 : Machine 2 (clock rate = 3) sending to Machine 1 logical clock value of 251 at 42.42s
2016-03-13 23:48:56,856 : Machine 3 (clock rate = 6) has internal event at 42.51s with logical clock value of 255
2016-03-13 23:48:57,024 : Machine 3 (clock rate = 6) has internal event at 42.68s with logical clock value of 256
2016-03-13 23:48:57,094 : Machine 2 (clock rate = 3) has internal event at 42.75s with logical clock value of 252
2016-03-13 23:48:57,191 : Machine 3 (clock rate = 6) has internal event at 42.85s with logical clock value of 257
2016-03-13 23:48:57,359 : Machine 3 (clock rate = 6) has internal event at 43.01s with logical clock value of 258
2016-03-13 23:48:57,368 : Machine 1 (clock rate = 1) received message with lc value of 245 with queue size of 5 at 43.03s with logical clock of 223
2016-03-13 23:48:57,369 : Machine 1 (clock rate = 1) has internal event at 43.03s with logical clock value of 245
2016-03-13 23:48:57,428 : Machine 2 (clock rate = 3) has internal event at 43.08s with logical clock value of 253
2016-03-13 23:48:57,526 : Machine 3 (clock rate = 6) sending to Machine 1 logical clock value of 259 at 43.18s
2016-03-13 23:48:57,693 : Machine 3 (clock rate = 6) has internal event at 43.35s with logical clock value of 260
2016-03-13 23:48:57,762 : Machine 2 (clock rate = 3) has internal event at 43.42s with logical clock value of 254
2016-03-13 23:48:57,861 : Machine 3 (clock rate = 6) has internal event at 43.52s with logical clock value of 261
2016-03-13 23:48:58,028 : Machine 3 (clock rate = 6) has internal event at 43.68s with logical clock value of 262
2016-03-13 23:48:58,096 : Machine 2 (clock rate = 3) has internal event at 43.75s with logical clock value of 255
2016-03-13 23:48:58,196 : Machine 3 (clock rate = 6) has internal event at 43.85s with logical clock value of 263
2016-03-13 23:48:58,364 : Machine 3 (clock rate = 6) has internal event at 44.02s with logical clock value of 264
2016-03-13 23:48:58,370 : Machine 1 (clock rate = 1) received message with lc value of 235 with queue size of 5 at 44.03s with logical clock of 246
2016-03-13 23:48:58,370 : Machine 1 (clock rate = 1) has internal event at 44.03s with logical clock value of 246
2016-03-13 23:48:58,430 : Machine 2 (clock rate = 3) has internal event at 44.09s with logical clock value of 256
2016-03-13 23:48:58,531 : Machine 3 (clock rate = 6) has internal event at 44.19s with logical clock value of 265
2016-03-13 23:48:58,699 : Machine 3 (clock rate = 6) has internal event at 44.35s with logical clock value of 266
2016-03-13 23:48:58,764 : Machine 2 (clock rate = 3) sending to Machine 1 logical clock value of 257 at 44.42s
2016-03-13 23:48:58,867 : Machine 3 (clock rate = 6) has internal event at 44.52s with logical clock value of 267
2016-03-13 23:48:59,034 : Machine 3 (clock rate = 6) has internal event at 44.69s with logical clock value of 268
2016-03-13 23:48:59,097 : Machine 2 (clock rate = 3) sending to Machine 1 logical clock value of 258 at 44.75s
2016-03-13 23:48:59,202 : Machine 3 (clock rate = 6) has internal event at 44.86s with logical clock value of 269
2016-03-13 23:48:59,369 : Machine 3 (clock rate = 6) has internal event at 45.02s with logical clock value of 270
2016-03-13 23:48:59,370 : Machine 1 (clock rate = 1) received message with lc value of 249 with queue size of 6 at 45.03s with logical clock of 247
2016-03-13 23:48:59,371 : Machine 1 (clock rate = 1) has internal event at 45.03s with logical clock value of 249
2016-03-13 23:48:59,431 : Machine 2 (clock rate = 3) has internal event at 45.09s with logical clock value of 259
2016-03-13 23:48:59,536 : Machine 3 (clock rate = 6) has internal event at 45.19s with logical clock value of 271
2016-03-13 23:48:59,704 : Machine 3 (clock rate = 6) has internal event at 45.36s with logical clock value of 272
2016-03-13 23:48:59,765 : Machine 2 (clock rate = 3) has internal event at 45.42s with logical clock value of 260
2016-03-13 23:48:59,871 : Machine 3 (clock rate = 6) has internal event at 45.53s with logical clock value of 273
2016-03-13 23:49:00,039 : Machine 3 (clock rate = 6) has internal event at 45.69s with logical clock value of 274
2016-03-13 23:49:00,099 : Machine 2 (clock rate = 3) has internal event at 45.76s with logical clock value of 261
2016-03-13 23:49:00,206 : Machine 3 (clock rate = 6) has internal event at 45.86s with logical clock value of 275
2016-03-13 23:49:00,370 : Machine 1 (clock rate = 1) received message with lc value of 254 with queue size of 5 at 46.03s with logical clock of 250
2016-03-13 23:49:00,371 : Machine 1 (clock rate = 1) has internal event at 46.03s with logical clock value of 254
2016-03-13 23:49:00,374 : Machine 3 (clock rate = 6) sending to Machine 1 logical clock value of 276 at 46.03s
2016-03-13 23:49:00,434 : Machine 2 (clock rate = 3) received message with lc value of 276 with queue size of 1 at 46.09s with logical clock of 262
2016-03-13 23:49:00,434 : Machine 2 (clock rate = 3) has internal event at 46.09s with logical clock value of 276
2016-03-13 23:49:00,541 : Machine 3 (clock rate = 6) has internal event at 46.20s with logical clock value of 277
2016-03-13 23:49:00,709 : Machine 3 (clock rate = 6) has internal event at 46.36s with logical clock value of 278
2016-03-13 23:49:00,767 : Machine 2 (clock rate = 3) has internal event at 46.42s with logical clock value of 277
2016-03-13 23:49:00,876 : Machine 3 (clock rate = 6) has internal event at 46.53s with logical clock value of 279
2016-03-13 23:49:01,043 : Machine 3 (clock rate = 6) has internal event at 46.70s with logical clock value of 280
2016-03-13 23:49:01,101 : Machine 2 (clock rate = 3) has internal event at 46.76s with logical clock value of 278
2016-03-13 23:49:01,210 : Machine 3 (clock rate = 6) has internal event at 46.87s with logical clock value of 281
2016-03-13 23:49:01,371 : Machine 1 (clock rate = 1) received message with lc value of 251 with queue size of 4 at 47.03s with logical clock of 255
2016-03-13 23:49:01,371 : Machine 1 (clock rate = 1) has internal event at 47.03s with logical clock value of 255
2016-03-13 23:49:01,378 : Machine 3 (clock rate = 6) has internal event at 47.03s with logical clock value of 282
2016-03-13 23:49:01,435 : Machine 2 (clock rate = 3) has internal event at 47.09s with logical clock value of 279
2016-03-13 23:49:01,546 : Machine 3 (clock rate = 6) sending to Machine 1 logical clock value of 283 at 47.20s
2016-03-13 23:49:01,713 : Machine 3 (clock rate = 6) has internal event at 47.37s with logical clock value of 284
2016-03-13 23:49:01,769 : Machine 2 (clock rate = 3) has internal event at 47.43s with logical clock value of 280
2016-03-13 23:49:01,881 : Machine 3 (clock rate = 6) has internal event at 47.54s with logical clock value of 285
2016-03-13 23:49:02,049 : Machine 3 (clock rate = 6) has internal event at 47.70s with logical clock value of 286
2016-03-13 23:49:02,103 : Machine 2 (clock rate = 3) has internal event at 47.76s with logical clock value of 281
2016-03-13 23:49:02,217 : Machine 3 (clock rate = 6) has internal event at 47.87s with logical clock value of 287
2016-03-13 23:49:02,372 : Machine 1 (clock rate = 1) received message with lc value of 259 with queue size of 4 at 48.03s with logical clock of 256
2016-03-13 23:49:02,373 : Machine 1 (clock rate = 1) has internal event at 48.03s with logical clock value of 259
2016-03-13 23:49:02,384 : Machine 3 (clock rate = 6) has internal event at 48.04s with logical clock value of 288
2016-03-13 23:49:02,437 : Machine 2 (clock rate = 3) has internal event at 48.09s with logical clock value of 282
2016-03-13 23:49:02,551 : Machine 3 (clock rate = 6) has internal event at 48.21s with logical clock value of 289
2016-03-13 23:49:02,719 : Machine 3 (clock rate = 6) sending to Machine 1 logical clock value of 290 at 48.37s
2016-03-13 23:49:02,771 : Machine 2 (clock rate = 3) has internal event at 48.43s with logical clock value of 283
2016-03-13 23:49:02,887 : Machine 3 (clock rate = 6) has internal event at 48.54s with logical clock value of 291
2016-03-13 23:49:03,054 : Machine 3 (clock rate = 6) has internal event at 48.71s with logical clock value of 292
2016-03-13 23:49:03,106 : Machine 2 (clock rate = 3) has internal event at 48.76s with logical clock value of 284
2016-03-13 23:49:03,222 : Machine 3 (clock rate = 6) has internal event at 48.88s with logical clock value of 293
2016-03-13 23:49:03,374 : Machine 1 (clock rate = 1) received message with lc value of 257 with queue size of 4 at 49.03s with logical clock of 260
2016-03-13 23:49:03,375 : Machine 1 (clock rate = 1) sending to Machine 2 logical clock value of 260 at 49.03s
2016-03-13 23:49:03,390 : Machine 3 (clock rate = 6) has internal event at 49.05s with logical clock value of 294
2016-03-13 23:49:03,440 : Machine 2 (clock rate = 3) received message with lc value of 260 with queue size of 1 at 49.10s with logical clock of 285
2016-03-13 23:49:03,441 : Machine 2 (clock rate = 3) has internal event at 49.10s with logical clock value of 285
2016-03-13 23:49:03,558 : Machine 3 (clock rate = 6) has internal event at 49.21s with logical clock value of 295
2016-03-13 23:49:03,725 : Machine 3 (clock rate = 6) sending to Machine 1 logical clock value of 296 at 49.38s
2016-03-13 23:49:03,774 : Machine 2 (clock rate = 3) received message with lc value of 296 with queue size of 1 at 49.43s with logical clock of 286
2016-03-13 23:49:03,774 : Machine 2 (clock rate = 3) has internal event at 49.43s with logical clock value of 296
2016-03-13 23:49:03,893 : Machine 3 (clock rate = 6) has internal event at 49.55s with logical clock value of 297
2016-03-13 23:49:04,061 : Machine 3 (clock rate = 6) sending to Machine 1 logical clock value of 298 at 49.72s
2016-03-13 23:49:04,108 : Machine 2 (clock rate = 3) received message with lc value of 298 with queue size of 1 at 49.76s with logical clock of 297
2016-03-13 23:49:04,109 : Machine 2 (clock rate = 3) has internal event at 49.77s with logical clock value of 298
2016-03-13 23:49:04,228 : Machine 3 (clock rate = 6) has internal event at 49.88s with logical clock value of 299
2016-03-13 23:49:04,374 : Machine 1 (clock rate = 1) received message with lc value of 258 with queue size of 3 at 50.03s with logical clock of 261
2016-03-13 23:49:04,375 : Machine 1 (clock rate = 1) has internal event at 50.03s with logical clock value of 261
2016-03-13 23:49:04,395 : Machine 3 (clock rate = 6) has internal event at 50.05s with logical clock value of 300
2016-03-13 23:49:04,443 : Machine 2 (clock rate = 3) has internal event at 50.10s with logical clock value of 299
2016-03-13 23:49:04,563 : Machine 3 (clock rate = 6) has internal event at 50.22s with logical clock value of 301
2016-03-13 23:49:04,731 : Machine 3 (clock rate = 6) sending to Machine 1 logical clock value of 302 at 50.39s
2016-03-13 23:49:04,777 : Machine 2 (clock rate = 3) has internal event at 50.43s with logical clock value of 300
2016-03-13 23:49:04,898 : Machine 3 (clock rate = 6) sending to Machine 1 logical clock value of 303 at 50.55s
2016-03-13 23:49:05,066 : Machine 3 (clock rate = 6) has internal event at 50.72s with logical clock value of 304
2016-03-13 23:49:05,111 : Machine 2 (clock rate = 3) received message with lc value of 303 with queue size of 1 at 50.77s with logical clock of 301
2016-03-13 23:49:05,112 : Machine 2 (clock rate = 3) has internal event at 50.77s with logical clock value of 303
2016-03-13 23:49:05,233 : Machine 3 (clock rate = 6) has internal event at 50.89s with logical clock value of 305
2016-03-13 23:49:05,375 : Machine 1 (clock rate = 1) received message with lc value of 283 with queue size of 3 at 51.03s with logical clock of 262
2016-03-13 23:49:05,375 : Machine 1 (clock rate = 1) has internal event at 51.03s with logical clock value of 283
2016-03-13 23:49:05,400 : Machine 3 (clock rate = 6) sending to Machine 1 logical clock value of 306 at 51.06s
2016-03-13 23:49:05,445 : Machine 2 (clock rate = 3) has internal event at 51.10s with logical clock value of 304
2016-03-13 23:49:05,568 : Machine 3 (clock rate = 6) has internal event at 51.22s with logical clock value of 307
2016-03-13 23:49:05,736 : Machine 3 (clock rate = 6) has internal event at 51.39s with logical clock value of 308
2016-03-13 23:49:05,779 : Machine 2 (clock rate = 3) has internal event at 51.44s with logical clock value of 305
2016-03-13 23:49:05,903 : Machine 3 (clock rate = 6) sending to Machine 1 logical clock value of 309 at 51.56s
2016-03-13 23:49:06,071 : Machine 3 (clock rate = 6) has internal event at 51.73s with logical clock value of 310
2016-03-13 23:49:06,113 : Machine 2 (clock rate = 3) received message with lc value of 309 with queue size of 1 at 51.77s with logical clock of 306
2016-03-13 23:49:06,114 : Machine 2 (clock rate = 3) has internal event at 51.77s with logical clock value of 309
2016-03-13 23:49:06,239 : Machine 3 (clock rate = 6) has internal event at 51.89s with logical clock value of 311
2016-03-13 23:49:06,375 : Machine 1 (clock rate = 1) received message with lc value of 290 with queue size of 3 at 52.03s with logical clock of 284
2016-03-13 23:49:06,376 : Machine 1 (clock rate = 1) has internal event at 52.03s with logical clock value of 290
2016-03-13 23:49:06,406 : Machine 3 (clock rate = 6) has internal event at 52.06s with logical clock value of 312
2016-03-13 23:49:06,447 : Machine 2 (clock rate = 3) has internal event at 52.10s with logical clock value of 310
2016-03-13 23:49:06,574 : Machine 3 (clock rate = 6) has internal event at 52.23s with logical clock value of 313
2016-03-13 23:49:06,742 : Machine 3 (clock rate = 6) has internal event at 52.40s with logical clock value of 314
2016-03-13 23:49:06,782 : Machine 2 (clock rate = 3) sending to Machine 1 logical clock value of 311 at 52.44s
2016-03-13 23:49:06,909 : Machine 3 (clock rate = 6) received message with lc value of 311 with queue size of 1 at 52.56s with logical clock of 315
2016-03-13 23:49:06,910 : Machine 3 (clock rate = 6) has internal event at 52.57s with logical clock value of 315
2016-03-13 23:49:07,075 : Machine 3 (clock rate = 6) has internal event at 52.73s with logical clock value of 316
2016-03-13 23:49:07,116 : Machine 2 (clock rate = 3) has internal event at 52.77s with logical clock value of 312
2016-03-13 23:49:07,243 : Machine 3 (clock rate = 6) sending to Machine 1 logical clock value of 317 at 52.90s
2016-03-13 23:49:07,376 : Machine 1 (clock rate = 1) received message with lc value of 302 with queue size of 2 at 53.03s with logical clock of 291
2016-03-13 23:49:07,376 : Machine 1 (clock rate = 1) has internal event at 53.03s with logical clock value of 302
2016-03-13 23:49:07,410 : Machine 3 (clock rate = 6) sending to Machine 1 logical clock value of 318 at 53.07s
2016-03-13 23:49:07,450 : Machine 2 (clock rate = 3) received message with lc value of 317 with queue size of 2 at 53.11s with logical clock of 313
2016-03-13 23:49:07,451 : Machine 2 (clock rate = 3) has internal event at 53.11s with logical clock value of 317
2016-03-13 23:49:07,577 : Machine 3 (clock rate = 6) has internal event at 53.23s with logical clock value of 319
2016-03-13 23:49:07,744 : Machine 3 (clock rate = 6) sending to Machine 1 logical clock value of 320 at 53.40s
2016-03-13 23:49:07,784 : Machine 2 (clock rate = 3) received message with lc value of 318 with queue size of 2 at 53.44s with logical clock of 318
2016-03-13 23:49:07,784 : Machine 2 (clock rate = 3) has internal event at 53.44s with logical clock value of 318
2016-03-13 23:49:07,911 : Machine 3 (clock rate = 6) has internal event at 53.57s with logical clock value of 321
2016-03-13 23:49:08,079 : Machine 3 (clock rate = 6) sending to Machine 1 logical clock value of 322 at 53.73s
2016-03-13 23:49:08,118 : Machine 2 (clock rate = 3) received message with lc value of 320 with queue size of 2 at 53.77s with logical clock of 319
2016-03-13 23:49:08,118 : Machine 2 (clock rate = 3) has internal event at 53.77s with logical clock value of 320
2016-03-13 23:49:08,246 : Machine 3 (clock rate = 6) has internal event at 53.90s with logical clock value of 323
2016-03-13 23:49:08,376 : Machine 1 (clock rate = 1) received message with lc value of 306 with queue size of 1 at 54.03s with logical clock of 303
2016-03-13 23:49:08,377 : Machine 1 (clock rate = 1) has internal event at 54.03s with logical clock value of 306
2016-03-13 23:49:08,413 : Machine 3 (clock rate = 6) has internal event at 54.07s with logical clock value of 324
2016-03-13 23:49:08,453 : Machine 2 (clock rate = 3) received message with lc value of 322 with queue size of 1 at 54.11s with logical clock of 321
2016-03-13 23:49:08,453 : Machine 2 (clock rate = 3) sending to Machine 1 logical clock value of 322 at 54.11s
2016-03-13 23:49:08,581 : Machine 3 (clock rate = 6) has internal event at 54.24s with logical clock value of 325
2016-03-13 23:49:08,749 : Machine 3 (clock rate = 6) has internal event at 54.40s with logical clock value of 326
2016-03-13 23:49:08,786 : Machine 2 (clock rate = 3) has internal event at 54.44s with logical clock value of 323
2016-03-13 23:49:08,916 : Machine 3 (clock rate = 6) has internal event at 54.57s with logical clock value of 327
2016-03-13 23:49:09,084 : Machine 3 (clock rate = 6) has internal event at 54.74s with logical clock value of 328
2016-03-13 23:49:09,120 : Machine 2 (clock rate = 3) has internal event at 54.78s with logical clock value of 324
2016-03-13 23:49:09,251 : Machine 3 (clock rate = 6) has internal event at 54.91s with logical clock value of 329
2016-03-13 23:49:09,378 : Machine 1 (clock rate = 1) received message with lc value of 322 with queue size of 1 at 55.03s with logical clock of 307
2016-03-13 23:49:09,378 : Machine 1 (clock rate = 1) has internal event at 55.04s with logical clock value of 322
2016-03-13 23:49:09,418 : Machine 3 (clock rate = 6) has internal event at 55.07s with logical clock value of 330
2016-03-13 23:49:09,454 : Machine 2 (clock rate = 3) has internal event at 55.11s with logical clock value of 325
2016-03-13 23:49:09,585 : Machine 3 (clock rate = 6) sending to Machine 1 logical clock value of 331 at 55.24s
2016-03-13 23:49:09,753 : Machine 3 (clock rate = 6) sending to Machine 1 logical clock value of 332 at 55.41s
2016-03-13 23:49:09,788 : Machine 2 (clock rate = 3) has internal event at 55.44s with logical clock value of 326
2016-03-13 23:49:09,920 : Machine 3 (clock rate = 6) has internal event at 55.58s with logical clock value of 333
2016-03-13 23:49:10,087 : Machine 3 (clock rate = 6) has internal event at 55.74s with logical clock value of 334
2016-03-13 23:49:10,121 : Machine 2 (clock rate = 3) has internal event at 55.78s with logical clock value of 327
2016-03-13 23:49:10,254 : Machine 3 (clock rate = 6) sending to Machine 1 logical clock value of 335 at 55.91s
2016-03-13 23:49:10,379 : Machine 1 (clock rate = 1) received message with lc value of 331 with queue size of 2 at 56.04s with logical clock of 323
2016-03-13 23:49:10,379 : Machine 1 (clock rate = 1) has internal event at 56.04s with logical clock value of 331
2016-03-13 23:49:10,422 : Machine 3 (clock rate = 6) sending to Machine 1 logical clock value of 336 at 56.08s
2016-03-13 23:49:10,456 : Machine 2 (clock rate = 3) received message with lc value of 335 with queue size of 2 at 56.11s with logical clock of 328
2016-03-13 23:49:10,457 : Machine 2 (clock rate = 3) has internal event at 56.11s with logical clock value of 335
2016-03-13 23:49:10,589 : Machine 3 (clock rate = 6) sending to Machine 1 logical clock value of 337 at 56.24s
2016-03-13 23:49:10,756 : Machine 3 (clock rate = 6) has internal event at 56.41s with logical clock value of 338
2016-03-13 23:49:10,790 : Machine 2 (clock rate = 3) received message with lc value of 336 with queue size of 2 at 56.45s with logical clock of 336
2016-03-13 23:49:10,791 : Machine 2 (clock rate = 3) has internal event at 56.45s with logical clock value of 336
2016-03-13 23:49:10,923 : Machine 3 (clock rate = 6) has internal event at 56.58s with logical clock value of 339
2016-03-13 23:49:11,090 : Machine 3 (clock rate = 6) sending to Machine 1 logical clock value of 340 at 56.75s
2016-03-13 23:49:11,124 : Machine 2 (clock rate = 3) received message with lc value of 337 with queue size of 1 at 56.78s with logical clock of 337
2016-03-13 23:49:11,124 : Machine 2 (clock rate = 3) sending to Machine 1 logical clock value of 337 at 56.78s
2016-03-13 23:49:11,257 : Machine 3 (clock rate = 6) received message with lc value of 337 with queue size of 1 at 56.91s with logical clock of 341
2016-03-13 23:49:11,258 : Machine 3 (clock rate = 6) has internal event at 56.91s with logical clock value of 341
2016-03-13 23:49:11,378 : Machine 1 (clock rate = 1) received message with lc value of 332 with queue size of 2 at 57.04s with logical clock of 332
2016-03-13 23:49:11,379 : Machine 1 (clock rate = 1) has internal event at 57.04s with logical clock value of 332
2016-03-13 23:49:11,425 : Machine 3 (clock rate = 6) has internal event at 57.08s with logical clock value of 342
2016-03-13 23:49:11,458 : Machine 2 (clock rate = 3) sending to Machine 1 logical clock value of 338 at 57.11s
2016-03-13 23:49:11,592 : Machine 3 (clock rate = 6) has internal event at 57.25s with logical clock value of 343
2016-03-13 23:49:11,759 : Machine 3 (clock rate = 6) has internal event at 57.41s with logical clock value of 344
2016-03-13 23:49:11,792 : Machine 2 (clock rate = 3) has internal event at 57.45s with logical clock value of 339
2016-03-13 23:49:11,926 : Machine 3 (clock rate = 6) sending to Machine 1 logical clock value of 345 at 57.58s
2016-03-13 23:49:12,093 : Machine 3 (clock rate = 6) has internal event at 57.75s with logical clock value of 346
2016-03-13 23:49:12,126 : Machine 2 (clock rate = 3) sending to Machine 1 logical clock value of 340 at 57.78s
2016-03-13 23:49:12,260 : Machine 3 (clock rate = 6) sending to Machine 1 logical clock value of 347 at 57.92s
2016-03-13 23:49:12,380 : Machine 1 (clock rate = 1) received message with lc value of 340 with queue size of 5 at 58.04s with logical clock of 333
2016-03-13 23:49:12,380 : Machine 1 (clock rate = 1) has internal event at 58.04s with logical clock value of 340
2016-03-13 23:49:12,428 : Machine 3 (clock rate = 6) sending to Machine 1 logical clock value of 348 at 58.08s
2016-03-13 23:49:12,460 : Machine 2 (clock rate = 3) has internal event at 58.12s with logical clock value of 341
2016-03-13 23:49:12,595 : Machine 3 (clock rate = 6) has internal event at 58.25s with logical clock value of 349
2016-03-13 23:49:12,763 : Machine 3 (clock rate = 6) has internal event at 58.42s with logical clock value of 350
2016-03-13 23:49:12,794 : Machine 2 (clock rate = 3) sending to Machine 1 logical clock value of 342 at 58.45s
2016-03-13 23:49:12,931 : Machine 3 (clock rate = 6) sending to Machine 1 logical clock value of 351 at 58.59s
2016-03-13 23:49:13,098 : Machine 3 (clock rate = 6) has internal event at 58.75s with logical clock value of 352
2016-03-13 23:49:13,128 : Machine 2 (clock rate = 3) sending to Machine 1 logical clock value of 343 at 58.78s
2016-03-13 23:49:13,265 : Machine 3 (clock rate = 6) has internal event at 58.92s with logical clock value of 353
2016-03-13 23:49:13,380 : Machine 1 (clock rate = 1) received message with lc value of 338 with queue size of 8 at 59.04s with logical clock of 341
2016-03-13 23:49:13,381 : Machine 1 (clock rate = 1) has internal event at 59.04s with logical clock value of 341
2016-03-13 23:49:13,433 : Machine 3 (clock rate = 6) sending to Machine 1 logical clock value of 354 at 59.09s
2016-03-13 23:49:13,463 : Machine 2 (clock rate = 3) has internal event at 59.12s with logical clock value of 344
2016-03-13 23:49:13,601 : Machine 3 (clock rate = 6) has internal event at 59.26s with logical clock value of 355
2016-03-13 23:49:13,768 : Machine 3 (clock rate = 6) has internal event at 59.42s with logical clock value of 356
2016-03-13 23:49:13,796 : Machine 2 (clock rate = 3) has internal event at 59.45s with logical clock value of 345
2016-03-13 23:49:13,936 : Machine 3 (clock rate = 6) has internal event at 59.59s with logical clock value of 357
2016-03-13 23:49:14,103 : Machine 3 (clock rate = 6) has internal event at 59.76s with logical clock value of 358
2016-03-13 23:49:14,131 : Machine 2 (clock rate = 3) has internal event at 59.79s with logical clock value of 346
2016-03-13 23:49:14,271 : Machine 3 (clock rate = 6) has internal event at 59.93s with logical clock value of 359
2016-03-13 23:49:14,438 : Machine 3 (clock rate = 6) has internal event at 60.09s with logical clock value of 360
