2016-03-13 23:44:35,118 : Process: 3, PID: 25503
2016-03-13 23:44:35,119 : Machine 3 (clock rate = 6) has internal event at 0.001s with logical clock value of 1
2016-03-13 23:44:35,286 : Machine 3 (clock rate = 6) has internal event at 0.168s with logical clock value of 2
2016-03-13 23:44:35,454 : Machine 3 (clock rate = 6) sending to Machine 1 logical clock value of 3 at 0.335s
2016-03-13 23:44:35,621 : Machine 3 (clock rate = 6) sending to Machine 1 logical clock value of 4 at 0.503s
2016-03-13 23:44:35,788 : Machine 3 (clock rate = 6) sending to Machine 1 logical clock value of 5 at 0.670s
2016-03-13 23:44:35,956 : Machine 3 (clock rate = 6) has internal event at 0.838s with logical clock value of 6
2016-03-13 23:44:36,123 : Machine 3 (clock rate = 6) received message with lc value of 3 with queue size of 2 at 1.005s with logical clock of 7
2016-03-13 23:44:36,124 : Machine 3 (clock rate = 6) sending to Machine 1 logical clock value of 7 at 1.006s
2016-03-13 23:44:36,291 : Machine 3 (clock rate = 6) received message with lc value of 4 with queue size of 1 at 1.172s with logical clock of 8
2016-03-13 23:44:36,291 : Machine 3 (clock rate = 6) has internal event at 1.173s with logical clock value of 8
2016-03-13 23:44:36,458 : Machine 3 (clock rate = 6) has internal event at 1.340s with logical clock value of 9
2016-03-13 23:44:36,626 : Machine 3 (clock rate = 6) has internal event at 1.507s with logical clock value of 10
2016-03-13 23:44:36,793 : Machine 3 (clock rate = 6) has internal event at 1.675s with logical clock value of 11
2016-03-13 23:44:36,961 : Machine 3 (clock rate = 6) sending to Machine 1 logical clock value of 12 at 1.843s
2016-03-13 23:44:37,128 : Machine 3 (clock rate = 6) has internal event at 2.010s with logical clock value of 13
2016-03-13 23:44:37,295 : Machine 3 (clock rate = 6) sending to Machine 1 logical clock value of 14 at 2.177s
2016-03-13 23:44:37,462 : Machine 3 (clock rate = 6) sending to Machine 1 logical clock value of 15 at 2.344s
2016-03-13 23:44:37,629 : Machine 3 (clock rate = 6) has internal event at 2.511s with logical clock value of 16
2016-03-13 23:44:37,797 : Machine 3 (clock rate = 6) received message with lc value of 15 with queue size of 1 at 2.679s with logical clock of 17
2016-03-13 23:44:37,798 : Machine 3 (clock rate = 6) has internal event at 2.680s with logical clock value of 17
2016-03-13 23:44:37,964 : Machine 3 (clock rate = 6) sending to Machine 1 logical clock value of 18 at 2.846s
2016-03-13 23:44:38,131 : Machine 3 (clock rate = 6) has internal event at 3.013s with logical clock value of 19
2016-03-13 23:44:38,299 : Machine 3 (clock rate = 6) sending to Machine 1 logical clock value of 20 at 3.180s
2016-03-13 23:44:38,466 : Machine 3 (clock rate = 6) has internal event at 3.348s with logical clock value of 21
2016-03-13 23:44:38,633 : Machine 3 (clock rate = 6) has internal event at 3.515s with logical clock value of 22
2016-03-13 23:44:38,800 : Machine 3 (clock rate = 6) sending to Machine 1 logical clock value of 23 at 3.682s
2016-03-13 23:44:38,968 : Machine 3 (clock rate = 6) sending to Machine 1 logical clock value of 24 at 3.850s
2016-03-13 23:44:39,135 : Machine 3 (clock rate = 6) received message with lc value of 24 with queue size of 1 at 4.017s with logical clock of 25
2016-03-13 23:44:39,136 : Machine 3 (clock rate = 6) has internal event at 4.017s with logical clock value of 25
2016-03-13 23:44:39,302 : Machine 3 (clock rate = 6) has internal event at 4.184s with logical clock value of 26
2016-03-13 23:44:39,470 : Machine 3 (clock rate = 6) has internal event at 4.352s with logical clock value of 27
2016-03-13 23:44:39,637 : Machine 3 (clock rate = 6) sending to Machine 1 logical clock value of 28 at 4.519s
2016-03-13 23:44:39,804 : Machine 3 (clock rate = 6) has internal event at 4.686s with logical clock value of 29
2016-03-13 23:44:39,971 : Machine 3 (clock rate = 6) has internal event at 4.853s with logical clock value of 30
2016-03-13 23:44:40,139 : Machine 3 (clock rate = 6) has internal event at 5.021s with logical clock value of 31
2016-03-13 23:44:40,306 : Machine 3 (clock rate = 6) sending to Machine 1 logical clock value of 32 at 5.188s
2016-03-13 23:44:40,474 : Machine 3 (clock rate = 6) sending to Machine 1 logical clock value of 33 at 5.355s
2016-03-13 23:44:40,642 : Machine 3 (clock rate = 6) sending to Machine 1 logical clock value of 34 at 5.523s
2016-03-13 23:44:40,809 : Machine 3 (clock rate = 6) has internal event at 5.691s with logical clock value of 35
2016-03-13 23:44:40,977 : Machine 3 (clock rate = 6) sending to Machine 1 logical clock value of 36 at 5.858s
2016-03-13 23:44:41,144 : Machine 3 (clock rate = 6) has internal event at 6.026s with logical clock value of 37
2016-03-13 23:44:41,312 : Machine 3 (clock rate = 6) sending to Machine 1 logical clock value of 38 at 6.193s
2016-03-13 23:44:41,479 : Machine 3 (clock rate = 6) has internal event at 6.361s with logical clock value of 39
2016-03-13 23:44:41,647 : Machine 3 (clock rate = 6) has internal event at 6.528s with logical clock value of 40
2016-03-13 23:44:41,814 : Machine 3 (clock rate = 6) sending to Machine 1 logical clock value of 41 at 6.696s
2016-03-13 23:44:41,982 : Machine 3 (clock rate = 6) has internal event at 6.864s with logical clock value of 42
2016-03-13 23:44:42,149 : Machine 3 (clock rate = 6) has internal event at 7.031s with logical clock value of 43
2016-03-13 23:44:42,317 : Machine 3 (clock rate = 6) has internal event at 7.198s with logical clock value of 44
2016-03-13 23:44:42,484 : Machine 3 (clock rate = 6) has internal event at 7.366s with logical clock value of 45
2016-03-13 23:44:42,651 : Machine 3 (clock rate = 6) sending to Machine 1 logical clock value of 46 at 7.533s
2016-03-13 23:44:42,818 : Machine 3 (clock rate = 6) has internal event at 7.700s with logical clock value of 47
2016-03-13 23:44:42,985 : Machine 3 (clock rate = 6) has internal event at 7.867s with logical clock value of 48
2016-03-13 23:44:43,153 : Machine 3 (clock rate = 6) sending to Machine 1 logical clock value of 49 at 8.034s
2016-03-13 23:44:43,320 : Machine 3 (clock rate = 6) has internal event at 8.202s with logical clock value of 50
2016-03-13 23:44:43,487 : Machine 3 (clock rate = 6) has internal event at 8.369s with logical clock value of 51
2016-03-13 23:44:43,655 : Machine 3 (clock rate = 6) has internal event at 8.537s with logical clock value of 52
2016-03-13 23:44:43,823 : Machine 3 (clock rate = 6) has internal event at 8.704s with logical clock value of 53
2016-03-13 23:44:43,990 : Machine 3 (clock rate = 6) sending to Machine 1 logical clock value of 54 at 8.872s
2016-03-13 23:44:44,158 : Machine 3 (clock rate = 6) received message with lc value of 29 with queue size of 1 at 9.040s with logical clock of 55
2016-03-13 23:44:44,159 : Machine 3 (clock rate = 6) has internal event at 9.041s with logical clock value of 55
2016-03-13 23:44:44,325 : Machine 3 (clock rate = 6) sending to Machine 1 logical clock value of 56 at 9.207s
2016-03-13 23:44:44,493 : Machine 3 (clock rate = 6) sending to Machine 1 logical clock value of 57 at 9.375s
2016-03-13 23:44:44,661 : Machine 3 (clock rate = 6) has internal event at 9.542s with logical clock value of 58
2016-03-13 23:44:44,828 : Machine 3 (clock rate = 6) received message with lc value of 57 with queue size of 1 at 9.710s with logical clock of 59
2016-03-13 23:44:44,828 : Machine 3 (clock rate = 6) has internal event at 9.710s with logical clock value of 59
2016-03-13 23:44:44,996 : Machine 3 (clock rate = 6) has internal event at 9.877s with logical clock value of 60
2016-03-13 23:44:45,163 : Machine 3 (clock rate = 6) has internal event at 10.04s with logical clock value of 61
2016-03-13 23:44:45,330 : Machine 3 (clock rate = 6) has internal event at 10.21s with logical clock value of 62
2016-03-13 23:44:45,498 : Machine 3 (clock rate = 6) received message with lc value of 59 with queue size of 1 at 10.38s with logical clock of 63
2016-03-13 23:44:45,499 : Machine 3 (clock rate = 6) has internal event at 10.38s with logical clock value of 63
2016-03-13 23:44:45,666 : Machine 3 (clock rate = 6) has internal event at 10.54s with logical clock value of 64
2016-03-13 23:44:45,833 : Machine 3 (clock rate = 6) sending to Machine 1 logical clock value of 65 at 10.71s
2016-03-13 23:44:46,000 : Machine 3 (clock rate = 6) sending to Machine 1 logical clock value of 66 at 10.88s
2016-03-13 23:44:46,168 : Machine 3 (clock rate = 6) received message with lc value of 65 with queue size of 1 at 11.04s with logical clock of 67
2016-03-13 23:44:46,168 : Machine 3 (clock rate = 6) has internal event at 11.05s with logical clock value of 67
2016-03-13 23:44:46,335 : Machine 3 (clock rate = 6) sending to Machine 1 logical clock value of 68 at 11.21s
2016-03-13 23:44:46,503 : Machine 3 (clock rate = 6) sending to Machine 1 logical clock value of 69 at 11.38s
2016-03-13 23:44:46,670 : Machine 3 (clock rate = 6) has internal event at 11.55s with logical clock value of 70
2016-03-13 23:44:46,838 : Machine 3 (clock rate = 6) has internal event at 11.72s with logical clock value of 71
2016-03-13 23:44:47,005 : Machine 3 (clock rate = 6) has internal event at 11.88s with logical clock value of 72
2016-03-13 23:44:47,173 : Machine 3 (clock rate = 6) received message with lc value of 34 with queue size of 1 at 12.05s with logical clock of 73
2016-03-13 23:44:47,173 : Machine 3 (clock rate = 6) has internal event at 12.05s with logical clock value of 73
2016-03-13 23:44:47,340 : Machine 3 (clock rate = 6) sending to Machine 1 logical clock value of 74 at 12.22s
2016-03-13 23:44:47,508 : Machine 3 (clock rate = 6) has internal event at 12.38s with logical clock value of 75
2016-03-13 23:44:47,676 : Machine 3 (clock rate = 6) has internal event at 12.55s with logical clock value of 76
2016-03-13 23:44:47,842 : Machine 3 (clock rate = 6) has internal event at 12.72s with logical clock value of 77
2016-03-13 23:44:48,010 : Machine 3 (clock rate = 6) has internal event at 12.89s with logical clock value of 78
2016-03-13 23:44:48,177 : Machine 3 (clock rate = 6) has internal event at 13.05s with logical clock value of 79
2016-03-13 23:44:48,345 : Machine 3 (clock rate = 6) has internal event at 13.22s with logical clock value of 80
2016-03-13 23:44:48,512 : Machine 3 (clock rate = 6) has internal event at 13.39s with logical clock value of 81
2016-03-13 23:44:48,680 : Machine 3 (clock rate = 6) sending to Machine 1 logical clock value of 82 at 13.56s
2016-03-13 23:44:48,846 : Machine 3 (clock rate = 6) sending to Machine 1 logical clock value of 83 at 13.72s
2016-03-13 23:44:49,014 : Machine 3 (clock rate = 6) sending to Machine 1 logical clock value of 84 at 13.89s
2016-03-13 23:44:49,182 : Machine 3 (clock rate = 6) sending to Machine 1 logical clock value of 85 at 14.06s
2016-03-13 23:44:49,349 : Machine 3 (clock rate = 6) has internal event at 14.23s with logical clock value of 86
2016-03-13 23:44:49,517 : Machine 3 (clock rate = 6) has internal event at 14.39s with logical clock value of 87
2016-03-13 23:44:49,684 : Machine 3 (clock rate = 6) sending to Machine 1 logical clock value of 88 at 14.56s
2016-03-13 23:44:49,851 : Machine 3 (clock rate = 6) has internal event at 14.73s with logical clock value of 89
2016-03-13 23:44:50,019 : Machine 3 (clock rate = 6) has internal event at 14.90s with logical clock value of 90
2016-03-13 23:44:50,186 : Machine 3 (clock rate = 6) has internal event at 15.06s with logical clock value of 91
2016-03-13 23:44:50,354 : Machine 3 (clock rate = 6) sending to Machine 1 logical clock value of 92 at 15.23s
2016-03-13 23:44:50,521 : Machine 3 (clock rate = 6) has internal event at 15.40s with logical clock value of 93
2016-03-13 23:44:50,689 : Machine 3 (clock rate = 6) sending to Machine 1 logical clock value of 94 at 15.57s
2016-03-13 23:44:50,856 : Machine 3 (clock rate = 6) sending to Machine 1 logical clock value of 95 at 15.73s
2016-03-13 23:44:51,023 : Machine 3 (clock rate = 6) has internal event at 15.90s with logical clock value of 96
2016-03-13 23:44:51,190 : Machine 3 (clock rate = 6) has internal event at 16.07s with logical clock value of 97
2016-03-13 23:44:51,357 : Machine 3 (clock rate = 6) has internal event at 16.23s with logical clock value of 98
2016-03-13 23:44:51,525 : Machine 3 (clock rate = 6) received message with lc value of 96 with queue size of 1 at 16.40s with logical clock of 99
2016-03-13 23:44:51,525 : Machine 3 (clock rate = 6) has internal event at 16.40s with logical clock value of 99
2016-03-13 23:44:51,692 : Machine 3 (clock rate = 6) has internal event at 16.57s with logical clock value of 100
2016-03-13 23:44:51,859 : Machine 3 (clock rate = 6) has internal event at 16.74s with logical clock value of 101
2016-03-13 23:44:52,027 : Machine 3 (clock rate = 6) has internal event at 16.90s with logical clock value of 102
2016-03-13 23:44:52,194 : Machine 3 (clock rate = 6) sending to Machine 1 logical clock value of 103 at 17.07s
2016-03-13 23:44:52,361 : Machine 3 (clock rate = 6) has internal event at 17.24s with logical clock value of 104
2016-03-13 23:44:52,529 : Machine 3 (clock rate = 6) has internal event at 17.41s with logical clock value of 105
2016-03-13 23:44:52,697 : Machine 3 (clock rate = 6) sending to Machine 1 logical clock value of 106 at 17.57s
2016-03-13 23:44:52,864 : Machine 3 (clock rate = 6) received message with lc value of 100 with queue size of 1 at 17.74s with logical clock of 107
2016-03-13 23:44:52,864 : Machine 3 (clock rate = 6) has internal event at 17.74s with logical clock value of 107
2016-03-13 23:44:53,031 : Machine 3 (clock rate = 6) sending to Machine 1 logical clock value of 108 at 17.91s
2016-03-13 23:44:53,198 : Machine 3 (clock rate = 6) has internal event at 18.08s with logical clock value of 109
2016-03-13 23:44:53,365 : Machine 3 (clock rate = 6) sending to Machine 1 logical clock value of 110 at 18.24s
2016-03-13 23:44:53,533 : Machine 3 (clock rate = 6) has internal event at 18.41s with logical clock value of 111
2016-03-13 23:44:53,700 : Machine 3 (clock rate = 6) has internal event at 18.58s with logical clock value of 112
2016-03-13 23:44:53,867 : Machine 3 (clock rate = 6) has internal event at 18.74s with logical clock value of 113
2016-03-13 23:44:54,035 : Machine 3 (clock rate = 6) sending to Machine 1 logical clock value of 114 at 18.91s
2016-03-13 23:44:54,203 : Machine 3 (clock rate = 6) received message with lc value of 74 with queue size of 1 at 19.08s with logical clock of 115
2016-03-13 23:44:54,203 : Machine 3 (clock rate = 6) has internal event at 19.08s with logical clock value of 115
2016-03-13 23:44:54,369 : Machine 3 (clock rate = 6) has internal event at 19.25s with logical clock value of 116
2016-03-13 23:44:54,537 : Machine 3 (clock rate = 6) has internal event at 19.41s with logical clock value of 117
2016-03-13 23:44:54,704 : Machine 3 (clock rate = 6) has internal event at 19.58s with logical clock value of 118
2016-03-13 23:44:54,872 : Machine 3 (clock rate = 6) sending to Machine 1 logical clock value of 119 at 19.75s
2016-03-13 23:44:55,039 : Machine 3 (clock rate = 6) has internal event at 19.92s with logical clock value of 120
2016-03-13 23:44:55,207 : Machine 3 (clock rate = 6) has internal event at 20.08s with logical clock value of 121
2016-03-13 23:44:55,375 : Machine 3 (clock rate = 6) has internal event at 20.25s with logical clock value of 122
2016-03-13 23:44:55,542 : Machine 3 (clock rate = 6) has internal event at 20.42s with logical clock value of 123
2016-03-13 23:44:55,710 : Machine 3 (clock rate = 6) has internal event at 20.59s with logical clock value of 124
2016-03-13 23:44:55,878 : Machine 3 (clock rate = 6) has internal event at 20.75s with logical clock value of 125
2016-03-13 23:44:56,045 : Machine 3 (clock rate = 6) has internal event at 20.92s with logical clock value of 126
2016-03-13 23:44:56,212 : Machine 3 (clock rate = 6) has internal event at 21.09s with logical clock value of 127
2016-03-13 23:44:56,379 : Machine 3 (clock rate = 6) sending to Machine 1 logical clock value of 128 at 21.26s
2016-03-13 23:44:56,547 : Machine 3 (clock rate = 6) has internal event at 21.42s with logical clock value of 129
2016-03-13 23:44:56,714 : Machine 3 (clock rate = 6) has internal event at 21.59s with logical clock value of 130
2016-03-13 23:44:56,881 : Machine 3 (clock rate = 6) has internal event at 21.76s with logical clock value of 131
2016-03-13 23:44:57,048 : Machine 3 (clock rate = 6) has internal event at 21.93s with logical clock value of 132
2016-03-13 23:44:57,216 : Machine 3 (clock rate = 6) has internal event at 22.09s with logical clock value of 133
2016-03-13 23:44:57,384 : Machine 3 (clock rate = 6) has internal event at 22.26s with logical clock value of 134
2016-03-13 23:44:57,552 : Machine 3 (clock rate = 6) has internal event at 22.43s with logical clock value of 135
2016-03-13 23:44:57,719 : Machine 3 (clock rate = 6) sending to Machine 1 logical clock value of 136 at 22.60s
2016-03-13 23:44:57,887 : Machine 3 (clock rate = 6) has internal event at 22.76s with logical clock value of 137
2016-03-13 23:44:58,054 : Machine 3 (clock rate = 6) sending to Machine 1 logical clock value of 138 at 22.93s
2016-03-13 23:44:58,222 : Machine 3 (clock rate = 6) has internal event at 23.10s with logical clock value of 139
2016-03-13 23:44:58,389 : Machine 3 (clock rate = 6) has internal event at 23.27s with logical clock value of 140
2016-03-13 23:44:58,556 : Machine 3 (clock rate = 6) has internal event at 23.43s with logical clock value of 141
2016-03-13 23:44:58,724 : Machine 3 (clock rate = 6) has internal event at 23.60s with logical clock value of 142
2016-03-13 23:44:58,891 : Machine 3 (clock rate = 6) has internal event at 23.77s with logical clock value of 143
2016-03-13 23:44:59,059 : Machine 3 (clock rate = 6) has internal event at 23.94s with logical clock value of 144
2016-03-13 23:44:59,226 : Machine 3 (clock rate = 6) has internal event at 24.10s with logical clock value of 145
2016-03-13 23:44:59,394 : Machine 3 (clock rate = 6) has internal event at 24.27s with logical clock value of 146
2016-03-13 23:44:59,562 : Machine 3 (clock rate = 6) has internal event at 24.44s with logical clock value of 147
2016-03-13 23:44:59,729 : Machine 3 (clock rate = 6) has internal event at 24.61s with logical clock value of 148
2016-03-13 23:44:59,896 : Machine 3 (clock rate = 6) has internal event at 24.77s with logical clock value of 149
2016-03-13 23:45:00,064 : Machine 3 (clock rate = 6) has internal event at 24.94s with logical clock value of 150
2016-03-13 23:45:00,231 : Machine 3 (clock rate = 6) sending to Machine 1 logical clock value of 151 at 25.11s
2016-03-13 23:45:00,398 : Machine 3 (clock rate = 6) has internal event at 25.28s with logical clock value of 152
2016-03-13 23:45:00,566 : Machine 3 (clock rate = 6) has internal event at 25.44s with logical clock value of 153
2016-03-13 23:45:00,733 : Machine 3 (clock rate = 6) sending to Machine 1 logical clock value of 154 at 25.61s
2016-03-13 23:45:00,901 : Machine 3 (clock rate = 6) sending to Machine 1 logical clock value of 155 at 25.78s
2016-03-13 23:45:01,068 : Machine 3 (clock rate = 6) has internal event at 25.95s with logical clock value of 156
2016-03-13 23:45:01,235 : Machine 3 (clock rate = 6) sending to Machine 1 logical clock value of 157 at 26.11s
2016-03-13 23:45:01,402 : Machine 3 (clock rate = 6) sending to Machine 1 logical clock value of 158 at 26.28s
2016-03-13 23:45:01,570 : Machine 3 (clock rate = 6) sending to Machine 1 logical clock value of 159 at 26.45s
2016-03-13 23:45:01,738 : Machine 3 (clock rate = 6) has internal event at 26.62s with logical clock value of 160
2016-03-13 23:45:01,906 : Machine 3 (clock rate = 6) has internal event at 26.78s with logical clock value of 161
2016-03-13 23:45:02,073 : Machine 3 (clock rate = 6) sending to Machine 1 logical clock value of 162 at 26.95s
2016-03-13 23:45:02,241 : Machine 3 (clock rate = 6) has internal event at 27.12s with logical clock value of 163
2016-03-13 23:45:02,408 : Machine 3 (clock rate = 6) has internal event at 27.29s with logical clock value of 164
2016-03-13 23:45:02,575 : Machine 3 (clock rate = 6) has internal event at 27.45s with logical clock value of 165
2016-03-13 23:45:02,743 : Machine 3 (clock rate = 6) has internal event at 27.62s with logical clock value of 166
2016-03-13 23:45:02,910 : Machine 3 (clock rate = 6) received message with lc value of 163 with queue size of 1 at 27.79s with logical clock of 167
2016-03-13 23:45:02,911 : Machine 3 (clock rate = 6) sending to Machine 1 logical clock value of 167 at 27.79s
2016-03-13 23:45:03,077 : Machine 3 (clock rate = 6) has internal event at 27.95s with logical clock value of 168
2016-03-13 23:45:03,245 : Machine 3 (clock rate = 6) sending to Machine 1 logical clock value of 169 at 28.12s
2016-03-13 23:45:03,411 : Machine 3 (clock rate = 6) sending to Machine 1 logical clock value of 170 at 28.29s
2016-03-13 23:45:03,579 : Machine 3 (clock rate = 6) received message with lc value of 169 with queue size of 1 at 28.46s with logical clock of 171
2016-03-13 23:45:03,580 : Machine 3 (clock rate = 6) has internal event at 28.46s with logical clock value of 171
2016-03-13 23:45:03,747 : Machine 3 (clock rate = 6) sending to Machine 1 logical clock value of 172 at 28.62s
2016-03-13 23:45:03,914 : Machine 3 (clock rate = 6) has internal event at 28.79s with logical clock value of 173
2016-03-13 23:45:04,080 : Machine 3 (clock rate = 6) has internal event at 28.96s with logical clock value of 174
2016-03-13 23:45:04,248 : Machine 3 (clock rate = 6) received message with lc value of 173 with queue size of 1 at 29.13s with logical clock of 175
2016-03-13 23:45:04,249 : Machine 3 (clock rate = 6) has internal event at 29.13s with logical clock value of 175
2016-03-13 23:45:04,416 : Machine 3 (clock rate = 6) sending to Machine 1 logical clock value of 176 at 29.29s
2016-03-13 23:45:04,584 : Machine 3 (clock rate = 6) has internal event at 29.46s with logical clock value of 177
2016-03-13 23:45:04,751 : Machine 3 (clock rate = 6) has internal event at 29.63s with logical clock value of 178
2016-03-13 23:45:04,919 : Machine 3 (clock rate = 6) sending to Machine 1 logical clock value of 179 at 29.80s
2016-03-13 23:45:05,086 : Machine 3 (clock rate = 6) sending to Machine 1 logical clock value of 180 at 29.96s
2016-03-13 23:45:05,253 : Machine 3 (clock rate = 6) has internal event at 30.13s with logical clock value of 181
2016-03-13 23:45:05,421 : Machine 3 (clock rate = 6) has internal event at 30.30s with logical clock value of 182
2016-03-13 23:45:05,588 : Machine 3 (clock rate = 6) sending to Machine 1 logical clock value of 183 at 30.47s
2016-03-13 23:45:05,755 : Machine 3 (clock rate = 6) has internal event at 30.63s with logical clock value of 184
2016-03-13 23:45:05,922 : Machine 3 (clock rate = 6) has internal event at 30.80s with logical clock value of 185
2016-03-13 23:45:06,089 : Machine 3 (clock rate = 6) has internal event at 30.97s with logical clock value of 186
2016-03-13 23:45:06,256 : Machine 3 (clock rate = 6) has internal event at 31.13s with logical clock value of 187
2016-03-13 23:45:06,424 : Machine 3 (clock rate = 6) has internal event at 31.30s with logical clock value of 188
2016-03-13 23:45:06,591 : Machine 3 (clock rate = 6) has internal event at 31.47s with logical clock value of 189
2016-03-13 23:45:06,759 : Machine 3 (clock rate = 6) has internal event at 31.64s with logical clock value of 190
2016-03-13 23:45:06,926 : Machine 3 (clock rate = 6) sending to Machine 1 logical clock value of 191 at 31.80s
2016-03-13 23:45:07,093 : Machine 3 (clock rate = 6) sending to Machine 1 logical clock value of 192 at 31.97s
2016-03-13 23:45:07,260 : Machine 3 (clock rate = 6) received message with lc value of 121 with queue size of 1 at 32.14s with logical clock of 193
2016-03-13 23:45:07,261 : Machine 3 (clock rate = 6) has internal event at 32.14s with logical clock value of 193
2016-03-13 23:45:07,428 : Machine 3 (clock rate = 6) has internal event at 32.31s with logical clock value of 194
2016-03-13 23:45:07,596 : Machine 3 (clock rate = 6) has internal event at 32.47s with logical clock value of 195
2016-03-13 23:45:07,763 : Machine 3 (clock rate = 6) has internal event at 32.64s with logical clock value of 196
2016-03-13 23:45:07,931 : Machine 3 (clock rate = 6) sending to Machine 1 logical clock value of 197 at 32.81s
2016-03-13 23:45:08,098 : Machine 3 (clock rate = 6) has internal event at 32.98s with logical clock value of 198
2016-03-13 23:45:08,265 : Machine 3 (clock rate = 6) received message with lc value of 197 with queue size of 1 at 33.14s with logical clock of 199
2016-03-13 23:45:08,266 : Machine 3 (clock rate = 6) has internal event at 33.14s with logical clock value of 199
2016-03-13 23:45:08,433 : Machine 3 (clock rate = 6) sending to Machine 1 logical clock value of 200 at 33.31s
2016-03-13 23:45:08,600 : Machine 3 (clock rate = 6) has internal event at 33.48s with logical clock value of 201
2016-03-13 23:45:08,768 : Machine 3 (clock rate = 6) has internal event at 33.65s with logical clock value of 202
2016-03-13 23:45:08,935 : Machine 3 (clock rate = 6) received message with lc value of 201 with queue size of 1 at 33.81s with logical clock of 203
2016-03-13 23:45:08,936 : Machine 3 (clock rate = 6) has internal event at 33.81s with logical clock value of 203
2016-03-13 23:45:09,103 : Machine 3 (clock rate = 6) has internal event at 33.98s with logical clock value of 204
2016-03-13 23:45:09,271 : Machine 3 (clock rate = 6) has internal event at 34.15s with logical clock value of 205
2016-03-13 23:45:09,439 : Machine 3 (clock rate = 6) has internal event at 34.32s with logical clock value of 206
2016-03-13 23:45:09,606 : Machine 3 (clock rate = 6) received message with lc value of 203 with queue size of 1 at 34.48s with logical clock of 207
2016-03-13 23:45:09,607 : Machine 3 (clock rate = 6) sending to Machine 1 logical clock value of 207 at 34.48s
2016-03-13 23:45:09,774 : Machine 3 (clock rate = 6) has internal event at 34.65s with logical clock value of 208
2016-03-13 23:45:09,942 : Machine 3 (clock rate = 6) has internal event at 34.82s with logical clock value of 209
2016-03-13 23:45:10,109 : Machine 3 (clock rate = 6) has internal event at 34.99s with logical clock value of 210
2016-03-13 23:45:10,276 : Machine 3 (clock rate = 6) received message with lc value of 208 with queue size of 1 at 35.15s with logical clock of 211
2016-03-13 23:45:10,277 : Machine 3 (clock rate = 6) has internal event at 35.15s with logical clock value of 211
2016-03-13 23:45:10,444 : Machine 3 (clock rate = 6) has internal event at 35.32s with logical clock value of 212
2016-03-13 23:45:10,612 : Machine 3 (clock rate = 6) has internal event at 35.49s with logical clock value of 213
2016-03-13 23:45:10,779 : Machine 3 (clock rate = 6) has internal event at 35.66s with logical clock value of 214
2016-03-13 23:45:10,947 : Machine 3 (clock rate = 6) has internal event at 35.82s with logical clock value of 215
2016-03-13 23:45:11,115 : Machine 3 (clock rate = 6) has internal event at 35.99s with logical clock value of 216
2016-03-13 23:45:11,282 : Machine 3 (clock rate = 6) has internal event at 36.16s with logical clock value of 217
2016-03-13 23:45:11,449 : Machine 3 (clock rate = 6) has internal event at 36.33s with logical clock value of 218
2016-03-13 23:45:11,617 : Machine 3 (clock rate = 6) sending to Machine 1 logical clock value of 219 at 36.49s
2016-03-13 23:45:11,784 : Machine 3 (clock rate = 6) sending to Machine 1 logical clock value of 220 at 36.66s
2016-03-13 23:45:11,951 : Machine 3 (clock rate = 6) has internal event at 36.83s with logical clock value of 221
2016-03-13 23:45:12,119 : Machine 3 (clock rate = 6) has internal event at 37.00s with logical clock value of 222
2016-03-13 23:45:12,287 : Machine 3 (clock rate = 6) has internal event at 37.16s with logical clock value of 223
2016-03-13 23:45:12,454 : Machine 3 (clock rate = 6) has internal event at 37.33s with logical clock value of 224
2016-03-13 23:45:12,621 : Machine 3 (clock rate = 6) sending to Machine 1 logical clock value of 225 at 37.50s
2016-03-13 23:45:12,789 : Machine 3 (clock rate = 6) has internal event at 37.67s with logical clock value of 226
2016-03-13 23:45:12,955 : Machine 3 (clock rate = 6) has internal event at 37.83s with logical clock value of 227
2016-03-13 23:45:13,123 : Machine 3 (clock rate = 6) has internal event at 38.00s with logical clock value of 228
2016-03-13 23:45:13,290 : Machine 3 (clock rate = 6) has internal event at 38.17s with logical clock value of 229
2016-03-13 23:45:13,458 : Machine 3 (clock rate = 6) has internal event at 38.34s with logical clock value of 230
2016-03-13 23:45:13,625 : Machine 3 (clock rate = 6) has internal event at 38.50s with logical clock value of 231
2016-03-13 23:45:13,793 : Machine 3 (clock rate = 6) sending to Machine 1 logical clock value of 232 at 38.67s
2016-03-13 23:45:13,960 : Machine 3 (clock rate = 6) has internal event at 38.84s with logical clock value of 233
2016-03-13 23:45:14,127 : Machine 3 (clock rate = 6) has internal event at 39.00s with logical clock value of 234
2016-03-13 23:45:14,295 : Machine 3 (clock rate = 6) has internal event at 39.17s with logical clock value of 235
2016-03-13 23:45:14,463 : Machine 3 (clock rate = 6) has internal event at 39.34s with logical clock value of 236
2016-03-13 23:45:14,630 : Machine 3 (clock rate = 6) has internal event at 39.51s with logical clock value of 237
2016-03-13 23:45:14,798 : Machine 3 (clock rate = 6) has internal event at 39.68s with logical clock value of 238
2016-03-13 23:45:14,966 : Machine 3 (clock rate = 6) sending to Machine 1 logical clock value of 239 at 39.84s
2016-03-13 23:45:15,133 : Machine 3 (clock rate = 6) sending to Machine 1 logical clock value of 240 at 40.01s
2016-03-13 23:45:15,300 : Machine 3 (clock rate = 6) sending to Machine 1 logical clock value of 241 at 40.18s
2016-03-13 23:45:15,468 : Machine 3 (clock rate = 6) sending to Machine 1 logical clock value of 242 at 40.35s
2016-03-13 23:45:15,635 : Machine 3 (clock rate = 6) sending to Machine 1 logical clock value of 243 at 40.51s
2016-03-13 23:45:15,802 : Machine 3 (clock rate = 6) has internal event at 40.68s with logical clock value of 244
2016-03-13 23:45:15,970 : Machine 3 (clock rate = 6) sending to Machine 1 logical clock value of 245 at 40.85s
2016-03-13 23:45:16,138 : Machine 3 (clock rate = 6) has internal event at 41.01s with logical clock value of 246
2016-03-13 23:45:16,305 : Machine 3 (clock rate = 6) received message with lc value of 242 with queue size of 1 at 41.18s with logical clock of 247
2016-03-13 23:45:16,306 : Machine 3 (clock rate = 6) has internal event at 41.18s with logical clock value of 247
2016-03-13 23:45:16,472 : Machine 3 (clock rate = 6) has internal event at 41.35s with logical clock value of 248
2016-03-13 23:45:16,640 : Machine 3 (clock rate = 6) has internal event at 41.52s with logical clock value of 249
2016-03-13 23:45:16,808 : Machine 3 (clock rate = 6) has internal event at 41.68s with logical clock value of 250
2016-03-13 23:45:16,975 : Machine 3 (clock rate = 6) has internal event at 41.85s with logical clock value of 251
2016-03-13 23:45:17,142 : Machine 3 (clock rate = 6) has internal event at 42.02s with logical clock value of 252
2016-03-13 23:45:17,309 : Machine 3 (clock rate = 6) sending to Machine 1 logical clock value of 253 at 42.19s
2016-03-13 23:45:17,476 : Machine 3 (clock rate = 6) has internal event at 42.35s with logical clock value of 254
2016-03-13 23:45:17,644 : Machine 3 (clock rate = 6) has internal event at 42.52s with logical clock value of 255
2016-03-13 23:45:17,811 : Machine 3 (clock rate = 6) sending to Machine 1 logical clock value of 256 at 42.69s
2016-03-13 23:45:17,978 : Machine 3 (clock rate = 6) has internal event at 42.86s with logical clock value of 257
2016-03-13 23:45:18,146 : Machine 3 (clock rate = 6) sending to Machine 1 logical clock value of 258 at 43.02s
2016-03-13 23:45:18,314 : Machine 3 (clock rate = 6) has internal event at 43.19s with logical clock value of 259
2016-03-13 23:45:18,481 : Machine 3 (clock rate = 6) has internal event at 43.36s with logical clock value of 260
2016-03-13 23:45:18,648 : Machine 3 (clock rate = 6) has internal event at 43.53s with logical clock value of 261
2016-03-13 23:45:18,816 : Machine 3 (clock rate = 6) has internal event at 43.69s with logical clock value of 262
2016-03-13 23:45:18,983 : Machine 3 (clock rate = 6) has internal event at 43.86s with logical clock value of 263
2016-03-13 23:45:19,150 : Machine 3 (clock rate = 6) has internal event at 44.03s with logical clock value of 264
2016-03-13 23:45:19,317 : Machine 3 (clock rate = 6) received message with lc value of 193 with queue size of 1 at 44.19s with logical clock of 265
2016-03-13 23:45:19,318 : Machine 3 (clock rate = 6) sending to Machine 1 logical clock value of 265 at 44.20s
2016-03-13 23:45:19,485 : Machine 3 (clock rate = 6) has internal event at 44.36s with logical clock value of 266
2016-03-13 23:45:19,653 : Machine 3 (clock rate = 6) has internal event at 44.53s with logical clock value of 267
2016-03-13 23:45:19,820 : Machine 3 (clock rate = 6) has internal event at 44.70s with logical clock value of 268
2016-03-13 23:45:19,988 : Machine 3 (clock rate = 6) has internal event at 44.87s with logical clock value of 269
2016-03-13 23:45:20,155 : Machine 3 (clock rate = 6) has internal event at 45.03s with logical clock value of 270
2016-03-13 23:45:20,322 : Machine 3 (clock rate = 6) has internal event at 45.20s with logical clock value of 271
2016-03-13 23:45:20,489 : Machine 3 (clock rate = 6) has internal event at 45.37s with logical clock value of 272
2016-03-13 23:45:20,657 : Machine 3 (clock rate = 6) sending to Machine 1 logical clock value of 273 at 45.53s
2016-03-13 23:45:20,824 : Machine 3 (clock rate = 6) has internal event at 45.70s with logical clock value of 274
2016-03-13 23:45:20,992 : Machine 3 (clock rate = 6) received message with lc value of 266 with queue size of 1 at 45.87s with logical clock of 275
2016-03-13 23:45:20,993 : Machine 3 (clock rate = 6) sending to Machine 1 logical clock value of 275 at 45.87s
2016-03-13 23:45:21,159 : Machine 3 (clock rate = 6) sending to Machine 1 logical clock value of 276 at 46.04s
2016-03-13 23:45:21,327 : Machine 3 (clock rate = 6) has internal event at 46.20s with logical clock value of 277
2016-03-13 23:45:21,494 : Machine 3 (clock rate = 6) has internal event at 46.37s with logical clock value of 278
2016-03-13 23:45:21,662 : Machine 3 (clock rate = 6) sending to Machine 1 logical clock value of 279 at 46.54s
2016-03-13 23:45:21,829 : Machine 3 (clock rate = 6) has internal event at 46.71s with logical clock value of 280
2016-03-13 23:45:21,997 : Machine 3 (clock rate = 6) sending to Machine 1 logical clock value of 281 at 46.87s
2016-03-13 23:45:22,163 : Machine 3 (clock rate = 6) has internal event at 47.04s with logical clock value of 282
2016-03-13 23:45:22,331 : Machine 3 (clock rate = 6) has internal event at 47.21s with logical clock value of 283
2016-03-13 23:45:22,498 : Machine 3 (clock rate = 6) sending to Machine 1 logical clock value of 284 at 47.38s
2016-03-13 23:45:22,665 : Machine 3 (clock rate = 6) received message with lc value of 284 with queue size of 1 at 47.54s with logical clock of 285
2016-03-13 23:45:22,665 : Machine 3 (clock rate = 6) sending to Machine 1 logical clock value of 285 at 47.54s
2016-03-13 23:45:22,833 : Machine 3 (clock rate = 6) has internal event at 47.71s with logical clock value of 286
2016-03-13 23:45:23,000 : Machine 3 (clock rate = 6) has internal event at 47.88s with logical clock value of 287
2016-03-13 23:45:23,167 : Machine 3 (clock rate = 6) has internal event at 48.04s with logical clock value of 288
2016-03-13 23:45:23,334 : Machine 3 (clock rate = 6) has internal event at 48.21s with logical clock value of 289
2016-03-13 23:45:23,502 : Machine 3 (clock rate = 6) sending to Machine 1 logical clock value of 290 at 48.38s
2016-03-13 23:45:23,669 : Machine 3 (clock rate = 6) has internal event at 48.55s with logical clock value of 291
2016-03-13 23:45:23,836 : Machine 3 (clock rate = 6) has internal event at 48.71s with logical clock value of 292
2016-03-13 23:45:24,004 : Machine 3 (clock rate = 6) has internal event at 48.88s with logical clock value of 293
2016-03-13 23:45:24,171 : Machine 3 (clock rate = 6) has internal event at 49.05s with logical clock value of 294
2016-03-13 23:45:24,337 : Machine 3 (clock rate = 6) has internal event at 49.21s with logical clock value of 295
2016-03-13 23:45:24,505 : Machine 3 (clock rate = 6) sending to Machine 1 logical clock value of 296 at 49.38s
2016-03-13 23:45:24,673 : Machine 3 (clock rate = 6) received message with lc value of 296 with queue size of 1 at 49.55s with logical clock of 297
2016-03-13 23:45:24,673 : Machine 3 (clock rate = 6) has internal event at 49.55s with logical clock value of 297
2016-03-13 23:45:24,840 : Machine 3 (clock rate = 6) has internal event at 49.72s with logical clock value of 298
2016-03-13 23:45:25,008 : Machine 3 (clock rate = 6) has internal event at 49.88s with logical clock value of 299
2016-03-13 23:45:25,175 : Machine 3 (clock rate = 6) has internal event at 50.05s with logical clock value of 300
2016-03-13 23:45:25,342 : Machine 3 (clock rate = 6) has internal event at 50.22s with logical clock value of 301
2016-03-13 23:45:25,510 : Machine 3 (clock rate = 6) has internal event at 50.39s with logical clock value of 302
2016-03-13 23:45:25,678 : Machine 3 (clock rate = 6) sending to Machine 1 logical clock value of 303 at 50.55s
2016-03-13 23:45:25,845 : Machine 3 (clock rate = 6) has internal event at 50.72s with logical clock value of 304
2016-03-13 23:45:26,013 : Machine 3 (clock rate = 6) sending to Machine 1 logical clock value of 305 at 50.89s
2016-03-13 23:45:26,180 : Machine 3 (clock rate = 6) received message with lc value of 253 with queue size of 1 at 51.06s with logical clock of 306
2016-03-13 23:45:26,181 : Machine 3 (clock rate = 6) has internal event at 51.06s with logical clock value of 306
2016-03-13 23:45:26,348 : Machine 3 (clock rate = 6) has internal event at 51.23s with logical clock value of 307
2016-03-13 23:45:26,515 : Machine 3 (clock rate = 6) has internal event at 51.39s with logical clock value of 308
2016-03-13 23:45:26,682 : Machine 3 (clock rate = 6) has internal event at 51.56s with logical clock value of 309
2016-03-13 23:45:26,850 : Machine 3 (clock rate = 6) has internal event at 51.73s with logical clock value of 310
2016-03-13 23:45:27,017 : Machine 3 (clock rate = 6) sending to Machine 1 logical clock value of 311 at 51.89s
2016-03-13 23:45:27,184 : Machine 3 (clock rate = 6) sending to Machine 1 logical clock value of 312 at 52.06s
2016-03-13 23:45:27,352 : Machine 3 (clock rate = 6) sending to Machine 1 logical clock value of 313 at 52.23s
2016-03-13 23:45:27,519 : Machine 3 (clock rate = 6) has internal event at 52.40s with logical clock value of 314
2016-03-13 23:45:27,686 : Machine 3 (clock rate = 6) has internal event at 52.56s with logical clock value of 315
2016-03-13 23:45:27,854 : Machine 3 (clock rate = 6) sending to Machine 1 logical clock value of 316 at 52.73s
2016-03-13 23:45:28,021 : Machine 3 (clock rate = 6) received message with lc value of 314 with queue size of 1 at 52.90s with logical clock of 317
2016-03-13 23:45:28,022 : Machine 3 (clock rate = 6) has internal event at 52.90s with logical clock value of 317
2016-03-13 23:45:28,189 : Machine 3 (clock rate = 6) has internal event at 53.07s with logical clock value of 318
2016-03-13 23:45:28,357 : Machine 3 (clock rate = 6) received message with lc value of 315 with queue size of 1 at 53.23s with logical clock of 319
2016-03-13 23:45:28,358 : Machine 3 (clock rate = 6) sending to Machine 1 logical clock value of 319 at 53.24s
2016-03-13 23:45:28,525 : Machine 3 (clock rate = 6) sending to Machine 1 logical clock value of 320 at 53.40s
2016-03-13 23:45:28,692 : Machine 3 (clock rate = 6) received message with lc value of 319 with queue size of 1 at 53.57s with logical clock of 321
2016-03-13 23:45:28,693 : Machine 3 (clock rate = 6) has internal event at 53.57s with logical clock value of 321
2016-03-13 23:45:28,859 : Machine 3 (clock rate = 6) has internal event at 53.74s with logical clock value of 322
2016-03-13 23:45:29,026 : Machine 3 (clock rate = 6) sending to Machine 1 logical clock value of 323 at 53.90s
2016-03-13 23:45:29,194 : Machine 3 (clock rate = 6) has internal event at 54.07s with logical clock value of 324
2016-03-13 23:45:29,362 : Machine 3 (clock rate = 6) has internal event at 54.24s with logical clock value of 325
2016-03-13 23:45:29,529 : Machine 3 (clock rate = 6) has internal event at 54.41s with logical clock value of 326
2016-03-13 23:45:29,696 : Machine 3 (clock rate = 6) has internal event at 54.57s with logical clock value of 327
2016-03-13 23:45:29,863 : Machine 3 (clock rate = 6) has internal event at 54.74s with logical clock value of 328
2016-03-13 23:45:30,031 : Machine 3 (clock rate = 6) sending to Machine 1 logical clock value of 329 at 54.91s
2016-03-13 23:45:30,198 : Machine 3 (clock rate = 6) has internal event at 55.07s with logical clock value of 330
2016-03-13 23:45:30,365 : Machine 3 (clock rate = 6) has internal event at 55.24s with logical clock value of 331
2016-03-13 23:45:30,532 : Machine 3 (clock rate = 6) has internal event at 55.41s with logical clock value of 332
2016-03-13 23:45:30,699 : Machine 3 (clock rate = 6) sending to Machine 1 logical clock value of 333 at 55.58s
2016-03-13 23:45:30,866 : Machine 3 (clock rate = 6) sending to Machine 1 logical clock value of 334 at 55.74s
2016-03-13 23:45:31,033 : Machine 3 (clock rate = 6) sending to Machine 1 logical clock value of 335 at 55.91s
2016-03-13 23:45:31,201 : Machine 3 (clock rate = 6) sending to Machine 1 logical clock value of 336 at 56.08s
2016-03-13 23:45:31,369 : Machine 3 (clock rate = 6) received message with lc value of 335 with queue size of 1 at 56.25s with logical clock of 337
2016-03-13 23:45:31,369 : Machine 3 (clock rate = 6) sending to Machine 1 logical clock value of 337 at 56.25s
2016-03-13 23:45:31,536 : Machine 3 (clock rate = 6) sending to Machine 1 logical clock value of 338 at 56.41s
2016-03-13 23:45:31,703 : Machine 3 (clock rate = 6) sending to Machine 1 logical clock value of 339 at 56.58s
2016-03-13 23:45:31,871 : Machine 3 (clock rate = 6) has internal event at 56.75s with logical clock value of 340
2016-03-13 23:45:32,039 : Machine 3 (clock rate = 6) has internal event at 56.92s with logical clock value of 341
2016-03-13 23:45:32,206 : Machine 3 (clock rate = 6) has internal event at 57.08s with logical clock value of 342
2016-03-13 23:45:32,374 : Machine 3 (clock rate = 6) sending to Machine 1 logical clock value of 343 at 57.25s
2016-03-13 23:45:32,541 : Machine 3 (clock rate = 6) has internal event at 57.42s with logical clock value of 344
2016-03-13 23:45:32,708 : Machine 3 (clock rate = 6) sending to Machine 1 logical clock value of 345 at 57.59s
2016-03-13 23:45:32,876 : Machine 3 (clock rate = 6) sending to Machine 1 logical clock value of 346 at 57.75s
2016-03-13 23:45:33,043 : Machine 3 (clock rate = 6) has internal event at 57.92s with logical clock value of 347
2016-03-13 23:45:33,210 : Machine 3 (clock rate = 6) has internal event at 58.09s with logical clock value of 348
2016-03-13 23:45:33,377 : Machine 3 (clock rate = 6) received message with lc value of 346 with queue size of 1 at 58.25s with logical clock of 349
2016-03-13 23:45:33,378 : Machine 3 (clock rate = 6) has internal event at 58.26s with logical clock value of 349
2016-03-13 23:45:33,545 : Machine 3 (clock rate = 6) has internal event at 58.42s with logical clock value of 350
2016-03-13 23:45:33,712 : Machine 3 (clock rate = 6) has internal event at 58.59s with logical clock value of 351
2016-03-13 23:45:33,879 : Machine 3 (clock rate = 6) has internal event at 58.76s with logical clock value of 352
2016-03-13 23:45:34,047 : Machine 3 (clock rate = 6) has internal event at 58.92s with logical clock value of 353
2016-03-13 23:45:34,214 : Machine 3 (clock rate = 6) sending to Machine 1 logical clock value of 354 at 59.09s
2016-03-13 23:45:34,381 : Machine 3 (clock rate = 6) sending to Machine 1 logical clock value of 355 at 59.26s
2016-03-13 23:45:34,549 : Machine 3 (clock rate = 6) has internal event at 59.43s with logical clock value of 356
2016-03-13 23:45:34,716 : Machine 3 (clock rate = 6) has internal event at 59.59s with logical clock value of 357
2016-03-13 23:45:34,883 : Machine 3 (clock rate = 6) has internal event at 59.76s with logical clock value of 358
2016-03-13 23:45:35,051 : Machine 3 (clock rate = 6) has internal event at 59.93s with logical clock value of 359
2016-03-13 23:45:35,219 : Machine 3 (clock rate = 6) sending to Machine 1 logical clock value of 360 at 60.10s
