2016-03-13 23:40:42,526 : Process: 2, PID: 25325
2016-03-13 23:40:42,526 : Machine 2 (clock rate = 3) has internal event at 0.001s with logical clock value of 1
2016-03-13 23:40:42,861 : Machine 2 (clock rate = 3) received message with lc value of 1 with queue size of 2 at 0.335s with logical clock of 2
2016-03-13 23:40:42,861 : Machine 2 (clock rate = 3) has internal event at 0.336s with logical clock value of 2
2016-03-13 23:40:43,195 : Machine 2 (clock rate = 3) received message with lc value of 1 with queue size of 1 at 0.670s with logical clock of 3
2016-03-13 23:40:43,196 : Machine 2 (clock rate = 3) has internal event at 0.670s with logical clock value of 3
2016-03-13 23:40:43,529 : Machine 2 (clock rate = 3) received message with lc value of 5 with queue size of 2 at 1.003s with logical clock of 4
2016-03-13 23:40:43,529 : Machine 2 (clock rate = 3) sending to Machine 1 logical clock value of 5 at 1.004s
2016-03-13 23:40:43,863 : Machine 2 (clock rate = 3) received message with lc value of 6 with queue size of 1 at 1.337s with logical clock of 6
2016-03-13 23:40:43,863 : Machine 2 (clock rate = 3) sending to Machine 1 logical clock value of 6 at 1.338s
2016-03-13 23:40:44,196 : Machine 2 (clock rate = 3) received message with lc value of 9 with queue size of 1 at 1.671s with logical clock of 7
2016-03-13 23:40:44,197 : Machine 2 (clock rate = 3) sending to Machine 1 logical clock value of 9 at 1.672s
2016-03-13 23:40:44,530 : Machine 2 (clock rate = 3) sending to Machine 1 logical clock value of 10 at 2.005s
2016-03-13 23:40:44,864 : Machine 2 (clock rate = 3) received message with lc value of 14 with queue size of 1 at 2.339s with logical clock of 11
2016-03-13 23:40:44,865 : Machine 2 (clock rate = 3) sending to Machine 1 logical clock value of 14 at 2.339s
2016-03-13 23:40:45,197 : Machine 2 (clock rate = 3) sending to Machine 1 logical clock value of 15 at 2.672s
2016-03-13 23:40:45,531 : Machine 2 (clock rate = 3) sending to Machine 1 logical clock value of 16 at 3.006s
2016-03-13 23:40:45,866 : Machine 2 (clock rate = 3) received message with lc value of 19 with queue size of 2 at 3.340s with logical clock of 17
2016-03-13 23:40:45,866 : Machine 2 (clock rate = 3) has internal event at 3.341s with logical clock value of 19
2016-03-13 23:40:46,200 : Machine 2 (clock rate = 3) received message with lc value of 20 with queue size of 1 at 3.675s with logical clock of 20
2016-03-13 23:40:46,200 : Machine 2 (clock rate = 3) sending to Machine 1 logical clock value of 20 at 3.675s
2016-03-13 23:40:46,534 : Machine 2 (clock rate = 3) received message with lc value of 23 with queue size of 1 at 4.009s with logical clock of 21
2016-03-13 23:40:46,535 : Machine 2 (clock rate = 3) sending to Machine 1 logical clock value of 23 at 4.009s
2016-03-13 23:40:46,868 : Machine 2 (clock rate = 3) sending to Machine 1 logical clock value of 24 at 4.343s
2016-03-13 23:40:47,202 : Machine 2 (clock rate = 3) received message with lc value of 28 with queue size of 1 at 4.677s with logical clock of 25
2016-03-13 23:40:47,203 : Machine 2 (clock rate = 3) sending to Machine 1 logical clock value of 28 at 4.678s
2016-03-13 23:40:47,537 : Machine 2 (clock rate = 3) received message with lc value of 30 with queue size of 1 at 5.011s with logical clock of 29
2016-03-13 23:40:47,538 : Machine 2 (clock rate = 3) has internal event at 5.012s with logical clock value of 30
2016-03-13 23:40:47,870 : Machine 2 (clock rate = 3) sending to Machine 1 logical clock value of 31 at 5.345s
2016-03-13 23:40:48,205 : Machine 2 (clock rate = 3) received message with lc value of 33 with queue size of 1 at 5.679s with logical clock of 32
2016-03-13 23:40:48,206 : Machine 2 (clock rate = 3) sending to Machine 1 logical clock value of 33 at 5.680s
2016-03-13 23:40:48,539 : Machine 2 (clock rate = 3) received message with lc value of 35 with queue size of 2 at 6.014s with logical clock of 34
2016-03-13 23:40:48,540 : Machine 2 (clock rate = 3) sending to Machine 1 logical clock value of 35 at 6.015s
2016-03-13 23:40:48,874 : Machine 2 (clock rate = 3) received message with lc value of 9 with queue size of 1 at 6.348s with logical clock of 36
2016-03-13 23:40:48,874 : Machine 2 (clock rate = 3) has internal event at 6.349s with logical clock value of 36
2016-03-13 23:40:49,207 : Machine 2 (clock rate = 3) received message with lc value of 39 with queue size of 1 at 6.682s with logical clock of 37
2016-03-13 23:40:49,208 : Machine 2 (clock rate = 3) has internal event at 6.683s with logical clock value of 39
2016-03-13 23:40:49,542 : Machine 2 (clock rate = 3) received message with lc value of 42 with queue size of 1 at 7.016s with logical clock of 40
2016-03-13 23:40:49,543 : Machine 2 (clock rate = 3) has internal event at 7.017s with logical clock value of 42
2016-03-13 23:40:49,876 : Machine 2 (clock rate = 3) sending to Machine 1 logical clock value of 43 at 7.351s
2016-03-13 23:40:50,209 : Machine 2 (clock rate = 3) received message with lc value of 45 with queue size of 1 at 7.684s with logical clock of 44
2016-03-13 23:40:50,210 : Machine 2 (clock rate = 3) sending to Machine 1 logical clock value of 45 at 7.685s
2016-03-13 23:40:50,544 : Machine 2 (clock rate = 3) received message with lc value of 12 with queue size of 1 at 8.018s with logical clock of 46
2016-03-13 23:40:50,544 : Machine 2 (clock rate = 3) sending to Machine 1 logical clock value of 46 at 8.019s
2016-03-13 23:40:50,877 : Machine 2 (clock rate = 3) has internal event at 8.352s with logical clock value of 47
2016-03-13 23:40:51,211 : Machine 2 (clock rate = 3) sending to Machine 1 logical clock value of 48 at 8.686s
2016-03-13 23:40:51,545 : Machine 2 (clock rate = 3) received message with lc value of 53 with queue size of 3 at 9.020s with logical clock of 49
2016-03-13 23:40:51,546 : Machine 2 (clock rate = 3) sending to Machine 1 logical clock value of 53 at 9.021s
2016-03-13 23:40:51,880 : Machine 2 (clock rate = 3) received message with lc value of 54 with queue size of 3 at 9.354s with logical clock of 54
2016-03-13 23:40:51,880 : Machine 2 (clock rate = 3) has internal event at 9.355s with logical clock value of 54
2016-03-13 23:40:52,214 : Machine 2 (clock rate = 3) received message with lc value of 13 with queue size of 3 at 9.689s with logical clock of 55
2016-03-13 23:40:52,215 : Machine 2 (clock rate = 3) sending to Machine 1 logical clock value of 55 at 9.689s
2016-03-13 23:40:52,548 : Machine 2 (clock rate = 3) received message with lc value of 55 with queue size of 4 at 10.02s with logical clock of 56
2016-03-13 23:40:52,549 : Machine 2 (clock rate = 3) has internal event at 10.02s with logical clock value of 56
2016-03-13 23:40:52,882 : Machine 2 (clock rate = 3) received message with lc value of 58 with queue size of 4 at 10.35s with logical clock of 57
2016-03-13 23:40:52,883 : Machine 2 (clock rate = 3) sending to Machine 1 logical clock value of 58 at 10.35s
2016-03-13 23:40:53,217 : Machine 2 (clock rate = 3) received message with lc value of 60 with queue size of 3 at 10.69s with logical clock of 59
2016-03-13 23:40:53,217 : Machine 2 (clock rate = 3) sending to Machine 1 logical clock value of 60 at 10.69s
2016-03-13 23:40:53,551 : Machine 2 (clock rate = 3) received message with lc value of 14 with queue size of 4 at 11.02s with logical clock of 61
2016-03-13 23:40:53,552 : Machine 2 (clock rate = 3) sending to Machine 1 logical clock value of 61 at 11.02s
2016-03-13 23:40:53,885 : Machine 2 (clock rate = 3) received message with lc value of 61 with queue size of 4 at 11.36s with logical clock of 62
2016-03-13 23:40:53,886 : Machine 2 (clock rate = 3) sending to Machine 1 logical clock value of 62 at 11.36s
2016-03-13 23:40:54,219 : Machine 2 (clock rate = 3) received message with lc value of 65 with queue size of 4 at 11.69s with logical clock of 63
2016-03-13 23:40:54,220 : Machine 2 (clock rate = 3) has internal event at 11.69s with logical clock value of 65
2016-03-13 23:40:54,554 : Machine 2 (clock rate = 3) received message with lc value of 15 with queue size of 3 at 12.02s with logical clock of 66
2016-03-13 23:40:54,554 : Machine 2 (clock rate = 3) sending to Machine 1 logical clock value of 66 at 12.02s
2016-03-13 23:40:54,888 : Machine 2 (clock rate = 3) received message with lc value of 68 with queue size of 2 at 12.36s with logical clock of 67
2016-03-13 23:40:54,888 : Machine 2 (clock rate = 3) has internal event at 12.36s with logical clock value of 68
2016-03-13 23:40:55,222 : Machine 2 (clock rate = 3) received message with lc value of 70 with queue size of 3 at 12.69s with logical clock of 69
2016-03-13 23:40:55,223 : Machine 2 (clock rate = 3) has internal event at 12.69s with logical clock value of 70
2016-03-13 23:40:55,556 : Machine 2 (clock rate = 3) received message with lc value of 75 with queue size of 3 at 13.03s with logical clock of 71
2016-03-13 23:40:55,557 : Machine 2 (clock rate = 3) sending to Machine 1 logical clock value of 75 at 13.03s
2016-03-13 23:40:55,890 : Machine 2 (clock rate = 3) received message with lc value of 76 with queue size of 2 at 13.36s with logical clock of 76
2016-03-13 23:40:55,891 : Machine 2 (clock rate = 3) has internal event at 13.36s with logical clock value of 76
2016-03-13 23:40:56,224 : Machine 2 (clock rate = 3) received message with lc value of 77 with queue size of 2 at 13.69s with logical clock of 77
2016-03-13 23:40:56,224 : Machine 2 (clock rate = 3) sending to Machine 1 logical clock value of 77 at 13.69s
2016-03-13 23:40:56,558 : Machine 2 (clock rate = 3) received message with lc value of 82 with queue size of 2 at 14.03s with logical clock of 78
2016-03-13 23:40:56,558 : Machine 2 (clock rate = 3) has internal event at 14.03s with logical clock value of 82
2016-03-13 23:40:56,892 : Machine 2 (clock rate = 3) received message with lc value of 23 with queue size of 2 at 14.36s with logical clock of 83
2016-03-13 23:40:56,892 : Machine 2 (clock rate = 3) sending to Machine 1 logical clock value of 83 at 14.36s
2016-03-13 23:40:57,225 : Machine 2 (clock rate = 3) received message with lc value of 86 with queue size of 3 at 14.70s with logical clock of 84
2016-03-13 23:40:57,226 : Machine 2 (clock rate = 3) sending to Machine 1 logical clock value of 86 at 14.70s
2016-03-13 23:40:57,559 : Machine 2 (clock rate = 3) received message with lc value of 87 with queue size of 3 at 15.03s with logical clock of 87
2016-03-13 23:40:57,560 : Machine 2 (clock rate = 3) sending to Machine 1 logical clock value of 87 at 15.03s
2016-03-13 23:40:57,893 : Machine 2 (clock rate = 3) received message with lc value of 88 with queue size of 3 at 15.36s with logical clock of 88
2016-03-13 23:40:57,893 : Machine 2 (clock rate = 3) sending to Machine 1 logical clock value of 88 at 15.36s
2016-03-13 23:40:58,226 : Machine 2 (clock rate = 3) received message with lc value of 89 with queue size of 4 at 15.70s with logical clock of 89
2016-03-13 23:40:58,227 : Machine 2 (clock rate = 3) has internal event at 15.70s with logical clock value of 89
2016-03-13 23:40:58,560 : Machine 2 (clock rate = 3) received message with lc value of 92 with queue size of 6 at 16.03s with logical clock of 90
2016-03-13 23:40:58,561 : Machine 2 (clock rate = 3) has internal event at 16.03s with logical clock value of 92
2016-03-13 23:40:58,894 : Machine 2 (clock rate = 3) received message with lc value of 93 with queue size of 5 at 16.36s with logical clock of 93
2016-03-13 23:40:58,895 : Machine 2 (clock rate = 3) sending to Machine 1 logical clock value of 93 at 16.37s
2016-03-13 23:40:59,228 : Machine 2 (clock rate = 3) received message with lc value of 94 with queue size of 5 at 16.70s with logical clock of 94
2016-03-13 23:40:59,229 : Machine 2 (clock rate = 3) sending to Machine 1 logical clock value of 94 at 16.70s
2016-03-13 23:40:59,563 : Machine 2 (clock rate = 3) received message with lc value of 95 with queue size of 4 at 17.03s with logical clock of 95
2016-03-13 23:40:59,563 : Machine 2 (clock rate = 3) sending to Machine 1 logical clock value of 95 at 17.03s
2016-03-13 23:40:59,897 : Machine 2 (clock rate = 3) received message with lc value of 96 with queue size of 4 at 17.37s with logical clock of 96
2016-03-13 23:40:59,897 : Machine 2 (clock rate = 3) sending to Machine 1 logical clock value of 96 at 17.37s
2016-03-13 23:41:00,231 : Machine 2 (clock rate = 3) received message with lc value of 27 with queue size of 5 at 17.70s with logical clock of 97
2016-03-13 23:41:00,231 : Machine 2 (clock rate = 3) sending to Machine 1 logical clock value of 97 at 17.70s
2016-03-13 23:41:00,565 : Machine 2 (clock rate = 3) received message with lc value of 99 with queue size of 4 at 18.04s with logical clock of 98
2016-03-13 23:41:00,566 : Machine 2 (clock rate = 3) has internal event at 18.04s with logical clock value of 99
2016-03-13 23:41:00,899 : Machine 2 (clock rate = 3) received message with lc value of 103 with queue size of 4 at 18.37s with logical clock of 100
2016-03-13 23:41:00,900 : Machine 2 (clock rate = 3) sending to Machine 1 logical clock value of 103 at 18.37s
2016-03-13 23:41:01,233 : Machine 2 (clock rate = 3) received message with lc value of 105 with queue size of 5 at 18.70s with logical clock of 104
2016-03-13 23:41:01,234 : Machine 2 (clock rate = 3) has internal event at 18.70s with logical clock value of 105
2016-03-13 23:41:01,568 : Machine 2 (clock rate = 3) received message with lc value of 106 with queue size of 4 at 19.04s with logical clock of 106
2016-03-13 23:41:01,576 : Machine 2 (clock rate = 3) has internal event at 19.05s with logical clock value of 106
2016-03-13 23:41:01,902 : Machine 2 (clock rate = 3) received message with lc value of 110 with queue size of 4 at 19.37s with logical clock of 107
2016-03-13 23:41:01,902 : Machine 2 (clock rate = 3) sending to Machine 1 logical clock value of 110 at 19.37s
2016-03-13 23:41:02,236 : Machine 2 (clock rate = 3) received message with lc value of 111 with queue size of 4 at 19.71s with logical clock of 111
2016-03-13 23:41:02,237 : Machine 2 (clock rate = 3) has internal event at 19.71s with logical clock value of 111
2016-03-13 23:41:02,570 : Machine 2 (clock rate = 3) received message with lc value of 112 with queue size of 3 at 20.04s with logical clock of 112
2016-03-13 23:41:02,571 : Machine 2 (clock rate = 3) sending to Machine 1 logical clock value of 112 at 20.04s
2016-03-13 23:41:02,905 : Machine 2 (clock rate = 3) received message with lc value of 116 with queue size of 3 at 20.37s with logical clock of 113
2016-03-13 23:41:02,905 : Machine 2 (clock rate = 3) sending to Machine 1 logical clock value of 116 at 20.38s
2016-03-13 23:41:03,239 : Machine 2 (clock rate = 3) received message with lc value of 117 with queue size of 2 at 20.71s with logical clock of 117
2016-03-13 23:41:03,239 : Machine 2 (clock rate = 3) has internal event at 20.71s with logical clock value of 117
2016-03-13 23:41:03,573 : Machine 2 (clock rate = 3) received message with lc value of 121 with queue size of 1 at 21.04s with logical clock of 118
2016-03-13 23:41:03,574 : Machine 2 (clock rate = 3) has internal event at 21.04s with logical clock value of 121
2016-03-13 23:41:03,907 : Machine 2 (clock rate = 3) sending to Machine 1 logical clock value of 122 at 21.38s
2016-03-13 23:41:04,241 : Machine 2 (clock rate = 3) has internal event at 21.71s with logical clock value of 123
2016-03-13 23:41:04,574 : Machine 2 (clock rate = 3) received message with lc value of 131 with queue size of 2 at 22.04s with logical clock of 124
2016-03-13 23:41:04,575 : Machine 2 (clock rate = 3) has internal event at 22.04s with logical clock value of 131
2016-03-13 23:41:04,908 : Machine 2 (clock rate = 3) received message with lc value of 38 with queue size of 3 at 22.38s with logical clock of 132
2016-03-13 23:41:04,908 : Machine 2 (clock rate = 3) sending to Machine 1 logical clock value of 132 at 22.38s
2016-03-13 23:41:05,242 : Machine 2 (clock rate = 3) received message with lc value of 133 with queue size of 3 at 22.71s with logical clock of 133
2016-03-13 23:41:05,243 : Machine 2 (clock rate = 3) has internal event at 22.71s with logical clock value of 133
2016-03-13 23:41:05,576 : Machine 2 (clock rate = 3) received message with lc value of 134 with queue size of 2 at 23.05s with logical clock of 134
2016-03-13 23:41:05,577 : Machine 2 (clock rate = 3) sending to Machine 1 logical clock value of 134 at 23.05s
2016-03-13 23:41:05,911 : Machine 2 (clock rate = 3) received message with lc value of 135 with queue size of 2 at 23.38s with logical clock of 135
2016-03-13 23:41:05,912 : Machine 2 (clock rate = 3) sending to Machine 1 logical clock value of 135 at 23.38s
2016-03-13 23:41:06,245 : Machine 2 (clock rate = 3) received message with lc value of 140 with queue size of 2 at 23.72s with logical clock of 136
2016-03-13 23:41:06,246 : Machine 2 (clock rate = 3) has internal event at 23.72s with logical clock value of 140
2016-03-13 23:41:06,579 : Machine 2 (clock rate = 3) received message with lc value of 141 with queue size of 1 at 24.05s with logical clock of 141
2016-03-13 23:41:06,579 : Machine 2 (clock rate = 3) sending to Machine 1 logical clock value of 141 at 24.05s
2016-03-13 23:41:06,912 : Machine 2 (clock rate = 3) received message with lc value of 146 with queue size of 1 at 24.38s with logical clock of 142
2016-03-13 23:41:06,913 : Machine 2 (clock rate = 3) sending to Machine 1 logical clock value of 146 at 24.38s
2016-03-13 23:41:07,247 : Machine 2 (clock rate = 3) received message with lc value of 148 with queue size of 1 at 24.72s with logical clock of 147
2016-03-13 23:41:07,247 : Machine 2 (clock rate = 3) sending to Machine 1 logical clock value of 148 at 24.72s
2016-03-13 23:41:07,580 : Machine 2 (clock rate = 3) has internal event at 25.05s with logical clock value of 149
2016-03-13 23:41:07,914 : Machine 2 (clock rate = 3) has internal event at 25.38s with logical clock value of 150
2016-03-13 23:41:08,248 : Machine 2 (clock rate = 3) sending to Machine 1 logical clock value of 151 at 25.72s
2016-03-13 23:41:08,582 : Machine 2 (clock rate = 3) received message with lc value of 156 with queue size of 1 at 26.05s with logical clock of 152
2016-03-13 23:41:08,582 : Machine 2 (clock rate = 3) sending to Machine 1 logical clock value of 156 at 26.05s
2016-03-13 23:41:08,916 : Machine 2 (clock rate = 3) has internal event at 26.39s with logical clock value of 157
2016-03-13 23:41:09,249 : Machine 2 (clock rate = 3) has internal event at 26.72s with logical clock value of 158
2016-03-13 23:41:09,583 : Machine 2 (clock rate = 3) received message with lc value of 47 with queue size of 1 at 27.05s with logical clock of 159
2016-03-13 23:41:09,583 : Machine 2 (clock rate = 3) has internal event at 27.05s with logical clock value of 159
2016-03-13 23:41:09,917 : Machine 2 (clock rate = 3) received message with lc value of 163 with queue size of 2 at 27.39s with logical clock of 160
2016-03-13 23:41:09,918 : Machine 2 (clock rate = 3) sending to Machine 1 logical clock value of 163 at 27.39s
2016-03-13 23:41:10,252 : Machine 2 (clock rate = 3) received message with lc value of 164 with queue size of 1 at 27.72s with logical clock of 164
2016-03-13 23:41:10,253 : Machine 2 (clock rate = 3) has internal event at 27.72s with logical clock value of 164
2016-03-13 23:41:10,586 : Machine 2 (clock rate = 3) has internal event at 28.06s with logical clock value of 165
2016-03-13 23:41:10,920 : Machine 2 (clock rate = 3) received message with lc value of 170 with queue size of 1 at 28.39s with logical clock of 166
2016-03-13 23:41:10,920 : Machine 2 (clock rate = 3) has internal event at 28.39s with logical clock value of 170
2016-03-13 23:41:11,254 : Machine 2 (clock rate = 3) received message with lc value of 172 with queue size of 1 at 28.72s with logical clock of 171
2016-03-13 23:41:11,255 : Machine 2 (clock rate = 3) sending to Machine 1 logical clock value of 172 at 28.72s
2016-03-13 23:41:11,587 : Machine 2 (clock rate = 3) sending to Machine 1 logical clock value of 173 at 29.06s
2016-03-13 23:41:11,921 : Machine 2 (clock rate = 3) received message with lc value of 175 with queue size of 1 at 29.39s with logical clock of 174
2016-03-13 23:41:11,922 : Machine 2 (clock rate = 3) has internal event at 29.39s with logical clock value of 175
2016-03-13 23:41:12,255 : Machine 2 (clock rate = 3) has internal event at 29.73s with logical clock value of 176
2016-03-13 23:41:12,589 : Machine 2 (clock rate = 3) received message with lc value of 179 with queue size of 1 at 30.06s with logical clock of 177
2016-03-13 23:41:12,590 : Machine 2 (clock rate = 3) has internal event at 30.06s with logical clock value of 179
2016-03-13 23:41:12,924 : Machine 2 (clock rate = 3) received message with lc value of 181 with queue size of 1 at 30.39s with logical clock of 180
2016-03-13 23:41:12,924 : Machine 2 (clock rate = 3) sending to Machine 1 logical clock value of 181 at 30.39s
2016-03-13 23:41:13,257 : Machine 2 (clock rate = 3) received message with lc value of 183 with queue size of 2 at 30.73s with logical clock of 182
2016-03-13 23:41:13,258 : Machine 2 (clock rate = 3) sending to Machine 1 logical clock value of 183 at 30.73s
2016-03-13 23:41:13,591 : Machine 2 (clock rate = 3) received message with lc value of 184 with queue size of 1 at 31.06s with logical clock of 184
2016-03-13 23:41:13,592 : Machine 2 (clock rate = 3) has internal event at 31.06s with logical clock value of 184
2016-03-13 23:41:13,925 : Machine 2 (clock rate = 3) has internal event at 31.40s with logical clock value of 185
2016-03-13 23:41:14,259 : Machine 2 (clock rate = 3) sending to Machine 1 logical clock value of 186 at 31.73s
2016-03-13 23:41:14,593 : Machine 2 (clock rate = 3) sending to Machine 1 logical clock value of 187 at 32.06s
2016-03-13 23:41:14,927 : Machine 2 (clock rate = 3) received message with lc value of 193 with queue size of 2 at 32.40s with logical clock of 188
2016-03-13 23:41:14,927 : Machine 2 (clock rate = 3) sending to Machine 1 logical clock value of 193 at 32.40s
2016-03-13 23:41:15,261 : Machine 2 (clock rate = 3) received message with lc value of 194 with queue size of 1 at 32.73s with logical clock of 194
2016-03-13 23:41:15,262 : Machine 2 (clock rate = 3) has internal event at 32.73s with logical clock value of 194
2016-03-13 23:41:15,595 : Machine 2 (clock rate = 3) received message with lc value of 197 with queue size of 2 at 33.07s with logical clock of 195
2016-03-13 23:41:15,596 : Machine 2 (clock rate = 3) sending to Machine 1 logical clock value of 197 at 33.07s
2016-03-13 23:41:15,929 : Machine 2 (clock rate = 3) received message with lc value of 198 with queue size of 2 at 33.40s with logical clock of 198
2016-03-13 23:41:15,930 : Machine 2 (clock rate = 3) sending to Machine 1 logical clock value of 198 at 33.40s
2016-03-13 23:41:16,263 : Machine 2 (clock rate = 3) received message with lc value of 200 with queue size of 2 at 33.73s with logical clock of 199
2016-03-13 23:41:16,263 : Machine 2 (clock rate = 3) has internal event at 33.73s with logical clock value of 200
2016-03-13 23:41:16,596 : Machine 2 (clock rate = 3) received message with lc value of 202 with queue size of 2 at 34.07s with logical clock of 201
2016-03-13 23:41:16,596 : Machine 2 (clock rate = 3) has internal event at 34.07s with logical clock value of 202
2016-03-13 23:41:16,930 : Machine 2 (clock rate = 3) received message with lc value of 204 with queue size of 3 at 34.40s with logical clock of 203
2016-03-13 23:41:16,931 : Machine 2 (clock rate = 3) sending to Machine 1 logical clock value of 204 at 34.40s
2016-03-13 23:41:17,263 : Machine 2 (clock rate = 3) received message with lc value of 205 with queue size of 3 at 34.73s with logical clock of 205
2016-03-13 23:41:17,264 : Machine 2 (clock rate = 3) has internal event at 34.73s with logical clock value of 205
2016-03-13 23:41:17,597 : Machine 2 (clock rate = 3) received message with lc value of 206 with queue size of 3 at 35.07s with logical clock of 206
2016-03-13 23:41:17,598 : Machine 2 (clock rate = 3) sending to Machine 1 logical clock value of 206 at 35.07s
2016-03-13 23:41:17,931 : Machine 2 (clock rate = 3) received message with lc value of 208 with queue size of 2 at 35.40s with logical clock of 207
2016-03-13 23:41:17,932 : Machine 2 (clock rate = 3) has internal event at 35.40s with logical clock value of 208
2016-03-13 23:41:18,265 : Machine 2 (clock rate = 3) received message with lc value of 58 with queue size of 1 at 35.73s with logical clock of 209
2016-03-13 23:41:18,266 : Machine 2 (clock rate = 3) sending to Machine 1 logical clock value of 209 at 35.74s
2016-03-13 23:41:18,598 : Machine 2 (clock rate = 3) sending to Machine 1 logical clock value of 210 at 36.07s
2016-03-13 23:41:18,933 : Machine 2 (clock rate = 3) sending to Machine 1 logical clock value of 211 at 36.40s
2016-03-13 23:41:19,267 : Machine 2 (clock rate = 3) has internal event at 36.74s with logical clock value of 212
2016-03-13 23:41:19,601 : Machine 2 (clock rate = 3) received message with lc value of 222 with queue size of 1 at 37.07s with logical clock of 213
2016-03-13 23:41:19,602 : Machine 2 (clock rate = 3) sending to Machine 1 logical clock value of 222 at 37.07s
2016-03-13 23:41:19,936 : Machine 2 (clock rate = 3) has internal event at 37.41s with logical clock value of 223
2016-03-13 23:41:20,270 : Machine 2 (clock rate = 3) sending to Machine 1 logical clock value of 224 at 37.74s
2016-03-13 23:41:20,604 : Machine 2 (clock rate = 3) sending to Machine 1 logical clock value of 225 at 38.07s
2016-03-13 23:41:20,938 : Machine 2 (clock rate = 3) received message with lc value of 229 with queue size of 2 at 38.41s with logical clock of 226
2016-03-13 23:41:20,939 : Machine 2 (clock rate = 3) sending to Machine 1 logical clock value of 229 at 38.41s
2016-03-13 23:41:21,272 : Machine 2 (clock rate = 3) received message with lc value of 230 with queue size of 2 at 38.74s with logical clock of 230
2016-03-13 23:41:21,273 : Machine 2 (clock rate = 3) has internal event at 38.74s with logical clock value of 230
2016-03-13 23:41:21,606 : Machine 2 (clock rate = 3) received message with lc value of 231 with queue size of 1 at 39.08s with logical clock of 231
2016-03-13 23:41:21,607 : Machine 2 (clock rate = 3) has internal event at 39.08s with logical clock value of 231
2016-03-13 23:41:21,940 : Machine 2 (clock rate = 3) has internal event at 39.41s with logical clock value of 232
2016-03-13 23:41:22,275 : Machine 2 (clock rate = 3) received message with lc value of 238 with queue size of 1 at 39.74s with logical clock of 233
2016-03-13 23:41:22,276 : Machine 2 (clock rate = 3) has internal event at 39.75s with logical clock value of 238
2016-03-13 23:41:22,608 : Machine 2 (clock rate = 3) sending to Machine 1 logical clock value of 239 at 40.08s
2016-03-13 23:41:22,942 : Machine 2 (clock rate = 3) has internal event at 40.41s with logical clock value of 240
2016-03-13 23:41:23,276 : Machine 2 (clock rate = 3) received message with lc value of 244 with queue size of 1 at 40.75s with logical clock of 241
2016-03-13 23:41:23,277 : Machine 2 (clock rate = 3) sending to Machine 1 logical clock value of 244 at 40.75s
2016-03-13 23:41:23,611 : Machine 2 (clock rate = 3) received message with lc value of 78 with queue size of 1 at 41.08s with logical clock of 245
2016-03-13 23:41:23,611 : Machine 2 (clock rate = 3) has internal event at 41.08s with logical clock value of 245
2016-03-13 23:41:23,945 : Machine 2 (clock rate = 3) sending to Machine 1 logical clock value of 246 at 41.42s
2016-03-13 23:41:24,279 : Machine 2 (clock rate = 3) sending to Machine 1 logical clock value of 247 at 41.75s
2016-03-13 23:41:24,613 : Machine 2 (clock rate = 3) sending to Machine 1 logical clock value of 248 at 42.08s
2016-03-13 23:41:24,947 : Machine 2 (clock rate = 3) received message with lc value of 253 with queue size of 1 at 42.42s with logical clock of 249
2016-03-13 23:41:24,948 : Machine 2 (clock rate = 3) sending to Machine 1 logical clock value of 253 at 42.42s
2016-03-13 23:41:25,282 : Machine 2 (clock rate = 3) received message with lc value of 255 with queue size of 1 at 42.75s with logical clock of 254
2016-03-13 23:41:25,283 : Machine 2 (clock rate = 3) sending to Machine 1 logical clock value of 255 at 42.75s
2016-03-13 23:41:25,616 : Machine 2 (clock rate = 3) received message with lc value of 80 with queue size of 1 at 43.09s with logical clock of 256
2016-03-13 23:41:25,616 : Machine 2 (clock rate = 3) has internal event at 43.09s with logical clock value of 256
2016-03-13 23:41:25,950 : Machine 2 (clock rate = 3) received message with lc value of 260 with queue size of 1 at 43.42s with logical clock of 257
2016-03-13 23:41:25,950 : Machine 2 (clock rate = 3) sending to Machine 1 logical clock value of 260 at 43.42s
2016-03-13 23:41:26,283 : Machine 2 (clock rate = 3) received message with lc value of 262 with queue size of 1 at 43.75s with logical clock of 261
2016-03-13 23:41:26,284 : Machine 2 (clock rate = 3) sending to Machine 1 logical clock value of 262 at 43.75s
2016-03-13 23:41:26,618 : Machine 2 (clock rate = 3) received message with lc value of 81 with queue size of 1 at 44.09s with logical clock of 263
2016-03-13 23:41:26,618 : Machine 2 (clock rate = 3) sending to Machine 1 logical clock value of 263 at 44.09s
2016-03-13 23:41:26,952 : Machine 2 (clock rate = 3) sending to Machine 1 logical clock value of 264 at 44.42s
2016-03-13 23:41:27,286 : Machine 2 (clock rate = 3) received message with lc value of 267 with queue size of 1 at 44.76s with logical clock of 265
2016-03-13 23:41:27,286 : Machine 2 (clock rate = 3) sending to Machine 1 logical clock value of 267 at 44.76s
2016-03-13 23:41:27,620 : Machine 2 (clock rate = 3) received message with lc value of 269 with queue size of 2 at 45.09s with logical clock of 268
2016-03-13 23:41:27,621 : Machine 2 (clock rate = 3) sending to Machine 1 logical clock value of 269 at 45.09s
2016-03-13 23:41:27,954 : Machine 2 (clock rate = 3) received message with lc value of 84 with queue size of 2 at 45.42s with logical clock of 270
2016-03-13 23:41:27,954 : Machine 2 (clock rate = 3) sending to Machine 1 logical clock value of 270 at 45.42s
2016-03-13 23:41:28,288 : Machine 2 (clock rate = 3) received message with lc value of 272 with queue size of 2 at 45.76s with logical clock of 271
2016-03-13 23:41:28,289 : Machine 2 (clock rate = 3) sending to Machine 1 logical clock value of 272 at 45.76s
2016-03-13 23:41:28,622 : Machine 2 (clock rate = 3) received message with lc value of 273 with queue size of 1 at 46.09s with logical clock of 273
2016-03-13 23:41:28,623 : Machine 2 (clock rate = 3) sending to Machine 1 logical clock value of 273 at 46.09s
2016-03-13 23:41:28,957 : Machine 2 (clock rate = 3) sending to Machine 1 logical clock value of 274 at 46.43s
2016-03-13 23:41:29,291 : Machine 2 (clock rate = 3) received message with lc value of 279 with queue size of 1 at 46.76s with logical clock of 275
2016-03-13 23:41:29,292 : Machine 2 (clock rate = 3) sending to Machine 1 logical clock value of 279 at 46.76s
2016-03-13 23:41:29,625 : Machine 2 (clock rate = 3) sending to Machine 1 logical clock value of 280 at 47.09s
2016-03-13 23:41:29,959 : Machine 2 (clock rate = 3) received message with lc value of 283 with queue size of 2 at 47.43s with logical clock of 281
2016-03-13 23:41:29,960 : Machine 2 (clock rate = 3) sending to Machine 1 logical clock value of 283 at 47.43s
2016-03-13 23:41:30,294 : Machine 2 (clock rate = 3) received message with lc value of 284 with queue size of 2 at 47.76s with logical clock of 284
2016-03-13 23:41:30,294 : Machine 2 (clock rate = 3) sending to Machine 1 logical clock value of 284 at 47.76s
2016-03-13 23:41:30,627 : Machine 2 (clock rate = 3) received message with lc value of 285 with queue size of 1 at 48.10s with logical clock of 285
2016-03-13 23:41:30,628 : Machine 2 (clock rate = 3) sending to Machine 1 logical clock value of 285 at 48.10s
2016-03-13 23:41:30,961 : Machine 2 (clock rate = 3) received message with lc value of 290 with queue size of 1 at 48.43s with logical clock of 286
2016-03-13 23:41:30,961 : Machine 2 (clock rate = 3) sending to Machine 1 logical clock value of 290 at 48.43s
2016-03-13 23:41:31,296 : Machine 2 (clock rate = 3) received message with lc value of 291 with queue size of 1 at 48.77s with logical clock of 291
2016-03-13 23:41:31,296 : Machine 2 (clock rate = 3) sending to Machine 1 logical clock value of 291 at 48.77s
2016-03-13 23:41:31,629 : Machine 2 (clock rate = 3) received message with lc value of 293 with queue size of 1 at 49.10s with logical clock of 292
2016-03-13 23:41:31,630 : Machine 2 (clock rate = 3) sending to Machine 1 logical clock value of 293 at 49.10s
2016-03-13 23:41:31,963 : Machine 2 (clock rate = 3) sending to Machine 1 logical clock value of 294 at 49.43s
2016-03-13 23:41:32,298 : Machine 2 (clock rate = 3) received message with lc value of 297 with queue size of 1 at 49.77s with logical clock of 295
2016-03-13 23:41:32,298 : Machine 2 (clock rate = 3) sending to Machine 1 logical clock value of 297 at 49.77s
2016-03-13 23:41:32,632 : Machine 2 (clock rate = 3) received message with lc value of 92 with queue size of 1 at 50.10s with logical clock of 298
2016-03-13 23:41:32,633 : Machine 2 (clock rate = 3) sending to Machine 1 logical clock value of 298 at 50.10s
2016-03-13 23:41:32,966 : Machine 2 (clock rate = 3) has internal event at 50.44s with logical clock value of 299
2016-03-13 23:41:33,300 : Machine 2 (clock rate = 3) received message with lc value of 304 with queue size of 1 at 50.77s with logical clock of 300
2016-03-13 23:41:33,301 : Machine 2 (clock rate = 3) has internal event at 50.77s with logical clock value of 304
2016-03-13 23:41:33,634 : Machine 2 (clock rate = 3) received message with lc value of 305 with queue size of 2 at 51.10s with logical clock of 305
2016-03-13 23:41:33,635 : Machine 2 (clock rate = 3) has internal event at 51.11s with logical clock value of 305
2016-03-13 23:41:33,968 : Machine 2 (clock rate = 3) received message with lc value of 97 with queue size of 1 at 51.44s with logical clock of 306
2016-03-13 23:41:33,969 : Machine 2 (clock rate = 3) sending to Machine 1 logical clock value of 306 at 51.44s
2016-03-13 23:41:34,302 : Machine 2 (clock rate = 3) received message with lc value of 309 with queue size of 1 at 51.77s with logical clock of 307
2016-03-13 23:41:34,303 : Machine 2 (clock rate = 3) has internal event at 51.77s with logical clock value of 309
2016-03-13 23:41:34,636 : Machine 2 (clock rate = 3) sending to Machine 1 logical clock value of 310 at 52.11s
2016-03-13 23:41:34,970 : Machine 2 (clock rate = 3) received message with lc value of 314 with queue size of 1 at 52.44s with logical clock of 311
2016-03-13 23:41:34,970 : Machine 2 (clock rate = 3) sending to Machine 1 logical clock value of 314 at 52.44s
2016-03-13 23:41:35,304 : Machine 2 (clock rate = 3) received message with lc value of 315 with queue size of 2 at 52.77s with logical clock of 315
2016-03-13 23:41:35,305 : Machine 2 (clock rate = 3) has internal event at 52.77s with logical clock value of 315
2016-03-13 23:41:35,638 : Machine 2 (clock rate = 3) received message with lc value of 316 with queue size of 2 at 53.11s with logical clock of 316
2016-03-13 23:41:35,638 : Machine 2 (clock rate = 3) sending to Machine 1 logical clock value of 316 at 53.11s
2016-03-13 23:41:35,971 : Machine 2 (clock rate = 3) received message with lc value of 101 with queue size of 1 at 53.44s with logical clock of 317
2016-03-13 23:41:35,972 : Machine 2 (clock rate = 3) has internal event at 53.44s with logical clock value of 317
2016-03-13 23:41:36,306 : Machine 2 (clock rate = 3) received message with lc value of 322 with queue size of 1 at 53.78s with logical clock of 318
2016-03-13 23:41:36,306 : Machine 2 (clock rate = 3) sending to Machine 1 logical clock value of 322 at 53.78s
2016-03-13 23:41:36,640 : Machine 2 (clock rate = 3) received message with lc value of 102 with queue size of 1 at 54.11s with logical clock of 323
2016-03-13 23:41:36,641 : Machine 2 (clock rate = 3) has internal event at 54.11s with logical clock value of 323
2016-03-13 23:41:36,974 : Machine 2 (clock rate = 3) sending to Machine 1 logical clock value of 324 at 54.44s
2016-03-13 23:41:37,308 : Machine 2 (clock rate = 3) sending to Machine 1 logical clock value of 325 at 54.78s
2016-03-13 23:41:37,641 : Machine 2 (clock rate = 3) received message with lc value of 329 with queue size of 2 at 55.11s with logical clock of 326
2016-03-13 23:41:37,642 : Machine 2 (clock rate = 3) has internal event at 55.11s with logical clock value of 329
2016-03-13 23:41:37,975 : Machine 2 (clock rate = 3) received message with lc value of 104 with queue size of 1 at 55.45s with logical clock of 330
2016-03-13 23:41:37,976 : Machine 2 (clock rate = 3) has internal event at 55.45s with logical clock value of 330
2016-03-13 23:41:38,310 : Machine 2 (clock rate = 3) received message with lc value of 333 with queue size of 2 at 55.78s with logical clock of 331
2016-03-13 23:41:38,310 : Machine 2 (clock rate = 3) sending to Machine 1 logical clock value of 333 at 55.78s
2016-03-13 23:41:38,644 : Machine 2 (clock rate = 3) received message with lc value of 334 with queue size of 2 at 56.11s with logical clock of 334
2016-03-13 23:41:38,645 : Machine 2 (clock rate = 3) sending to Machine 1 logical clock value of 334 at 56.11s
2016-03-13 23:41:38,978 : Machine 2 (clock rate = 3) received message with lc value of 105 with queue size of 1 at 56.45s with logical clock of 335
2016-03-13 23:41:38,978 : Machine 2 (clock rate = 3) has internal event at 56.45s with logical clock value of 335
2016-03-13 23:41:39,311 : Machine 2 (clock rate = 3) received message with lc value of 340 with queue size of 1 at 56.78s with logical clock of 336
2016-03-13 23:41:39,312 : Machine 2 (clock rate = 3) has internal event at 56.78s with logical clock value of 340
2016-03-13 23:41:39,645 : Machine 2 (clock rate = 3) received message with lc value of 342 with queue size of 1 at 57.11s with logical clock of 341
2016-03-13 23:41:39,645 : Machine 2 (clock rate = 3) sending to Machine 1 logical clock value of 342 at 57.12s
2016-03-13 23:41:39,979 : Machine 2 (clock rate = 3) received message with lc value of 343 with queue size of 1 at 57.45s with logical clock of 343
2016-03-13 23:41:39,979 : Machine 2 (clock rate = 3) has internal event at 57.45s with logical clock value of 343
2016-03-13 23:41:40,313 : Machine 2 (clock rate = 3) sending to Machine 1 logical clock value of 344 at 57.78s
2016-03-13 23:41:40,647 : Machine 2 (clock rate = 3) has internal event at 58.12s with logical clock value of 345
2016-03-13 23:41:40,981 : Machine 2 (clock rate = 3) received message with lc value of 349 with queue size of 1 at 58.45s with logical clock of 346
2016-03-13 23:41:40,981 : Machine 2 (clock rate = 3) sending to Machine 1 logical clock value of 349 at 58.45s
2016-03-13 23:41:41,315 : Machine 2 (clock rate = 3) received message with lc value of 352 with queue size of 1 at 58.79s with logical clock of 350
2016-03-13 23:41:41,316 : Machine 2 (clock rate = 3) has internal event at 58.79s with logical clock value of 352
2016-03-13 23:41:41,650 : Machine 2 (clock rate = 3) sending to Machine 1 logical clock value of 353 at 59.12s
2016-03-13 23:41:41,984 : Machine 2 (clock rate = 3) received message with lc value of 355 with queue size of 1 at 59.45s with logical clock of 354
2016-03-13 23:41:41,984 : Machine 2 (clock rate = 3) sending to Machine 1 logical clock value of 355 at 59.45s
2016-03-13 23:41:42,318 : Machine 2 (clock rate = 3) received message with lc value of 358 with queue size of 1 at 59.79s with logical clock of 356
2016-03-13 23:41:42,319 : Machine 2 (clock rate = 3) sending to Machine 1 logical clock value of 358 at 59.79s
