2016-03-13 23:43:28,511 : Process: 3, PID: 25475
2016-03-13 23:43:28,512 : Machine 3 (clock rate = 6) has internal event at 0.001s with logical clock value of 1
2016-03-13 23:43:28,680 : Machine 3 (clock rate = 6) received message with lc value of 1 with queue size of 0 at 0.169s with logical clock of 2
2016-03-13 23:43:28,680 : Machine 3 (clock rate = 6) has internal event at 0.170s with logical clock value of 2
2016-03-13 23:43:28,847 : Machine 3 (clock rate = 6) sending to Machine 1 logical clock value of 3 at 0.336s
2016-03-13 23:43:29,015 : Machine 3 (clock rate = 6) has internal event at 0.504s with logical clock value of 4
2016-03-13 23:43:29,182 : Machine 3 (clock rate = 6) received message with lc value of 3 with queue size of 0 at 0.671s with logical clock of 5
2016-03-13 23:43:29,182 : Machine 3 (clock rate = 6) has internal event at 0.672s with logical clock value of 5
2016-03-13 23:43:29,349 : Machine 3 (clock rate = 6) has internal event at 0.838s with logical clock value of 6
2016-03-13 23:43:29,516 : Machine 3 (clock rate = 6) has internal event at 1.006s with logical clock value of 7
2016-03-13 23:43:29,684 : Machine 3 (clock rate = 6) has internal event at 1.173s with logical clock value of 8
2016-03-13 23:43:29,852 : Machine 3 (clock rate = 6) has internal event at 1.341s with logical clock value of 9
2016-03-13 23:43:30,018 : Machine 3 (clock rate = 6) sending to Machine 1 logical clock value of 10 at 1.508s
2016-03-13 23:43:30,185 : Machine 3 (clock rate = 6) sending to Machine 1 logical clock value of 11 at 1.675s
2016-03-13 23:43:30,353 : Machine 3 (clock rate = 6) has internal event at 1.842s with logical clock value of 12
2016-03-13 23:43:30,520 : Machine 3 (clock rate = 6) has internal event at 2.010s with logical clock value of 13
2016-03-13 23:43:30,688 : Machine 3 (clock rate = 6) sending to Machine 1 logical clock value of 14 at 2.177s
2016-03-13 23:43:30,855 : Machine 3 (clock rate = 6) received message with lc value of 12 with queue size of 0 at 2.345s with logical clock of 15
2016-03-13 23:43:30,856 : Machine 3 (clock rate = 6) sending to Machine 1 logical clock value of 15 at 2.346s
2016-03-13 23:43:31,022 : Machine 3 (clock rate = 6) sending to Machine 1 logical clock value of 16 at 2.512s
2016-03-13 23:43:31,189 : Machine 3 (clock rate = 6) has internal event at 2.679s with logical clock value of 17
2016-03-13 23:43:31,357 : Machine 3 (clock rate = 6) sending to Machine 1 logical clock value of 18 at 2.846s
2016-03-13 23:43:31,524 : Machine 3 (clock rate = 6) received message with lc value of 10 with queue size of 0 at 3.014s with logical clock of 19
2016-03-13 23:43:31,525 : Machine 3 (clock rate = 6) sending to Machine 1 logical clock value of 19 at 3.014s
2016-03-13 23:43:31,691 : Machine 3 (clock rate = 6) has internal event at 3.181s with logical clock value of 20
2016-03-13 23:43:31,859 : Machine 3 (clock rate = 6) has internal event at 3.348s with logical clock value of 21
2016-03-13 23:43:32,025 : Machine 3 (clock rate = 6) has internal event at 3.515s with logical clock value of 22
2016-03-13 23:43:32,192 : Machine 3 (clock rate = 6) sending to Machine 1 logical clock value of 23 at 3.682s
2016-03-13 23:43:32,359 : Machine 3 (clock rate = 6) sending to Machine 1 logical clock value of 24 at 3.849s
2016-03-13 23:43:32,527 : Machine 3 (clock rate = 6) received message with lc value of 11 with queue size of 0 at 4.017s with logical clock of 25
2016-03-13 23:43:32,528 : Machine 3 (clock rate = 6) has internal event at 4.017s with logical clock value of 25
2016-03-13 23:43:32,695 : Machine 3 (clock rate = 6) has internal event at 4.184s with logical clock value of 26
2016-03-13 23:43:32,862 : Machine 3 (clock rate = 6) has internal event at 4.351s with logical clock value of 27
2016-03-13 23:43:33,029 : Machine 3 (clock rate = 6) has internal event at 4.519s with logical clock value of 28
2016-03-13 23:43:33,197 : Machine 3 (clock rate = 6) has internal event at 4.687s with logical clock value of 29
2016-03-13 23:43:33,365 : Machine 3 (clock rate = 6) has internal event at 4.854s with logical clock value of 30
2016-03-13 23:43:33,532 : Machine 3 (clock rate = 6) has internal event at 5.022s with logical clock value of 31
2016-03-13 23:43:33,700 : Machine 3 (clock rate = 6) sending to Machine 1 logical clock value of 32 at 5.189s
2016-03-13 23:43:33,867 : Machine 3 (clock rate = 6) sending to Machine 1 logical clock value of 33 at 5.357s
2016-03-13 23:43:34,035 : Machine 3 (clock rate = 6) has internal event at 5.525s with logical clock value of 34
2016-03-13 23:43:34,203 : Machine 3 (clock rate = 6) sending to Machine 1 logical clock value of 35 at 5.692s
2016-03-13 23:43:34,370 : Machine 3 (clock rate = 6) has internal event at 5.859s with logical clock value of 36
2016-03-13 23:43:34,537 : Machine 3 (clock rate = 6) has internal event at 6.027s with logical clock value of 37
2016-03-13 23:43:34,704 : Machine 3 (clock rate = 6) has internal event at 6.194s with logical clock value of 38
2016-03-13 23:43:34,872 : Machine 3 (clock rate = 6) received message with lc value of 35 with queue size of 0 at 6.362s with logical clock of 39
2016-03-13 23:43:34,873 : Machine 3 (clock rate = 6) sending to Machine 1 logical clock value of 39 at 6.362s
2016-03-13 23:43:35,039 : Machine 3 (clock rate = 6) has internal event at 6.528s with logical clock value of 40
2016-03-13 23:43:35,206 : Machine 3 (clock rate = 6) has internal event at 6.695s with logical clock value of 41
2016-03-13 23:43:35,373 : Machine 3 (clock rate = 6) sending to Machine 1 logical clock value of 42 at 6.863s
2016-03-13 23:43:35,540 : Machine 3 (clock rate = 6) has internal event at 7.030s with logical clock value of 43
2016-03-13 23:43:35,708 : Machine 3 (clock rate = 6) has internal event at 7.197s with logical clock value of 44
2016-03-13 23:43:35,875 : Machine 3 (clock rate = 6) sending to Machine 1 logical clock value of 45 at 7.365s
2016-03-13 23:43:36,042 : Machine 3 (clock rate = 6) has internal event at 7.532s with logical clock value of 46
2016-03-13 23:43:36,209 : Machine 3 (clock rate = 6) has internal event at 7.699s with logical clock value of 47
2016-03-13 23:43:36,377 : Machine 3 (clock rate = 6) has internal event at 7.866s with logical clock value of 48
2016-03-13 23:43:36,544 : Machine 3 (clock rate = 6) received message with lc value of 46 with queue size of 0 at 8.034s with logical clock of 49
2016-03-13 23:43:36,545 : Machine 3 (clock rate = 6) sending to Machine 1 logical clock value of 49 at 8.035s
2016-03-13 23:43:36,712 : Machine 3 (clock rate = 6) sending to Machine 1 logical clock value of 50 at 8.202s
2016-03-13 23:43:36,879 : Machine 3 (clock rate = 6) received message with lc value of 49 with queue size of 0 at 8.369s with logical clock of 51
2016-03-13 23:43:36,880 : Machine 3 (clock rate = 6) has internal event at 8.369s with logical clock value of 51
2016-03-13 23:43:37,047 : Machine 3 (clock rate = 6) has internal event at 8.536s with logical clock value of 52
2016-03-13 23:43:37,213 : Machine 3 (clock rate = 6) sending to Machine 1 logical clock value of 53 at 8.703s
2016-03-13 23:43:37,380 : Machine 3 (clock rate = 6) has internal event at 8.870s with logical clock value of 54
2016-03-13 23:43:37,547 : Machine 3 (clock rate = 6) sending to Machine 1 logical clock value of 55 at 9.037s
2016-03-13 23:43:37,715 : Machine 3 (clock rate = 6) has internal event at 9.204s with logical clock value of 56
2016-03-13 23:43:37,882 : Machine 3 (clock rate = 6) received message with lc value of 55 with queue size of 0 at 9.372s with logical clock of 57
2016-03-13 23:43:37,883 : Machine 3 (clock rate = 6) sending to Machine 1 logical clock value of 57 at 9.372s
2016-03-13 23:43:38,050 : Machine 3 (clock rate = 6) has internal event at 9.539s with logical clock value of 58
2016-03-13 23:43:38,218 : Machine 3 (clock rate = 6) sending to Machine 1 logical clock value of 59 at 9.707s
2016-03-13 23:43:38,385 : Machine 3 (clock rate = 6) has internal event at 9.874s with logical clock value of 60
2016-03-13 23:43:38,552 : Machine 3 (clock rate = 6) received message with lc value of 57 with queue size of 0 at 10.04s with logical clock of 61
2016-03-13 23:43:38,553 : Machine 3 (clock rate = 6) has internal event at 10.04s with logical clock value of 61
2016-03-13 23:43:38,719 : Machine 3 (clock rate = 6) has internal event at 10.20s with logical clock value of 62
2016-03-13 23:43:38,887 : Machine 3 (clock rate = 6) sending to Machine 1 logical clock value of 63 at 10.37s
2016-03-13 23:43:39,054 : Machine 3 (clock rate = 6) has internal event at 10.54s with logical clock value of 64
2016-03-13 23:43:39,221 : Machine 3 (clock rate = 6) received message with lc value of 63 with queue size of 0 at 10.71s with logical clock of 65
2016-03-13 23:43:39,222 : Machine 3 (clock rate = 6) has internal event at 10.71s with logical clock value of 65
2016-03-13 23:43:39,388 : Machine 3 (clock rate = 6) sending to Machine 1 logical clock value of 66 at 10.87s
2016-03-13 23:43:39,556 : Machine 3 (clock rate = 6) sending to Machine 1 logical clock value of 67 at 11.04s
2016-03-13 23:43:39,723 : Machine 3 (clock rate = 6) sending to Machine 1 logical clock value of 68 at 11.21s
2016-03-13 23:43:39,891 : Machine 3 (clock rate = 6) has internal event at 11.38s with logical clock value of 69
2016-03-13 23:43:40,058 : Machine 3 (clock rate = 6) sending to Machine 1 logical clock value of 70 at 11.54s
2016-03-13 23:43:40,225 : Machine 3 (clock rate = 6) sending to Machine 1 logical clock value of 71 at 11.71s
2016-03-13 23:43:40,393 : Machine 3 (clock rate = 6) has internal event at 11.88s with logical clock value of 72
2016-03-13 23:43:40,560 : Machine 3 (clock rate = 6) received message with lc value of 69 with queue size of 0 at 12.05s with logical clock of 73
2016-03-13 23:43:40,561 : Machine 3 (clock rate = 6) sending to Machine 1 logical clock value of 73 at 12.05s
2016-03-13 23:43:40,728 : Machine 3 (clock rate = 6) sending to Machine 1 logical clock value of 74 at 12.21s
2016-03-13 23:43:40,895 : Machine 3 (clock rate = 6) has internal event at 12.38s with logical clock value of 75
2016-03-13 23:43:41,063 : Machine 3 (clock rate = 6) sending to Machine 1 logical clock value of 76 at 12.55s
2016-03-13 23:43:41,230 : Machine 3 (clock rate = 6) has internal event at 12.71s with logical clock value of 77
2016-03-13 23:43:41,397 : Machine 3 (clock rate = 6) sending to Machine 1 logical clock value of 78 at 12.88s
2016-03-13 23:43:41,564 : Machine 3 (clock rate = 6) has internal event at 13.05s with logical clock value of 79
2016-03-13 23:43:41,732 : Machine 3 (clock rate = 6) has internal event at 13.22s with logical clock value of 80
2016-03-13 23:43:41,899 : Machine 3 (clock rate = 6) received message with lc value of 77 with queue size of 0 at 13.38s with logical clock of 81
2016-03-13 23:43:41,900 : Machine 3 (clock rate = 6) has internal event at 13.38s with logical clock value of 81
2016-03-13 23:43:42,066 : Machine 3 (clock rate = 6) has internal event at 13.55s with logical clock value of 82
2016-03-13 23:43:42,233 : Machine 3 (clock rate = 6) received message with lc value of 78 with queue size of 0 at 13.72s with logical clock of 83
2016-03-13 23:43:42,234 : Machine 3 (clock rate = 6) sending to Machine 1 logical clock value of 83 at 13.72s
2016-03-13 23:43:42,401 : Machine 3 (clock rate = 6) has internal event at 13.89s with logical clock value of 84
2016-03-13 23:43:42,568 : Machine 3 (clock rate = 6) has internal event at 14.05s with logical clock value of 85
2016-03-13 23:43:42,736 : Machine 3 (clock rate = 6) sending to Machine 1 logical clock value of 86 at 14.22s
2016-03-13 23:43:42,903 : Machine 3 (clock rate = 6) sending to Machine 1 logical clock value of 87 at 14.39s
2016-03-13 23:43:43,070 : Machine 3 (clock rate = 6) sending to Machine 1 logical clock value of 88 at 14.55s
2016-03-13 23:43:43,238 : Machine 3 (clock rate = 6) has internal event at 14.72s with logical clock value of 89
2016-03-13 23:43:43,405 : Machine 3 (clock rate = 6) has internal event at 14.89s with logical clock value of 90
2016-03-13 23:43:43,573 : Machine 3 (clock rate = 6) sending to Machine 1 logical clock value of 91 at 15.06s
2016-03-13 23:43:43,741 : Machine 3 (clock rate = 6) has internal event at 15.23s with logical clock value of 92
2016-03-13 23:43:43,908 : Machine 3 (clock rate = 6) has internal event at 15.39s with logical clock value of 93
2016-03-13 23:43:44,075 : Machine 3 (clock rate = 6) sending to Machine 1 logical clock value of 94 at 15.56s
2016-03-13 23:43:44,242 : Machine 3 (clock rate = 6) has internal event at 15.73s with logical clock value of 95
2016-03-13 23:43:44,410 : Machine 3 (clock rate = 6) has internal event at 15.89s with logical clock value of 96
2016-03-13 23:43:44,577 : Machine 3 (clock rate = 6) has internal event at 16.06s with logical clock value of 97
2016-03-13 23:43:44,745 : Machine 3 (clock rate = 6) sending to Machine 1 logical clock value of 98 at 16.23s
2016-03-13 23:43:44,913 : Machine 3 (clock rate = 6) has internal event at 16.40s with logical clock value of 99
2016-03-13 23:43:45,080 : Machine 3 (clock rate = 6) has internal event at 16.56s with logical clock value of 100
2016-03-13 23:43:45,246 : Machine 3 (clock rate = 6) sending to Machine 1 logical clock value of 101 at 16.73s
2016-03-13 23:43:45,414 : Machine 3 (clock rate = 6) has internal event at 16.90s with logical clock value of 102
2016-03-13 23:43:45,580 : Machine 3 (clock rate = 6) sending to Machine 1 logical clock value of 103 at 17.07s
2016-03-13 23:43:45,747 : Machine 3 (clock rate = 6) sending to Machine 1 logical clock value of 104 at 17.23s
2016-03-13 23:43:45,915 : Machine 3 (clock rate = 6) sending to Machine 1 logical clock value of 105 at 17.40s
2016-03-13 23:43:46,083 : Machine 3 (clock rate = 6) sending to Machine 1 logical clock value of 106 at 17.57s
2016-03-13 23:43:46,249 : Machine 3 (clock rate = 6) has internal event at 17.73s with logical clock value of 107
2016-03-13 23:43:46,417 : Machine 3 (clock rate = 6) has internal event at 17.90s with logical clock value of 108
2016-03-13 23:43:46,584 : Machine 3 (clock rate = 6) has internal event at 18.07s with logical clock value of 109
2016-03-13 23:43:46,752 : Machine 3 (clock rate = 6) sending to Machine 1 logical clock value of 110 at 18.24s
2016-03-13 23:43:46,919 : Machine 3 (clock rate = 6) has internal event at 18.40s with logical clock value of 111
2016-03-13 23:43:47,086 : Machine 3 (clock rate = 6) sending to Machine 1 logical clock value of 112 at 18.57s
2016-03-13 23:43:47,254 : Machine 3 (clock rate = 6) received message with lc value of 111 with queue size of 0 at 18.74s with logical clock of 113
2016-03-13 23:43:47,254 : Machine 3 (clock rate = 6) has internal event at 18.74s with logical clock value of 113
2016-03-13 23:43:47,421 : Machine 3 (clock rate = 6) sending to Machine 1 logical clock value of 114 at 18.91s
2016-03-13 23:43:47,588 : Machine 3 (clock rate = 6) sending to Machine 1 logical clock value of 115 at 19.07s
2016-03-13 23:43:47,755 : Machine 3 (clock rate = 6) has internal event at 19.24s with logical clock value of 116
2016-03-13 23:43:47,922 : Machine 3 (clock rate = 6) sending to Machine 1 logical clock value of 117 at 19.41s
2016-03-13 23:43:48,089 : Machine 3 (clock rate = 6) has internal event at 19.57s with logical clock value of 118
2016-03-13 23:43:48,256 : Machine 3 (clock rate = 6) sending to Machine 1 logical clock value of 119 at 19.74s
2016-03-13 23:43:48,424 : Machine 3 (clock rate = 6) has internal event at 19.91s with logical clock value of 120
2016-03-13 23:43:48,591 : Machine 3 (clock rate = 6) received message with lc value of 71 with queue size of 1 at 20.08s with logical clock of 121
2016-03-13 23:43:48,592 : Machine 3 (clock rate = 6) sending to Machine 1 logical clock value of 121 at 20.08s
2016-03-13 23:43:48,759 : Machine 3 (clock rate = 6) received message with lc value of 119 with queue size of 0 at 20.24s with logical clock of 122
2016-03-13 23:43:48,759 : Machine 3 (clock rate = 6) has internal event at 20.24s with logical clock value of 122
2016-03-13 23:43:48,926 : Machine 3 (clock rate = 6) sending to Machine 1 logical clock value of 123 at 20.41s
2016-03-13 23:43:49,094 : Machine 3 (clock rate = 6) sending to Machine 1 logical clock value of 124 at 20.58s
2016-03-13 23:43:49,262 : Machine 3 (clock rate = 6) sending to Machine 1 logical clock value of 125 at 20.75s
2016-03-13 23:43:49,429 : Machine 3 (clock rate = 6) has internal event at 20.91s with logical clock value of 126
2016-03-13 23:43:49,597 : Machine 3 (clock rate = 6) has internal event at 21.08s with logical clock value of 127
2016-03-13 23:43:49,764 : Machine 3 (clock rate = 6) sending to Machine 1 logical clock value of 128 at 21.25s
2016-03-13 23:43:49,931 : Machine 3 (clock rate = 6) sending to Machine 1 logical clock value of 129 at 21.42s
2016-03-13 23:43:50,098 : Machine 3 (clock rate = 6) sending to Machine 1 logical clock value of 130 at 21.58s
2016-03-13 23:43:50,266 : Machine 3 (clock rate = 6) has internal event at 21.75s with logical clock value of 131
2016-03-13 23:43:50,433 : Machine 3 (clock rate = 6) has internal event at 21.92s with logical clock value of 132
2016-03-13 23:43:50,600 : Machine 3 (clock rate = 6) has internal event at 22.08s with logical clock value of 133
2016-03-13 23:43:50,768 : Machine 3 (clock rate = 6) sending to Machine 1 logical clock value of 134 at 22.25s
2016-03-13 23:43:50,935 : Machine 3 (clock rate = 6) sending to Machine 1 logical clock value of 135 at 22.42s
2016-03-13 23:43:51,103 : Machine 3 (clock rate = 6) has internal event at 22.59s with logical clock value of 136
2016-03-13 23:43:51,270 : Machine 3 (clock rate = 6) sending to Machine 1 logical clock value of 137 at 22.75s
2016-03-13 23:43:51,438 : Machine 3 (clock rate = 6) sending to Machine 1 logical clock value of 138 at 22.92s
2016-03-13 23:43:51,605 : Machine 3 (clock rate = 6) sending to Machine 1 logical clock value of 139 at 23.09s
2016-03-13 23:43:51,772 : Machine 3 (clock rate = 6) has internal event at 23.26s with logical clock value of 140
2016-03-13 23:43:51,940 : Machine 3 (clock rate = 6) sending to Machine 1 logical clock value of 141 at 23.43s
2016-03-13 23:43:52,107 : Machine 3 (clock rate = 6) has internal event at 23.59s with logical clock value of 142
2016-03-13 23:43:52,275 : Machine 3 (clock rate = 6) sending to Machine 1 logical clock value of 143 at 23.76s
2016-03-13 23:43:52,442 : Machine 3 (clock rate = 6) has internal event at 23.93s with logical clock value of 144
2016-03-13 23:43:52,609 : Machine 3 (clock rate = 6) has internal event at 24.09s with logical clock value of 145
2016-03-13 23:43:52,776 : Machine 3 (clock rate = 6) has internal event at 24.26s with logical clock value of 146
2016-03-13 23:43:52,943 : Machine 3 (clock rate = 6) has internal event at 24.43s with logical clock value of 147
2016-03-13 23:43:53,111 : Machine 3 (clock rate = 6) sending to Machine 1 logical clock value of 148 at 24.60s
2016-03-13 23:43:53,278 : Machine 3 (clock rate = 6) sending to Machine 1 logical clock value of 149 at 24.76s
2016-03-13 23:43:53,445 : Machine 3 (clock rate = 6) has internal event at 24.93s with logical clock value of 150
2016-03-13 23:43:53,612 : Machine 3 (clock rate = 6) received message with lc value of 87 with queue size of 1 at 25.10s with logical clock of 151
2016-03-13 23:43:53,613 : Machine 3 (clock rate = 6) has internal event at 25.10s with logical clock value of 151
2016-03-13 23:43:53,779 : Machine 3 (clock rate = 6) received message with lc value of 149 with queue size of 0 at 25.26s with logical clock of 152
2016-03-13 23:43:53,780 : Machine 3 (clock rate = 6) sending to Machine 1 logical clock value of 152 at 25.27s
2016-03-13 23:43:53,947 : Machine 3 (clock rate = 6) has internal event at 25.43s with logical clock value of 153
2016-03-13 23:43:54,114 : Machine 3 (clock rate = 6) has internal event at 25.60s with logical clock value of 154
2016-03-13 23:43:54,281 : Machine 3 (clock rate = 6) has internal event at 25.77s with logical clock value of 155
2016-03-13 23:43:54,448 : Machine 3 (clock rate = 6) has internal event at 25.93s with logical clock value of 156
2016-03-13 23:43:54,615 : Machine 3 (clock rate = 6) received message with lc value of 88 with queue size of 0 at 26.10s with logical clock of 157
2016-03-13 23:43:54,616 : Machine 3 (clock rate = 6) has internal event at 26.10s with logical clock value of 157
2016-03-13 23:43:54,783 : Machine 3 (clock rate = 6) sending to Machine 1 logical clock value of 158 at 26.27s
2016-03-13 23:43:54,951 : Machine 3 (clock rate = 6) sending to Machine 1 logical clock value of 159 at 26.44s
2016-03-13 23:43:55,118 : Machine 3 (clock rate = 6) sending to Machine 1 logical clock value of 160 at 26.60s
2016-03-13 23:43:55,285 : Machine 3 (clock rate = 6) received message with lc value of 159 with queue size of 0 at 26.77s with logical clock of 161
2016-03-13 23:43:55,286 : Machine 3 (clock rate = 6) has internal event at 26.77s with logical clock value of 161
2016-03-13 23:43:55,452 : Machine 3 (clock rate = 6) sending to Machine 1 logical clock value of 162 at 26.94s
2016-03-13 23:43:55,619 : Machine 3 (clock rate = 6) sending to Machine 1 logical clock value of 163 at 27.10s
2016-03-13 23:43:55,787 : Machine 3 (clock rate = 6) has internal event at 27.27s with logical clock value of 164
2016-03-13 23:43:55,954 : Machine 3 (clock rate = 6) has internal event at 27.44s with logical clock value of 165
2016-03-13 23:43:56,121 : Machine 3 (clock rate = 6) sending to Machine 1 logical clock value of 166 at 27.61s
2016-03-13 23:43:56,288 : Machine 3 (clock rate = 6) sending to Machine 1 logical clock value of 167 at 27.77s
2016-03-13 23:43:56,455 : Machine 3 (clock rate = 6) sending to Machine 1 logical clock value of 168 at 27.94s
2016-03-13 23:43:56,623 : Machine 3 (clock rate = 6) has internal event at 28.11s with logical clock value of 169
2016-03-13 23:43:56,791 : Machine 3 (clock rate = 6) has internal event at 28.28s with logical clock value of 170
2016-03-13 23:43:56,958 : Machine 3 (clock rate = 6) has internal event at 28.44s with logical clock value of 171
2016-03-13 23:43:57,126 : Machine 3 (clock rate = 6) has internal event at 28.61s with logical clock value of 172
2016-03-13 23:43:57,293 : Machine 3 (clock rate = 6) received message with lc value of 169 with queue size of 0 at 28.78s with logical clock of 173
2016-03-13 23:43:57,294 : Machine 3 (clock rate = 6) has internal event at 28.78s with logical clock value of 173
2016-03-13 23:43:57,461 : Machine 3 (clock rate = 6) sending to Machine 1 logical clock value of 174 at 28.95s
2016-03-13 23:43:57,628 : Machine 3 (clock rate = 6) has internal event at 29.11s with logical clock value of 175
2016-03-13 23:43:57,795 : Machine 3 (clock rate = 6) sending to Machine 1 logical clock value of 176 at 29.28s
2016-03-13 23:43:57,962 : Machine 3 (clock rate = 6) has internal event at 29.45s with logical clock value of 177
2016-03-13 23:43:58,130 : Machine 3 (clock rate = 6) sending to Machine 1 logical clock value of 178 at 29.61s
2016-03-13 23:43:58,298 : Machine 3 (clock rate = 6) sending to Machine 1 logical clock value of 179 at 29.78s
2016-03-13 23:43:58,465 : Machine 3 (clock rate = 6) sending to Machine 1 logical clock value of 180 at 29.95s
2016-03-13 23:43:58,633 : Machine 3 (clock rate = 6) has internal event at 30.12s with logical clock value of 181
2016-03-13 23:43:58,801 : Machine 3 (clock rate = 6) has internal event at 30.29s with logical clock value of 182
2016-03-13 23:43:58,968 : Machine 3 (clock rate = 6) sending to Machine 1 logical clock value of 183 at 30.45s
2016-03-13 23:43:59,136 : Machine 3 (clock rate = 6) has internal event at 30.62s with logical clock value of 184
2016-03-13 23:43:59,303 : Machine 3 (clock rate = 6) has internal event at 30.79s with logical clock value of 185
2016-03-13 23:43:59,471 : Machine 3 (clock rate = 6) sending to Machine 1 logical clock value of 186 at 30.96s
2016-03-13 23:43:59,638 : Machine 3 (clock rate = 6) received message with lc value of 186 with queue size of 0 at 31.12s with logical clock of 187
2016-03-13 23:43:59,639 : Machine 3 (clock rate = 6) sending to Machine 1 logical clock value of 187 at 31.12s
2016-03-13 23:43:59,806 : Machine 3 (clock rate = 6) sending to Machine 1 logical clock value of 188 at 31.29s
2016-03-13 23:43:59,974 : Machine 3 (clock rate = 6) sending to Machine 1 logical clock value of 189 at 31.46s
2016-03-13 23:44:00,141 : Machine 3 (clock rate = 6) sending to Machine 1 logical clock value of 190 at 31.63s
2016-03-13 23:44:00,308 : Machine 3 (clock rate = 6) sending to Machine 1 logical clock value of 191 at 31.79s
2016-03-13 23:44:00,475 : Machine 3 (clock rate = 6) has internal event at 31.96s with logical clock value of 192
2016-03-13 23:44:00,643 : Machine 3 (clock rate = 6) sending to Machine 1 logical clock value of 193 at 32.13s
2016-03-13 23:44:00,810 : Machine 3 (clock rate = 6) has internal event at 32.29s with logical clock value of 194
2016-03-13 23:44:00,977 : Machine 3 (clock rate = 6) sending to Machine 1 logical clock value of 195 at 32.46s
2016-03-13 23:44:01,145 : Machine 3 (clock rate = 6) sending to Machine 1 logical clock value of 196 at 32.63s
2016-03-13 23:44:01,312 : Machine 3 (clock rate = 6) has internal event at 32.80s with logical clock value of 197
2016-03-13 23:44:01,480 : Machine 3 (clock rate = 6) sending to Machine 1 logical clock value of 198 at 32.96s
2016-03-13 23:44:01,647 : Machine 3 (clock rate = 6) has internal event at 33.13s with logical clock value of 199
2016-03-13 23:44:01,815 : Machine 3 (clock rate = 6) sending to Machine 1 logical clock value of 200 at 33.30s
2016-03-13 23:44:01,983 : Machine 3 (clock rate = 6) has internal event at 33.47s with logical clock value of 201
2016-03-13 23:44:02,150 : Machine 3 (clock rate = 6) sending to Machine 1 logical clock value of 202 at 33.63s
2016-03-13 23:44:02,318 : Machine 3 (clock rate = 6) received message with lc value of 196 with queue size of 0 at 33.80s with logical clock of 203
2016-03-13 23:44:02,318 : Machine 3 (clock rate = 6) has internal event at 33.80s with logical clock value of 203
2016-03-13 23:44:02,485 : Machine 3 (clock rate = 6) has internal event at 33.97s with logical clock value of 204
2016-03-13 23:44:02,651 : Machine 3 (clock rate = 6) has internal event at 34.14s with logical clock value of 205
2016-03-13 23:44:02,819 : Machine 3 (clock rate = 6) sending to Machine 1 logical clock value of 206 at 34.30s
2016-03-13 23:44:02,986 : Machine 3 (clock rate = 6) has internal event at 34.47s with logical clock value of 207
2016-03-13 23:44:03,153 : Machine 3 (clock rate = 6) sending to Machine 1 logical clock value of 208 at 34.64s
2016-03-13 23:44:03,321 : Machine 3 (clock rate = 6) sending to Machine 1 logical clock value of 209 at 34.81s
2016-03-13 23:44:03,488 : Machine 3 (clock rate = 6) sending to Machine 1 logical clock value of 210 at 34.97s
2016-03-13 23:44:03,655 : Machine 3 (clock rate = 6) has internal event at 35.14s with logical clock value of 211
2016-03-13 23:44:03,823 : Machine 3 (clock rate = 6) has internal event at 35.31s with logical clock value of 212
2016-03-13 23:44:03,990 : Machine 3 (clock rate = 6) has internal event at 35.48s with logical clock value of 213
2016-03-13 23:44:04,157 : Machine 3 (clock rate = 6) sending to Machine 1 logical clock value of 214 at 35.64s
2016-03-13 23:44:04,325 : Machine 3 (clock rate = 6) received message with lc value of 211 with queue size of 0 at 35.81s with logical clock of 215
2016-03-13 23:44:04,326 : Machine 3 (clock rate = 6) sending to Machine 1 logical clock value of 215 at 35.81s
2016-03-13 23:44:04,493 : Machine 3 (clock rate = 6) has internal event at 35.98s with logical clock value of 216
2016-03-13 23:44:04,660 : Machine 3 (clock rate = 6) received message with lc value of 114 with queue size of 0 at 36.15s with logical clock of 217
2016-03-13 23:44:04,661 : Machine 3 (clock rate = 6) sending to Machine 1 logical clock value of 217 at 36.15s
2016-03-13 23:44:04,828 : Machine 3 (clock rate = 6) has internal event at 36.31s with logical clock value of 218
2016-03-13 23:44:04,995 : Machine 3 (clock rate = 6) has internal event at 36.48s with logical clock value of 219
2016-03-13 23:44:05,163 : Machine 3 (clock rate = 6) sending to Machine 1 logical clock value of 220 at 36.65s
2016-03-13 23:44:05,330 : Machine 3 (clock rate = 6) has internal event at 36.82s with logical clock value of 221
2016-03-13 23:44:05,498 : Machine 3 (clock rate = 6) has internal event at 36.98s with logical clock value of 222
2016-03-13 23:44:05,665 : Machine 3 (clock rate = 6) sending to Machine 1 logical clock value of 223 at 37.15s
2016-03-13 23:44:05,833 : Machine 3 (clock rate = 6) has internal event at 37.32s with logical clock value of 224
2016-03-13 23:44:06,000 : Machine 3 (clock rate = 6) has internal event at 37.48s with logical clock value of 225
2016-03-13 23:44:06,167 : Machine 3 (clock rate = 6) has internal event at 37.65s with logical clock value of 226
2016-03-13 23:44:06,335 : Machine 3 (clock rate = 6) sending to Machine 1 logical clock value of 227 at 37.82s
2016-03-13 23:44:06,503 : Machine 3 (clock rate = 6) has internal event at 37.99s with logical clock value of 228
2016-03-13 23:44:06,670 : Machine 3 (clock rate = 6) received message with lc value of 116 with queue size of 1 at 38.15s with logical clock of 229
2016-03-13 23:44:06,670 : Machine 3 (clock rate = 6) has internal event at 38.16s with logical clock value of 229
2016-03-13 23:44:06,837 : Machine 3 (clock rate = 6) received message with lc value of 227 with queue size of 0 at 38.32s with logical clock of 230
2016-03-13 23:44:06,838 : Machine 3 (clock rate = 6) sending to Machine 1 logical clock value of 230 at 38.32s
2016-03-13 23:44:07,005 : Machine 3 (clock rate = 6) sending to Machine 1 logical clock value of 231 at 38.49s
2016-03-13 23:44:07,173 : Machine 3 (clock rate = 6) sending to Machine 1 logical clock value of 232 at 38.66s
2016-03-13 23:44:07,340 : Machine 3 (clock rate = 6) has internal event at 38.83s with logical clock value of 233
2016-03-13 23:44:07,508 : Machine 3 (clock rate = 6) sending to Machine 1 logical clock value of 234 at 38.99s
2016-03-13 23:44:07,675 : Machine 3 (clock rate = 6) has internal event at 39.16s with logical clock value of 235
2016-03-13 23:44:07,843 : Machine 3 (clock rate = 6) sending to Machine 1 logical clock value of 236 at 39.33s
2016-03-13 23:44:08,010 : Machine 3 (clock rate = 6) has internal event at 39.50s with logical clock value of 237
2016-03-13 23:44:08,177 : Machine 3 (clock rate = 6) has internal event at 39.66s with logical clock value of 238
2016-03-13 23:44:08,345 : Machine 3 (clock rate = 6) has internal event at 39.83s with logical clock value of 239
2016-03-13 23:44:08,511 : Machine 3 (clock rate = 6) sending to Machine 1 logical clock value of 240 at 40.00s
2016-03-13 23:44:08,679 : Machine 3 (clock rate = 6) received message with lc value of 118 with queue size of 0 at 40.16s with logical clock of 241
2016-03-13 23:44:08,680 : Machine 3 (clock rate = 6) sending to Machine 1 logical clock value of 241 at 40.16s
2016-03-13 23:44:08,846 : Machine 3 (clock rate = 6) has internal event at 40.33s with logical clock value of 242
2016-03-13 23:44:09,013 : Machine 3 (clock rate = 6) sending to Machine 1 logical clock value of 243 at 40.50s
2016-03-13 23:44:09,181 : Machine 3 (clock rate = 6) has internal event at 40.67s with logical clock value of 244
2016-03-13 23:44:09,348 : Machine 3 (clock rate = 6) sending to Machine 1 logical clock value of 245 at 40.83s
2016-03-13 23:44:09,515 : Machine 3 (clock rate = 6) has internal event at 41.00s with logical clock value of 246
2016-03-13 23:44:09,682 : Machine 3 (clock rate = 6) received message with lc value of 243 with queue size of 0 at 41.17s with logical clock of 247
2016-03-13 23:44:09,683 : Machine 3 (clock rate = 6) sending to Machine 1 logical clock value of 247 at 41.17s
2016-03-13 23:44:09,850 : Machine 3 (clock rate = 6) sending to Machine 1 logical clock value of 248 at 41.33s
2016-03-13 23:44:10,017 : Machine 3 (clock rate = 6) sending to Machine 1 logical clock value of 249 at 41.50s
2016-03-13 23:44:10,184 : Machine 3 (clock rate = 6) sending to Machine 1 logical clock value of 250 at 41.67s
2016-03-13 23:44:10,351 : Machine 3 (clock rate = 6) has internal event at 41.84s with logical clock value of 251
2016-03-13 23:44:10,519 : Machine 3 (clock rate = 6) has internal event at 42.00s with logical clock value of 252
2016-03-13 23:44:10,686 : Machine 3 (clock rate = 6) received message with lc value of 125 with queue size of 0 at 42.17s with logical clock of 253
2016-03-13 23:44:10,687 : Machine 3 (clock rate = 6) sending to Machine 1 logical clock value of 253 at 42.17s
2016-03-13 23:44:10,853 : Machine 3 (clock rate = 6) has internal event at 42.34s with logical clock value of 254
2016-03-13 23:44:11,020 : Machine 3 (clock rate = 6) sending to Machine 1 logical clock value of 255 at 42.50s
2016-03-13 23:44:11,188 : Machine 3 (clock rate = 6) has internal event at 42.67s with logical clock value of 256
2016-03-13 23:44:11,355 : Machine 3 (clock rate = 6) received message with lc value of 255 with queue size of 0 at 42.84s with logical clock of 257
2016-03-13 23:44:11,355 : Machine 3 (clock rate = 6) sending to Machine 1 logical clock value of 257 at 42.84s
2016-03-13 23:44:11,521 : Machine 3 (clock rate = 6) has internal event at 43.01s with logical clock value of 258
2016-03-13 23:44:11,688 : Machine 3 (clock rate = 6) sending to Machine 1 logical clock value of 259 at 43.17s
2016-03-13 23:44:11,855 : Machine 3 (clock rate = 6) sending to Machine 1 logical clock value of 260 at 43.34s
2016-03-13 23:44:12,023 : Machine 3 (clock rate = 6) has internal event at 43.51s with logical clock value of 261
2016-03-13 23:44:12,189 : Machine 3 (clock rate = 6) sending to Machine 1 logical clock value of 262 at 43.67s
2016-03-13 23:44:12,357 : Machine 3 (clock rate = 6) sending to Machine 1 logical clock value of 263 at 43.84s
2016-03-13 23:44:12,525 : Machine 3 (clock rate = 6) has internal event at 44.01s with logical clock value of 264
2016-03-13 23:44:12,692 : Machine 3 (clock rate = 6) has internal event at 44.18s with logical clock value of 265
2016-03-13 23:44:12,859 : Machine 3 (clock rate = 6) has internal event at 44.34s with logical clock value of 266
2016-03-13 23:44:13,027 : Machine 3 (clock rate = 6) received message with lc value of 264 with queue size of 0 at 44.51s with logical clock of 267
2016-03-13 23:44:13,027 : Machine 3 (clock rate = 6) sending to Machine 1 logical clock value of 267 at 44.51s
2016-03-13 23:44:13,193 : Machine 3 (clock rate = 6) has internal event at 44.68s with logical clock value of 268
2016-03-13 23:44:13,361 : Machine 3 (clock rate = 6) has internal event at 44.85s with logical clock value of 269
2016-03-13 23:44:13,527 : Machine 3 (clock rate = 6) has internal event at 45.01s with logical clock value of 270
2016-03-13 23:44:13,695 : Machine 3 (clock rate = 6) has internal event at 45.18s with logical clock value of 271
2016-03-13 23:44:13,863 : Machine 3 (clock rate = 6) has internal event at 45.35s with logical clock value of 272
2016-03-13 23:44:14,030 : Machine 3 (clock rate = 6) received message with lc value of 269 with queue size of 0 at 45.52s with logical clock of 273
2016-03-13 23:44:14,031 : Machine 3 (clock rate = 6) sending to Machine 1 logical clock value of 273 at 45.52s
2016-03-13 23:44:14,198 : Machine 3 (clock rate = 6) sending to Machine 1 logical clock value of 274 at 45.68s
2016-03-13 23:44:14,365 : Machine 3 (clock rate = 6) received message with lc value of 274 with queue size of 0 at 45.85s with logical clock of 275
2016-03-13 23:44:14,366 : Machine 3 (clock rate = 6) sending to Machine 1 logical clock value of 275 at 45.85s
2016-03-13 23:44:14,532 : Machine 3 (clock rate = 6) sending to Machine 1 logical clock value of 276 at 46.02s
2016-03-13 23:44:14,699 : Machine 3 (clock rate = 6) has internal event at 46.18s with logical clock value of 277
2016-03-13 23:44:14,867 : Machine 3 (clock rate = 6) has internal event at 46.35s with logical clock value of 278
2016-03-13 23:44:15,035 : Machine 3 (clock rate = 6) received message with lc value of 276 with queue size of 0 at 46.52s with logical clock of 279
2016-03-13 23:44:15,035 : Machine 3 (clock rate = 6) sending to Machine 1 logical clock value of 279 at 46.52s
2016-03-13 23:44:15,202 : Machine 3 (clock rate = 6) has internal event at 46.69s with logical clock value of 280
2016-03-13 23:44:15,369 : Machine 3 (clock rate = 6) sending to Machine 1 logical clock value of 281 at 46.85s
2016-03-13 23:44:15,537 : Machine 3 (clock rate = 6) has internal event at 47.02s with logical clock value of 282
2016-03-13 23:44:15,705 : Machine 3 (clock rate = 6) received message with lc value of 280 with queue size of 0 at 47.19s with logical clock of 283
2016-03-13 23:44:15,705 : Machine 3 (clock rate = 6) has internal event at 47.19s with logical clock value of 283
2016-03-13 23:44:15,872 : Machine 3 (clock rate = 6) sending to Machine 1 logical clock value of 284 at 47.36s
2016-03-13 23:44:16,040 : Machine 3 (clock rate = 6) has internal event at 47.52s with logical clock value of 285
2016-03-13 23:44:16,207 : Machine 3 (clock rate = 6) sending to Machine 1 logical clock value of 286 at 47.69s
2016-03-13 23:44:16,375 : Machine 3 (clock rate = 6) sending to Machine 1 logical clock value of 287 at 47.86s
2016-03-13 23:44:16,542 : Machine 3 (clock rate = 6) sending to Machine 1 logical clock value of 288 at 48.03s
2016-03-13 23:44:16,710 : Machine 3 (clock rate = 6) has internal event at 48.19s with logical clock value of 289
2016-03-13 23:44:16,877 : Machine 3 (clock rate = 6) has internal event at 48.36s with logical clock value of 290
2016-03-13 23:44:17,044 : Machine 3 (clock rate = 6) has internal event at 48.53s with logical clock value of 291
2016-03-13 23:44:17,211 : Machine 3 (clock rate = 6) has internal event at 48.70s with logical clock value of 292
2016-03-13 23:44:17,379 : Machine 3 (clock rate = 6) sending to Machine 1 logical clock value of 293 at 48.86s
2016-03-13 23:44:17,545 : Machine 3 (clock rate = 6) sending to Machine 1 logical clock value of 294 at 49.03s
2016-03-13 23:44:17,713 : Machine 3 (clock rate = 6) received message with lc value of 144 with queue size of 0 at 49.20s with logical clock of 295
2016-03-13 23:44:17,714 : Machine 3 (clock rate = 6) sending to Machine 1 logical clock value of 295 at 49.20s
2016-03-13 23:44:17,880 : Machine 3 (clock rate = 6) has internal event at 49.37s with logical clock value of 296
2016-03-13 23:44:18,048 : Machine 3 (clock rate = 6) has internal event at 49.53s with logical clock value of 297
2016-03-13 23:44:18,215 : Machine 3 (clock rate = 6) has internal event at 49.70s with logical clock value of 298
2016-03-13 23:44:18,381 : Machine 3 (clock rate = 6) has internal event at 49.87s with logical clock value of 299
2016-03-13 23:44:18,549 : Machine 3 (clock rate = 6) has internal event at 50.03s with logical clock value of 300
2016-03-13 23:44:18,717 : Machine 3 (clock rate = 6) sending to Machine 1 logical clock value of 301 at 50.20s
2016-03-13 23:44:18,884 : Machine 3 (clock rate = 6) sending to Machine 1 logical clock value of 302 at 50.37s
2016-03-13 23:44:19,052 : Machine 3 (clock rate = 6) has internal event at 50.54s with logical clock value of 303
2016-03-13 23:44:19,220 : Machine 3 (clock rate = 6) sending to Machine 1 logical clock value of 304 at 50.70s
2016-03-13 23:44:19,387 : Machine 3 (clock rate = 6) received message with lc value of 302 with queue size of 0 at 50.87s with logical clock of 305
2016-03-13 23:44:19,388 : Machine 3 (clock rate = 6) sending to Machine 1 logical clock value of 305 at 50.87s
2016-03-13 23:44:19,555 : Machine 3 (clock rate = 6) sending to Machine 1 logical clock value of 306 at 51.04s
2016-03-13 23:44:19,722 : Machine 3 (clock rate = 6) has internal event at 51.21s with logical clock value of 307
2016-03-13 23:44:19,890 : Machine 3 (clock rate = 6) has internal event at 51.37s with logical clock value of 308
2016-03-13 23:44:20,058 : Machine 3 (clock rate = 6) has internal event at 51.54s with logical clock value of 309
2016-03-13 23:44:20,225 : Machine 3 (clock rate = 6) sending to Machine 1 logical clock value of 310 at 51.71s
2016-03-13 23:44:20,393 : Machine 3 (clock rate = 6) sending to Machine 1 logical clock value of 311 at 51.88s
2016-03-13 23:44:20,560 : Machine 3 (clock rate = 6) received message with lc value of 153 with queue size of 0 at 52.04s with logical clock of 312
2016-03-13 23:44:20,560 : Machine 3 (clock rate = 6) has internal event at 52.05s with logical clock value of 312
2016-03-13 23:44:20,727 : Machine 3 (clock rate = 6) sending to Machine 1 logical clock value of 313 at 52.21s
2016-03-13 23:44:20,895 : Machine 3 (clock rate = 6) has internal event at 52.38s with logical clock value of 314
2016-03-13 23:44:21,062 : Machine 3 (clock rate = 6) sending to Machine 1 logical clock value of 315 at 52.55s
2016-03-13 23:44:21,230 : Machine 3 (clock rate = 6) sending to Machine 1 logical clock value of 316 at 52.71s
2016-03-13 23:44:21,397 : Machine 3 (clock rate = 6) has internal event at 52.88s with logical clock value of 317
2016-03-13 23:44:21,564 : Machine 3 (clock rate = 6) received message with lc value of 158 with queue size of 0 at 53.05s with logical clock of 318
2016-03-13 23:44:21,565 : Machine 3 (clock rate = 6) sending to Machine 1 logical clock value of 318 at 53.05s
2016-03-13 23:44:21,731 : Machine 3 (clock rate = 6) has internal event at 53.22s with logical clock value of 319
2016-03-13 23:44:21,899 : Machine 3 (clock rate = 6) sending to Machine 1 logical clock value of 320 at 53.38s
2016-03-13 23:44:22,066 : Machine 3 (clock rate = 6) sending to Machine 1 logical clock value of 321 at 53.55s
2016-03-13 23:44:22,234 : Machine 3 (clock rate = 6) sending to Machine 1 logical clock value of 322 at 53.72s
2016-03-13 23:44:22,402 : Machine 3 (clock rate = 6) has internal event at 53.89s with logical clock value of 323
2016-03-13 23:44:22,568 : Machine 3 (clock rate = 6) has internal event at 54.05s with logical clock value of 324
2016-03-13 23:44:22,736 : Machine 3 (clock rate = 6) has internal event at 54.22s with logical clock value of 325
2016-03-13 23:44:22,904 : Machine 3 (clock rate = 6) has internal event at 54.39s with logical clock value of 326
2016-03-13 23:44:23,071 : Machine 3 (clock rate = 6) received message with lc value of 323 with queue size of 0 at 54.56s with logical clock of 327
2016-03-13 23:44:23,072 : Machine 3 (clock rate = 6) has internal event at 54.56s with logical clock value of 327
2016-03-13 23:44:23,239 : Machine 3 (clock rate = 6) sending to Machine 1 logical clock value of 328 at 54.72s
2016-03-13 23:44:23,407 : Machine 3 (clock rate = 6) received message with lc value of 328 with queue size of 0 at 54.89s with logical clock of 329
2016-03-13 23:44:23,408 : Machine 3 (clock rate = 6) has internal event at 54.89s with logical clock value of 329
2016-03-13 23:44:23,575 : Machine 3 (clock rate = 6) has internal event at 55.06s with logical clock value of 330
2016-03-13 23:44:23,742 : Machine 3 (clock rate = 6) has internal event at 55.23s with logical clock value of 331
2016-03-13 23:44:23,910 : Machine 3 (clock rate = 6) has internal event at 55.40s with logical clock value of 332
2016-03-13 23:44:24,078 : Machine 3 (clock rate = 6) has internal event at 55.56s with logical clock value of 333
2016-03-13 23:44:24,245 : Machine 3 (clock rate = 6) sending to Machine 1 logical clock value of 334 at 55.73s
2016-03-13 23:44:24,412 : Machine 3 (clock rate = 6) sending to Machine 1 logical clock value of 335 at 55.90s
2016-03-13 23:44:24,580 : Machine 3 (clock rate = 6) sending to Machine 1 logical clock value of 336 at 56.06s
2016-03-13 23:44:24,747 : Machine 3 (clock rate = 6) has internal event at 56.23s with logical clock value of 337
2016-03-13 23:44:24,915 : Machine 3 (clock rate = 6) has internal event at 56.40s with logical clock value of 338
2016-03-13 23:44:25,082 : Machine 3 (clock rate = 6) has internal event at 56.57s with logical clock value of 339
2016-03-13 23:44:25,250 : Machine 3 (clock rate = 6) has internal event at 56.73s with logical clock value of 340
2016-03-13 23:44:25,418 : Machine 3 (clock rate = 6) received message with lc value of 337 with queue size of 0 at 56.90s with logical clock of 341
2016-03-13 23:44:25,419 : Machine 3 (clock rate = 6) sending to Machine 1 logical clock value of 341 at 56.90s
2016-03-13 23:44:25,585 : Machine 3 (clock rate = 6) has internal event at 57.07s with logical clock value of 342
2016-03-13 23:44:25,752 : Machine 3 (clock rate = 6) has internal event at 57.24s with logical clock value of 343
2016-03-13 23:44:25,920 : Machine 3 (clock rate = 6) has internal event at 57.40s with logical clock value of 344
2016-03-13 23:44:26,087 : Machine 3 (clock rate = 6) sending to Machine 1 logical clock value of 345 at 57.57s
2016-03-13 23:44:26,254 : Machine 3 (clock rate = 6) has internal event at 57.74s with logical clock value of 346
2016-03-13 23:44:26,421 : Machine 3 (clock rate = 6) received message with lc value of 345 with queue size of 0 at 57.91s with logical clock of 347
2016-03-13 23:44:26,421 : Machine 3 (clock rate = 6) has internal event at 57.91s with logical clock value of 347
2016-03-13 23:44:26,588 : Machine 3 (clock rate = 6) has internal event at 58.07s with logical clock value of 348
2016-03-13 23:44:26,755 : Machine 3 (clock rate = 6) has internal event at 58.24s with logical clock value of 349
2016-03-13 23:44:26,923 : Machine 3 (clock rate = 6) has internal event at 58.41s with logical clock value of 350
2016-03-13 23:44:27,090 : Machine 3 (clock rate = 6) sending to Machine 1 logical clock value of 351 at 58.58s
2016-03-13 23:44:27,258 : Machine 3 (clock rate = 6) has internal event at 58.74s with logical clock value of 352
2016-03-13 23:44:27,425 : Machine 3 (clock rate = 6) has internal event at 58.91s with logical clock value of 353
2016-03-13 23:44:27,592 : Machine 3 (clock rate = 6) has internal event at 59.08s with logical clock value of 354
2016-03-13 23:44:27,759 : Machine 3 (clock rate = 6) received message with lc value of 349 with queue size of 0 at 59.24s with logical clock of 355
2016-03-13 23:44:27,760 : Machine 3 (clock rate = 6) has internal event at 59.24s with logical clock value of 355
2016-03-13 23:44:27,926 : Machine 3 (clock rate = 6) sending to Machine 1 logical clock value of 356 at 59.41s
2016-03-13 23:44:28,093 : Machine 3 (clock rate = 6) has internal event at 59.58s with logical clock value of 357
2016-03-13 23:44:28,260 : Machine 3 (clock rate = 6) has internal event at 59.75s with logical clock value of 358
2016-03-13 23:44:28,428 : Machine 3 (clock rate = 6) sending to Machine 1 logical clock value of 359 at 59.91s
2016-03-13 23:44:28,595 : Machine 3 (clock rate = 6) sending to Machine 1 logical clock value of 360 at 60.08s
