2016-03-13 23:47:09,340 : Process: 3, PID: 25558
2016-03-13 23:47:09,341 : Machine 3 (clock rate = 6) has internal event at 0.001s with logical clock value of 1
2016-03-13 23:47:09,508 : Machine 3 (clock rate = 6) has internal event at 0.168s with logical clock value of 2
2016-03-13 23:47:09,675 : Machine 3 (clock rate = 6) has internal event at 0.335s with logical clock value of 3
2016-03-13 23:47:09,842 : Machine 3 (clock rate = 6) has internal event at 0.503s with logical clock value of 4
2016-03-13 23:47:10,009 : Machine 3 (clock rate = 6) has internal event at 0.669s with logical clock value of 5
2016-03-13 23:47:10,176 : Machine 3 (clock rate = 6) received message with lc value of 3 with queue size of 1 at 0.836s with logical clock of 6
2016-03-13 23:47:10,177 : Machine 3 (clock rate = 6) has internal event at 0.837s with logical clock value of 6
2016-03-13 23:47:10,343 : Machine 3 (clock rate = 6) has internal event at 1.003s with logical clock value of 7
2016-03-13 23:47:10,511 : Machine 3 (clock rate = 6) has internal event at 1.171s with logical clock value of 8
2016-03-13 23:47:10,678 : Machine 3 (clock rate = 6) has internal event at 1.338s with logical clock value of 9
2016-03-13 23:47:10,845 : Machine 3 (clock rate = 6) has internal event at 1.506s with logical clock value of 10
2016-03-13 23:47:11,013 : Machine 3 (clock rate = 6) has internal event at 1.673s with logical clock value of 11
2016-03-13 23:47:11,180 : Machine 3 (clock rate = 6) has internal event at 1.841s with logical clock value of 12
2016-03-13 23:47:11,348 : Machine 3 (clock rate = 6) sending to Machine 1 logical clock value of 13 at 2.008s
2016-03-13 23:47:11,515 : Machine 3 (clock rate = 6) sending to Machine 1 logical clock value of 14 at 2.176s
2016-03-13 23:47:11,682 : Machine 3 (clock rate = 6) has internal event at 2.342s with logical clock value of 15
2016-03-13 23:47:11,850 : Machine 3 (clock rate = 6) has internal event at 2.510s with logical clock value of 16
2016-03-13 23:47:12,018 : Machine 3 (clock rate = 6) has internal event at 2.678s with logical clock value of 17
2016-03-13 23:47:12,185 : Machine 3 (clock rate = 6) has internal event at 2.845s with logical clock value of 18
2016-03-13 23:47:12,352 : Machine 3 (clock rate = 6) has internal event at 3.012s with logical clock value of 19
2016-03-13 23:47:12,520 : Machine 3 (clock rate = 6) sending to Machine 1 logical clock value of 20 at 3.180s
2016-03-13 23:47:12,687 : Machine 3 (clock rate = 6) sending to Machine 1 logical clock value of 21 at 3.347s
2016-03-13 23:47:12,854 : Machine 3 (clock rate = 6) has internal event at 3.514s with logical clock value of 22
2016-03-13 23:47:13,021 : Machine 3 (clock rate = 6) has internal event at 3.682s with logical clock value of 23
2016-03-13 23:47:13,188 : Machine 3 (clock rate = 6) has internal event at 3.849s with logical clock value of 24
2016-03-13 23:47:13,356 : Machine 3 (clock rate = 6) has internal event at 4.016s with logical clock value of 25
2016-03-13 23:47:13,523 : Machine 3 (clock rate = 6) has internal event at 4.183s with logical clock value of 26
2016-03-13 23:47:13,690 : Machine 3 (clock rate = 6) has internal event at 4.351s with logical clock value of 27
2016-03-13 23:47:13,858 : Machine 3 (clock rate = 6) has internal event at 4.518s with logical clock value of 28
2016-03-13 23:47:14,025 : Machine 3 (clock rate = 6) has internal event at 4.685s with logical clock value of 29
2016-03-13 23:47:14,192 : Machine 3 (clock rate = 6) has internal event at 4.852s with logical clock value of 30
2016-03-13 23:47:14,360 : Machine 3 (clock rate = 6) received message with lc value of 22 with queue size of 1 at 5.020s with logical clock of 31
2016-03-13 23:47:14,360 : Machine 3 (clock rate = 6) has internal event at 5.021s with logical clock value of 31
2016-03-13 23:47:14,527 : Machine 3 (clock rate = 6) has internal event at 5.188s with logical clock value of 32
2016-03-13 23:47:14,695 : Machine 3 (clock rate = 6) has internal event at 5.355s with logical clock value of 33
2016-03-13 23:47:14,862 : Machine 3 (clock rate = 6) has internal event at 5.522s with logical clock value of 34
2016-03-13 23:47:15,030 : Machine 3 (clock rate = 6) has internal event at 5.690s with logical clock value of 35
2016-03-13 23:47:15,197 : Machine 3 (clock rate = 6) has internal event at 5.857s with logical clock value of 36
2016-03-13 23:47:15,364 : Machine 3 (clock rate = 6) received message with lc value of 28 with queue size of 1 at 6.024s with logical clock of 37
2016-03-13 23:47:15,365 : Machine 3 (clock rate = 6) has internal event at 6.025s with logical clock value of 37
2016-03-13 23:47:15,531 : Machine 3 (clock rate = 6) has internal event at 6.192s with logical clock value of 38
2016-03-13 23:47:15,698 : Machine 3 (clock rate = 6) sending to Machine 1 logical clock value of 39 at 6.359s
2016-03-13 23:47:15,866 : Machine 3 (clock rate = 6) sending to Machine 1 logical clock value of 40 at 6.526s
2016-03-13 23:47:16,033 : Machine 3 (clock rate = 6) has internal event at 6.694s with logical clock value of 41
2016-03-13 23:47:16,201 : Machine 3 (clock rate = 6) has internal event at 6.861s with logical clock value of 42
2016-03-13 23:47:16,369 : Machine 3 (clock rate = 6) received message with lc value of 41 with queue size of 1 at 7.029s with logical clock of 43
2016-03-13 23:47:16,369 : Machine 3 (clock rate = 6) has internal event at 7.029s with logical clock value of 43
2016-03-13 23:47:16,536 : Machine 3 (clock rate = 6) sending to Machine 1 logical clock value of 44 at 7.196s
2016-03-13 23:47:16,703 : Machine 3 (clock rate = 6) has internal event at 7.364s with logical clock value of 45
2016-03-13 23:47:16,871 : Machine 3 (clock rate = 6) has internal event at 7.531s with logical clock value of 46
2016-03-13 23:47:17,039 : Machine 3 (clock rate = 6) has internal event at 7.699s with logical clock value of 47
2016-03-13 23:47:17,206 : Machine 3 (clock rate = 6) has internal event at 7.866s with logical clock value of 48
2016-03-13 23:47:17,373 : Machine 3 (clock rate = 6) has internal event at 8.034s with logical clock value of 49
2016-03-13 23:47:17,541 : Machine 3 (clock rate = 6) sending to Machine 1 logical clock value of 50 at 8.201s
2016-03-13 23:47:17,709 : Machine 3 (clock rate = 6) has internal event at 8.369s with logical clock value of 51
2016-03-13 23:47:17,876 : Machine 3 (clock rate = 6) has internal event at 8.537s with logical clock value of 52
2016-03-13 23:47:18,043 : Machine 3 (clock rate = 6) has internal event at 8.703s with logical clock value of 53
2016-03-13 23:47:18,210 : Machine 3 (clock rate = 6) sending to Machine 1 logical clock value of 54 at 8.871s
2016-03-13 23:47:18,378 : Machine 3 (clock rate = 6) has internal event at 9.038s with logical clock value of 55
2016-03-13 23:47:18,545 : Machine 3 (clock rate = 6) has internal event at 9.205s with logical clock value of 56
2016-03-13 23:47:18,712 : Machine 3 (clock rate = 6) sending to Machine 1 logical clock value of 57 at 9.372s
2016-03-13 23:47:18,880 : Machine 3 (clock rate = 6) has internal event at 9.540s with logical clock value of 58
2016-03-13 23:47:19,047 : Machine 3 (clock rate = 6) has internal event at 9.708s with logical clock value of 59
2016-03-13 23:47:19,215 : Machine 3 (clock rate = 6) has internal event at 9.875s with logical clock value of 60
2016-03-13 23:47:19,382 : Machine 3 (clock rate = 6) has internal event at 10.04s with logical clock value of 61
2016-03-13 23:47:19,549 : Machine 3 (clock rate = 6) has internal event at 10.20s with logical clock value of 62
2016-03-13 23:47:19,716 : Machine 3 (clock rate = 6) has internal event at 10.37s with logical clock value of 63
2016-03-13 23:47:19,884 : Machine 3 (clock rate = 6) has internal event at 10.54s with logical clock value of 64
2016-03-13 23:47:20,051 : Machine 3 (clock rate = 6) received message with lc value of 59 with queue size of 1 at 10.71s with logical clock of 65
2016-03-13 23:47:20,052 : Machine 3 (clock rate = 6) has internal event at 10.71s with logical clock value of 65
2016-03-13 23:47:20,219 : Machine 3 (clock rate = 6) has internal event at 10.87s with logical clock value of 66
2016-03-13 23:47:20,386 : Machine 3 (clock rate = 6) has internal event at 11.04s with logical clock value of 67
2016-03-13 23:47:20,553 : Machine 3 (clock rate = 6) has internal event at 11.21s with logical clock value of 68
2016-03-13 23:47:20,721 : Machine 3 (clock rate = 6) has internal event at 11.38s with logical clock value of 69
2016-03-13 23:47:20,889 : Machine 3 (clock rate = 6) has internal event at 11.54s with logical clock value of 70
2016-03-13 23:47:21,057 : Machine 3 (clock rate = 6) sending to Machine 1 logical clock value of 71 at 11.71s
2016-03-13 23:47:21,224 : Machine 3 (clock rate = 6) has internal event at 11.88s with logical clock value of 72
2016-03-13 23:47:21,391 : Machine 3 (clock rate = 6) sending to Machine 1 logical clock value of 73 at 12.05s
2016-03-13 23:47:21,558 : Machine 3 (clock rate = 6) has internal event at 12.21s with logical clock value of 74
2016-03-13 23:47:21,726 : Machine 3 (clock rate = 6) has internal event at 12.38s with logical clock value of 75
2016-03-13 23:47:21,893 : Machine 3 (clock rate = 6) has internal event at 12.55s with logical clock value of 76
2016-03-13 23:47:22,061 : Machine 3 (clock rate = 6) has internal event at 12.72s with logical clock value of 77
2016-03-13 23:47:22,228 : Machine 3 (clock rate = 6) has internal event at 12.88s with logical clock value of 78
2016-03-13 23:47:22,396 : Machine 3 (clock rate = 6) has internal event at 13.05s with logical clock value of 79
2016-03-13 23:47:22,564 : Machine 3 (clock rate = 6) has internal event at 13.22s with logical clock value of 80
2016-03-13 23:47:22,731 : Machine 3 (clock rate = 6) has internal event at 13.39s with logical clock value of 81
2016-03-13 23:47:22,899 : Machine 3 (clock rate = 6) has internal event at 13.55s with logical clock value of 82
2016-03-13 23:47:23,066 : Machine 3 (clock rate = 6) has internal event at 13.72s with logical clock value of 83
2016-03-13 23:47:23,233 : Machine 3 (clock rate = 6) sending to Machine 1 logical clock value of 84 at 13.89s
2016-03-13 23:47:23,400 : Machine 3 (clock rate = 6) received message with lc value of 78 with queue size of 1 at 14.06s with logical clock of 85
2016-03-13 23:47:23,401 : Machine 3 (clock rate = 6) sending to Machine 1 logical clock value of 85 at 14.06s
2016-03-13 23:47:23,567 : Machine 3 (clock rate = 6) sending to Machine 1 logical clock value of 86 at 14.22s
2016-03-13 23:47:23,735 : Machine 3 (clock rate = 6) received message with lc value of 85 with queue size of 1 at 14.39s with logical clock of 87
2016-03-13 23:47:23,735 : Machine 3 (clock rate = 6) has internal event at 14.39s with logical clock value of 87
2016-03-13 23:47:23,902 : Machine 3 (clock rate = 6) has internal event at 14.56s with logical clock value of 88
2016-03-13 23:47:24,070 : Machine 3 (clock rate = 6) has internal event at 14.73s with logical clock value of 89
2016-03-13 23:47:24,236 : Machine 3 (clock rate = 6) has internal event at 14.89s with logical clock value of 90
2016-03-13 23:47:24,403 : Machine 3 (clock rate = 6) has internal event at 15.06s with logical clock value of 91
2016-03-13 23:47:24,570 : Machine 3 (clock rate = 6) has internal event at 15.23s with logical clock value of 92
2016-03-13 23:47:24,737 : Machine 3 (clock rate = 6) received message with lc value of 88 with queue size of 1 at 15.39s with logical clock of 93
2016-03-13 23:47:24,738 : Machine 3 (clock rate = 6) has internal event at 15.39s with logical clock value of 93
2016-03-13 23:47:24,905 : Machine 3 (clock rate = 6) has internal event at 15.56s with logical clock value of 94
2016-03-13 23:47:25,073 : Machine 3 (clock rate = 6) has internal event at 15.73s with logical clock value of 95
2016-03-13 23:47:25,240 : Machine 3 (clock rate = 6) has internal event at 15.90s with logical clock value of 96
2016-03-13 23:47:25,408 : Machine 3 (clock rate = 6) received message with lc value of 87 with queue size of 1 at 16.06s with logical clock of 97
2016-03-13 23:47:25,409 : Machine 3 (clock rate = 6) has internal event at 16.06s with logical clock value of 97
2016-03-13 23:47:25,575 : Machine 3 (clock rate = 6) has internal event at 16.23s with logical clock value of 98
2016-03-13 23:47:25,743 : Machine 3 (clock rate = 6) has internal event at 16.40s with logical clock value of 99
2016-03-13 23:47:25,910 : Machine 3 (clock rate = 6) has internal event at 16.57s with logical clock value of 100
2016-03-13 23:47:26,077 : Machine 3 (clock rate = 6) received message with lc value of 92 with queue size of 1 at 16.73s with logical clock of 101
2016-03-13 23:47:26,078 : Machine 3 (clock rate = 6) sending to Machine 1 logical clock value of 101 at 16.73s
2016-03-13 23:47:26,245 : Machine 3 (clock rate = 6) has internal event at 16.90s with logical clock value of 102
2016-03-13 23:47:26,412 : Machine 3 (clock rate = 6) has internal event at 17.07s with logical clock value of 103
2016-03-13 23:47:26,580 : Machine 3 (clock rate = 6) has internal event at 17.24s with logical clock value of 104
2016-03-13 23:47:26,748 : Machine 3 (clock rate = 6) received message with lc value of 102 with queue size of 1 at 17.40s with logical clock of 105
2016-03-13 23:47:26,748 : Machine 3 (clock rate = 6) has internal event at 17.40s with logical clock value of 105
2016-03-13 23:47:26,915 : Machine 3 (clock rate = 6) has internal event at 17.57s with logical clock value of 106
2016-03-13 23:47:27,082 : Machine 3 (clock rate = 6) has internal event at 17.74s with logical clock value of 107
2016-03-13 23:47:27,250 : Machine 3 (clock rate = 6) has internal event at 17.91s with logical clock value of 108
2016-03-13 23:47:27,418 : Machine 3 (clock rate = 6) has internal event at 18.07s with logical clock value of 109
2016-03-13 23:47:27,585 : Machine 3 (clock rate = 6) has internal event at 18.24s with logical clock value of 110
2016-03-13 23:47:27,752 : Machine 3 (clock rate = 6) has internal event at 18.41s with logical clock value of 111
2016-03-13 23:47:27,920 : Machine 3 (clock rate = 6) sending to Machine 1 logical clock value of 112 at 18.58s
2016-03-13 23:47:28,087 : Machine 3 (clock rate = 6) has internal event at 18.74s with logical clock value of 113
2016-03-13 23:47:28,254 : Machine 3 (clock rate = 6) has internal event at 18.91s with logical clock value of 114
2016-03-13 23:47:28,421 : Machine 3 (clock rate = 6) sending to Machine 1 logical clock value of 115 at 19.08s
2016-03-13 23:47:28,588 : Machine 3 (clock rate = 6) has internal event at 19.24s with logical clock value of 116
2016-03-13 23:47:28,755 : Machine 3 (clock rate = 6) received message with lc value of 115 with queue size of 1 at 19.41s with logical clock of 117
2016-03-13 23:47:28,756 : Machine 3 (clock rate = 6) has internal event at 19.41s with logical clock value of 117
2016-03-13 23:47:28,922 : Machine 3 (clock rate = 6) sending to Machine 1 logical clock value of 118 at 19.58s
2016-03-13 23:47:29,090 : Machine 3 (clock rate = 6) has internal event at 19.75s with logical clock value of 119
2016-03-13 23:47:29,258 : Machine 3 (clock rate = 6) has internal event at 19.91s with logical clock value of 120
2016-03-13 23:47:29,425 : Machine 3 (clock rate = 6) has internal event at 20.08s with logical clock value of 121
2016-03-13 23:47:29,592 : Machine 3 (clock rate = 6) has internal event at 20.25s with logical clock value of 122
2016-03-13 23:47:29,760 : Machine 3 (clock rate = 6) has internal event at 20.42s with logical clock value of 123
2016-03-13 23:47:29,927 : Machine 3 (clock rate = 6) has internal event at 20.58s with logical clock value of 124
2016-03-13 23:47:30,095 : Machine 3 (clock rate = 6) has internal event at 20.75s with logical clock value of 125
2016-03-13 23:47:30,262 : Machine 3 (clock rate = 6) sending to Machine 1 logical clock value of 126 at 20.92s
2016-03-13 23:47:30,430 : Machine 3 (clock rate = 6) has internal event at 21.09s with logical clock value of 127
2016-03-13 23:47:30,597 : Machine 3 (clock rate = 6) has internal event at 21.25s with logical clock value of 128
2016-03-13 23:47:30,764 : Machine 3 (clock rate = 6) has internal event at 21.42s with logical clock value of 129
2016-03-13 23:47:30,931 : Machine 3 (clock rate = 6) has internal event at 21.59s with logical clock value of 130
2016-03-13 23:47:31,098 : Machine 3 (clock rate = 6) has internal event at 21.75s with logical clock value of 131
2016-03-13 23:47:31,266 : Machine 3 (clock rate = 6) has internal event at 21.92s with logical clock value of 132
2016-03-13 23:47:31,433 : Machine 3 (clock rate = 6) has internal event at 22.09s with logical clock value of 133
2016-03-13 23:47:31,601 : Machine 3 (clock rate = 6) has internal event at 22.26s with logical clock value of 134
2016-03-13 23:47:31,768 : Machine 3 (clock rate = 6) sending to Machine 1 logical clock value of 135 at 22.42s
2016-03-13 23:47:31,936 : Machine 3 (clock rate = 6) has internal event at 22.59s with logical clock value of 136
2016-03-13 23:47:32,103 : Machine 3 (clock rate = 6) has internal event at 22.76s with logical clock value of 137
2016-03-13 23:47:32,270 : Machine 3 (clock rate = 6) has internal event at 22.93s with logical clock value of 138
2016-03-13 23:47:32,437 : Machine 3 (clock rate = 6) has internal event at 23.09s with logical clock value of 139
2016-03-13 23:47:32,605 : Machine 3 (clock rate = 6) sending to Machine 1 logical clock value of 140 at 23.26s
2016-03-13 23:47:32,772 : Machine 3 (clock rate = 6) received message with lc value of 140 with queue size of 1 at 23.43s with logical clock of 141
2016-03-13 23:47:32,772 : Machine 3 (clock rate = 6) has internal event at 23.43s with logical clock value of 141
2016-03-13 23:47:32,939 : Machine 3 (clock rate = 6) has internal event at 23.59s with logical clock value of 142
2016-03-13 23:47:33,107 : Machine 3 (clock rate = 6) has internal event at 23.76s with logical clock value of 143
2016-03-13 23:47:33,274 : Machine 3 (clock rate = 6) sending to Machine 1 logical clock value of 144 at 23.93s
2016-03-13 23:47:33,442 : Machine 3 (clock rate = 6) received message with lc value of 142 with queue size of 1 at 24.10s with logical clock of 145
2016-03-13 23:47:33,442 : Machine 3 (clock rate = 6) has internal event at 24.10s with logical clock value of 145
2016-03-13 23:47:33,609 : Machine 3 (clock rate = 6) has internal event at 24.26s with logical clock value of 146
2016-03-13 23:47:33,776 : Machine 3 (clock rate = 6) has internal event at 24.43s with logical clock value of 147
2016-03-13 23:47:33,944 : Machine 3 (clock rate = 6) has internal event at 24.60s with logical clock value of 148
2016-03-13 23:47:34,111 : Machine 3 (clock rate = 6) has internal event at 24.77s with logical clock value of 149
2016-03-13 23:47:34,279 : Machine 3 (clock rate = 6) has internal event at 24.93s with logical clock value of 150
2016-03-13 23:47:34,447 : Machine 3 (clock rate = 6) sending to Machine 1 logical clock value of 151 at 25.10s
2016-03-13 23:47:34,614 : Machine 3 (clock rate = 6) sending to Machine 1 logical clock value of 152 at 25.27s
2016-03-13 23:47:34,782 : Machine 3 (clock rate = 6) has internal event at 25.44s with logical clock value of 153
2016-03-13 23:47:34,950 : Machine 3 (clock rate = 6) sending to Machine 1 logical clock value of 154 at 25.61s
2016-03-13 23:47:35,117 : Machine 3 (clock rate = 6) sending to Machine 1 logical clock value of 155 at 25.77s
2016-03-13 23:47:35,285 : Machine 3 (clock rate = 6) has internal event at 25.94s with logical clock value of 156
2016-03-13 23:47:35,452 : Machine 3 (clock rate = 6) received message with lc value of 155 with queue size of 1 at 26.11s with logical clock of 157
2016-03-13 23:47:35,453 : Machine 3 (clock rate = 6) has internal event at 26.11s with logical clock value of 157
2016-03-13 23:47:35,620 : Machine 3 (clock rate = 6) has internal event at 26.28s with logical clock value of 158
2016-03-13 23:47:35,787 : Machine 3 (clock rate = 6) has internal event at 26.44s with logical clock value of 159
2016-03-13 23:47:35,955 : Machine 3 (clock rate = 6) has internal event at 26.61s with logical clock value of 160
2016-03-13 23:47:36,123 : Machine 3 (clock rate = 6) received message with lc value of 157 with queue size of 1 at 26.78s with logical clock of 161
2016-03-13 23:47:36,123 : Machine 3 (clock rate = 6) has internal event at 26.78s with logical clock value of 161
2016-03-13 23:47:36,289 : Machine 3 (clock rate = 6) has internal event at 26.95s with logical clock value of 162
2016-03-13 23:47:36,456 : Machine 3 (clock rate = 6) has internal event at 27.11s with logical clock value of 163
2016-03-13 23:47:36,624 : Machine 3 (clock rate = 6) has internal event at 27.28s with logical clock value of 164
2016-03-13 23:47:36,792 : Machine 3 (clock rate = 6) sending to Machine 1 logical clock value of 165 at 27.45s
2016-03-13 23:47:36,960 : Machine 3 (clock rate = 6) has internal event at 27.62s with logical clock value of 166
2016-03-13 23:47:37,127 : Machine 3 (clock rate = 6) has internal event at 27.78s with logical clock value of 167
2016-03-13 23:47:37,294 : Machine 3 (clock rate = 6) has internal event at 27.95s with logical clock value of 168
2016-03-13 23:47:37,462 : Machine 3 (clock rate = 6) received message with lc value of 158 with queue size of 1 at 28.12s with logical clock of 169
2016-03-13 23:47:37,463 : Machine 3 (clock rate = 6) has internal event at 28.12s with logical clock value of 169
2016-03-13 23:47:37,630 : Machine 3 (clock rate = 6) sending to Machine 1 logical clock value of 170 at 28.29s
2016-03-13 23:47:37,797 : Machine 3 (clock rate = 6) has internal event at 28.45s with logical clock value of 171
2016-03-13 23:47:37,964 : Machine 3 (clock rate = 6) has internal event at 28.62s with logical clock value of 172
2016-03-13 23:47:38,132 : Machine 3 (clock rate = 6) has internal event at 28.79s with logical clock value of 173
2016-03-13 23:47:38,299 : Machine 3 (clock rate = 6) sending to Machine 1 logical clock value of 174 at 28.95s
2016-03-13 23:47:38,466 : Machine 3 (clock rate = 6) has internal event at 29.12s with logical clock value of 175
2016-03-13 23:47:38,633 : Machine 3 (clock rate = 6) has internal event at 29.29s with logical clock value of 176
2016-03-13 23:47:38,800 : Machine 3 (clock rate = 6) has internal event at 29.46s with logical clock value of 177
2016-03-13 23:47:38,968 : Machine 3 (clock rate = 6) has internal event at 29.62s with logical clock value of 178
2016-03-13 23:47:39,135 : Machine 3 (clock rate = 6) sending to Machine 1 logical clock value of 179 at 29.79s
2016-03-13 23:47:39,302 : Machine 3 (clock rate = 6) has internal event at 29.96s with logical clock value of 180
2016-03-13 23:47:39,470 : Machine 3 (clock rate = 6) received message with lc value of 175 with queue size of 1 at 30.13s with logical clock of 181
2016-03-13 23:47:39,470 : Machine 3 (clock rate = 6) has internal event at 30.13s with logical clock value of 181
2016-03-13 23:47:39,636 : Machine 3 (clock rate = 6) has internal event at 30.29s with logical clock value of 182
2016-03-13 23:47:39,804 : Machine 3 (clock rate = 6) sending to Machine 1 logical clock value of 183 at 30.46s
2016-03-13 23:47:39,971 : Machine 3 (clock rate = 6) has internal event at 30.63s with logical clock value of 184
2016-03-13 23:47:40,138 : Machine 3 (clock rate = 6) has internal event at 30.79s with logical clock value of 185
2016-03-13 23:47:40,306 : Machine 3 (clock rate = 6) has internal event at 30.96s with logical clock value of 186
2016-03-13 23:47:40,474 : Machine 3 (clock rate = 6) received message with lc value of 179 with queue size of 1 at 31.13s with logical clock of 187
2016-03-13 23:47:40,474 : Machine 3 (clock rate = 6) has internal event at 31.13s with logical clock value of 187
2016-03-13 23:47:40,641 : Machine 3 (clock rate = 6) has internal event at 31.30s with logical clock value of 188
2016-03-13 23:47:40,808 : Machine 3 (clock rate = 6) sending to Machine 1 logical clock value of 189 at 31.46s
2016-03-13 23:47:40,976 : Machine 3 (clock rate = 6) has internal event at 31.63s with logical clock value of 190
2016-03-13 23:47:41,143 : Machine 3 (clock rate = 6) sending to Machine 1 logical clock value of 191 at 31.80s
2016-03-13 23:47:41,311 : Machine 3 (clock rate = 6) has internal event at 31.97s with logical clock value of 192
2016-03-13 23:47:41,479 : Machine 3 (clock rate = 6) has internal event at 32.13s with logical clock value of 193
2016-03-13 23:47:41,646 : Machine 3 (clock rate = 6) has internal event at 32.30s with logical clock value of 194
2016-03-13 23:47:41,814 : Machine 3 (clock rate = 6) has internal event at 32.47s with logical clock value of 195
2016-03-13 23:47:41,982 : Machine 3 (clock rate = 6) has internal event at 32.64s with logical clock value of 196
2016-03-13 23:47:42,150 : Machine 3 (clock rate = 6) has internal event at 32.81s with logical clock value of 197
2016-03-13 23:47:42,316 : Machine 3 (clock rate = 6) sending to Machine 1 logical clock value of 198 at 32.97s
2016-03-13 23:47:42,483 : Machine 3 (clock rate = 6) has internal event at 33.14s with logical clock value of 199
2016-03-13 23:47:42,651 : Machine 3 (clock rate = 6) sending to Machine 1 logical clock value of 200 at 33.31s
2016-03-13 23:47:42,818 : Machine 3 (clock rate = 6) received message with lc value of 200 with queue size of 1 at 33.47s with logical clock of 201
2016-03-13 23:47:42,819 : Machine 3 (clock rate = 6) sending to Machine 1 logical clock value of 201 at 33.47s
2016-03-13 23:47:42,985 : Machine 3 (clock rate = 6) has internal event at 33.64s with logical clock value of 202
2016-03-13 23:47:43,152 : Machine 3 (clock rate = 6) received message with lc value of 201 with queue size of 1 at 33.81s with logical clock of 203
2016-03-13 23:47:43,153 : Machine 3 (clock rate = 6) has internal event at 33.81s with logical clock value of 203
2016-03-13 23:47:43,320 : Machine 3 (clock rate = 6) has internal event at 33.98s with logical clock value of 204
2016-03-13 23:47:43,487 : Machine 3 (clock rate = 6) has internal event at 34.14s with logical clock value of 205
2016-03-13 23:47:43,655 : Machine 3 (clock rate = 6) has internal event at 34.31s with logical clock value of 206
2016-03-13 23:47:43,822 : Machine 3 (clock rate = 6) has internal event at 34.48s with logical clock value of 207
2016-03-13 23:47:43,990 : Machine 3 (clock rate = 6) has internal event at 34.65s with logical clock value of 208
2016-03-13 23:47:44,157 : Machine 3 (clock rate = 6) has internal event at 34.81s with logical clock value of 209
2016-03-13 23:47:44,324 : Machine 3 (clock rate = 6) has internal event at 34.98s with logical clock value of 210
2016-03-13 23:47:44,492 : Machine 3 (clock rate = 6) has internal event at 35.15s with logical clock value of 211
2016-03-13 23:47:44,660 : Machine 3 (clock rate = 6) sending to Machine 1 logical clock value of 212 at 35.32s
2016-03-13 23:47:44,826 : Machine 3 (clock rate = 6) has internal event at 35.48s with logical clock value of 213
2016-03-13 23:47:44,994 : Machine 3 (clock rate = 6) has internal event at 35.65s with logical clock value of 214
2016-03-13 23:47:45,161 : Machine 3 (clock rate = 6) has internal event at 35.82s with logical clock value of 215
2016-03-13 23:47:45,328 : Machine 3 (clock rate = 6) sending to Machine 1 logical clock value of 216 at 35.98s
2016-03-13 23:47:45,496 : Machine 3 (clock rate = 6) sending to Machine 1 logical clock value of 217 at 36.15s
2016-03-13 23:47:45,663 : Machine 3 (clock rate = 6) has internal event at 36.32s with logical clock value of 218
2016-03-13 23:47:45,830 : Machine 3 (clock rate = 6) sending to Machine 1 logical clock value of 219 at 36.49s
2016-03-13 23:47:45,998 : Machine 3 (clock rate = 6) has internal event at 36.65s with logical clock value of 220
2016-03-13 23:47:46,166 : Machine 3 (clock rate = 6) has internal event at 36.82s with logical clock value of 221
2016-03-13 23:47:46,333 : Machine 3 (clock rate = 6) has internal event at 36.99s with logical clock value of 222
2016-03-13 23:47:46,501 : Machine 3 (clock rate = 6) has internal event at 37.16s with logical clock value of 223
2016-03-13 23:47:46,668 : Machine 3 (clock rate = 6) has internal event at 37.32s with logical clock value of 224
2016-03-13 23:47:46,836 : Machine 3 (clock rate = 6) has internal event at 37.49s with logical clock value of 225
2016-03-13 23:47:47,004 : Machine 3 (clock rate = 6) has internal event at 37.66s with logical clock value of 226
2016-03-13 23:47:47,171 : Machine 3 (clock rate = 6) sending to Machine 1 logical clock value of 227 at 37.83s
2016-03-13 23:47:47,338 : Machine 3 (clock rate = 6) has internal event at 37.99s with logical clock value of 228
2016-03-13 23:47:47,506 : Machine 3 (clock rate = 6) received message with lc value of 227 with queue size of 1 at 38.16s with logical clock of 229
2016-03-13 23:47:47,507 : Machine 3 (clock rate = 6) has internal event at 38.16s with logical clock value of 229
2016-03-13 23:47:47,673 : Machine 3 (clock rate = 6) sending to Machine 1 logical clock value of 230 at 38.33s
2016-03-13 23:47:47,840 : Machine 3 (clock rate = 6) sending to Machine 1 logical clock value of 231 at 38.50s
2016-03-13 23:47:48,007 : Machine 3 (clock rate = 6) sending to Machine 1 logical clock value of 232 at 38.66s
2016-03-13 23:47:48,175 : Machine 3 (clock rate = 6) has internal event at 38.83s with logical clock value of 233
2016-03-13 23:47:48,342 : Machine 3 (clock rate = 6) sending to Machine 1 logical clock value of 234 at 39.00s
2016-03-13 23:47:48,509 : Machine 3 (clock rate = 6) sending to Machine 1 logical clock value of 235 at 39.16s
2016-03-13 23:47:48,675 : Machine 3 (clock rate = 6) has internal event at 39.33s with logical clock value of 236
2016-03-13 23:47:48,843 : Machine 3 (clock rate = 6) sending to Machine 1 logical clock value of 237 at 39.50s
2016-03-13 23:47:49,011 : Machine 3 (clock rate = 6) has internal event at 39.67s with logical clock value of 238
2016-03-13 23:47:49,178 : Machine 3 (clock rate = 6) has internal event at 39.83s with logical clock value of 239
2016-03-13 23:47:49,345 : Machine 3 (clock rate = 6) has internal event at 40.00s with logical clock value of 240
2016-03-13 23:47:49,513 : Machine 3 (clock rate = 6) has internal event at 40.17s with logical clock value of 241
2016-03-13 23:47:49,680 : Machine 3 (clock rate = 6) has internal event at 40.34s with logical clock value of 242
2016-03-13 23:47:49,847 : Machine 3 (clock rate = 6) has internal event at 40.50s with logical clock value of 243
2016-03-13 23:47:50,014 : Machine 3 (clock rate = 6) sending to Machine 1 logical clock value of 244 at 40.67s
2016-03-13 23:47:50,182 : Machine 3 (clock rate = 6) received message with lc value of 237 with queue size of 1 at 40.84s with logical clock of 245
2016-03-13 23:47:50,183 : Machine 3 (clock rate = 6) has internal event at 40.84s with logical clock value of 245
2016-03-13 23:47:50,349 : Machine 3 (clock rate = 6) has internal event at 41.00s with logical clock value of 246
2016-03-13 23:47:50,516 : Machine 3 (clock rate = 6) has internal event at 41.17s with logical clock value of 247
2016-03-13 23:47:50,683 : Machine 3 (clock rate = 6) has internal event at 41.34s with logical clock value of 248
2016-03-13 23:47:50,851 : Machine 3 (clock rate = 6) has internal event at 41.51s with logical clock value of 249
2016-03-13 23:47:51,019 : Machine 3 (clock rate = 6) has internal event at 41.67s with logical clock value of 250
2016-03-13 23:47:51,187 : Machine 3 (clock rate = 6) sending to Machine 1 logical clock value of 251 at 41.84s
2016-03-13 23:47:51,354 : Machine 3 (clock rate = 6) sending to Machine 1 logical clock value of 252 at 42.01s
2016-03-13 23:47:51,521 : Machine 3 (clock rate = 6) received message with lc value of 251 with queue size of 1 at 42.18s with logical clock of 253
2016-03-13 23:47:51,522 : Machine 3 (clock rate = 6) has internal event at 42.18s with logical clock value of 253
2016-03-13 23:47:51,689 : Machine 3 (clock rate = 6) has internal event at 42.34s with logical clock value of 254
2016-03-13 23:47:51,856 : Machine 3 (clock rate = 6) has internal event at 42.51s with logical clock value of 255
2016-03-13 23:47:52,024 : Machine 3 (clock rate = 6) has internal event at 42.68s with logical clock value of 256
2016-03-13 23:47:52,191 : Machine 3 (clock rate = 6) has internal event at 42.85s with logical clock value of 257
2016-03-13 23:47:52,359 : Machine 3 (clock rate = 6) has internal event at 43.01s with logical clock value of 258
2016-03-13 23:47:52,526 : Machine 3 (clock rate = 6) has internal event at 43.18s with logical clock value of 259
2016-03-13 23:47:52,693 : Machine 3 (clock rate = 6) sending to Machine 1 logical clock value of 260 at 43.35s
2016-03-13 23:47:52,861 : Machine 3 (clock rate = 6) has internal event at 43.52s with logical clock value of 261
2016-03-13 23:47:53,028 : Machine 3 (clock rate = 6) has internal event at 43.68s with logical clock value of 262
2016-03-13 23:47:53,195 : Machine 3 (clock rate = 6) has internal event at 43.85s with logical clock value of 263
2016-03-13 23:47:53,362 : Machine 3 (clock rate = 6) has internal event at 44.02s with logical clock value of 264
2016-03-13 23:47:53,530 : Machine 3 (clock rate = 6) has internal event at 44.19s with logical clock value of 265
2016-03-13 23:47:53,697 : Machine 3 (clock rate = 6) has internal event at 44.35s with logical clock value of 266
2016-03-13 23:47:53,865 : Machine 3 (clock rate = 6) sending to Machine 1 logical clock value of 267 at 44.52s
2016-03-13 23:47:54,032 : Machine 3 (clock rate = 6) has internal event at 44.69s with logical clock value of 268
2016-03-13 23:47:54,199 : Machine 3 (clock rate = 6) has internal event at 44.85s with logical clock value of 269
2016-03-13 23:47:54,367 : Machine 3 (clock rate = 6) has internal event at 45.02s with logical clock value of 270
2016-03-13 23:47:54,534 : Machine 3 (clock rate = 6) has internal event at 45.19s with logical clock value of 271
2016-03-13 23:47:54,701 : Machine 3 (clock rate = 6) sending to Machine 1 logical clock value of 272 at 45.36s
2016-03-13 23:47:54,869 : Machine 3 (clock rate = 6) received message with lc value of 272 with queue size of 1 at 45.52s with logical clock of 273
2016-03-13 23:47:54,870 : Machine 3 (clock rate = 6) has internal event at 45.53s with logical clock value of 273
2016-03-13 23:47:55,037 : Machine 3 (clock rate = 6) has internal event at 45.69s with logical clock value of 274
2016-03-13 23:47:55,204 : Machine 3 (clock rate = 6) has internal event at 45.86s with logical clock value of 275
2016-03-13 23:47:55,371 : Machine 3 (clock rate = 6) has internal event at 46.03s with logical clock value of 276
2016-03-13 23:47:55,538 : Machine 3 (clock rate = 6) has internal event at 46.19s with logical clock value of 277
2016-03-13 23:47:55,706 : Machine 3 (clock rate = 6) has internal event at 46.36s with logical clock value of 278
2016-03-13 23:47:55,874 : Machine 3 (clock rate = 6) has internal event at 46.53s with logical clock value of 279
2016-03-13 23:47:56,041 : Machine 3 (clock rate = 6) sending to Machine 1 logical clock value of 280 at 46.70s
2016-03-13 23:47:56,209 : Machine 3 (clock rate = 6) has internal event at 46.86s with logical clock value of 281
2016-03-13 23:47:56,376 : Machine 3 (clock rate = 6) has internal event at 47.03s with logical clock value of 282
2016-03-13 23:47:56,543 : Machine 3 (clock rate = 6) has internal event at 47.20s with logical clock value of 283
2016-03-13 23:47:56,711 : Machine 3 (clock rate = 6) has internal event at 47.37s with logical clock value of 284
2016-03-13 23:47:56,878 : Machine 3 (clock rate = 6) has internal event at 47.53s with logical clock value of 285
2016-03-13 23:47:57,046 : Machine 3 (clock rate = 6) has internal event at 47.70s with logical clock value of 286
2016-03-13 23:47:57,213 : Machine 3 (clock rate = 6) sending to Machine 1 logical clock value of 287 at 47.87s
2016-03-13 23:47:57,380 : Machine 3 (clock rate = 6) sending to Machine 1 logical clock value of 288 at 48.04s
2016-03-13 23:47:57,548 : Machine 3 (clock rate = 6) sending to Machine 1 logical clock value of 289 at 48.20s
2016-03-13 23:47:57,715 : Machine 3 (clock rate = 6) sending to Machine 1 logical clock value of 290 at 48.37s
2016-03-13 23:47:57,883 : Machine 3 (clock rate = 6) received message with lc value of 290 with queue size of 1 at 48.54s with logical clock of 291
2016-03-13 23:47:57,884 : Machine 3 (clock rate = 6) has internal event at 48.54s with logical clock value of 291
2016-03-13 23:47:58,050 : Machine 3 (clock rate = 6) sending to Machine 1 logical clock value of 292 at 48.71s
2016-03-13 23:47:58,218 : Machine 3 (clock rate = 6) received message with lc value of 292 with queue size of 1 at 48.87s with logical clock of 293
2016-03-13 23:47:58,218 : Machine 3 (clock rate = 6) has internal event at 48.87s with logical clock value of 293
2016-03-13 23:47:58,385 : Machine 3 (clock rate = 6) has internal event at 49.04s with logical clock value of 294
2016-03-13 23:47:58,553 : Machine 3 (clock rate = 6) has internal event at 49.21s with logical clock value of 295
2016-03-13 23:47:58,720 : Machine 3 (clock rate = 6) has internal event at 49.38s with logical clock value of 296
2016-03-13 23:47:58,887 : Machine 3 (clock rate = 6) sending to Machine 1 logical clock value of 297 at 49.54s
2016-03-13 23:47:59,055 : Machine 3 (clock rate = 6) has internal event at 49.71s with logical clock value of 298
2016-03-13 23:47:59,222 : Machine 3 (clock rate = 6) has internal event at 49.88s with logical clock value of 299
2016-03-13 23:47:59,390 : Machine 3 (clock rate = 6) has internal event at 50.05s with logical clock value of 300
2016-03-13 23:47:59,557 : Machine 3 (clock rate = 6) sending to Machine 1 logical clock value of 301 at 50.21s
2016-03-13 23:47:59,724 : Machine 3 (clock rate = 6) has internal event at 50.38s with logical clock value of 302
2016-03-13 23:47:59,891 : Machine 3 (clock rate = 6) received message with lc value of 297 with queue size of 1 at 50.55s with logical clock of 303
2016-03-13 23:47:59,892 : Machine 3 (clock rate = 6) has internal event at 50.55s with logical clock value of 303
2016-03-13 23:48:00,059 : Machine 3 (clock rate = 6) has internal event at 50.71s with logical clock value of 304
2016-03-13 23:48:00,226 : Machine 3 (clock rate = 6) has internal event at 50.88s with logical clock value of 305
2016-03-13 23:48:00,394 : Machine 3 (clock rate = 6) has internal event at 51.05s with logical clock value of 306
2016-03-13 23:48:00,562 : Machine 3 (clock rate = 6) has internal event at 51.22s with logical clock value of 307
2016-03-13 23:48:00,729 : Machine 3 (clock rate = 6) has internal event at 51.38s with logical clock value of 308
2016-03-13 23:48:00,897 : Machine 3 (clock rate = 6) sending to Machine 1 logical clock value of 309 at 51.55s
2016-03-13 23:48:01,064 : Machine 3 (clock rate = 6) has internal event at 51.72s with logical clock value of 310
2016-03-13 23:48:01,232 : Machine 3 (clock rate = 6) sending to Machine 1 logical clock value of 311 at 51.89s
2016-03-13 23:48:01,399 : Machine 3 (clock rate = 6) sending to Machine 1 logical clock value of 312 at 52.06s
2016-03-13 23:48:01,566 : Machine 3 (clock rate = 6) has internal event at 52.22s with logical clock value of 313
2016-03-13 23:48:01,734 : Machine 3 (clock rate = 6) sending to Machine 1 logical clock value of 314 at 52.39s
2016-03-13 23:48:01,902 : Machine 3 (clock rate = 6) received message with lc value of 312 with queue size of 1 at 52.56s with logical clock of 315
2016-03-13 23:48:01,902 : Machine 3 (clock rate = 6) sending to Machine 1 logical clock value of 315 at 52.56s
2016-03-13 23:48:02,069 : Machine 3 (clock rate = 6) has internal event at 52.73s with logical clock value of 316
2016-03-13 23:48:02,237 : Machine 3 (clock rate = 6) received message with lc value of 314 with queue size of 1 at 52.89s with logical clock of 317
2016-03-13 23:48:02,238 : Machine 3 (clock rate = 6) has internal event at 52.89s with logical clock value of 317
2016-03-13 23:48:02,404 : Machine 3 (clock rate = 6) sending to Machine 1 logical clock value of 318 at 53.06s
2016-03-13 23:48:02,572 : Machine 3 (clock rate = 6) sending to Machine 1 logical clock value of 319 at 53.23s
2016-03-13 23:48:02,739 : Machine 3 (clock rate = 6) has internal event at 53.39s with logical clock value of 320
2016-03-13 23:48:02,906 : Machine 3 (clock rate = 6) has internal event at 53.56s with logical clock value of 321
2016-03-13 23:48:03,073 : Machine 3 (clock rate = 6) has internal event at 53.73s with logical clock value of 322
2016-03-13 23:48:03,240 : Machine 3 (clock rate = 6) has internal event at 53.90s with logical clock value of 323
2016-03-13 23:48:03,406 : Machine 3 (clock rate = 6) sending to Machine 1 logical clock value of 324 at 54.06s
2016-03-13 23:48:03,573 : Machine 3 (clock rate = 6) has internal event at 54.23s with logical clock value of 325
2016-03-13 23:48:03,741 : Machine 3 (clock rate = 6) has internal event at 54.40s with logical clock value of 326
2016-03-13 23:48:03,908 : Machine 3 (clock rate = 6) sending to Machine 1 logical clock value of 327 at 54.56s
2016-03-13 23:48:04,076 : Machine 3 (clock rate = 6) has internal event at 54.73s with logical clock value of 328
2016-03-13 23:48:04,244 : Machine 3 (clock rate = 6) sending to Machine 1 logical clock value of 329 at 54.90s
2016-03-13 23:48:04,411 : Machine 3 (clock rate = 6) sending to Machine 1 logical clock value of 330 at 55.07s
2016-03-13 23:48:04,579 : Machine 3 (clock rate = 6) has internal event at 55.23s with logical clock value of 331
2016-03-13 23:48:04,746 : Machine 3 (clock rate = 6) has internal event at 55.40s with logical clock value of 332
2016-03-13 23:48:04,914 : Machine 3 (clock rate = 6) has internal event at 55.57s with logical clock value of 333
2016-03-13 23:48:05,082 : Machine 3 (clock rate = 6) has internal event at 55.74s with logical clock value of 334
2016-03-13 23:48:05,250 : Machine 3 (clock rate = 6) has internal event at 55.91s with logical clock value of 335
2016-03-13 23:48:05,416 : Machine 3 (clock rate = 6) has internal event at 56.07s with logical clock value of 336
2016-03-13 23:48:05,584 : Machine 3 (clock rate = 6) has internal event at 56.24s with logical clock value of 337
2016-03-13 23:48:05,751 : Machine 3 (clock rate = 6) sending to Machine 1 logical clock value of 338 at 56.41s
2016-03-13 23:48:05,919 : Machine 3 (clock rate = 6) has internal event at 56.58s with logical clock value of 339
2016-03-13 23:48:06,087 : Machine 3 (clock rate = 6) has internal event at 56.74s with logical clock value of 340
2016-03-13 23:48:06,255 : Machine 3 (clock rate = 6) has internal event at 56.91s with logical clock value of 341
2016-03-13 23:48:06,422 : Machine 3 (clock rate = 6) has internal event at 57.08s with logical clock value of 342
2016-03-13 23:48:06,590 : Machine 3 (clock rate = 6) has internal event at 57.25s with logical clock value of 343
2016-03-13 23:48:06,757 : Machine 3 (clock rate = 6) sending to Machine 1 logical clock value of 344 at 57.41s
2016-03-13 23:48:06,924 : Machine 3 (clock rate = 6) has internal event at 57.58s with logical clock value of 345
2016-03-13 23:48:07,092 : Machine 3 (clock rate = 6) has internal event at 57.75s with logical clock value of 346
2016-03-13 23:48:07,260 : Machine 3 (clock rate = 6) has internal event at 57.92s with logical clock value of 347
2016-03-13 23:48:07,427 : Machine 3 (clock rate = 6) received message with lc value of 325 with queue size of 1 at 58.08s with logical clock of 348
2016-03-13 23:48:07,428 : Machine 3 (clock rate = 6) sending to Machine 1 logical clock value of 348 at 58.08s
2016-03-13 23:48:07,594 : Machine 3 (clock rate = 6) has internal event at 58.25s with logical clock value of 349
2016-03-13 23:48:07,762 : Machine 3 (clock rate = 6) has internal event at 58.42s with logical clock value of 350
2016-03-13 23:48:07,930 : Machine 3 (clock rate = 6) has internal event at 58.59s with logical clock value of 351
2016-03-13 23:48:08,098 : Machine 3 (clock rate = 6) sending to Machine 1 logical clock value of 352 at 58.75s
2016-03-13 23:48:08,264 : Machine 3 (clock rate = 6) has internal event at 58.92s with logical clock value of 353
2016-03-13 23:48:08,432 : Machine 3 (clock rate = 6) sending to Machine 1 logical clock value of 354 at 59.09s
2016-03-13 23:48:08,600 : Machine 3 (clock rate = 6) has internal event at 59.26s with logical clock value of 355
2016-03-13 23:48:08,767 : Machine 3 (clock rate = 6) has internal event at 59.42s with logical clock value of 356
2016-03-13 23:48:08,935 : Machine 3 (clock rate = 6) has internal event at 59.59s with logical clock value of 357
2016-03-13 23:48:09,102 : Machine 3 (clock rate = 6) has internal event at 59.76s with logical clock value of 358
2016-03-13 23:48:09,270 : Machine 3 (clock rate = 6) has internal event at 59.93s with logical clock value of 359
2016-03-13 23:48:09,437 : Machine 3 (clock rate = 6) has internal event at 60.09s with logical clock value of 360
