2016-03-13 23:29:29,779 : Process: 2, PID: 25060
2016-03-13 23:29:29,779 : Machine 2 (clock rate = 3) sending to Machine 1 logical clock value of 1 at 0.001s
2016-03-13 23:29:30,113 : Machine 2 (clock rate = 3) received message with lc value of 1 with queue size of 1 at 0.335s with logical clock of 2
2016-03-13 23:29:30,114 : Machine 2 (clock rate = 3) has internal event at 0.335s with logical clock value of 2
2016-03-13 23:29:30,447 : Machine 2 (clock rate = 3) received message with lc value of 3 with queue size of 2 at 0.669s with logical clock of 3
2016-03-13 23:29:30,448 : Machine 2 (clock rate = 3) sending to Machine 1 logical clock value of 3 at 0.670s
2016-03-13 23:29:30,782 : Machine 2 (clock rate = 3) received message with lc value of 4 with queue size of 1 at 1.004s with logical clock of 4
2016-03-13 23:29:30,783 : Machine 2 (clock rate = 3) sending to Machine 1 logical clock value of 4 at 1.005s
2016-03-13 23:29:31,115 : Machine 2 (clock rate = 3) received message with lc value of 2 with queue size of 2 at 1.337s with logical clock of 5
2016-03-13 23:29:31,116 : Machine 2 (clock rate = 3) sending to Machine 1 logical clock value of 5 at 1.338s
2016-03-13 23:29:31,449 : Machine 2 (clock rate = 3) received message with lc value of 7 with queue size of 2 at 1.671s with logical clock of 6
2016-03-13 23:29:31,450 : Machine 2 (clock rate = 3) sending to Machine 1 logical clock value of 7 at 1.672s
2016-03-13 23:29:31,783 : Machine 2 (clock rate = 3) received message with lc value of 9 with queue size of 1 at 2.005s with logical clock of 8
2016-03-13 23:29:31,783 : Machine 2 (clock rate = 3) has internal event at 2.005s with logical clock value of 9
2016-03-13 23:29:32,116 : Machine 2 (clock rate = 3) received message with lc value of 13 with queue size of 1 at 2.338s with logical clock of 10
2016-03-13 23:29:32,117 : Machine 2 (clock rate = 3) sending to Machine 1 logical clock value of 13 at 2.338s
2016-03-13 23:29:32,450 : Machine 2 (clock rate = 3) sending to Machine 1 logical clock value of 14 at 2.672s
2016-03-13 23:29:32,784 : Machine 2 (clock rate = 3) sending to Machine 1 logical clock value of 15 at 3.006s
2016-03-13 23:29:33,118 : Machine 2 (clock rate = 3) sending to Machine 1 logical clock value of 16 at 3.340s
2016-03-13 23:29:33,452 : Machine 2 (clock rate = 3) received message with lc value of 22 with queue size of 1 at 3.674s with logical clock of 17
2016-03-13 23:29:33,453 : Machine 2 (clock rate = 3) has internal event at 3.675s with logical clock value of 22
2016-03-13 23:29:33,786 : Machine 2 (clock rate = 3) received message with lc value of 7 with queue size of 1 at 4.008s with logical clock of 23
2016-03-13 23:29:33,787 : Machine 2 (clock rate = 3) sending to Machine 1 logical clock value of 23 at 4.008s
2016-03-13 23:29:34,119 : Machine 2 (clock rate = 3) received message with lc value of 25 with queue size of 1 at 4.341s with logical clock of 24
2016-03-13 23:29:34,120 : Machine 2 (clock rate = 3) sending to Machine 1 logical clock value of 25 at 4.342s
2016-03-13 23:29:34,453 : Machine 2 (clock rate = 3) has internal event at 4.675s with logical clock value of 26
2016-03-13 23:29:34,787 : Machine 2 (clock rate = 3) received message with lc value of 30 with queue size of 1 at 5.009s with logical clock of 27
2016-03-13 23:29:34,788 : Machine 2 (clock rate = 3) sending to Machine 1 logical clock value of 30 at 5.010s
2016-03-13 23:29:35,121 : Machine 2 (clock rate = 3) received message with lc value of 31 with queue size of 2 at 5.343s with logical clock of 31
2016-03-13 23:29:35,122 : Machine 2 (clock rate = 3) has internal event at 5.344s with logical clock value of 31
2016-03-13 23:29:35,455 : Machine 2 (clock rate = 3) received message with lc value of 32 with queue size of 3 at 5.677s with logical clock of 32
2016-03-13 23:29:35,456 : Machine 2 (clock rate = 3) has internal event at 5.677s with logical clock value of 32
2016-03-13 23:29:35,790 : Machine 2 (clock rate = 3) received message with lc value of 33 with queue size of 3 at 6.011s with logical clock of 33
2016-03-13 23:29:35,790 : Machine 2 (clock rate = 3) sending to Machine 1 logical clock value of 33 at 6.012s
2016-03-13 23:29:36,123 : Machine 2 (clock rate = 3) received message with lc value of 34 with queue size of 4 at 6.345s with logical clock of 34
2016-03-13 23:29:36,124 : Machine 2 (clock rate = 3) has internal event at 6.346s with logical clock value of 34
2016-03-13 23:29:36,457 : Machine 2 (clock rate = 3) received message with lc value of 36 with queue size of 4 at 6.679s with logical clock of 35
2016-03-13 23:29:36,458 : Machine 2 (clock rate = 3) sending to Machine 1 logical clock value of 36 at 6.680s
2016-03-13 23:29:36,792 : Machine 2 (clock rate = 3) received message with lc value of 37 with queue size of 3 at 7.014s with logical clock of 37
2016-03-13 23:29:36,792 : Machine 2 (clock rate = 3) sending to Machine 1 logical clock value of 37 at 7.014s
2016-03-13 23:29:37,126 : Machine 2 (clock rate = 3) received message with lc value of 38 with queue size of 2 at 7.348s with logical clock of 38
2016-03-13 23:29:37,127 : Machine 2 (clock rate = 3) has internal event at 7.349s with logical clock value of 38
2016-03-13 23:29:37,460 : Machine 2 (clock rate = 3) received message with lc value of 40 with queue size of 2 at 7.682s with logical clock of 39
2016-03-13 23:29:37,461 : Machine 2 (clock rate = 3) sending to Machine 1 logical clock value of 40 at 7.682s
2016-03-13 23:29:37,794 : Machine 2 (clock rate = 3) received message with lc value of 45 with queue size of 2 at 8.015s with logical clock of 41
2016-03-13 23:29:37,794 : Machine 2 (clock rate = 3) has internal event at 8.016s with logical clock value of 45
2016-03-13 23:29:38,127 : Machine 2 (clock rate = 3) received message with lc value of 48 with queue size of 1 at 8.349s with logical clock of 46
2016-03-13 23:29:38,128 : Machine 2 (clock rate = 3) sending to Machine 1 logical clock value of 48 at 8.350s
2016-03-13 23:29:38,462 : Machine 2 (clock rate = 3) sending to Machine 1 logical clock value of 49 at 8.683s
2016-03-13 23:29:38,796 : Machine 2 (clock rate = 3) sending to Machine 1 logical clock value of 50 at 9.018s
2016-03-13 23:29:39,130 : Machine 2 (clock rate = 3) received message with lc value of 56 with queue size of 1 at 9.352s with logical clock of 51
2016-03-13 23:29:39,131 : Machine 2 (clock rate = 3) sending to Machine 1 logical clock value of 56 at 9.352s
2016-03-13 23:29:39,465 : Machine 2 (clock rate = 3) sending to Machine 1 logical clock value of 57 at 9.686s
2016-03-13 23:29:39,799 : Machine 2 (clock rate = 3) has internal event at 10.02s with logical clock value of 58
2016-03-13 23:29:40,133 : Machine 2 (clock rate = 3) has internal event at 10.35s with logical clock value of 59
2016-03-13 23:29:40,467 : Machine 2 (clock rate = 3) sending to Machine 1 logical clock value of 60 at 10.68s
2016-03-13 23:29:40,801 : Machine 2 (clock rate = 3) sending to Machine 1 logical clock value of 61 at 11.02s
2016-03-13 23:29:41,135 : Machine 2 (clock rate = 3) received message with lc value of 68 with queue size of 1 at 11.35s with logical clock of 62
2016-03-13 23:29:41,136 : Machine 2 (clock rate = 3) sending to Machine 1 logical clock value of 68 at 11.35s
2016-03-13 23:29:41,469 : Machine 2 (clock rate = 3) has internal event at 11.69s with logical clock value of 69
2016-03-13 23:29:41,803 : Machine 2 (clock rate = 3) received message with lc value of 71 with queue size of 1 at 12.02s with logical clock of 70
2016-03-13 23:29:41,804 : Machine 2 (clock rate = 3) has internal event at 12.02s with logical clock value of 71
2016-03-13 23:29:42,137 : Machine 2 (clock rate = 3) sending to Machine 1 logical clock value of 72 at 12.35s
2016-03-13 23:29:42,471 : Machine 2 (clock rate = 3) received message with lc value of 76 with queue size of 1 at 12.69s with logical clock of 73
2016-03-13 23:29:42,471 : Machine 2 (clock rate = 3) sending to Machine 1 logical clock value of 76 at 12.69s
2016-03-13 23:29:42,805 : Machine 2 (clock rate = 3) received message with lc value of 78 with queue size of 1 at 13.02s with logical clock of 77
2016-03-13 23:29:42,806 : Machine 2 (clock rate = 3) has internal event at 13.02s with logical clock value of 78
2016-03-13 23:29:43,139 : Machine 2 (clock rate = 3) sending to Machine 1 logical clock value of 79 at 13.36s
2016-03-13 23:29:43,474 : Machine 2 (clock rate = 3) received message with lc value of 81 with queue size of 1 at 13.69s with logical clock of 80
2016-03-13 23:29:43,475 : Machine 2 (clock rate = 3) has internal event at 13.69s with logical clock value of 81
2016-03-13 23:29:43,808 : Machine 2 (clock rate = 3) has internal event at 14.03s with logical clock value of 82
2016-03-13 23:29:44,142 : Machine 2 (clock rate = 3) has internal event at 14.36s with logical clock value of 83
2016-03-13 23:29:44,476 : Machine 2 (clock rate = 3) sending to Machine 1 logical clock value of 84 at 14.69s
2016-03-13 23:29:44,810 : Machine 2 (clock rate = 3) received message with lc value of 90 with queue size of 1 at 15.03s with logical clock of 85
2016-03-13 23:29:44,811 : Machine 2 (clock rate = 3) has internal event at 15.03s with logical clock value of 90
2016-03-13 23:29:45,144 : Machine 2 (clock rate = 3) sending to Machine 1 logical clock value of 91 at 15.36s
2016-03-13 23:29:45,478 : Machine 2 (clock rate = 3) sending to Machine 1 logical clock value of 92 at 15.69s
2016-03-13 23:29:45,812 : Machine 2 (clock rate = 3) received message with lc value of 96 with queue size of 1 at 16.03s with logical clock of 93
2016-03-13 23:29:45,812 : Machine 2 (clock rate = 3) sending to Machine 1 logical clock value of 96 at 16.03s
2016-03-13 23:29:46,146 : Machine 2 (clock rate = 3) sending to Machine 1 logical clock value of 97 at 16.36s
2016-03-13 23:29:46,479 : Machine 2 (clock rate = 3) sending to Machine 1 logical clock value of 98 at 16.70s
2016-03-13 23:29:46,813 : Machine 2 (clock rate = 3) has internal event at 17.03s with logical clock value of 99
2016-03-13 23:29:47,147 : Machine 2 (clock rate = 3) received message with lc value of 103 with queue size of 1 at 17.36s with logical clock of 100
2016-03-13 23:29:47,148 : Machine 2 (clock rate = 3) sending to Machine 1 logical clock value of 103 at 17.36s
2016-03-13 23:29:47,482 : Machine 2 (clock rate = 3) sending to Machine 1 logical clock value of 104 at 17.70s
2016-03-13 23:29:47,816 : Machine 2 (clock rate = 3) received message with lc value of 107 with queue size of 3 at 18.03s with logical clock of 105
2016-03-13 23:29:47,816 : Machine 2 (clock rate = 3) sending to Machine 1 logical clock value of 107 at 18.03s
2016-03-13 23:29:48,150 : Machine 2 (clock rate = 3) received message with lc value of 108 with queue size of 3 at 18.37s with logical clock of 108
2016-03-13 23:29:48,151 : Machine 2 (clock rate = 3) sending to Machine 1 logical clock value of 108 at 18.37s
2016-03-13 23:29:48,484 : Machine 2 (clock rate = 3) received message with lc value of 28 with queue size of 2 at 18.70s with logical clock of 109
2016-03-13 23:29:48,485 : Machine 2 (clock rate = 3) sending to Machine 1 logical clock value of 109 at 18.70s
2016-03-13 23:29:48,818 : Machine 2 (clock rate = 3) received message with lc value of 110 with queue size of 1 at 19.04s with logical clock of 110
2016-03-13 23:29:48,819 : Machine 2 (clock rate = 3) has internal event at 19.04s with logical clock value of 110
2016-03-13 23:29:49,152 : Machine 2 (clock rate = 3) received message with lc value of 115 with queue size of 1 at 19.37s with logical clock of 111
2016-03-13 23:29:49,153 : Machine 2 (clock rate = 3) has internal event at 19.37s with logical clock value of 115
2016-03-13 23:29:49,486 : Machine 2 (clock rate = 3) has internal event at 19.70s with logical clock value of 116
2016-03-13 23:29:49,820 : Machine 2 (clock rate = 3) received message with lc value of 119 with queue size of 3 at 20.04s with logical clock of 117
2016-03-13 23:29:49,821 : Machine 2 (clock rate = 3) sending to Machine 1 logical clock value of 119 at 20.04s
2016-03-13 23:29:50,154 : Machine 2 (clock rate = 3) received message with lc value of 120 with queue size of 4 at 20.37s with logical clock of 120
2016-03-13 23:29:50,155 : Machine 2 (clock rate = 3) has internal event at 20.37s with logical clock value of 120
2016-03-13 23:29:50,488 : Machine 2 (clock rate = 3) received message with lc value of 36 with queue size of 5 at 20.71s with logical clock of 121
2016-03-13 23:29:50,489 : Machine 2 (clock rate = 3) sending to Machine 1 logical clock value of 121 at 20.71s
2016-03-13 23:29:50,822 : Machine 2 (clock rate = 3) received message with lc value of 121 with queue size of 4 at 21.04s with logical clock of 122
2016-03-13 23:29:50,823 : Machine 2 (clock rate = 3) sending to Machine 1 logical clock value of 122 at 21.04s
2016-03-13 23:29:51,156 : Machine 2 (clock rate = 3) received message with lc value of 122 with queue size of 3 at 21.37s with logical clock of 123
2016-03-13 23:29:51,157 : Machine 2 (clock rate = 3) has internal event at 21.37s with logical clock value of 123
2016-03-13 23:29:51,491 : Machine 2 (clock rate = 3) received message with lc value of 123 with queue size of 2 at 21.71s with logical clock of 124
2016-03-13 23:29:51,491 : Machine 2 (clock rate = 3) sending to Machine 1 logical clock value of 124 at 21.71s
2016-03-13 23:29:51,825 : Machine 2 (clock rate = 3) received message with lc value of 124 with queue size of 4 at 22.04s with logical clock of 125
2016-03-13 23:29:51,825 : Machine 2 (clock rate = 3) sending to Machine 1 logical clock value of 125 at 22.04s
2016-03-13 23:29:52,159 : Machine 2 (clock rate = 3) received message with lc value of 131 with queue size of 4 at 22.38s with logical clock of 126
2016-03-13 23:29:52,159 : Machine 2 (clock rate = 3) sending to Machine 1 logical clock value of 131 at 22.38s
2016-03-13 23:29:52,493 : Machine 2 (clock rate = 3) received message with lc value of 132 with queue size of 3 at 22.71s with logical clock of 132
2016-03-13 23:29:52,494 : Machine 2 (clock rate = 3) sending to Machine 1 logical clock value of 132 at 22.71s
2016-03-13 23:29:52,828 : Machine 2 (clock rate = 3) received message with lc value of 46 with queue size of 3 at 23.04s with logical clock of 133
2016-03-13 23:29:52,829 : Machine 2 (clock rate = 3) sending to Machine 1 logical clock value of 133 at 23.05s
2016-03-13 23:29:53,162 : Machine 2 (clock rate = 3) received message with lc value of 134 with queue size of 2 at 23.38s with logical clock of 134
2016-03-13 23:29:53,162 : Machine 2 (clock rate = 3) sending to Machine 1 logical clock value of 134 at 23.38s
2016-03-13 23:29:53,496 : Machine 2 (clock rate = 3) received message with lc value of 137 with queue size of 2 at 23.71s with logical clock of 135
2016-03-13 23:29:53,496 : Machine 2 (clock rate = 3) sending to Machine 1 logical clock value of 137 at 23.71s
2016-03-13 23:29:53,830 : Machine 2 (clock rate = 3) received message with lc value of 141 with queue size of 2 at 24.05s with logical clock of 138
2016-03-13 23:29:53,831 : Machine 2 (clock rate = 3) sending to Machine 1 logical clock value of 141 at 24.05s
2016-03-13 23:29:54,165 : Machine 2 (clock rate = 3) received message with lc value of 143 with queue size of 3 at 24.38s with logical clock of 142
2016-03-13 23:29:54,165 : Machine 2 (clock rate = 3) sending to Machine 1 logical clock value of 143 at 24.38s
2016-03-13 23:29:54,499 : Machine 2 (clock rate = 3) received message with lc value of 145 with queue size of 2 at 24.72s with logical clock of 144
2016-03-13 23:29:54,500 : Machine 2 (clock rate = 3) has internal event at 24.72s with logical clock value of 145
2016-03-13 23:29:54,833 : Machine 2 (clock rate = 3) received message with lc value of 146 with queue size of 2 at 25.05s with logical clock of 146
2016-03-13 23:29:54,834 : Machine 2 (clock rate = 3) sending to Machine 1 logical clock value of 146 at 25.05s
2016-03-13 23:29:55,167 : Machine 2 (clock rate = 3) received message with lc value of 149 with queue size of 2 at 25.38s with logical clock of 147
2016-03-13 23:29:55,168 : Machine 2 (clock rate = 3) sending to Machine 1 logical clock value of 149 at 25.38s
2016-03-13 23:29:55,501 : Machine 2 (clock rate = 3) received message with lc value of 152 with queue size of 2 at 25.72s with logical clock of 150
2016-03-13 23:29:55,502 : Machine 2 (clock rate = 3) has internal event at 25.72s with logical clock value of 152
2016-03-13 23:29:55,836 : Machine 2 (clock rate = 3) received message with lc value of 154 with queue size of 1 at 26.05s with logical clock of 153
2016-03-13 23:29:55,837 : Machine 2 (clock rate = 3) sending to Machine 1 logical clock value of 154 at 26.05s
2016-03-13 23:29:56,170 : Machine 2 (clock rate = 3) received message with lc value of 157 with queue size of 2 at 26.39s with logical clock of 155
2016-03-13 23:29:56,171 : Machine 2 (clock rate = 3) has internal event at 26.39s with logical clock value of 157
2016-03-13 23:29:56,504 : Machine 2 (clock rate = 3) received message with lc value of 158 with queue size of 1 at 26.72s with logical clock of 158
2016-03-13 23:29:56,505 : Machine 2 (clock rate = 3) sending to Machine 1 logical clock value of 158 at 26.72s
2016-03-13 23:29:56,839 : Machine 2 (clock rate = 3) received message with lc value of 161 with queue size of 1 at 27.06s with logical clock of 159
2016-03-13 23:29:56,839 : Machine 2 (clock rate = 3) sending to Machine 1 logical clock value of 161 at 27.06s
2016-03-13 23:29:57,172 : Machine 2 (clock rate = 3) sending to Machine 1 logical clock value of 162 at 27.39s
2016-03-13 23:29:57,507 : Machine 2 (clock rate = 3) received message with lc value of 165 with queue size of 1 at 27.72s with logical clock of 163
2016-03-13 23:29:57,508 : Machine 2 (clock rate = 3) has internal event at 27.72s with logical clock value of 165
2016-03-13 23:29:57,841 : Machine 2 (clock rate = 3) received message with lc value of 168 with queue size of 1 at 28.06s with logical clock of 166
2016-03-13 23:29:57,842 : Machine 2 (clock rate = 3) has internal event at 28.06s with logical clock value of 168
2016-03-13 23:29:58,176 : Machine 2 (clock rate = 3) received message with lc value of 169 with queue size of 1 at 28.39s with logical clock of 169
2016-03-13 23:29:58,177 : Machine 2 (clock rate = 3) sending to Machine 1 logical clock value of 169 at 28.39s
2016-03-13 23:29:58,510 : Machine 2 (clock rate = 3) has internal event at 28.73s with logical clock value of 170
2016-03-13 23:29:58,844 : Machine 2 (clock rate = 3) received message with lc value of 174 with queue size of 1 at 29.06s with logical clock of 171
2016-03-13 23:29:58,844 : Machine 2 (clock rate = 3) sending to Machine 1 logical clock value of 174 at 29.06s
2016-03-13 23:29:59,178 : Machine 2 (clock rate = 3) sending to Machine 1 logical clock value of 175 at 29.40s
2016-03-13 23:29:59,512 : Machine 2 (clock rate = 3) received message with lc value of 178 with queue size of 1 at 29.73s with logical clock of 176
2016-03-13 23:29:59,513 : Machine 2 (clock rate = 3) sending to Machine 1 logical clock value of 178 at 29.73s
2016-03-13 23:29:59,846 : Machine 2 (clock rate = 3) received message with lc value of 179 with queue size of 2 at 30.06s with logical clock of 179
2016-03-13 23:29:59,847 : Machine 2 (clock rate = 3) has internal event at 30.06s with logical clock value of 179
2016-03-13 23:30:00,179 : Machine 2 (clock rate = 3) received message with lc value of 180 with queue size of 1 at 30.40s with logical clock of 180
2016-03-13 23:30:00,180 : Machine 2 (clock rate = 3) sending to Machine 1 logical clock value of 180 at 30.40s
2016-03-13 23:30:00,514 : Machine 2 (clock rate = 3) has internal event at 30.73s with logical clock value of 181
2016-03-13 23:30:00,848 : Machine 2 (clock rate = 3) received message with lc value of 57 with queue size of 1 at 31.06s with logical clock of 182
2016-03-13 23:30:00,848 : Machine 2 (clock rate = 3) sending to Machine 1 logical clock value of 182 at 31.07s
2016-03-13 23:30:01,182 : Machine 2 (clock rate = 3) sending to Machine 1 logical clock value of 183 at 31.40s
2016-03-13 23:30:01,517 : Machine 2 (clock rate = 3) sending to Machine 1 logical clock value of 184 at 31.73s
2016-03-13 23:30:01,851 : Machine 2 (clock rate = 3) sending to Machine 1 logical clock value of 185 at 32.07s
2016-03-13 23:30:02,185 : Machine 2 (clock rate = 3) received message with lc value of 194 with queue size of 1 at 32.40s with logical clock of 186
2016-03-13 23:30:02,186 : Machine 2 (clock rate = 3) sending to Machine 1 logical clock value of 194 at 32.40s
2016-03-13 23:30:02,520 : Machine 2 (clock rate = 3) sending to Machine 1 logical clock value of 195 at 32.74s
2016-03-13 23:30:02,854 : Machine 2 (clock rate = 3) received message with lc value of 198 with queue size of 1 at 33.07s with logical clock of 196
2016-03-13 23:30:02,854 : Machine 2 (clock rate = 3) has internal event at 33.07s with logical clock value of 198
2016-03-13 23:30:03,188 : Machine 2 (clock rate = 3) received message with lc value of 200 with queue size of 1 at 33.41s with logical clock of 199
2016-03-13 23:30:03,189 : Machine 2 (clock rate = 3) sending to Machine 1 logical clock value of 200 at 33.41s
2016-03-13 23:30:03,523 : Machine 2 (clock rate = 3) received message with lc value of 201 with queue size of 1 at 33.74s with logical clock of 201
2016-03-13 23:30:03,523 : Machine 2 (clock rate = 3) has internal event at 33.74s with logical clock value of 201
2016-03-13 23:30:03,857 : Machine 2 (clock rate = 3) received message with lc value of 204 with queue size of 1 at 34.07s with logical clock of 202
2016-03-13 23:30:03,858 : Machine 2 (clock rate = 3) sending to Machine 1 logical clock value of 204 at 34.07s
2016-03-13 23:30:04,191 : Machine 2 (clock rate = 3) received message with lc value of 205 with queue size of 1 at 34.41s with logical clock of 205
2016-03-13 23:30:04,192 : Machine 2 (clock rate = 3) sending to Machine 1 logical clock value of 205 at 34.41s
2016-03-13 23:30:04,526 : Machine 2 (clock rate = 3) received message with lc value of 208 with queue size of 1 at 34.74s with logical clock of 206
2016-03-13 23:30:04,526 : Machine 2 (clock rate = 3) sending to Machine 1 logical clock value of 208 at 34.74s
2016-03-13 23:30:04,860 : Machine 2 (clock rate = 3) sending to Machine 1 logical clock value of 209 at 35.08s
2016-03-13 23:30:05,194 : Machine 2 (clock rate = 3) received message with lc value of 211 with queue size of 1 at 35.41s with logical clock of 210
2016-03-13 23:30:05,194 : Machine 2 (clock rate = 3) sending to Machine 1 logical clock value of 211 at 35.41s
2016-03-13 23:30:05,528 : Machine 2 (clock rate = 3) received message with lc value of 213 with queue size of 2 at 35.74s with logical clock of 212
2016-03-13 23:30:05,528 : Machine 2 (clock rate = 3) sending to Machine 1 logical clock value of 213 at 35.75s
2016-03-13 23:30:05,861 : Machine 2 (clock rate = 3) received message with lc value of 214 with queue size of 3 at 36.08s with logical clock of 214
2016-03-13 23:30:05,862 : Machine 2 (clock rate = 3) has internal event at 36.08s with logical clock value of 214
2016-03-13 23:30:06,196 : Machine 2 (clock rate = 3) received message with lc value of 216 with queue size of 3 at 36.41s with logical clock of 215
2016-03-13 23:30:06,196 : Machine 2 (clock rate = 3) has internal event at 36.41s with logical clock value of 216
2016-03-13 23:30:06,530 : Machine 2 (clock rate = 3) received message with lc value of 65 with queue size of 2 at 36.75s with logical clock of 217
2016-03-13 23:30:06,530 : Machine 2 (clock rate = 3) sending to Machine 1 logical clock value of 217 at 36.75s
2016-03-13 23:30:06,864 : Machine 2 (clock rate = 3) received message with lc value of 217 with queue size of 1 at 37.08s with logical clock of 218
2016-03-13 23:30:06,865 : Machine 2 (clock rate = 3) has internal event at 37.08s with logical clock value of 218
2016-03-13 23:30:07,198 : Machine 2 (clock rate = 3) received message with lc value of 223 with queue size of 1 at 37.42s with logical clock of 219
2016-03-13 23:30:07,199 : Machine 2 (clock rate = 3) has internal event at 37.42s with logical clock value of 223
2016-03-13 23:30:07,532 : Machine 2 (clock rate = 3) received message with lc value of 225 with queue size of 2 at 37.75s with logical clock of 224
2016-03-13 23:30:07,532 : Machine 2 (clock rate = 3) sending to Machine 1 logical clock value of 225 at 37.75s
2016-03-13 23:30:07,866 : Machine 2 (clock rate = 3) received message with lc value of 226 with queue size of 3 at 38.08s with logical clock of 226
2016-03-13 23:30:07,867 : Machine 2 (clock rate = 3) has internal event at 38.08s with logical clock value of 226
2016-03-13 23:30:08,201 : Machine 2 (clock rate = 3) received message with lc value of 228 with queue size of 3 at 38.42s with logical clock of 227
2016-03-13 23:30:08,201 : Machine 2 (clock rate = 3) sending to Machine 1 logical clock value of 228 at 38.42s
2016-03-13 23:30:08,535 : Machine 2 (clock rate = 3) received message with lc value of 67 with queue size of 3 at 38.75s with logical clock of 229
2016-03-13 23:30:08,535 : Machine 2 (clock rate = 3) sending to Machine 1 logical clock value of 229 at 38.75s
2016-03-13 23:30:08,869 : Machine 2 (clock rate = 3) received message with lc value of 230 with queue size of 3 at 39.09s with logical clock of 230
2016-03-13 23:30:08,870 : Machine 2 (clock rate = 3) sending to Machine 1 logical clock value of 230 at 39.09s
2016-03-13 23:30:09,203 : Machine 2 (clock rate = 3) received message with lc value of 231 with queue size of 2 at 39.42s with logical clock of 231
2016-03-13 23:30:09,204 : Machine 2 (clock rate = 3) sending to Machine 1 logical clock value of 231 at 39.42s
2016-03-13 23:30:09,538 : Machine 2 (clock rate = 3) received message with lc value of 233 with queue size of 1 at 39.75s with logical clock of 232
2016-03-13 23:30:09,538 : Machine 2 (clock rate = 3) sending to Machine 1 logical clock value of 233 at 39.76s
2016-03-13 23:30:09,871 : Machine 2 (clock rate = 3) received message with lc value of 73 with queue size of 1 at 40.09s with logical clock of 234
2016-03-13 23:30:09,872 : Machine 2 (clock rate = 3) sending to Machine 1 logical clock value of 234 at 40.09s
2016-03-13 23:30:10,205 : Machine 2 (clock rate = 3) has internal event at 40.42s with logical clock value of 235
2016-03-13 23:30:10,539 : Machine 2 (clock rate = 3) received message with lc value of 244 with queue size of 1 at 40.76s with logical clock of 236
2016-03-13 23:30:10,539 : Machine 2 (clock rate = 3) sending to Machine 1 logical clock value of 244 at 40.76s
2016-03-13 23:30:10,873 : Machine 2 (clock rate = 3) received message with lc value of 246 with queue size of 1 at 41.09s with logical clock of 245
2016-03-13 23:30:10,874 : Machine 2 (clock rate = 3) sending to Machine 1 logical clock value of 246 at 41.09s
2016-03-13 23:30:11,207 : Machine 2 (clock rate = 3) received message with lc value of 247 with queue size of 1 at 41.42s with logical clock of 247
2016-03-13 23:30:11,208 : Machine 2 (clock rate = 3) sending to Machine 1 logical clock value of 247 at 41.43s
2016-03-13 23:30:11,541 : Machine 2 (clock rate = 3) sending to Machine 1 logical clock value of 248 at 41.76s
2016-03-13 23:30:11,876 : Machine 2 (clock rate = 3) sending to Machine 1 logical clock value of 249 at 42.09s
2016-03-13 23:30:12,210 : Machine 2 (clock rate = 3) received message with lc value of 253 with queue size of 2 at 42.43s with logical clock of 250
2016-03-13 23:30:12,211 : Machine 2 (clock rate = 3) sending to Machine 1 logical clock value of 253 at 42.43s
2016-03-13 23:30:12,545 : Machine 2 (clock rate = 3) received message with lc value of 254 with queue size of 1 at 42.76s with logical clock of 254
2016-03-13 23:30:12,545 : Machine 2 (clock rate = 3) sending to Machine 1 logical clock value of 254 at 42.76s
2016-03-13 23:30:12,878 : Machine 2 (clock rate = 3) received message with lc value of 77 with queue size of 1 at 43.10s with logical clock of 255
2016-03-13 23:30:12,879 : Machine 2 (clock rate = 3) sending to Machine 1 logical clock value of 255 at 43.10s
2016-03-13 23:30:13,213 : Machine 2 (clock rate = 3) has internal event at 43.43s with logical clock value of 256
2016-03-13 23:30:13,547 : Machine 2 (clock rate = 3) sending to Machine 1 logical clock value of 257 at 43.76s
2016-03-13 23:30:13,881 : Machine 2 (clock rate = 3) has internal event at 44.10s with logical clock value of 258
2016-03-13 23:30:14,215 : Machine 2 (clock rate = 3) received message with lc value of 265 with queue size of 2 at 44.43s with logical clock of 259
2016-03-13 23:30:14,216 : Machine 2 (clock rate = 3) has internal event at 44.43s with logical clock value of 265
2016-03-13 23:30:14,549 : Machine 2 (clock rate = 3) received message with lc value of 266 with queue size of 1 at 44.77s with logical clock of 266
2016-03-13 23:30:14,550 : Machine 2 (clock rate = 3) sending to Machine 1 logical clock value of 266 at 44.77s
2016-03-13 23:30:14,883 : Machine 2 (clock rate = 3) received message with lc value of 270 with queue size of 1 at 45.10s with logical clock of 267
2016-03-13 23:30:14,884 : Machine 2 (clock rate = 3) sending to Machine 1 logical clock value of 270 at 45.10s
2016-03-13 23:30:15,217 : Machine 2 (clock rate = 3) sending to Machine 1 logical clock value of 271 at 45.43s
2016-03-13 23:30:15,552 : Machine 2 (clock rate = 3) received message with lc value of 274 with queue size of 1 at 45.77s with logical clock of 272
2016-03-13 23:30:15,552 : Machine 2 (clock rate = 3) sending to Machine 1 logical clock value of 274 at 45.77s
2016-03-13 23:30:15,886 : Machine 2 (clock rate = 3) received message with lc value of 87 with queue size of 1 at 46.10s with logical clock of 275
2016-03-13 23:30:15,887 : Machine 2 (clock rate = 3) has internal event at 46.10s with logical clock value of 275
2016-03-13 23:30:16,220 : Machine 2 (clock rate = 3) sending to Machine 1 logical clock value of 276 at 46.44s
2016-03-13 23:30:16,555 : Machine 2 (clock rate = 3) received message with lc value of 279 with queue size of 2 at 46.77s with logical clock of 277
2016-03-13 23:30:16,555 : Machine 2 (clock rate = 3) has internal event at 46.77s with logical clock value of 279
2016-03-13 23:30:16,889 : Machine 2 (clock rate = 3) received message with lc value of 280 with queue size of 2 at 47.11s with logical clock of 280
2016-03-13 23:30:16,890 : Machine 2 (clock rate = 3) sending to Machine 1 logical clock value of 280 at 47.11s
2016-03-13 23:30:17,223 : Machine 2 (clock rate = 3) received message with lc value of 282 with queue size of 3 at 47.44s with logical clock of 281
2016-03-13 23:30:17,224 : Machine 2 (clock rate = 3) has internal event at 47.44s with logical clock value of 282
2016-03-13 23:30:17,558 : Machine 2 (clock rate = 3) received message with lc value of 283 with queue size of 2 at 47.77s with logical clock of 283
2016-03-13 23:30:17,558 : Machine 2 (clock rate = 3) sending to Machine 1 logical clock value of 283 at 47.78s
2016-03-13 23:30:17,892 : Machine 2 (clock rate = 3) received message with lc value of 284 with queue size of 2 at 48.11s with logical clock of 284
2016-03-13 23:30:17,893 : Machine 2 (clock rate = 3) sending to Machine 1 logical clock value of 284 at 48.11s
2016-03-13 23:30:18,225 : Machine 2 (clock rate = 3) received message with lc value of 287 with queue size of 2 at 48.44s with logical clock of 285
2016-03-13 23:30:18,226 : Machine 2 (clock rate = 3) sending to Machine 1 logical clock value of 287 at 48.44s
2016-03-13 23:30:18,559 : Machine 2 (clock rate = 3) received message with lc value of 289 with queue size of 1 at 48.78s with logical clock of 288
2016-03-13 23:30:18,560 : Machine 2 (clock rate = 3) sending to Machine 1 logical clock value of 289 at 48.78s
2016-03-13 23:30:18,893 : Machine 2 (clock rate = 3) received message with lc value of 92 with queue size of 2 at 49.11s with logical clock of 290
2016-03-13 23:30:18,894 : Machine 2 (clock rate = 3) sending to Machine 1 logical clock value of 290 at 49.11s
2016-03-13 23:30:19,227 : Machine 2 (clock rate = 3) received message with lc value of 294 with queue size of 2 at 49.44s with logical clock of 291
2016-03-13 23:30:19,227 : Machine 2 (clock rate = 3) sending to Machine 1 logical clock value of 294 at 49.44s
2016-03-13 23:30:19,561 : Machine 2 (clock rate = 3) received message with lc value of 295 with queue size of 2 at 49.78s with logical clock of 295
2016-03-13 23:30:19,561 : Machine 2 (clock rate = 3) has internal event at 49.78s with logical clock value of 295
2016-03-13 23:30:19,894 : Machine 2 (clock rate = 3) received message with lc value of 298 with queue size of 3 at 50.11s with logical clock of 296
2016-03-13 23:30:19,896 : Machine 2 (clock rate = 3) sending to Machine 1 logical clock value of 298 at 50.11s
2016-03-13 23:30:20,228 : Machine 2 (clock rate = 3) received message with lc value of 93 with queue size of 3 at 50.45s with logical clock of 299
2016-03-13 23:30:20,229 : Machine 2 (clock rate = 3) sending to Machine 1 logical clock value of 299 at 50.45s
2016-03-13 23:30:20,563 : Machine 2 (clock rate = 3) received message with lc value of 300 with queue size of 3 at 50.78s with logical clock of 300
2016-03-13 23:30:20,563 : Machine 2 (clock rate = 3) has internal event at 50.78s with logical clock value of 300
2016-03-13 23:30:20,897 : Machine 2 (clock rate = 3) received message with lc value of 301 with queue size of 4 at 51.11s with logical clock of 301
2016-03-13 23:30:20,897 : Machine 2 (clock rate = 3) sending to Machine 1 logical clock value of 301 at 51.11s
2016-03-13 23:30:21,231 : Machine 2 (clock rate = 3) received message with lc value of 303 with queue size of 4 at 51.45s with logical clock of 302
2016-03-13 23:30:21,232 : Machine 2 (clock rate = 3) sending to Machine 1 logical clock value of 303 at 51.45s
2016-03-13 23:30:21,565 : Machine 2 (clock rate = 3) received message with lc value of 95 with queue size of 3 at 51.78s with logical clock of 304
2016-03-13 23:30:21,566 : Machine 2 (clock rate = 3) sending to Machine 1 logical clock value of 304 at 51.78s
2016-03-13 23:30:21,900 : Machine 2 (clock rate = 3) received message with lc value of 306 with queue size of 4 at 52.12s with logical clock of 305
2016-03-13 23:30:21,900 : Machine 2 (clock rate = 3) sending to Machine 1 logical clock value of 306 at 52.12s
2016-03-13 23:30:22,234 : Machine 2 (clock rate = 3) received message with lc value of 308 with queue size of 4 at 52.45s with logical clock of 307
2016-03-13 23:30:22,234 : Machine 2 (clock rate = 3) sending to Machine 1 logical clock value of 308 at 52.45s
2016-03-13 23:30:22,567 : Machine 2 (clock rate = 3) received message with lc value of 311 with queue size of 5 at 52.78s with logical clock of 309
2016-03-13 23:30:22,568 : Machine 2 (clock rate = 3) sending to Machine 1 logical clock value of 311 at 52.79s
2016-03-13 23:30:22,902 : Machine 2 (clock rate = 3) received message with lc value of 96 with queue size of 6 at 53.12s with logical clock of 312
2016-03-13 23:30:22,902 : Machine 2 (clock rate = 3) has internal event at 53.12s with logical clock value of 312
2016-03-13 23:30:23,236 : Machine 2 (clock rate = 3) received message with lc value of 314 with queue size of 6 at 53.45s with logical clock of 313
2016-03-13 23:30:23,237 : Machine 2 (clock rate = 3) sending to Machine 1 logical clock value of 314 at 53.45s
2016-03-13 23:30:23,570 : Machine 2 (clock rate = 3) received message with lc value of 315 with queue size of 5 at 53.79s with logical clock of 315
2016-03-13 23:30:23,571 : Machine 2 (clock rate = 3) has internal event at 53.79s with logical clock value of 315
2016-03-13 23:30:23,904 : Machine 2 (clock rate = 3) received message with lc value of 316 with queue size of 6 at 54.12s with logical clock of 316
2016-03-13 23:30:23,905 : Machine 2 (clock rate = 3) has internal event at 54.12s with logical clock value of 316
2016-03-13 23:30:24,238 : Machine 2 (clock rate = 3) received message with lc value of 317 with queue size of 7 at 54.46s with logical clock of 317
2016-03-13 23:30:24,239 : Machine 2 (clock rate = 3) sending to Machine 1 logical clock value of 317 at 54.46s
2016-03-13 23:30:24,573 : Machine 2 (clock rate = 3) received message with lc value of 97 with queue size of 6 at 54.79s with logical clock of 318
2016-03-13 23:30:24,573 : Machine 2 (clock rate = 3) sending to Machine 1 logical clock value of 318 at 54.79s
2016-03-13 23:30:24,907 : Machine 2 (clock rate = 3) received message with lc value of 319 with queue size of 6 at 55.12s with logical clock of 319
2016-03-13 23:30:24,908 : Machine 2 (clock rate = 3) sending to Machine 1 logical clock value of 319 at 55.12s
2016-03-13 23:30:25,241 : Machine 2 (clock rate = 3) received message with lc value of 323 with queue size of 6 at 55.46s with logical clock of 320
2016-03-13 23:30:25,241 : Machine 2 (clock rate = 3) sending to Machine 1 logical clock value of 323 at 55.46s
2016-03-13 23:30:25,575 : Machine 2 (clock rate = 3) received message with lc value of 324 with queue size of 6 at 55.79s with logical clock of 324
2016-03-13 23:30:25,576 : Machine 2 (clock rate = 3) sending to Machine 1 logical clock value of 324 at 55.79s
2016-03-13 23:30:25,909 : Machine 2 (clock rate = 3) received message with lc value of 325 with queue size of 6 at 56.13s with logical clock of 325
2016-03-13 23:30:25,910 : Machine 2 (clock rate = 3) sending to Machine 1 logical clock value of 325 at 56.13s
2016-03-13 23:30:26,243 : Machine 2 (clock rate = 3) received message with lc value of 326 with queue size of 6 at 56.46s with logical clock of 326
2016-03-13 23:30:26,244 : Machine 2 (clock rate = 3) sending to Machine 1 logical clock value of 326 at 56.46s
2016-03-13 23:30:26,577 : Machine 2 (clock rate = 3) received message with lc value of 99 with queue size of 6 at 56.79s with logical clock of 327
2016-03-13 23:30:26,578 : Machine 2 (clock rate = 3) sending to Machine 1 logical clock value of 327 at 56.80s
2016-03-13 23:30:26,912 : Machine 2 (clock rate = 3) received message with lc value of 332 with queue size of 6 at 57.13s with logical clock of 328
2016-03-13 23:30:26,912 : Machine 2 (clock rate = 3) sending to Machine 1 logical clock value of 332 at 57.13s
2016-03-13 23:30:27,246 : Machine 2 (clock rate = 3) received message with lc value of 333 with queue size of 5 at 57.46s with logical clock of 333
2016-03-13 23:30:27,247 : Machine 2 (clock rate = 3) sending to Machine 1 logical clock value of 333 at 57.46s
2016-03-13 23:30:27,580 : Machine 2 (clock rate = 3) received message with lc value of 335 with queue size of 5 at 57.80s with logical clock of 334
2016-03-13 23:30:27,581 : Machine 2 (clock rate = 3) sending to Machine 1 logical clock value of 335 at 57.80s
2016-03-13 23:30:27,915 : Machine 2 (clock rate = 3) received message with lc value of 338 with queue size of 4 at 58.13s with logical clock of 336
2016-03-13 23:30:27,915 : Machine 2 (clock rate = 3) sending to Machine 1 logical clock value of 338 at 58.13s
2016-03-13 23:30:28,249 : Machine 2 (clock rate = 3) received message with lc value of 339 with queue size of 3 at 58.47s with logical clock of 339
2016-03-13 23:30:28,249 : Machine 2 (clock rate = 3) sending to Machine 1 logical clock value of 339 at 58.47s
2016-03-13 23:30:28,583 : Machine 2 (clock rate = 3) received message with lc value of 341 with queue size of 2 at 58.80s with logical clock of 340
2016-03-13 23:30:28,583 : Machine 2 (clock rate = 3) sending to Machine 1 logical clock value of 341 at 58.80s
2016-03-13 23:30:28,917 : Machine 2 (clock rate = 3) received message with lc value of 346 with queue size of 2 at 59.13s with logical clock of 342
2016-03-13 23:30:28,918 : Machine 2 (clock rate = 3) has internal event at 59.13s with logical clock value of 346
2016-03-13 23:30:29,251 : Machine 2 (clock rate = 3) received message with lc value of 106 with queue size of 2 at 59.47s with logical clock of 347
2016-03-13 23:30:29,251 : Machine 2 (clock rate = 3) sending to Machine 1 logical clock value of 347 at 59.47s
2016-03-13 23:30:29,585 : Machine 2 (clock rate = 3) received message with lc value of 356 with queue size of 2 at 59.80s with logical clock of 348
2016-03-13 23:30:29,586 : Machine 2 (clock rate = 3) has internal event at 59.80s with logical clock value of 356
