2016-03-13 23:29:29,779 : Process: 3, PID: 25061
2016-03-13 23:29:29,780 : Machine 3 (clock rate = 6) sending to Machine 1 logical clock value of 1 at 0.001s
2016-03-13 23:29:29,948 : Machine 3 (clock rate = 6) received message with lc value of 1 with queue size of 1 at 0.169s with logical clock of 2
2016-03-13 23:29:29,949 : Machine 3 (clock rate = 6) has internal event at 0.170s with logical clock value of 2
2016-03-13 23:29:30,115 : Machine 3 (clock rate = 6) sending to Machine 1 logical clock value of 3 at 0.336s
2016-03-13 23:29:30,283 : Machine 3 (clock rate = 6) sending to Machine 1 logical clock value of 4 at 0.504s
2016-03-13 23:29:30,450 : Machine 3 (clock rate = 6) received message with lc value of 3 with queue size of 1 at 0.671s with logical clock of 5
2016-03-13 23:29:30,451 : Machine 3 (clock rate = 6) sending to Machine 1 logical clock value of 5 at 0.672s
2016-03-13 23:29:30,617 : Machine 3 (clock rate = 6) sending to Machine 1 logical clock value of 6 at 0.838s
2016-03-13 23:29:30,784 : Machine 3 (clock rate = 6) sending to Machine 1 logical clock value of 7 at 1.005s
2016-03-13 23:29:30,952 : Machine 3 (clock rate = 6) received message with lc value of 4 with queue size of 1 at 1.173s with logical clock of 8
2016-03-13 23:29:30,953 : Machine 3 (clock rate = 6) has internal event at 1.174s with logical clock value of 8
2016-03-13 23:29:31,119 : Machine 3 (clock rate = 6) sending to Machine 1 logical clock value of 9 at 1.340s
2016-03-13 23:29:31,286 : Machine 3 (clock rate = 6) has internal event at 1.507s with logical clock value of 10
2016-03-13 23:29:31,453 : Machine 3 (clock rate = 6) sending to Machine 1 logical clock value of 11 at 1.674s
2016-03-13 23:29:31,620 : Machine 3 (clock rate = 6) sending to Machine 1 logical clock value of 12 at 1.842s
2016-03-13 23:29:31,787 : Machine 3 (clock rate = 6) sending to Machine 1 logical clock value of 13 at 2.008s
2016-03-13 23:29:31,954 : Machine 3 (clock rate = 6) sending to Machine 1 logical clock value of 14 at 2.176s
2016-03-13 23:29:32,122 : Machine 3 (clock rate = 6) sending to Machine 1 logical clock value of 15 at 2.343s
2016-03-13 23:29:32,289 : Machine 3 (clock rate = 6) has internal event at 2.510s with logical clock value of 16
2016-03-13 23:29:32,456 : Machine 3 (clock rate = 6) has internal event at 2.677s with logical clock value of 17
2016-03-13 23:29:32,623 : Machine 3 (clock rate = 6) sending to Machine 1 logical clock value of 18 at 2.844s
2016-03-13 23:29:32,790 : Machine 3 (clock rate = 6) received message with lc value of 6 with queue size of 1 at 3.011s with logical clock of 19
2016-03-13 23:29:32,790 : Machine 3 (clock rate = 6) has internal event at 3.011s with logical clock value of 19
2016-03-13 23:29:32,957 : Machine 3 (clock rate = 6) has internal event at 3.178s with logical clock value of 20
2016-03-13 23:29:33,124 : Machine 3 (clock rate = 6) sending to Machine 1 logical clock value of 21 at 3.345s
2016-03-13 23:29:33,292 : Machine 3 (clock rate = 6) sending to Machine 1 logical clock value of 22 at 3.513s
2016-03-13 23:29:33,459 : Machine 3 (clock rate = 6) has internal event at 3.680s with logical clock value of 23
2016-03-13 23:29:33,626 : Machine 3 (clock rate = 6) sending to Machine 1 logical clock value of 24 at 3.847s
2016-03-13 23:29:33,793 : Machine 3 (clock rate = 6) received message with lc value of 23 with queue size of 1 at 4.014s with logical clock of 25
2016-03-13 23:29:33,794 : Machine 3 (clock rate = 6) sending to Machine 1 logical clock value of 25 at 4.015s
2016-03-13 23:29:33,960 : Machine 3 (clock rate = 6) sending to Machine 1 logical clock value of 26 at 4.181s
2016-03-13 23:29:34,127 : Machine 3 (clock rate = 6) received message with lc value of 25 with queue size of 1 at 4.349s with logical clock of 27
2016-03-13 23:29:34,128 : Machine 3 (clock rate = 6) has internal event at 4.349s with logical clock value of 27
2016-03-13 23:29:34,295 : Machine 3 (clock rate = 6) sending to Machine 1 logical clock value of 28 at 4.516s
2016-03-13 23:29:34,462 : Machine 3 (clock rate = 6) has internal event at 4.683s with logical clock value of 29
2016-03-13 23:29:34,629 : Machine 3 (clock rate = 6) sending to Machine 1 logical clock value of 30 at 4.850s
2016-03-13 23:29:34,797 : Machine 3 (clock rate = 6) received message with lc value of 8 with queue size of 2 at 5.018s with logical clock of 31
2016-03-13 23:29:34,798 : Machine 3 (clock rate = 6) sending to Machine 1 logical clock value of 31 at 5.019s
2016-03-13 23:29:34,964 : Machine 3 (clock rate = 6) received message with lc value of 30 with queue size of 1 at 5.185s with logical clock of 32
2016-03-13 23:29:34,965 : Machine 3 (clock rate = 6) sending to Machine 1 logical clock value of 32 at 5.186s
2016-03-13 23:29:35,132 : Machine 3 (clock rate = 6) sending to Machine 1 logical clock value of 33 at 5.353s
2016-03-13 23:29:35,299 : Machine 3 (clock rate = 6) sending to Machine 1 logical clock value of 34 at 5.520s
2016-03-13 23:29:35,466 : Machine 3 (clock rate = 6) sending to Machine 1 logical clock value of 35 at 5.687s
2016-03-13 23:29:35,634 : Machine 3 (clock rate = 6) sending to Machine 1 logical clock value of 36 at 5.855s
2016-03-13 23:29:35,802 : Machine 3 (clock rate = 6) received message with lc value of 11 with queue size of 1 at 6.023s with logical clock of 37
2016-03-13 23:29:35,803 : Machine 3 (clock rate = 6) sending to Machine 1 logical clock value of 37 at 6.024s
2016-03-13 23:29:35,970 : Machine 3 (clock rate = 6) sending to Machine 1 logical clock value of 38 at 6.191s
2016-03-13 23:29:36,137 : Machine 3 (clock rate = 6) has internal event at 6.359s with logical clock value of 39
2016-03-13 23:29:36,305 : Machine 3 (clock rate = 6) sending to Machine 1 logical clock value of 40 at 6.526s
2016-03-13 23:29:36,473 : Machine 3 (clock rate = 6) has internal event at 6.694s with logical clock value of 41
2016-03-13 23:29:36,641 : Machine 3 (clock rate = 6) has internal event at 6.862s with logical clock value of 42
2016-03-13 23:29:36,808 : Machine 3 (clock rate = 6) received message with lc value of 37 with queue size of 1 at 7.029s with logical clock of 43
2016-03-13 23:29:36,809 : Machine 3 (clock rate = 6) has internal event at 7.030s with logical clock value of 43
2016-03-13 23:29:36,976 : Machine 3 (clock rate = 6) has internal event at 7.197s with logical clock value of 44
2016-03-13 23:29:37,144 : Machine 3 (clock rate = 6) sending to Machine 1 logical clock value of 45 at 7.365s
2016-03-13 23:29:37,312 : Machine 3 (clock rate = 6) sending to Machine 1 logical clock value of 46 at 7.533s
2016-03-13 23:29:37,479 : Machine 3 (clock rate = 6) received message with lc value of 40 with queue size of 1 at 7.700s with logical clock of 47
2016-03-13 23:29:37,480 : Machine 3 (clock rate = 6) sending to Machine 1 logical clock value of 47 at 7.701s
2016-03-13 23:29:37,647 : Machine 3 (clock rate = 6) sending to Machine 1 logical clock value of 48 at 7.868s
2016-03-13 23:29:37,814 : Machine 3 (clock rate = 6) has internal event at 8.035s with logical clock value of 49
2016-03-13 23:29:37,982 : Machine 3 (clock rate = 6) sending to Machine 1 logical clock value of 50 at 8.203s
2016-03-13 23:29:38,149 : Machine 3 (clock rate = 6) sending to Machine 1 logical clock value of 51 at 8.370s
2016-03-13 23:29:38,317 : Machine 3 (clock rate = 6) sending to Machine 1 logical clock value of 52 at 8.538s
2016-03-13 23:29:38,484 : Machine 3 (clock rate = 6) has internal event at 8.705s with logical clock value of 53
2016-03-13 23:29:38,652 : Machine 3 (clock rate = 6) has internal event at 8.873s with logical clock value of 54
2016-03-13 23:29:38,819 : Machine 3 (clock rate = 6) received message with lc value of 50 with queue size of 1 at 9.040s with logical clock of 55
2016-03-13 23:29:38,820 : Machine 3 (clock rate = 6) sending to Machine 1 logical clock value of 55 at 9.041s
2016-03-13 23:29:38,986 : Machine 3 (clock rate = 6) sending to Machine 1 logical clock value of 56 at 9.207s
2016-03-13 23:29:39,153 : Machine 3 (clock rate = 6) sending to Machine 1 logical clock value of 57 at 9.374s
2016-03-13 23:29:39,321 : Machine 3 (clock rate = 6) has internal event at 9.542s with logical clock value of 58
2016-03-13 23:29:39,488 : Machine 3 (clock rate = 6) has internal event at 9.709s with logical clock value of 59
2016-03-13 23:29:39,655 : Machine 3 (clock rate = 6) has internal event at 9.876s with logical clock value of 60
2016-03-13 23:29:39,822 : Machine 3 (clock rate = 6) received message with lc value of 16 with queue size of 1 at 10.04s with logical clock of 61
2016-03-13 23:29:39,823 : Machine 3 (clock rate = 6) sending to Machine 1 logical clock value of 61 at 10.04s
2016-03-13 23:29:39,990 : Machine 3 (clock rate = 6) sending to Machine 1 logical clock value of 62 at 10.21s
2016-03-13 23:29:40,157 : Machine 3 (clock rate = 6) has internal event at 10.37s with logical clock value of 63
2016-03-13 23:29:40,323 : Machine 3 (clock rate = 6) has internal event at 10.54s with logical clock value of 64
2016-03-13 23:29:40,491 : Machine 3 (clock rate = 6) sending to Machine 1 logical clock value of 65 at 10.71s
2016-03-13 23:29:40,657 : Machine 3 (clock rate = 6) has internal event at 10.87s with logical clock value of 66
2016-03-13 23:29:40,824 : Machine 3 (clock rate = 6) received message with lc value of 17 with queue size of 1 at 11.04s with logical clock of 67
2016-03-13 23:29:40,825 : Machine 3 (clock rate = 6) sending to Machine 1 logical clock value of 67 at 11.04s
2016-03-13 23:29:40,992 : Machine 3 (clock rate = 6) sending to Machine 1 logical clock value of 68 at 11.21s
2016-03-13 23:29:41,160 : Machine 3 (clock rate = 6) has internal event at 11.38s with logical clock value of 69
2016-03-13 23:29:41,327 : Machine 3 (clock rate = 6) has internal event at 11.54s with logical clock value of 70
2016-03-13 23:29:41,495 : Machine 3 (clock rate = 6) sending to Machine 1 logical clock value of 71 at 11.71s
2016-03-13 23:29:41,663 : Machine 3 (clock rate = 6) has internal event at 11.88s with logical clock value of 72
2016-03-13 23:29:41,830 : Machine 3 (clock rate = 6) sending to Machine 1 logical clock value of 73 at 12.05s
2016-03-13 23:29:41,997 : Machine 3 (clock rate = 6) sending to Machine 1 logical clock value of 74 at 12.21s
2016-03-13 23:29:42,165 : Machine 3 (clock rate = 6) received message with lc value of 72 with queue size of 1 at 12.38s with logical clock of 75
2016-03-13 23:29:42,166 : Machine 3 (clock rate = 6) sending to Machine 1 logical clock value of 75 at 12.38s
2016-03-13 23:29:42,333 : Machine 3 (clock rate = 6) sending to Machine 1 logical clock value of 76 at 12.55s
2016-03-13 23:29:42,500 : Machine 3 (clock rate = 6) received message with lc value of 76 with queue size of 1 at 12.72s with logical clock of 77
2016-03-13 23:29:42,500 : Machine 3 (clock rate = 6) sending to Machine 1 logical clock value of 77 at 12.72s
2016-03-13 23:29:42,667 : Machine 3 (clock rate = 6) sending to Machine 1 logical clock value of 78 at 12.88s
2016-03-13 23:29:42,834 : Machine 3 (clock rate = 6) sending to Machine 1 logical clock value of 79 at 13.05s
2016-03-13 23:29:43,002 : Machine 3 (clock rate = 6) sending to Machine 1 logical clock value of 80 at 13.22s
2016-03-13 23:29:43,169 : Machine 3 (clock rate = 6) received message with lc value of 79 with queue size of 1 at 13.39s with logical clock of 81
2016-03-13 23:29:43,170 : Machine 3 (clock rate = 6) sending to Machine 1 logical clock value of 81 at 13.39s
2016-03-13 23:29:43,336 : Machine 3 (clock rate = 6) has internal event at 13.55s with logical clock value of 82
2016-03-13 23:29:43,503 : Machine 3 (clock rate = 6) has internal event at 13.72s with logical clock value of 83
2016-03-13 23:29:43,671 : Machine 3 (clock rate = 6) has internal event at 13.89s with logical clock value of 84
2016-03-13 23:29:43,839 : Machine 3 (clock rate = 6) has internal event at 14.06s with logical clock value of 85
2016-03-13 23:29:44,005 : Machine 3 (clock rate = 6) has internal event at 14.22s with logical clock value of 86
2016-03-13 23:29:44,173 : Machine 3 (clock rate = 6) sending to Machine 1 logical clock value of 87 at 14.39s
2016-03-13 23:29:44,340 : Machine 3 (clock rate = 6) sending to Machine 1 logical clock value of 88 at 14.56s
2016-03-13 23:29:44,508 : Machine 3 (clock rate = 6) has internal event at 14.72s with logical clock value of 89
2016-03-13 23:29:44,676 : Machine 3 (clock rate = 6) sending to Machine 1 logical clock value of 90 at 14.89s
2016-03-13 23:29:44,842 : Machine 3 (clock rate = 6) received message with lc value of 21 with queue size of 1 at 15.06s with logical clock of 91
2016-03-13 23:29:44,843 : Machine 3 (clock rate = 6) has internal event at 15.06s with logical clock value of 91
2016-03-13 23:29:45,010 : Machine 3 (clock rate = 6) sending to Machine 1 logical clock value of 92 at 15.23s
2016-03-13 23:29:45,178 : Machine 3 (clock rate = 6) received message with lc value of 91 with queue size of 1 at 15.39s with logical clock of 93
2016-03-13 23:29:45,180 : Machine 3 (clock rate = 6) has internal event at 15.40s with logical clock value of 93
2016-03-13 23:29:45,344 : Machine 3 (clock rate = 6) has internal event at 15.56s with logical clock value of 94
2016-03-13 23:29:45,512 : Machine 3 (clock rate = 6) sending to Machine 1 logical clock value of 95 at 15.73s
2016-03-13 23:29:45,679 : Machine 3 (clock rate = 6) sending to Machine 1 logical clock value of 96 at 15.90s
2016-03-13 23:29:45,846 : Machine 3 (clock rate = 6) sending to Machine 1 logical clock value of 97 at 16.06s
2016-03-13 23:29:46,014 : Machine 3 (clock rate = 6) sending to Machine 1 logical clock value of 98 at 16.23s
2016-03-13 23:29:46,181 : Machine 3 (clock rate = 6) has internal event at 16.40s with logical clock value of 99
2016-03-13 23:29:46,348 : Machine 3 (clock rate = 6) has internal event at 16.56s with logical clock value of 100
2016-03-13 23:29:46,516 : Machine 3 (clock rate = 6) received message with lc value of 98 with queue size of 1 at 16.73s with logical clock of 101
2016-03-13 23:29:46,517 : Machine 3 (clock rate = 6) sending to Machine 1 logical clock value of 101 at 16.73s
2016-03-13 23:29:46,683 : Machine 3 (clock rate = 6) has internal event at 16.90s with logical clock value of 102
2016-03-13 23:29:46,850 : Machine 3 (clock rate = 6) sending to Machine 1 logical clock value of 103 at 17.07s
2016-03-13 23:29:47,018 : Machine 3 (clock rate = 6) sending to Machine 1 logical clock value of 104 at 17.23s
2016-03-13 23:29:47,185 : Machine 3 (clock rate = 6) sending to Machine 1 logical clock value of 105 at 17.40s
2016-03-13 23:29:47,353 : Machine 3 (clock rate = 6) has internal event at 17.57s with logical clock value of 106
2016-03-13 23:29:47,520 : Machine 3 (clock rate = 6) sending to Machine 1 logical clock value of 107 at 17.74s
2016-03-13 23:29:47,688 : Machine 3 (clock rate = 6) sending to Machine 1 logical clock value of 108 at 17.90s
2016-03-13 23:29:47,855 : Machine 3 (clock rate = 6) has internal event at 18.07s with logical clock value of 109
2016-03-13 23:29:48,023 : Machine 3 (clock rate = 6) sending to Machine 1 logical clock value of 110 at 18.24s
2016-03-13 23:29:48,190 : Machine 3 (clock rate = 6) received message with lc value of 108 with queue size of 1 at 18.41s with logical clock of 111
2016-03-13 23:29:48,191 : Machine 3 (clock rate = 6) sending to Machine 1 logical clock value of 111 at 18.41s
2016-03-13 23:29:48,358 : Machine 3 (clock rate = 6) has internal event at 18.57s with logical clock value of 112
2016-03-13 23:29:48,526 : Machine 3 (clock rate = 6) received message with lc value of 109 with queue size of 1 at 18.74s with logical clock of 113
2016-03-13 23:29:48,526 : Machine 3 (clock rate = 6) has internal event at 18.74s with logical clock value of 113
2016-03-13 23:29:48,693 : Machine 3 (clock rate = 6) sending to Machine 1 logical clock value of 114 at 18.91s
2016-03-13 23:29:48,861 : Machine 3 (clock rate = 6) received message with lc value of 35 with queue size of 1 at 19.08s with logical clock of 115
2016-03-13 23:29:48,862 : Machine 3 (clock rate = 6) sending to Machine 1 logical clock value of 115 at 19.08s
2016-03-13 23:29:49,028 : Machine 3 (clock rate = 6) sending to Machine 1 logical clock value of 116 at 19.24s
2016-03-13 23:29:49,195 : Machine 3 (clock rate = 6) has internal event at 19.41s with logical clock value of 117
2016-03-13 23:29:49,362 : Machine 3 (clock rate = 6) sending to Machine 1 logical clock value of 118 at 19.58s
2016-03-13 23:29:49,530 : Machine 3 (clock rate = 6) sending to Machine 1 logical clock value of 119 at 19.75s
2016-03-13 23:29:49,697 : Machine 3 (clock rate = 6) sending to Machine 1 logical clock value of 120 at 19.91s
2016-03-13 23:29:49,864 : Machine 3 (clock rate = 6) received message with lc value of 119 with queue size of 1 at 20.08s with logical clock of 121
2016-03-13 23:29:49,865 : Machine 3 (clock rate = 6) sending to Machine 1 logical clock value of 121 at 20.08s
2016-03-13 23:29:50,031 : Machine 3 (clock rate = 6) sending to Machine 1 logical clock value of 122 at 20.25s
2016-03-13 23:29:50,199 : Machine 3 (clock rate = 6) sending to Machine 1 logical clock value of 123 at 20.42s
2016-03-13 23:29:50,366 : Machine 3 (clock rate = 6) sending to Machine 1 logical clock value of 124 at 20.58s
2016-03-13 23:29:50,533 : Machine 3 (clock rate = 6) has internal event at 20.75s with logical clock value of 125
2016-03-13 23:29:50,701 : Machine 3 (clock rate = 6) has internal event at 20.92s with logical clock value of 126
2016-03-13 23:29:50,869 : Machine 3 (clock rate = 6) received message with lc value of 122 with queue size of 1 at 21.09s with logical clock of 127
2016-03-13 23:29:50,869 : Machine 3 (clock rate = 6) sending to Machine 1 logical clock value of 127 at 21.09s
2016-03-13 23:29:51,035 : Machine 3 (clock rate = 6) has internal event at 21.25s with logical clock value of 128
2016-03-13 23:29:51,203 : Machine 3 (clock rate = 6) has internal event at 21.42s with logical clock value of 129
2016-03-13 23:29:51,371 : Machine 3 (clock rate = 6) has internal event at 21.59s with logical clock value of 130
2016-03-13 23:29:51,538 : Machine 3 (clock rate = 6) received message with lc value of 124 with queue size of 1 at 21.75s with logical clock of 131
2016-03-13 23:29:51,539 : Machine 3 (clock rate = 6) sending to Machine 1 logical clock value of 131 at 21.76s
2016-03-13 23:29:51,705 : Machine 3 (clock rate = 6) sending to Machine 1 logical clock value of 132 at 21.92s
2016-03-13 23:29:51,873 : Machine 3 (clock rate = 6) received message with lc value of 125 with queue size of 1 at 22.09s with logical clock of 133
2016-03-13 23:29:51,873 : Machine 3 (clock rate = 6) sending to Machine 1 logical clock value of 133 at 22.09s
2016-03-13 23:29:52,041 : Machine 3 (clock rate = 6) sending to Machine 1 logical clock value of 134 at 22.26s
2016-03-13 23:29:52,208 : Machine 3 (clock rate = 6) received message with lc value of 131 with queue size of 1 at 22.42s with logical clock of 135
2016-03-13 23:29:52,209 : Machine 3 (clock rate = 6) has internal event at 22.43s with logical clock value of 135
2016-03-13 23:29:52,376 : Machine 3 (clock rate = 6) has internal event at 22.59s with logical clock value of 136
2016-03-13 23:29:52,543 : Machine 3 (clock rate = 6) sending to Machine 1 logical clock value of 137 at 22.76s
2016-03-13 23:29:52,711 : Machine 3 (clock rate = 6) sending to Machine 1 logical clock value of 138 at 22.93s
2016-03-13 23:29:52,879 : Machine 3 (clock rate = 6) received message with lc value of 47 with queue size of 1 at 23.10s with logical clock of 139
2016-03-13 23:29:52,879 : Machine 3 (clock rate = 6) sending to Machine 1 logical clock value of 139 at 23.10s
2016-03-13 23:29:53,046 : Machine 3 (clock rate = 6) sending to Machine 1 logical clock value of 140 at 23.26s
2016-03-13 23:29:53,213 : Machine 3 (clock rate = 6) received message with lc value of 134 with queue size of 1 at 23.43s with logical clock of 141
2016-03-13 23:29:53,214 : Machine 3 (clock rate = 6) sending to Machine 1 logical clock value of 141 at 23.43s
2016-03-13 23:29:53,381 : Machine 3 (clock rate = 6) sending to Machine 1 logical clock value of 142 at 23.60s
2016-03-13 23:29:53,549 : Machine 3 (clock rate = 6) received message with lc value of 137 with queue size of 1 at 23.77s with logical clock of 143
2016-03-13 23:29:53,549 : Machine 3 (clock rate = 6) sending to Machine 1 logical clock value of 143 at 23.77s
2016-03-13 23:29:53,716 : Machine 3 (clock rate = 6) has internal event at 23.93s with logical clock value of 144
2016-03-13 23:29:53,883 : Machine 3 (clock rate = 6) received message with lc value of 50 with queue size of 2 at 24.10s with logical clock of 145
2016-03-13 23:29:53,884 : Machine 3 (clock rate = 6) sending to Machine 1 logical clock value of 145 at 24.10s
2016-03-13 23:29:54,050 : Machine 3 (clock rate = 6) received message with lc value of 141 with queue size of 1 at 24.27s with logical clock of 146
2016-03-13 23:29:54,051 : Machine 3 (clock rate = 6) sending to Machine 1 logical clock value of 146 at 24.27s
2016-03-13 23:29:54,218 : Machine 3 (clock rate = 6) sending to Machine 1 logical clock value of 147 at 24.43s
2016-03-13 23:29:54,385 : Machine 3 (clock rate = 6) has internal event at 24.60s with logical clock value of 148
2016-03-13 23:29:54,553 : Machine 3 (clock rate = 6) sending to Machine 1 logical clock value of 149 at 24.77s
2016-03-13 23:29:54,721 : Machine 3 (clock rate = 6) has internal event at 24.94s with logical clock value of 150
2016-03-13 23:29:54,889 : Machine 3 (clock rate = 6) received message with lc value of 51 with queue size of 1 at 25.11s with logical clock of 151
2016-03-13 23:29:54,889 : Machine 3 (clock rate = 6) sending to Machine 1 logical clock value of 151 at 25.11s
2016-03-13 23:29:55,056 : Machine 3 (clock rate = 6) sending to Machine 1 logical clock value of 152 at 25.27s
2016-03-13 23:29:55,224 : Machine 3 (clock rate = 6) has internal event at 25.44s with logical clock value of 153
2016-03-13 23:29:55,391 : Machine 3 (clock rate = 6) sending to Machine 1 logical clock value of 154 at 25.61s
2016-03-13 23:29:55,559 : Machine 3 (clock rate = 6) has internal event at 25.78s with logical clock value of 155
2016-03-13 23:29:55,725 : Machine 3 (clock rate = 6) has internal event at 25.94s with logical clock value of 156
2016-03-13 23:29:55,892 : Machine 3 (clock rate = 6) received message with lc value of 52 with queue size of 1 at 26.11s with logical clock of 157
2016-03-13 23:29:55,893 : Machine 3 (clock rate = 6) sending to Machine 1 logical clock value of 157 at 26.11s
2016-03-13 23:29:56,059 : Machine 3 (clock rate = 6) sending to Machine 1 logical clock value of 158 at 26.28s
2016-03-13 23:29:56,227 : Machine 3 (clock rate = 6) has internal event at 26.44s with logical clock value of 159
2016-03-13 23:29:56,394 : Machine 3 (clock rate = 6) has internal event at 26.61s with logical clock value of 160
2016-03-13 23:29:56,561 : Machine 3 (clock rate = 6) sending to Machine 1 logical clock value of 161 at 26.78s
2016-03-13 23:29:56,729 : Machine 3 (clock rate = 6) has internal event at 26.95s with logical clock value of 162
2016-03-13 23:29:56,896 : Machine 3 (clock rate = 6) received message with lc value of 53 with queue size of 2 at 27.11s with logical clock of 163
2016-03-13 23:29:56,897 : Machine 3 (clock rate = 6) has internal event at 27.11s with logical clock value of 163
2016-03-13 23:29:57,063 : Machine 3 (clock rate = 6) received message with lc value of 161 with queue size of 1 at 27.28s with logical clock of 164
2016-03-13 23:29:57,064 : Machine 3 (clock rate = 6) sending to Machine 1 logical clock value of 164 at 27.28s
2016-03-13 23:29:57,230 : Machine 3 (clock rate = 6) received message with lc value of 162 with queue size of 1 at 27.45s with logical clock of 165
2016-03-13 23:29:57,230 : Machine 3 (clock rate = 6) sending to Machine 1 logical clock value of 165 at 27.45s
2016-03-13 23:29:57,398 : Machine 3 (clock rate = 6) has internal event at 27.61s with logical clock value of 166
2016-03-13 23:29:57,566 : Machine 3 (clock rate = 6) sending to Machine 1 logical clock value of 167 at 27.78s
2016-03-13 23:29:57,733 : Machine 3 (clock rate = 6) sending to Machine 1 logical clock value of 168 at 27.95s
2016-03-13 23:29:57,901 : Machine 3 (clock rate = 6) sending to Machine 1 logical clock value of 169 at 28.12s
2016-03-13 23:29:58,068 : Machine 3 (clock rate = 6) has internal event at 28.28s with logical clock value of 170
2016-03-13 23:29:58,236 : Machine 3 (clock rate = 6) sending to Machine 1 logical clock value of 171 at 28.45s
2016-03-13 23:29:58,403 : Machine 3 (clock rate = 6) sending to Machine 1 logical clock value of 172 at 28.62s
2016-03-13 23:29:58,571 : Machine 3 (clock rate = 6) has internal event at 28.79s with logical clock value of 173
2016-03-13 23:29:58,739 : Machine 3 (clock rate = 6) sending to Machine 1 logical clock value of 174 at 28.96s
2016-03-13 23:29:58,907 : Machine 3 (clock rate = 6) has internal event at 29.12s with logical clock value of 175
2016-03-13 23:29:59,074 : Machine 3 (clock rate = 6) sending to Machine 1 logical clock value of 176 at 29.29s
2016-03-13 23:29:59,242 : Machine 3 (clock rate = 6) received message with lc value of 175 with queue size of 1 at 29.46s with logical clock of 177
2016-03-13 23:29:59,243 : Machine 3 (clock rate = 6) has internal event at 29.46s with logical clock value of 177
2016-03-13 23:29:59,409 : Machine 3 (clock rate = 6) sending to Machine 1 logical clock value of 178 at 29.63s
2016-03-13 23:29:59,577 : Machine 3 (clock rate = 6) received message with lc value of 178 with queue size of 1 at 29.79s with logical clock of 179
2016-03-13 23:29:59,578 : Machine 3 (clock rate = 6) sending to Machine 1 logical clock value of 179 at 29.79s
2016-03-13 23:29:59,744 : Machine 3 (clock rate = 6) sending to Machine 1 logical clock value of 180 at 29.96s
2016-03-13 23:29:59,912 : Machine 3 (clock rate = 6) received message with lc value of 56 with queue size of 1 at 30.13s with logical clock of 181
2016-03-13 23:29:59,912 : Machine 3 (clock rate = 6) sending to Machine 1 logical clock value of 181 at 30.13s
2016-03-13 23:30:00,080 : Machine 3 (clock rate = 6) sending to Machine 1 logical clock value of 182 at 30.30s
2016-03-13 23:30:00,247 : Machine 3 (clock rate = 6) has internal event at 30.46s with logical clock value of 183
2016-03-13 23:30:00,415 : Machine 3 (clock rate = 6) has internal event at 30.63s with logical clock value of 184
2016-03-13 23:30:00,583 : Machine 3 (clock rate = 6) sending to Machine 1 logical clock value of 185 at 30.80s
2016-03-13 23:30:00,749 : Machine 3 (clock rate = 6) has internal event at 30.97s with logical clock value of 186
2016-03-13 23:30:00,917 : Machine 3 (clock rate = 6) sending to Machine 1 logical clock value of 187 at 31.13s
2016-03-13 23:30:01,085 : Machine 3 (clock rate = 6) sending to Machine 1 logical clock value of 188 at 31.30s
2016-03-13 23:30:01,253 : Machine 3 (clock rate = 6) has internal event at 31.47s with logical clock value of 189
2016-03-13 23:30:01,421 : Machine 3 (clock rate = 6) has internal event at 31.64s with logical clock value of 190
2016-03-13 23:30:01,588 : Machine 3 (clock rate = 6) sending to Machine 1 logical clock value of 191 at 31.80s
2016-03-13 23:30:01,755 : Machine 3 (clock rate = 6) has internal event at 31.97s with logical clock value of 192
2016-03-13 23:30:01,923 : Machine 3 (clock rate = 6) received message with lc value of 185 with queue size of 1 at 32.14s with logical clock of 193
2016-03-13 23:30:01,923 : Machine 3 (clock rate = 6) sending to Machine 1 logical clock value of 193 at 32.14s
2016-03-13 23:30:02,090 : Machine 3 (clock rate = 6) sending to Machine 1 logical clock value of 194 at 32.31s
2016-03-13 23:30:02,257 : Machine 3 (clock rate = 6) received message with lc value of 194 with queue size of 1 at 32.47s with logical clock of 195
2016-03-13 23:30:02,258 : Machine 3 (clock rate = 6) has internal event at 32.47s with logical clock value of 195
2016-03-13 23:30:02,424 : Machine 3 (clock rate = 6) has internal event at 32.64s with logical clock value of 196
2016-03-13 23:30:02,591 : Machine 3 (clock rate = 6) received message with lc value of 195 with queue size of 1 at 32.81s with logical clock of 197
2016-03-13 23:30:02,592 : Machine 3 (clock rate = 6) has internal event at 32.81s with logical clock value of 197
2016-03-13 23:30:02,758 : Machine 3 (clock rate = 6) sending to Machine 1 logical clock value of 198 at 32.97s
2016-03-13 23:30:02,925 : Machine 3 (clock rate = 6) received message with lc value of 61 with queue size of 1 at 33.14s with logical clock of 199
2016-03-13 23:30:02,926 : Machine 3 (clock rate = 6) sending to Machine 1 logical clock value of 199 at 33.14s
2016-03-13 23:30:03,093 : Machine 3 (clock rate = 6) sending to Machine 1 logical clock value of 200 at 33.31s
2016-03-13 23:30:03,261 : Machine 3 (clock rate = 6) received message with lc value of 200 with queue size of 1 at 33.48s with logical clock of 201
2016-03-13 23:30:03,261 : Machine 3 (clock rate = 6) sending to Machine 1 logical clock value of 201 at 33.48s
2016-03-13 23:30:03,428 : Machine 3 (clock rate = 6) has internal event at 33.64s with logical clock value of 202
2016-03-13 23:30:03,595 : Machine 3 (clock rate = 6) has internal event at 33.81s with logical clock value of 203
2016-03-13 23:30:03,763 : Machine 3 (clock rate = 6) sending to Machine 1 logical clock value of 204 at 33.98s
2016-03-13 23:30:03,931 : Machine 3 (clock rate = 6) received message with lc value of 62 with queue size of 1 at 34.15s with logical clock of 205
2016-03-13 23:30:03,932 : Machine 3 (clock rate = 6) sending to Machine 1 logical clock value of 205 at 34.15s
2016-03-13 23:30:04,099 : Machine 3 (clock rate = 6) sending to Machine 1 logical clock value of 206 at 34.32s
2016-03-13 23:30:04,267 : Machine 3 (clock rate = 6) has internal event at 34.48s with logical clock value of 207
2016-03-13 23:30:04,434 : Machine 3 (clock rate = 6) sending to Machine 1 logical clock value of 208 at 34.65s
2016-03-13 23:30:04,601 : Machine 3 (clock rate = 6) has internal event at 34.82s with logical clock value of 209
2016-03-13 23:30:04,768 : Machine 3 (clock rate = 6) sending to Machine 1 logical clock value of 210 at 34.98s
2016-03-13 23:30:04,936 : Machine 3 (clock rate = 6) sending to Machine 1 logical clock value of 211 at 35.15s
2016-03-13 23:30:05,103 : Machine 3 (clock rate = 6) has internal event at 35.32s with logical clock value of 212
2016-03-13 23:30:05,271 : Machine 3 (clock rate = 6) received message with lc value of 211 with queue size of 1 at 35.49s with logical clock of 213
2016-03-13 23:30:05,271 : Machine 3 (clock rate = 6) sending to Machine 1 logical clock value of 213 at 35.49s
2016-03-13 23:30:05,438 : Machine 3 (clock rate = 6) sending to Machine 1 logical clock value of 214 at 35.65s
2016-03-13 23:30:05,606 : Machine 3 (clock rate = 6) sending to Machine 1 logical clock value of 215 at 35.82s
2016-03-13 23:30:05,774 : Machine 3 (clock rate = 6) sending to Machine 1 logical clock value of 216 at 35.99s
2016-03-13 23:30:05,941 : Machine 3 (clock rate = 6) sending to Machine 1 logical clock value of 217 at 36.16s
2016-03-13 23:30:06,109 : Machine 3 (clock rate = 6) sending to Machine 1 logical clock value of 218 at 36.33s
2016-03-13 23:30:06,276 : Machine 3 (clock rate = 6) has internal event at 36.49s with logical clock value of 219
2016-03-13 23:30:06,444 : Machine 3 (clock rate = 6) sending to Machine 1 logical clock value of 220 at 36.66s
2016-03-13 23:30:06,611 : Machine 3 (clock rate = 6) received message with lc value of 217 with queue size of 1 at 36.83s with logical clock of 221
2016-03-13 23:30:06,612 : Machine 3 (clock rate = 6) sending to Machine 1 logical clock value of 221 at 36.83s
2016-03-13 23:30:06,778 : Machine 3 (clock rate = 6) has internal event at 36.99s with logical clock value of 222
2016-03-13 23:30:06,945 : Machine 3 (clock rate = 6) received message with lc value of 66 with queue size of 1 at 37.16s with logical clock of 223
2016-03-13 23:30:06,945 : Machine 3 (clock rate = 6) sending to Machine 1 logical clock value of 223 at 37.16s
2016-03-13 23:30:07,112 : Machine 3 (clock rate = 6) sending to Machine 1 logical clock value of 224 at 37.33s
2016-03-13 23:30:07,279 : Machine 3 (clock rate = 6) sending to Machine 1 logical clock value of 225 at 37.50s
2016-03-13 23:30:07,446 : Machine 3 (clock rate = 6) sending to Machine 1 logical clock value of 226 at 37.66s
2016-03-13 23:30:07,614 : Machine 3 (clock rate = 6) sending to Machine 1 logical clock value of 227 at 37.83s
2016-03-13 23:30:07,781 : Machine 3 (clock rate = 6) sending to Machine 1 logical clock value of 228 at 38.00s
2016-03-13 23:30:07,949 : Machine 3 (clock rate = 6) sending to Machine 1 logical clock value of 229 at 38.17s
2016-03-13 23:30:08,117 : Machine 3 (clock rate = 6) sending to Machine 1 logical clock value of 230 at 38.33s
2016-03-13 23:30:08,284 : Machine 3 (clock rate = 6) sending to Machine 1 logical clock value of 231 at 38.50s
2016-03-13 23:30:08,452 : Machine 3 (clock rate = 6) sending to Machine 1 logical clock value of 232 at 38.67s
2016-03-13 23:30:08,618 : Machine 3 (clock rate = 6) received message with lc value of 229 with queue size of 1 at 38.83s with logical clock of 233
2016-03-13 23:30:08,619 : Machine 3 (clock rate = 6) sending to Machine 1 logical clock value of 233 at 38.84s
2016-03-13 23:30:08,786 : Machine 3 (clock rate = 6) has internal event at 39.00s with logical clock value of 234
2016-03-13 23:30:08,953 : Machine 3 (clock rate = 6) received message with lc value of 230 with queue size of 1 at 39.17s with logical clock of 235
2016-03-13 23:30:08,954 : Machine 3 (clock rate = 6) sending to Machine 1 logical clock value of 235 at 39.17s
2016-03-13 23:30:09,121 : Machine 3 (clock rate = 6) has internal event at 39.34s with logical clock value of 236
2016-03-13 23:30:09,288 : Machine 3 (clock rate = 6) sending to Machine 1 logical clock value of 237 at 39.50s
2016-03-13 23:30:09,456 : Machine 3 (clock rate = 6) has internal event at 39.67s with logical clock value of 238
2016-03-13 23:30:09,623 : Machine 3 (clock rate = 6) has internal event at 39.84s with logical clock value of 239
2016-03-13 23:30:09,791 : Machine 3 (clock rate = 6) has internal event at 40.01s with logical clock value of 240
2016-03-13 23:30:09,959 : Machine 3 (clock rate = 6) sending to Machine 1 logical clock value of 241 at 40.18s
2016-03-13 23:30:10,127 : Machine 3 (clock rate = 6) has internal event at 40.34s with logical clock value of 242
2016-03-13 23:30:10,294 : Machine 3 (clock rate = 6) sending to Machine 1 logical clock value of 243 at 40.51s
2016-03-13 23:30:10,462 : Machine 3 (clock rate = 6) sending to Machine 1 logical clock value of 244 at 40.68s
2016-03-13 23:30:10,629 : Machine 3 (clock rate = 6) received message with lc value of 244 with queue size of 1 at 40.85s with logical clock of 245
2016-03-13 23:30:10,630 : Machine 3 (clock rate = 6) sending to Machine 1 logical clock value of 245 at 40.85s
2016-03-13 23:30:10,797 : Machine 3 (clock rate = 6) sending to Machine 1 logical clock value of 246 at 41.01s
2016-03-13 23:30:10,964 : Machine 3 (clock rate = 6) received message with lc value of 74 with queue size of 2 at 41.18s with logical clock of 247
2016-03-13 23:30:10,964 : Machine 3 (clock rate = 6) sending to Machine 1 logical clock value of 247 at 41.18s
2016-03-13 23:30:11,131 : Machine 3 (clock rate = 6) received message with lc value of 246 with queue size of 1 at 41.35s with logical clock of 248
2016-03-13 23:30:11,132 : Machine 3 (clock rate = 6) sending to Machine 1 logical clock value of 248 at 41.35s
2016-03-13 23:30:11,299 : Machine 3 (clock rate = 6) has internal event at 41.52s with logical clock value of 249
2016-03-13 23:30:11,466 : Machine 3 (clock rate = 6) sending to Machine 1 logical clock value of 250 at 41.68s
2016-03-13 23:30:11,634 : Machine 3 (clock rate = 6) has internal event at 41.85s with logical clock value of 251
2016-03-13 23:30:11,802 : Machine 3 (clock rate = 6) sending to Machine 1 logical clock value of 252 at 42.02s
2016-03-13 23:30:11,969 : Machine 3 (clock rate = 6) sending to Machine 1 logical clock value of 253 at 42.19s
2016-03-13 23:30:12,136 : Machine 3 (clock rate = 6) sending to Machine 1 logical clock value of 254 at 42.35s
2016-03-13 23:30:12,303 : Machine 3 (clock rate = 6) has internal event at 42.52s with logical clock value of 255
2016-03-13 23:30:12,470 : Machine 3 (clock rate = 6) has internal event at 42.69s with logical clock value of 256
2016-03-13 23:30:12,638 : Machine 3 (clock rate = 6) has internal event at 42.85s with logical clock value of 257
2016-03-13 23:30:12,805 : Machine 3 (clock rate = 6) sending to Machine 1 logical clock value of 258 at 43.02s
2016-03-13 23:30:12,973 : Machine 3 (clock rate = 6) received message with lc value of 255 with queue size of 1 at 43.19s with logical clock of 259
2016-03-13 23:30:12,974 : Machine 3 (clock rate = 6) has internal event at 43.19s with logical clock value of 259
2016-03-13 23:30:13,140 : Machine 3 (clock rate = 6) sending to Machine 1 logical clock value of 260 at 43.36s
2016-03-13 23:30:13,308 : Machine 3 (clock rate = 6) sending to Machine 1 logical clock value of 261 at 43.52s
2016-03-13 23:30:13,475 : Machine 3 (clock rate = 6) has internal event at 43.69s with logical clock value of 262
2016-03-13 23:30:13,643 : Machine 3 (clock rate = 6) received message with lc value of 257 with queue size of 1 at 43.86s with logical clock of 263
2016-03-13 23:30:13,643 : Machine 3 (clock rate = 6) sending to Machine 1 logical clock value of 263 at 43.86s
2016-03-13 23:30:13,810 : Machine 3 (clock rate = 6) has internal event at 44.03s with logical clock value of 264
2016-03-13 23:30:13,977 : Machine 3 (clock rate = 6) sending to Machine 1 logical clock value of 265 at 44.19s
2016-03-13 23:30:14,145 : Machine 3 (clock rate = 6) sending to Machine 1 logical clock value of 266 at 44.36s
2016-03-13 23:30:14,312 : Machine 3 (clock rate = 6) sending to Machine 1 logical clock value of 267 at 44.53s
2016-03-13 23:30:14,480 : Machine 3 (clock rate = 6) has internal event at 44.70s with logical clock value of 268
2016-03-13 23:30:14,648 : Machine 3 (clock rate = 6) has internal event at 44.86s with logical clock value of 269
2016-03-13 23:30:14,816 : Machine 3 (clock rate = 6) sending to Machine 1 logical clock value of 270 at 45.03s
2016-03-13 23:30:14,983 : Machine 3 (clock rate = 6) received message with lc value of 270 with queue size of 1 at 45.20s with logical clock of 271
2016-03-13 23:30:14,984 : Machine 3 (clock rate = 6) sending to Machine 1 logical clock value of 271 at 45.20s
2016-03-13 23:30:15,150 : Machine 3 (clock rate = 6) has internal event at 45.37s with logical clock value of 272
2016-03-13 23:30:15,318 : Machine 3 (clock rate = 6) received message with lc value of 271 with queue size of 1 at 45.53s with logical clock of 273
2016-03-13 23:30:15,319 : Machine 3 (clock rate = 6) sending to Machine 1 logical clock value of 273 at 45.54s
2016-03-13 23:30:15,485 : Machine 3 (clock rate = 6) sending to Machine 1 logical clock value of 274 at 45.70s
2016-03-13 23:30:15,652 : Machine 3 (clock rate = 6) received message with lc value of 274 with queue size of 1 at 45.87s with logical clock of 275
2016-03-13 23:30:15,653 : Machine 3 (clock rate = 6) has internal event at 45.87s with logical clock value of 275
2016-03-13 23:30:15,820 : Machine 3 (clock rate = 6) sending to Machine 1 logical clock value of 276 at 46.04s
2016-03-13 23:30:15,987 : Machine 3 (clock rate = 6) has internal event at 46.20s with logical clock value of 277
2016-03-13 23:30:16,154 : Machine 3 (clock rate = 6) has internal event at 46.37s with logical clock value of 278
2016-03-13 23:30:16,321 : Machine 3 (clock rate = 6) received message with lc value of 276 with queue size of 1 at 46.54s with logical clock of 279
2016-03-13 23:30:16,321 : Machine 3 (clock rate = 6) sending to Machine 1 logical clock value of 279 at 46.54s
2016-03-13 23:30:16,488 : Machine 3 (clock rate = 6) sending to Machine 1 logical clock value of 280 at 46.70s
2016-03-13 23:30:16,656 : Machine 3 (clock rate = 6) sending to Machine 1 logical clock value of 281 at 46.87s
2016-03-13 23:30:16,823 : Machine 3 (clock rate = 6) sending to Machine 1 logical clock value of 282 at 47.04s
2016-03-13 23:30:16,991 : Machine 3 (clock rate = 6) sending to Machine 1 logical clock value of 283 at 47.21s
2016-03-13 23:30:17,159 : Machine 3 (clock rate = 6) sending to Machine 1 logical clock value of 284 at 47.38s
2016-03-13 23:30:17,326 : Machine 3 (clock rate = 6) has internal event at 47.54s with logical clock value of 285
2016-03-13 23:30:17,493 : Machine 3 (clock rate = 6) sending to Machine 1 logical clock value of 286 at 47.71s
2016-03-13 23:30:17,661 : Machine 3 (clock rate = 6) sending to Machine 1 logical clock value of 287 at 47.88s
2016-03-13 23:30:17,828 : Machine 3 (clock rate = 6) received message with lc value of 89 with queue size of 1 at 48.04s with logical clock of 288
2016-03-13 23:30:17,829 : Machine 3 (clock rate = 6) sending to Machine 1 logical clock value of 288 at 48.05s
2016-03-13 23:30:17,996 : Machine 3 (clock rate = 6) received message with lc value of 284 with queue size of 1 at 48.21s with logical clock of 289
2016-03-13 23:30:17,997 : Machine 3 (clock rate = 6) sending to Machine 1 logical clock value of 289 at 48.21s
2016-03-13 23:30:18,163 : Machine 3 (clock rate = 6) sending to Machine 1 logical clock value of 290 at 48.38s
2016-03-13 23:30:18,330 : Machine 3 (clock rate = 6) received message with lc value of 287 with queue size of 1 at 48.55s with logical clock of 291
2016-03-13 23:30:18,331 : Machine 3 (clock rate = 6) sending to Machine 1 logical clock value of 291 at 48.55s
2016-03-13 23:30:18,497 : Machine 3 (clock rate = 6) has internal event at 48.71s with logical clock value of 292
2016-03-13 23:30:18,664 : Machine 3 (clock rate = 6) received message with lc value of 289 with queue size of 1 at 48.88s with logical clock of 293
2016-03-13 23:30:18,665 : Machine 3 (clock rate = 6) has internal event at 48.88s with logical clock value of 293
2016-03-13 23:30:18,832 : Machine 3 (clock rate = 6) sending to Machine 1 logical clock value of 294 at 49.05s
2016-03-13 23:30:18,999 : Machine 3 (clock rate = 6) received message with lc value of 290 with queue size of 1 at 49.22s with logical clock of 295
2016-03-13 23:30:19,000 : Machine 3 (clock rate = 6) sending to Machine 1 logical clock value of 295 at 49.22s
2016-03-13 23:30:19,167 : Machine 3 (clock rate = 6) sending to Machine 1 logical clock value of 296 at 49.38s
2016-03-13 23:30:19,334 : Machine 3 (clock rate = 6) sending to Machine 1 logical clock value of 297 at 49.55s
2016-03-13 23:30:19,501 : Machine 3 (clock rate = 6) sending to Machine 1 logical clock value of 298 at 49.72s
2016-03-13 23:30:19,669 : Machine 3 (clock rate = 6) sending to Machine 1 logical clock value of 299 at 49.89s
2016-03-13 23:30:19,837 : Machine 3 (clock rate = 6) sending to Machine 1 logical clock value of 300 at 50.05s
2016-03-13 23:30:20,005 : Machine 3 (clock rate = 6) sending to Machine 1 logical clock value of 301 at 50.22s
2016-03-13 23:30:20,172 : Machine 3 (clock rate = 6) has internal event at 50.39s with logical clock value of 302
2016-03-13 23:30:20,340 : Machine 3 (clock rate = 6) received message with lc value of 299 with queue size of 1 at 50.56s with logical clock of 303
2016-03-13 23:30:20,341 : Machine 3 (clock rate = 6) sending to Machine 1 logical clock value of 303 at 50.56s
2016-03-13 23:30:20,508 : Machine 3 (clock rate = 6) has internal event at 50.72s with logical clock value of 304
2016-03-13 23:30:20,675 : Machine 3 (clock rate = 6) has internal event at 50.89s with logical clock value of 305
2016-03-13 23:30:20,842 : Machine 3 (clock rate = 6) sending to Machine 1 logical clock value of 306 at 51.06s
2016-03-13 23:30:21,010 : Machine 3 (clock rate = 6) has internal event at 51.23s with logical clock value of 307
2016-03-13 23:30:21,177 : Machine 3 (clock rate = 6) sending to Machine 1 logical clock value of 308 at 51.39s
2016-03-13 23:30:21,345 : Machine 3 (clock rate = 6) sending to Machine 1 logical clock value of 309 at 51.56s
2016-03-13 23:30:21,513 : Machine 3 (clock rate = 6) has internal event at 51.73s with logical clock value of 310
2016-03-13 23:30:21,680 : Machine 3 (clock rate = 6) received message with lc value of 304 with queue size of 1 at 51.90s with logical clock of 311
2016-03-13 23:30:21,681 : Machine 3 (clock rate = 6) sending to Machine 1 logical clock value of 311 at 51.90s
2016-03-13 23:30:21,847 : Machine 3 (clock rate = 6) has internal event at 52.06s with logical clock value of 312
2016-03-13 23:30:22,015 : Machine 3 (clock rate = 6) received message with lc value of 306 with queue size of 1 at 52.23s with logical clock of 313
2016-03-13 23:30:22,016 : Machine 3 (clock rate = 6) has internal event at 52.23s with logical clock value of 313
2016-03-13 23:30:22,183 : Machine 3 (clock rate = 6) sending to Machine 1 logical clock value of 314 at 52.40s
2016-03-13 23:30:22,351 : Machine 3 (clock rate = 6) received message with lc value of 308 with queue size of 1 at 52.57s with logical clock of 315
2016-03-13 23:30:22,351 : Machine 3 (clock rate = 6) sending to Machine 1 logical clock value of 315 at 52.57s
2016-03-13 23:30:22,517 : Machine 3 (clock rate = 6) sending to Machine 1 logical clock value of 316 at 52.73s
2016-03-13 23:30:22,684 : Machine 3 (clock rate = 6) received message with lc value of 311 with queue size of 1 at 52.90s with logical clock of 317
2016-03-13 23:30:22,685 : Machine 3 (clock rate = 6) sending to Machine 1 logical clock value of 317 at 52.90s
2016-03-13 23:30:22,852 : Machine 3 (clock rate = 6) sending to Machine 1 logical clock value of 318 at 53.07s
2016-03-13 23:30:23,020 : Machine 3 (clock rate = 6) sending to Machine 1 logical clock value of 319 at 53.24s
2016-03-13 23:30:23,187 : Machine 3 (clock rate = 6) sending to Machine 1 logical clock value of 320 at 53.40s
2016-03-13 23:30:23,354 : Machine 3 (clock rate = 6) sending to Machine 1 logical clock value of 321 at 53.57s
2016-03-13 23:30:23,522 : Machine 3 (clock rate = 6) has internal event at 53.74s with logical clock value of 322
2016-03-13 23:30:23,689 : Machine 3 (clock rate = 6) sending to Machine 1 logical clock value of 323 at 53.91s
2016-03-13 23:30:23,856 : Machine 3 (clock rate = 6) sending to Machine 1 logical clock value of 324 at 54.07s
2016-03-13 23:30:24,023 : Machine 3 (clock rate = 6) sending to Machine 1 logical clock value of 325 at 54.24s
2016-03-13 23:30:24,191 : Machine 3 (clock rate = 6) sending to Machine 1 logical clock value of 326 at 54.41s
2016-03-13 23:30:24,359 : Machine 3 (clock rate = 6) sending to Machine 1 logical clock value of 327 at 54.58s
2016-03-13 23:30:24,526 : Machine 3 (clock rate = 6) sending to Machine 1 logical clock value of 328 at 54.74s
2016-03-13 23:30:24,693 : Machine 3 (clock rate = 6) has internal event at 54.91s with logical clock value of 329
2016-03-13 23:30:24,861 : Machine 3 (clock rate = 6) sending to Machine 1 logical clock value of 330 at 55.08s
2016-03-13 23:30:25,029 : Machine 3 (clock rate = 6) received message with lc value of 319 with queue size of 1 at 55.25s with logical clock of 331
2016-03-13 23:30:25,029 : Machine 3 (clock rate = 6) has internal event at 55.25s with logical clock value of 331
2016-03-13 23:30:25,196 : Machine 3 (clock rate = 6) sending to Machine 1 logical clock value of 332 at 55.41s
2016-03-13 23:30:25,364 : Machine 3 (clock rate = 6) received message with lc value of 323 with queue size of 1 at 55.58s with logical clock of 333
2016-03-13 23:30:25,364 : Machine 3 (clock rate = 6) sending to Machine 1 logical clock value of 333 at 55.58s
2016-03-13 23:30:25,531 : Machine 3 (clock rate = 6) has internal event at 55.75s with logical clock value of 334
2016-03-13 23:30:25,699 : Machine 3 (clock rate = 6) sending to Machine 1 logical clock value of 335 at 55.92s
2016-03-13 23:30:25,866 : Machine 3 (clock rate = 6) has internal event at 56.08s with logical clock value of 336
2016-03-13 23:30:26,033 : Machine 3 (clock rate = 6) received message with lc value of 325 with queue size of 1 at 56.25s with logical clock of 337
2016-03-13 23:30:26,033 : Machine 3 (clock rate = 6) has internal event at 56.25s with logical clock value of 337
2016-03-13 23:30:26,200 : Machine 3 (clock rate = 6) sending to Machine 1 logical clock value of 338 at 56.42s
2016-03-13 23:30:26,368 : Machine 3 (clock rate = 6) sending to Machine 1 logical clock value of 339 at 56.58s
2016-03-13 23:30:26,536 : Machine 3 (clock rate = 6) has internal event at 56.75s with logical clock value of 340
2016-03-13 23:30:26,703 : Machine 3 (clock rate = 6) sending to Machine 1 logical clock value of 341 at 56.92s
2016-03-13 23:30:26,871 : Machine 3 (clock rate = 6) received message with lc value of 104 with queue size of 1 at 57.09s with logical clock of 342
2016-03-13 23:30:26,871 : Machine 3 (clock rate = 6) has internal event at 57.09s with logical clock value of 342
2016-03-13 23:30:27,038 : Machine 3 (clock rate = 6) has internal event at 57.25s with logical clock value of 343
2016-03-13 23:30:27,206 : Machine 3 (clock rate = 6) sending to Machine 1 logical clock value of 344 at 57.42s
2016-03-13 23:30:27,374 : Machine 3 (clock rate = 6) received message with lc value of 333 with queue size of 1 at 57.59s with logical clock of 345
2016-03-13 23:30:27,374 : Machine 3 (clock rate = 6) has internal event at 57.59s with logical clock value of 345
2016-03-13 23:30:27,541 : Machine 3 (clock rate = 6) sending to Machine 1 logical clock value of 346 at 57.76s
2016-03-13 23:30:27,709 : Machine 3 (clock rate = 6) received message with lc value of 335 with queue size of 1 at 57.93s with logical clock of 347
2016-03-13 23:30:27,709 : Machine 3 (clock rate = 6) sending to Machine 1 logical clock value of 347 at 57.93s
2016-03-13 23:30:27,876 : Machine 3 (clock rate = 6) has internal event at 58.09s with logical clock value of 348
2016-03-13 23:30:28,043 : Machine 3 (clock rate = 6) received message with lc value of 338 with queue size of 1 at 58.26s with logical clock of 349
2016-03-13 23:30:28,043 : Machine 3 (clock rate = 6) sending to Machine 1 logical clock value of 349 at 58.26s
2016-03-13 23:30:28,210 : Machine 3 (clock rate = 6) sending to Machine 1 logical clock value of 350 at 58.43s
2016-03-13 23:30:28,378 : Machine 3 (clock rate = 6) received message with lc value of 339 with queue size of 1 at 58.59s with logical clock of 351
2016-03-13 23:30:28,378 : Machine 3 (clock rate = 6) has internal event at 58.59s with logical clock value of 351
2016-03-13 23:30:28,545 : Machine 3 (clock rate = 6) sending to Machine 1 logical clock value of 352 at 58.76s
2016-03-13 23:30:28,711 : Machine 3 (clock rate = 6) received message with lc value of 341 with queue size of 1 at 58.93s with logical clock of 353
2016-03-13 23:30:28,712 : Machine 3 (clock rate = 6) sending to Machine 1 logical clock value of 353 at 58.93s
2016-03-13 23:30:28,879 : Machine 3 (clock rate = 6) has internal event at 59.10s with logical clock value of 354
2016-03-13 23:30:29,047 : Machine 3 (clock rate = 6) sending to Machine 1 logical clock value of 355 at 59.26s
2016-03-13 23:30:29,214 : Machine 3 (clock rate = 6) sending to Machine 1 logical clock value of 356 at 59.43s
2016-03-13 23:30:29,381 : Machine 3 (clock rate = 6) has internal event at 59.60s with logical clock value of 357
2016-03-13 23:30:29,549 : Machine 3 (clock rate = 6) sending to Machine 1 logical clock value of 358 at 59.77s
2016-03-13 23:30:29,716 : Machine 3 (clock rate = 6) sending to Machine 1 logical clock value of 359 at 59.93s
2016-03-13 23:30:29,884 : Machine 3 (clock rate = 6) sending to Machine 1 logical clock value of 360 at 60.10s
