2016-03-13 23:46:01,366 : Process: 3, PID: 25533
2016-03-13 23:46:01,385 : Machine 3 (clock rate = 6) received message with lc value of 1 with queue size of 0 at 0.020s with logical clock of 1
2016-03-13 23:46:01,386 : Machine 3 (clock rate = 6) has internal event at 0.020s with logical clock value of 1
2016-03-13 23:46:01,535 : Machine 3 (clock rate = 6) has internal event at 0.169s with logical clock value of 2
2016-03-13 23:46:01,702 : Machine 3 (clock rate = 6) has internal event at 0.337s with logical clock value of 3
2016-03-13 23:46:01,869 : Machine 3 (clock rate = 6) sending to Machine 1 logical clock value of 4 at 0.504s
2016-03-13 23:46:02,037 : Machine 3 (clock rate = 6) sending to Machine 1 logical clock value of 5 at 0.672s
2016-03-13 23:46:02,205 : Machine 3 (clock rate = 6) has internal event at 0.839s with logical clock value of 6
2016-03-13 23:46:02,372 : Machine 3 (clock rate = 6) has internal event at 1.006s with logical clock value of 7
2016-03-13 23:46:02,539 : Machine 3 (clock rate = 6) has internal event at 1.174s with logical clock value of 8
2016-03-13 23:46:02,707 : Machine 3 (clock rate = 6) has internal event at 1.341s with logical clock value of 9
2016-03-13 23:46:02,875 : Machine 3 (clock rate = 6) has internal event at 1.509s with logical clock value of 10
2016-03-13 23:46:03,041 : Machine 3 (clock rate = 6) has internal event at 1.676s with logical clock value of 11
2016-03-13 23:46:03,209 : Machine 3 (clock rate = 6) has internal event at 1.843s with logical clock value of 12
2016-03-13 23:46:03,376 : Machine 3 (clock rate = 6) sending to Machine 1 logical clock value of 13 at 2.011s
2016-03-13 23:46:03,544 : Machine 3 (clock rate = 6) has internal event at 2.179s with logical clock value of 14
2016-03-13 23:46:03,712 : Machine 3 (clock rate = 6) has internal event at 2.346s with logical clock value of 15
2016-03-13 23:46:03,878 : Machine 3 (clock rate = 6) has internal event at 2.513s with logical clock value of 16
2016-03-13 23:46:04,046 : Machine 3 (clock rate = 6) has internal event at 2.680s with logical clock value of 17
2016-03-13 23:46:04,213 : Machine 3 (clock rate = 6) has internal event at 2.848s with logical clock value of 18
2016-03-13 23:46:04,381 : Machine 3 (clock rate = 6) has internal event at 3.015s with logical clock value of 19
2016-03-13 23:46:04,548 : Machine 3 (clock rate = 6) sending to Machine 1 logical clock value of 20 at 3.182s
2016-03-13 23:46:04,716 : Machine 3 (clock rate = 6) has internal event at 3.350s with logical clock value of 21
2016-03-13 23:46:04,884 : Machine 3 (clock rate = 6) has internal event at 3.518s with logical clock value of 22
2016-03-13 23:46:05,050 : Machine 3 (clock rate = 6) has internal event at 3.685s with logical clock value of 23
2016-03-13 23:46:05,218 : Machine 3 (clock rate = 6) has internal event at 3.852s with logical clock value of 24
2016-03-13 23:46:05,385 : Machine 3 (clock rate = 6) has internal event at 4.020s with logical clock value of 25
2016-03-13 23:46:05,552 : Machine 3 (clock rate = 6) has internal event at 4.186s with logical clock value of 26
2016-03-13 23:46:05,719 : Machine 3 (clock rate = 6) sending to Machine 1 logical clock value of 27 at 4.354s
2016-03-13 23:46:05,887 : Machine 3 (clock rate = 6) has internal event at 4.521s with logical clock value of 28
2016-03-13 23:46:06,054 : Machine 3 (clock rate = 6) has internal event at 4.689s with logical clock value of 29
2016-03-13 23:46:06,221 : Machine 3 (clock rate = 6) has internal event at 4.856s with logical clock value of 30
2016-03-13 23:46:06,389 : Machine 3 (clock rate = 6) has internal event at 5.023s with logical clock value of 31
2016-03-13 23:46:06,556 : Machine 3 (clock rate = 6) has internal event at 5.190s with logical clock value of 32
2016-03-13 23:46:06,724 : Machine 3 (clock rate = 6) sending to Machine 1 logical clock value of 33 at 5.358s
2016-03-13 23:46:06,891 : Machine 3 (clock rate = 6) has internal event at 5.525s with logical clock value of 34
2016-03-13 23:46:07,058 : Machine 3 (clock rate = 6) has internal event at 5.692s with logical clock value of 35
2016-03-13 23:46:07,226 : Machine 3 (clock rate = 6) has internal event at 5.860s with logical clock value of 36
2016-03-13 23:46:07,393 : Machine 3 (clock rate = 6) has internal event at 6.027s with logical clock value of 37
2016-03-13 23:46:07,561 : Machine 3 (clock rate = 6) has internal event at 6.195s with logical clock value of 38
2016-03-13 23:46:07,728 : Machine 3 (clock rate = 6) has internal event at 6.362s with logical clock value of 39
2016-03-13 23:46:07,896 : Machine 3 (clock rate = 6) has internal event at 6.530s with logical clock value of 40
2016-03-13 23:46:08,063 : Machine 3 (clock rate = 6) has internal event at 6.697s with logical clock value of 41
2016-03-13 23:46:08,230 : Machine 3 (clock rate = 6) has internal event at 6.864s with logical clock value of 42
2016-03-13 23:46:08,398 : Machine 3 (clock rate = 6) sending to Machine 1 logical clock value of 43 at 7.032s
2016-03-13 23:46:08,565 : Machine 3 (clock rate = 6) has internal event at 7.199s with logical clock value of 44
2016-03-13 23:46:08,733 : Machine 3 (clock rate = 6) has internal event at 7.367s with logical clock value of 45
2016-03-13 23:46:08,900 : Machine 3 (clock rate = 6) has internal event at 7.535s with logical clock value of 46
2016-03-13 23:46:09,067 : Machine 3 (clock rate = 6) has internal event at 7.702s with logical clock value of 47
2016-03-13 23:46:09,235 : Machine 3 (clock rate = 6) has internal event at 7.870s with logical clock value of 48
2016-03-13 23:46:09,402 : Machine 3 (clock rate = 6) has internal event at 8.036s with logical clock value of 49
2016-03-13 23:46:09,570 : Machine 3 (clock rate = 6) has internal event at 8.204s with logical clock value of 50
2016-03-13 23:46:09,737 : Machine 3 (clock rate = 6) received message with lc value of 46 with queue size of 0 at 8.372s with logical clock of 51
2016-03-13 23:46:09,738 : Machine 3 (clock rate = 6) sending to Machine 1 logical clock value of 51 at 8.372s
2016-03-13 23:46:09,904 : Machine 3 (clock rate = 6) has internal event at 8.539s with logical clock value of 52
2016-03-13 23:46:10,072 : Machine 3 (clock rate = 6) has internal event at 8.706s with logical clock value of 53
2016-03-13 23:46:10,239 : Machine 3 (clock rate = 6) has internal event at 8.873s with logical clock value of 54
2016-03-13 23:46:10,406 : Machine 3 (clock rate = 6) received message with lc value of 48 with queue size of 0 at 9.041s with logical clock of 55
2016-03-13 23:46:10,407 : Machine 3 (clock rate = 6) has internal event at 9.041s with logical clock value of 55
2016-03-13 23:46:10,574 : Machine 3 (clock rate = 6) sending to Machine 1 logical clock value of 56 at 9.208s
2016-03-13 23:46:10,741 : Machine 3 (clock rate = 6) received message with lc value of 56 with queue size of 0 at 9.375s with logical clock of 57
2016-03-13 23:46:10,741 : Machine 3 (clock rate = 6) has internal event at 9.376s with logical clock value of 57
2016-03-13 23:46:10,908 : Machine 3 (clock rate = 6) has internal event at 9.542s with logical clock value of 58
2016-03-13 23:46:11,075 : Machine 3 (clock rate = 6) sending to Machine 1 logical clock value of 59 at 9.710s
2016-03-13 23:46:11,242 : Machine 3 (clock rate = 6) has internal event at 9.877s with logical clock value of 60
2016-03-13 23:46:11,409 : Machine 3 (clock rate = 6) has internal event at 10.04s with logical clock value of 61
2016-03-13 23:46:11,576 : Machine 3 (clock rate = 6) has internal event at 10.21s with logical clock value of 62
2016-03-13 23:46:11,744 : Machine 3 (clock rate = 6) sending to Machine 1 logical clock value of 63 at 10.37s
2016-03-13 23:46:11,911 : Machine 3 (clock rate = 6) has internal event at 10.54s with logical clock value of 64
2016-03-13 23:46:12,078 : Machine 3 (clock rate = 6) has internal event at 10.71s with logical clock value of 65
2016-03-13 23:46:12,246 : Machine 3 (clock rate = 6) has internal event at 10.88s with logical clock value of 66
2016-03-13 23:46:12,413 : Machine 3 (clock rate = 6) has internal event at 11.04s with logical clock value of 67
2016-03-13 23:46:12,580 : Machine 3 (clock rate = 6) has internal event at 11.21s with logical clock value of 68
2016-03-13 23:46:12,747 : Machine 3 (clock rate = 6) has internal event at 11.38s with logical clock value of 69
2016-03-13 23:46:12,915 : Machine 3 (clock rate = 6) has internal event at 11.54s with logical clock value of 70
2016-03-13 23:46:13,082 : Machine 3 (clock rate = 6) sending to Machine 1 logical clock value of 71 at 11.71s
2016-03-13 23:46:13,249 : Machine 3 (clock rate = 6) sending to Machine 1 logical clock value of 72 at 11.88s
2016-03-13 23:46:13,416 : Machine 3 (clock rate = 6) received message with lc value of 51 with queue size of 0 at 12.05s with logical clock of 73
2016-03-13 23:46:13,417 : Machine 3 (clock rate = 6) has internal event at 12.05s with logical clock value of 73
2016-03-13 23:46:13,584 : Machine 3 (clock rate = 6) has internal event at 12.21s with logical clock value of 74
2016-03-13 23:46:13,751 : Machine 3 (clock rate = 6) received message with lc value of 72 with queue size of 0 at 12.38s with logical clock of 75
2016-03-13 23:46:13,752 : Machine 3 (clock rate = 6) has internal event at 12.38s with logical clock value of 75
2016-03-13 23:46:13,918 : Machine 3 (clock rate = 6) has internal event at 12.55s with logical clock value of 76
2016-03-13 23:46:14,085 : Machine 3 (clock rate = 6) sending to Machine 1 logical clock value of 77 at 12.72s
2016-03-13 23:46:14,253 : Machine 3 (clock rate = 6) has internal event at 12.88s with logical clock value of 78
2016-03-13 23:46:14,420 : Machine 3 (clock rate = 6) has internal event at 13.05s with logical clock value of 79
2016-03-13 23:46:14,588 : Machine 3 (clock rate = 6) has internal event at 13.22s with logical clock value of 80
2016-03-13 23:46:14,755 : Machine 3 (clock rate = 6) sending to Machine 1 logical clock value of 81 at 13.39s
2016-03-13 23:46:14,923 : Machine 3 (clock rate = 6) has internal event at 13.55s with logical clock value of 82
2016-03-13 23:46:15,091 : Machine 3 (clock rate = 6) has internal event at 13.72s with logical clock value of 83
2016-03-13 23:46:15,258 : Machine 3 (clock rate = 6) has internal event at 13.89s with logical clock value of 84
2016-03-13 23:46:15,426 : Machine 3 (clock rate = 6) sending to Machine 1 logical clock value of 85 at 14.06s
2016-03-13 23:46:15,593 : Machine 3 (clock rate = 6) has internal event at 14.22s with logical clock value of 86
2016-03-13 23:46:15,761 : Machine 3 (clock rate = 6) has internal event at 14.39s with logical clock value of 87
2016-03-13 23:46:15,927 : Machine 3 (clock rate = 6) has internal event at 14.56s with logical clock value of 88
2016-03-13 23:46:16,094 : Machine 3 (clock rate = 6) received message with lc value of 86 with queue size of 0 at 14.72s with logical clock of 89
2016-03-13 23:46:16,095 : Machine 3 (clock rate = 6) has internal event at 14.72s with logical clock value of 89
2016-03-13 23:46:16,262 : Machine 3 (clock rate = 6) sending to Machine 1 logical clock value of 90 at 14.89s
2016-03-13 23:46:16,430 : Machine 3 (clock rate = 6) has internal event at 15.06s with logical clock value of 91
2016-03-13 23:46:16,598 : Machine 3 (clock rate = 6) has internal event at 15.23s with logical clock value of 92
2016-03-13 23:46:16,765 : Machine 3 (clock rate = 6) has internal event at 15.39s with logical clock value of 93
2016-03-13 23:46:16,933 : Machine 3 (clock rate = 6) has internal event at 15.56s with logical clock value of 94
2016-03-13 23:46:17,099 : Machine 3 (clock rate = 6) has internal event at 15.73s with logical clock value of 95
2016-03-13 23:46:17,267 : Machine 3 (clock rate = 6) has internal event at 15.90s with logical clock value of 96
2016-03-13 23:46:17,434 : Machine 3 (clock rate = 6) has internal event at 16.06s with logical clock value of 97
2016-03-13 23:46:17,601 : Machine 3 (clock rate = 6) sending to Machine 1 logical clock value of 98 at 16.23s
2016-03-13 23:46:17,768 : Machine 3 (clock rate = 6) sending to Machine 1 logical clock value of 99 at 16.40s
2016-03-13 23:46:17,936 : Machine 3 (clock rate = 6) sending to Machine 1 logical clock value of 100 at 16.57s
2016-03-13 23:46:18,104 : Machine 3 (clock rate = 6) sending to Machine 1 logical clock value of 101 at 16.73s
2016-03-13 23:46:18,272 : Machine 3 (clock rate = 6) has internal event at 16.90s with logical clock value of 102
2016-03-13 23:46:18,439 : Machine 3 (clock rate = 6) received message with lc value of 100 with queue size of 0 at 17.07s with logical clock of 103
2016-03-13 23:46:18,440 : Machine 3 (clock rate = 6) sending to Machine 1 logical clock value of 103 at 17.07s
2016-03-13 23:46:18,607 : Machine 3 (clock rate = 6) has internal event at 17.24s with logical clock value of 104
2016-03-13 23:46:18,775 : Machine 3 (clock rate = 6) sending to Machine 1 logical clock value of 105 at 17.40s
2016-03-13 23:46:18,942 : Machine 3 (clock rate = 6) sending to Machine 1 logical clock value of 106 at 17.57s
2016-03-13 23:46:19,109 : Machine 3 (clock rate = 6) received message with lc value of 104 with queue size of 0 at 17.74s with logical clock of 107
2016-03-13 23:46:19,109 : Machine 3 (clock rate = 6) has internal event at 17.74s with logical clock value of 107
2016-03-13 23:46:19,276 : Machine 3 (clock rate = 6) sending to Machine 1 logical clock value of 108 at 17.91s
2016-03-13 23:46:19,444 : Machine 3 (clock rate = 6) received message with lc value of 105 with queue size of 0 at 18.07s with logical clock of 109
2016-03-13 23:46:19,445 : Machine 3 (clock rate = 6) has internal event at 18.07s with logical clock value of 109
2016-03-13 23:46:19,612 : Machine 3 (clock rate = 6) sending to Machine 1 logical clock value of 110 at 18.24s
2016-03-13 23:46:19,779 : Machine 3 (clock rate = 6) has internal event at 18.41s with logical clock value of 111
2016-03-13 23:46:19,946 : Machine 3 (clock rate = 6) has internal event at 18.58s with logical clock value of 112
2016-03-13 23:46:20,114 : Machine 3 (clock rate = 6) sending to Machine 1 logical clock value of 113 at 18.74s
2016-03-13 23:46:20,281 : Machine 3 (clock rate = 6) sending to Machine 1 logical clock value of 114 at 18.91s
2016-03-13 23:46:20,448 : Machine 3 (clock rate = 6) sending to Machine 1 logical clock value of 115 at 19.08s
2016-03-13 23:46:20,616 : Machine 3 (clock rate = 6) has internal event at 19.25s with logical clock value of 116
2016-03-13 23:46:20,783 : Machine 3 (clock rate = 6) has internal event at 19.41s with logical clock value of 117
2016-03-13 23:46:20,950 : Machine 3 (clock rate = 6) has internal event at 19.58s with logical clock value of 118
2016-03-13 23:46:21,118 : Machine 3 (clock rate = 6) has internal event at 19.75s with logical clock value of 119
2016-03-13 23:46:21,284 : Machine 3 (clock rate = 6) has internal event at 19.91s with logical clock value of 120
2016-03-13 23:46:21,452 : Machine 3 (clock rate = 6) has internal event at 20.08s with logical clock value of 121
2016-03-13 23:46:21,618 : Machine 3 (clock rate = 6) sending to Machine 1 logical clock value of 122 at 20.25s
2016-03-13 23:46:21,786 : Machine 3 (clock rate = 6) has internal event at 20.42s with logical clock value of 123
2016-03-13 23:46:21,954 : Machine 3 (clock rate = 6) has internal event at 20.58s with logical clock value of 124
2016-03-13 23:46:22,121 : Machine 3 (clock rate = 6) has internal event at 20.75s with logical clock value of 125
2016-03-13 23:46:22,289 : Machine 3 (clock rate = 6) has internal event at 20.92s with logical clock value of 126
2016-03-13 23:46:22,456 : Machine 3 (clock rate = 6) sending to Machine 1 logical clock value of 127 at 21.09s
2016-03-13 23:46:22,624 : Machine 3 (clock rate = 6) sending to Machine 1 logical clock value of 128 at 21.25s
2016-03-13 23:46:22,792 : Machine 3 (clock rate = 6) has internal event at 21.42s with logical clock value of 129
2016-03-13 23:46:22,959 : Machine 3 (clock rate = 6) sending to Machine 1 logical clock value of 130 at 21.59s
2016-03-13 23:46:23,126 : Machine 3 (clock rate = 6) has internal event at 21.76s with logical clock value of 131
2016-03-13 23:46:23,294 : Machine 3 (clock rate = 6) sending to Machine 1 logical clock value of 132 at 21.92s
2016-03-13 23:46:23,461 : Machine 3 (clock rate = 6) has internal event at 22.09s with logical clock value of 133
2016-03-13 23:46:23,628 : Machine 3 (clock rate = 6) sending to Machine 1 logical clock value of 134 at 22.26s
2016-03-13 23:46:23,796 : Machine 3 (clock rate = 6) has internal event at 22.43s with logical clock value of 135
2016-03-13 23:46:23,963 : Machine 3 (clock rate = 6) has internal event at 22.59s with logical clock value of 136
2016-03-13 23:46:24,131 : Machine 3 (clock rate = 6) has internal event at 22.76s with logical clock value of 137
2016-03-13 23:46:24,298 : Machine 3 (clock rate = 6) has internal event at 22.93s with logical clock value of 138
2016-03-13 23:46:24,465 : Machine 3 (clock rate = 6) has internal event at 23.10s with logical clock value of 139
2016-03-13 23:46:24,633 : Machine 3 (clock rate = 6) sending to Machine 1 logical clock value of 140 at 23.26s
2016-03-13 23:46:24,800 : Machine 3 (clock rate = 6) has internal event at 23.43s with logical clock value of 141
2016-03-13 23:46:24,968 : Machine 3 (clock rate = 6) has internal event at 23.60s with logical clock value of 142
2016-03-13 23:46:25,135 : Machine 3 (clock rate = 6) has internal event at 23.77s with logical clock value of 143
2016-03-13 23:46:25,303 : Machine 3 (clock rate = 6) has internal event at 23.93s with logical clock value of 144
2016-03-13 23:46:25,470 : Machine 3 (clock rate = 6) has internal event at 24.10s with logical clock value of 145
2016-03-13 23:46:25,638 : Machine 3 (clock rate = 6) has internal event at 24.27s with logical clock value of 146
2016-03-13 23:46:25,805 : Machine 3 (clock rate = 6) has internal event at 24.44s with logical clock value of 147
2016-03-13 23:46:25,972 : Machine 3 (clock rate = 6) has internal event at 24.60s with logical clock value of 148
2016-03-13 23:46:26,139 : Machine 3 (clock rate = 6) sending to Machine 1 logical clock value of 149 at 24.77s
2016-03-13 23:46:26,307 : Machine 3 (clock rate = 6) has internal event at 24.94s with logical clock value of 150
2016-03-13 23:46:26,474 : Machine 3 (clock rate = 6) received message with lc value of 149 with queue size of 0 at 25.10s with logical clock of 151
2016-03-13 23:46:26,475 : Machine 3 (clock rate = 6) has internal event at 25.10s with logical clock value of 151
2016-03-13 23:46:26,642 : Machine 3 (clock rate = 6) has internal event at 25.27s with logical clock value of 152
2016-03-13 23:46:26,809 : Machine 3 (clock rate = 6) has internal event at 25.44s with logical clock value of 153
2016-03-13 23:46:26,976 : Machine 3 (clock rate = 6) has internal event at 25.61s with logical clock value of 154
2016-03-13 23:46:27,144 : Machine 3 (clock rate = 6) has internal event at 25.77s with logical clock value of 155
2016-03-13 23:46:27,312 : Machine 3 (clock rate = 6) has internal event at 25.94s with logical clock value of 156
2016-03-13 23:46:27,479 : Machine 3 (clock rate = 6) has internal event at 26.11s with logical clock value of 157
2016-03-13 23:46:27,647 : Machine 3 (clock rate = 6) sending to Machine 1 logical clock value of 158 at 26.28s
2016-03-13 23:46:27,814 : Machine 3 (clock rate = 6) sending to Machine 1 logical clock value of 159 at 26.44s
2016-03-13 23:46:27,982 : Machine 3 (clock rate = 6) has internal event at 26.61s with logical clock value of 160
2016-03-13 23:46:28,149 : Machine 3 (clock rate = 6) sending to Machine 1 logical clock value of 161 at 26.78s
2016-03-13 23:46:28,316 : Machine 3 (clock rate = 6) has internal event at 26.95s with logical clock value of 162
2016-03-13 23:46:28,484 : Machine 3 (clock rate = 6) has internal event at 27.11s with logical clock value of 163
2016-03-13 23:46:28,651 : Machine 3 (clock rate = 6) has internal event at 27.28s with logical clock value of 164
2016-03-13 23:46:28,818 : Machine 3 (clock rate = 6) has internal event at 27.45s with logical clock value of 165
2016-03-13 23:46:28,985 : Machine 3 (clock rate = 6) sending to Machine 1 logical clock value of 166 at 27.62s
2016-03-13 23:46:29,153 : Machine 3 (clock rate = 6) has internal event at 27.78s with logical clock value of 167
2016-03-13 23:46:29,320 : Machine 3 (clock rate = 6) has internal event at 27.95s with logical clock value of 168
2016-03-13 23:46:29,488 : Machine 3 (clock rate = 6) sending to Machine 1 logical clock value of 169 at 28.12s
2016-03-13 23:46:29,655 : Machine 3 (clock rate = 6) has internal event at 28.29s with logical clock value of 170
2016-03-13 23:46:29,823 : Machine 3 (clock rate = 6) has internal event at 28.45s with logical clock value of 171
2016-03-13 23:46:29,990 : Machine 3 (clock rate = 6) has internal event at 28.62s with logical clock value of 172
2016-03-13 23:46:30,157 : Machine 3 (clock rate = 6) sending to Machine 1 logical clock value of 173 at 28.79s
2016-03-13 23:46:30,324 : Machine 3 (clock rate = 6) sending to Machine 1 logical clock value of 174 at 28.95s
2016-03-13 23:46:30,492 : Machine 3 (clock rate = 6) sending to Machine 1 logical clock value of 175 at 29.12s
2016-03-13 23:46:30,659 : Machine 3 (clock rate = 6) has internal event at 29.29s with logical clock value of 176
2016-03-13 23:46:30,826 : Machine 3 (clock rate = 6) has internal event at 29.46s with logical clock value of 177
2016-03-13 23:46:30,994 : Machine 3 (clock rate = 6) sending to Machine 1 logical clock value of 178 at 29.62s
2016-03-13 23:46:31,161 : Machine 3 (clock rate = 6) has internal event at 29.79s with logical clock value of 179
2016-03-13 23:46:31,329 : Machine 3 (clock rate = 6) has internal event at 29.96s with logical clock value of 180
2016-03-13 23:46:31,496 : Machine 3 (clock rate = 6) received message with lc value of 135 with queue size of 0 at 30.13s with logical clock of 181
2016-03-13 23:46:31,497 : Machine 3 (clock rate = 6) sending to Machine 1 logical clock value of 181 at 30.13s
2016-03-13 23:46:31,664 : Machine 3 (clock rate = 6) has internal event at 30.29s with logical clock value of 182
2016-03-13 23:46:31,831 : Machine 3 (clock rate = 6) has internal event at 30.46s with logical clock value of 183
2016-03-13 23:46:31,999 : Machine 3 (clock rate = 6) has internal event at 30.63s with logical clock value of 184
2016-03-13 23:46:32,166 : Machine 3 (clock rate = 6) has internal event at 30.80s with logical clock value of 185
2016-03-13 23:46:32,334 : Machine 3 (clock rate = 6) sending to Machine 1 logical clock value of 186 at 30.96s
2016-03-13 23:46:32,501 : Machine 3 (clock rate = 6) received message with lc value of 159 with queue size of 0 at 31.13s with logical clock of 187
2016-03-13 23:46:32,502 : Machine 3 (clock rate = 6) has internal event at 31.13s with logical clock value of 187
2016-03-13 23:46:32,668 : Machine 3 (clock rate = 6) has internal event at 31.30s with logical clock value of 188
2016-03-13 23:46:32,836 : Machine 3 (clock rate = 6) has internal event at 31.47s with logical clock value of 189
2016-03-13 23:46:33,004 : Machine 3 (clock rate = 6) has internal event at 31.63s with logical clock value of 190
2016-03-13 23:46:33,170 : Machine 3 (clock rate = 6) has internal event at 31.80s with logical clock value of 191
2016-03-13 23:46:33,338 : Machine 3 (clock rate = 6) has internal event at 31.97s with logical clock value of 192
2016-03-13 23:46:33,506 : Machine 3 (clock rate = 6) has internal event at 32.14s with logical clock value of 193
2016-03-13 23:46:33,674 : Machine 3 (clock rate = 6) has internal event at 32.30s with logical clock value of 194
2016-03-13 23:46:33,840 : Machine 3 (clock rate = 6) sending to Machine 1 logical clock value of 195 at 32.47s
2016-03-13 23:46:34,008 : Machine 3 (clock rate = 6) has internal event at 32.64s with logical clock value of 196
2016-03-13 23:46:34,176 : Machine 3 (clock rate = 6) received message with lc value of 188 with queue size of 0 at 32.81s with logical clock of 197
2016-03-13 23:46:34,177 : Machine 3 (clock rate = 6) sending to Machine 1 logical clock value of 197 at 32.81s
2016-03-13 23:46:34,344 : Machine 3 (clock rate = 6) has internal event at 32.97s with logical clock value of 198
2016-03-13 23:46:34,511 : Machine 3 (clock rate = 6) has internal event at 33.14s with logical clock value of 199
2016-03-13 23:46:34,678 : Machine 3 (clock rate = 6) has internal event at 33.31s with logical clock value of 200
2016-03-13 23:46:34,845 : Machine 3 (clock rate = 6) has internal event at 33.48s with logical clock value of 201
2016-03-13 23:46:35,013 : Machine 3 (clock rate = 6) has internal event at 33.64s with logical clock value of 202
2016-03-13 23:46:35,180 : Machine 3 (clock rate = 6) sending to Machine 1 logical clock value of 203 at 33.81s
2016-03-13 23:46:35,347 : Machine 3 (clock rate = 6) has internal event at 33.98s with logical clock value of 204
2016-03-13 23:46:35,514 : Machine 3 (clock rate = 6) sending to Machine 1 logical clock value of 205 at 34.14s
2016-03-13 23:46:35,682 : Machine 3 (clock rate = 6) sending to Machine 1 logical clock value of 206 at 34.31s
2016-03-13 23:46:35,850 : Machine 3 (clock rate = 6) has internal event at 34.48s with logical clock value of 207
2016-03-13 23:46:36,018 : Machine 3 (clock rate = 6) has internal event at 34.65s with logical clock value of 208
2016-03-13 23:46:36,185 : Machine 3 (clock rate = 6) has internal event at 34.82s with logical clock value of 209
2016-03-13 23:46:36,352 : Machine 3 (clock rate = 6) has internal event at 34.98s with logical clock value of 210
2016-03-13 23:46:36,519 : Machine 3 (clock rate = 6) received message with lc value of 206 with queue size of 0 at 35.15s with logical clock of 211
2016-03-13 23:46:36,520 : Machine 3 (clock rate = 6) sending to Machine 1 logical clock value of 211 at 35.15s
2016-03-13 23:46:36,687 : Machine 3 (clock rate = 6) has internal event at 35.32s with logical clock value of 212
2016-03-13 23:46:36,854 : Machine 3 (clock rate = 6) received message with lc value of 211 with queue size of 0 at 35.48s with logical clock of 213
2016-03-13 23:46:36,855 : Machine 3 (clock rate = 6) has internal event at 35.49s with logical clock value of 213
2016-03-13 23:46:37,021 : Machine 3 (clock rate = 6) has internal event at 35.65s with logical clock value of 214
2016-03-13 23:46:37,189 : Machine 3 (clock rate = 6) sending to Machine 1 logical clock value of 215 at 35.82s
2016-03-13 23:46:37,356 : Machine 3 (clock rate = 6) has internal event at 35.99s with logical clock value of 216
2016-03-13 23:46:37,524 : Machine 3 (clock rate = 6) sending to Machine 1 logical clock value of 217 at 36.15s
2016-03-13 23:46:37,691 : Machine 3 (clock rate = 6) sending to Machine 1 logical clock value of 218 at 36.32s
2016-03-13 23:46:37,859 : Machine 3 (clock rate = 6) sending to Machine 1 logical clock value of 219 at 36.49s
2016-03-13 23:46:38,027 : Machine 3 (clock rate = 6) has internal event at 36.66s with logical clock value of 220
2016-03-13 23:46:38,194 : Machine 3 (clock rate = 6) has internal event at 36.82s with logical clock value of 221
2016-03-13 23:46:38,361 : Machine 3 (clock rate = 6) has internal event at 36.99s with logical clock value of 222
2016-03-13 23:46:38,529 : Machine 3 (clock rate = 6) has internal event at 37.16s with logical clock value of 223
2016-03-13 23:46:38,696 : Machine 3 (clock rate = 6) sending to Machine 1 logical clock value of 224 at 37.33s
2016-03-13 23:46:38,863 : Machine 3 (clock rate = 6) received message with lc value of 224 with queue size of 0 at 37.49s with logical clock of 225
2016-03-13 23:46:38,864 : Machine 3 (clock rate = 6) has internal event at 37.49s with logical clock value of 225
2016-03-13 23:46:39,030 : Machine 3 (clock rate = 6) has internal event at 37.66s with logical clock value of 226
2016-03-13 23:46:39,198 : Machine 3 (clock rate = 6) received message with lc value of 225 with queue size of 0 at 37.83s with logical clock of 227
2016-03-13 23:46:39,199 : Machine 3 (clock rate = 6) has internal event at 37.83s with logical clock value of 227
2016-03-13 23:46:39,366 : Machine 3 (clock rate = 6) sending to Machine 1 logical clock value of 228 at 38.00s
2016-03-13 23:46:39,533 : Machine 3 (clock rate = 6) has internal event at 38.16s with logical clock value of 229
2016-03-13 23:46:39,701 : Machine 3 (clock rate = 6) has internal event at 38.33s with logical clock value of 230
2016-03-13 23:46:39,868 : Machine 3 (clock rate = 6) has internal event at 38.50s with logical clock value of 231
2016-03-13 23:46:40,035 : Machine 3 (clock rate = 6) has internal event at 38.66s with logical clock value of 232
2016-03-13 23:46:40,202 : Machine 3 (clock rate = 6) has internal event at 38.83s with logical clock value of 233
2016-03-13 23:46:40,370 : Machine 3 (clock rate = 6) sending to Machine 1 logical clock value of 234 at 39.00s
2016-03-13 23:46:40,538 : Machine 3 (clock rate = 6) sending to Machine 1 logical clock value of 235 at 39.17s
2016-03-13 23:46:40,704 : Machine 3 (clock rate = 6) has internal event at 39.33s with logical clock value of 236
2016-03-13 23:46:40,872 : Machine 3 (clock rate = 6) has internal event at 39.50s with logical clock value of 237
2016-03-13 23:46:41,039 : Machine 3 (clock rate = 6) has internal event at 39.67s with logical clock value of 238
2016-03-13 23:46:41,207 : Machine 3 (clock rate = 6) received message with lc value of 236 with queue size of 0 at 39.84s with logical clock of 239
2016-03-13 23:46:41,208 : Machine 3 (clock rate = 6) has internal event at 39.84s with logical clock value of 239
2016-03-13 23:46:41,374 : Machine 3 (clock rate = 6) has internal event at 40.00s with logical clock value of 240
2016-03-13 23:46:41,542 : Machine 3 (clock rate = 6) has internal event at 40.17s with logical clock value of 241
2016-03-13 23:46:41,709 : Machine 3 (clock rate = 6) has internal event at 40.34s with logical clock value of 242
2016-03-13 23:46:41,877 : Machine 3 (clock rate = 6) has internal event at 40.51s with logical clock value of 243
2016-03-13 23:46:42,045 : Machine 3 (clock rate = 6) has internal event at 40.67s with logical clock value of 244
2016-03-13 23:46:42,212 : Machine 3 (clock rate = 6) sending to Machine 1 logical clock value of 245 at 40.84s
2016-03-13 23:46:42,379 : Machine 3 (clock rate = 6) has internal event at 41.01s with logical clock value of 246
2016-03-13 23:46:42,547 : Machine 3 (clock rate = 6) has internal event at 41.18s with logical clock value of 247
2016-03-13 23:46:42,715 : Machine 3 (clock rate = 6) has internal event at 41.34s with logical clock value of 248
2016-03-13 23:46:42,881 : Machine 3 (clock rate = 6) has internal event at 41.51s with logical clock value of 249
2016-03-13 23:46:43,049 : Machine 3 (clock rate = 6) sending to Machine 1 logical clock value of 250 at 41.68s
2016-03-13 23:46:43,217 : Machine 3 (clock rate = 6) received message with lc value of 250 with queue size of 0 at 41.85s with logical clock of 251
2016-03-13 23:46:43,217 : Machine 3 (clock rate = 6) sending to Machine 1 logical clock value of 251 at 41.85s
2016-03-13 23:46:43,383 : Machine 3 (clock rate = 6) has internal event at 42.01s with logical clock value of 252
2016-03-13 23:46:43,551 : Machine 3 (clock rate = 6) has internal event at 42.18s with logical clock value of 253
2016-03-13 23:46:43,717 : Machine 3 (clock rate = 6) has internal event at 42.35s with logical clock value of 254
2016-03-13 23:46:43,884 : Machine 3 (clock rate = 6) has internal event at 42.51s with logical clock value of 255
2016-03-13 23:46:44,051 : Machine 3 (clock rate = 6) has internal event at 42.68s with logical clock value of 256
2016-03-13 23:46:44,219 : Machine 3 (clock rate = 6) sending to Machine 1 logical clock value of 257 at 42.85s
2016-03-13 23:46:44,386 : Machine 3 (clock rate = 6) has internal event at 43.02s with logical clock value of 258
2016-03-13 23:46:44,554 : Machine 3 (clock rate = 6) has internal event at 43.18s with logical clock value of 259
2016-03-13 23:46:44,722 : Machine 3 (clock rate = 6) sending to Machine 1 logical clock value of 260 at 43.35s
2016-03-13 23:46:44,888 : Machine 3 (clock rate = 6) sending to Machine 1 logical clock value of 261 at 43.52s
2016-03-13 23:46:45,056 : Machine 3 (clock rate = 6) has internal event at 43.69s with logical clock value of 262
2016-03-13 23:46:45,223 : Machine 3 (clock rate = 6) sending to Machine 1 logical clock value of 263 at 43.85s
2016-03-13 23:46:45,391 : Machine 3 (clock rate = 6) has internal event at 44.02s with logical clock value of 264
2016-03-13 23:46:45,558 : Machine 3 (clock rate = 6) has internal event at 44.19s with logical clock value of 265
2016-03-13 23:46:45,726 : Machine 3 (clock rate = 6) sending to Machine 1 logical clock value of 266 at 44.36s
2016-03-13 23:46:45,893 : Machine 3 (clock rate = 6) has internal event at 44.52s with logical clock value of 267
2016-03-13 23:46:46,060 : Machine 3 (clock rate = 6) has internal event at 44.69s with logical clock value of 268
2016-03-13 23:46:46,227 : Machine 3 (clock rate = 6) has internal event at 44.86s with logical clock value of 269
2016-03-13 23:46:46,395 : Machine 3 (clock rate = 6) sending to Machine 1 logical clock value of 270 at 45.02s
2016-03-13 23:46:46,562 : Machine 3 (clock rate = 6) sending to Machine 1 logical clock value of 271 at 45.19s
2016-03-13 23:46:46,730 : Machine 3 (clock rate = 6) has internal event at 45.36s with logical clock value of 272
2016-03-13 23:46:46,897 : Machine 3 (clock rate = 6) has internal event at 45.53s with logical clock value of 273
2016-03-13 23:46:47,064 : Machine 3 (clock rate = 6) has internal event at 45.69s with logical clock value of 274
2016-03-13 23:46:47,231 : Machine 3 (clock rate = 6) has internal event at 45.86s with logical clock value of 275
2016-03-13 23:46:47,398 : Machine 3 (clock rate = 6) has internal event at 46.03s with logical clock value of 276
2016-03-13 23:46:47,566 : Machine 3 (clock rate = 6) has internal event at 46.20s with logical clock value of 277
2016-03-13 23:46:47,732 : Machine 3 (clock rate = 6) sending to Machine 1 logical clock value of 278 at 46.36s
2016-03-13 23:46:47,900 : Machine 3 (clock rate = 6) has internal event at 46.53s with logical clock value of 279
2016-03-13 23:46:48,068 : Machine 3 (clock rate = 6) has internal event at 46.70s with logical clock value of 280
2016-03-13 23:46:48,235 : Machine 3 (clock rate = 6) received message with lc value of 271 with queue size of 0 at 46.87s with logical clock of 281
2016-03-13 23:46:48,236 : Machine 3 (clock rate = 6) has internal event at 46.87s with logical clock value of 281
2016-03-13 23:46:48,402 : Machine 3 (clock rate = 6) has internal event at 47.03s with logical clock value of 282
2016-03-13 23:46:48,569 : Machine 3 (clock rate = 6) has internal event at 47.20s with logical clock value of 283
2016-03-13 23:46:48,736 : Machine 3 (clock rate = 6) has internal event at 47.37s with logical clock value of 284
2016-03-13 23:46:48,904 : Machine 3 (clock rate = 6) sending to Machine 1 logical clock value of 285 at 47.53s
2016-03-13 23:46:49,071 : Machine 3 (clock rate = 6) sending to Machine 1 logical clock value of 286 at 47.70s
2016-03-13 23:46:49,239 : Machine 3 (clock rate = 6) has internal event at 47.87s with logical clock value of 287
2016-03-13 23:46:49,407 : Machine 3 (clock rate = 6) sending to Machine 1 logical clock value of 288 at 48.04s
2016-03-13 23:46:49,574 : Machine 3 (clock rate = 6) has internal event at 48.20s with logical clock value of 289
2016-03-13 23:46:49,741 : Machine 3 (clock rate = 6) has internal event at 48.37s with logical clock value of 290
2016-03-13 23:46:49,908 : Machine 3 (clock rate = 6) has internal event at 48.54s with logical clock value of 291
2016-03-13 23:46:50,076 : Machine 3 (clock rate = 6) has internal event at 48.71s with logical clock value of 292
2016-03-13 23:46:50,244 : Machine 3 (clock rate = 6) has internal event at 48.87s with logical clock value of 293
2016-03-13 23:46:50,412 : Machine 3 (clock rate = 6) has internal event at 49.04s with logical clock value of 294
2016-03-13 23:46:50,579 : Machine 3 (clock rate = 6) has internal event at 49.21s with logical clock value of 295
2016-03-13 23:46:50,746 : Machine 3 (clock rate = 6) has internal event at 49.38s with logical clock value of 296
2016-03-13 23:46:50,914 : Machine 3 (clock rate = 6) received message with lc value of 290 with queue size of 0 at 49.54s with logical clock of 297
2016-03-13 23:46:50,915 : Machine 3 (clock rate = 6) sending to Machine 1 logical clock value of 297 at 49.54s
2016-03-13 23:46:51,082 : Machine 3 (clock rate = 6) has internal event at 49.71s with logical clock value of 298
2016-03-13 23:46:51,250 : Machine 3 (clock rate = 6) sending to Machine 1 logical clock value of 299 at 49.88s
2016-03-13 23:46:51,417 : Machine 3 (clock rate = 6) has internal event at 50.05s with logical clock value of 300
2016-03-13 23:46:51,585 : Machine 3 (clock rate = 6) sending to Machine 1 logical clock value of 301 at 50.21s
2016-03-13 23:46:51,752 : Machine 3 (clock rate = 6) has internal event at 50.38s with logical clock value of 302
2016-03-13 23:46:51,919 : Machine 3 (clock rate = 6) received message with lc value of 293 with queue size of 0 at 50.55s with logical clock of 303
2016-03-13 23:46:51,920 : Machine 3 (clock rate = 6) sending to Machine 1 logical clock value of 303 at 50.55s
2016-03-13 23:46:52,086 : Machine 3 (clock rate = 6) has internal event at 50.72s with logical clock value of 304
2016-03-13 23:46:52,253 : Machine 3 (clock rate = 6) received message with lc value of 303 with queue size of 0 at 50.88s with logical clock of 305
2016-03-13 23:46:52,254 : Machine 3 (clock rate = 6) has internal event at 50.88s with logical clock value of 305
2016-03-13 23:46:52,421 : Machine 3 (clock rate = 6) has internal event at 51.05s with logical clock value of 306
2016-03-13 23:46:52,588 : Machine 3 (clock rate = 6) received message with lc value of 304 with queue size of 0 at 51.22s with logical clock of 307
2016-03-13 23:46:52,589 : Machine 3 (clock rate = 6) has internal event at 51.22s with logical clock value of 307
2016-03-13 23:46:52,756 : Machine 3 (clock rate = 6) has internal event at 51.39s with logical clock value of 308
2016-03-13 23:46:52,924 : Machine 3 (clock rate = 6) received message with lc value of 305 with queue size of 0 at 51.55s with logical clock of 309
2016-03-13 23:46:52,924 : Machine 3 (clock rate = 6) sending to Machine 1 logical clock value of 309 at 51.55s
2016-03-13 23:46:53,091 : Machine 3 (clock rate = 6) sending to Machine 1 logical clock value of 310 at 51.72s
2016-03-13 23:46:53,258 : Machine 3 (clock rate = 6) has internal event at 51.89s with logical clock value of 311
2016-03-13 23:46:53,426 : Machine 3 (clock rate = 6) received message with lc value of 272 with queue size of 0 at 52.06s with logical clock of 312
2016-03-13 23:46:53,426 : Machine 3 (clock rate = 6) has internal event at 52.06s with logical clock value of 312
2016-03-13 23:46:53,593 : Machine 3 (clock rate = 6) sending to Machine 1 logical clock value of 313 at 52.22s
2016-03-13 23:46:53,761 : Machine 3 (clock rate = 6) has internal event at 52.39s with logical clock value of 314
2016-03-13 23:46:53,928 : Machine 3 (clock rate = 6) received message with lc value of 313 with queue size of 0 at 52.56s with logical clock of 315
2016-03-13 23:46:53,929 : Machine 3 (clock rate = 6) has internal event at 52.56s with logical clock value of 315
2016-03-13 23:46:54,095 : Machine 3 (clock rate = 6) has internal event at 52.73s with logical clock value of 316
2016-03-13 23:46:54,263 : Machine 3 (clock rate = 6) has internal event at 52.89s with logical clock value of 317
2016-03-13 23:46:54,430 : Machine 3 (clock rate = 6) has internal event at 53.06s with logical clock value of 318
2016-03-13 23:46:54,597 : Machine 3 (clock rate = 6) sending to Machine 1 logical clock value of 319 at 53.23s
2016-03-13 23:46:54,764 : Machine 3 (clock rate = 6) sending to Machine 1 logical clock value of 320 at 53.39s
2016-03-13 23:46:54,931 : Machine 3 (clock rate = 6) sending to Machine 1 logical clock value of 321 at 53.56s
2016-03-13 23:46:55,098 : Machine 3 (clock rate = 6) has internal event at 53.73s with logical clock value of 322
2016-03-13 23:46:55,266 : Machine 3 (clock rate = 6) received message with lc value of 320 with queue size of 0 at 53.90s with logical clock of 323
2016-03-13 23:46:55,267 : Machine 3 (clock rate = 6) has internal event at 53.90s with logical clock value of 323
2016-03-13 23:46:55,434 : Machine 3 (clock rate = 6) sending to Machine 1 logical clock value of 324 at 54.06s
2016-03-13 23:46:55,601 : Machine 3 (clock rate = 6) sending to Machine 1 logical clock value of 325 at 54.23s
2016-03-13 23:46:55,768 : Machine 3 (clock rate = 6) has internal event at 54.40s with logical clock value of 326
2016-03-13 23:46:55,936 : Machine 3 (clock rate = 6) has internal event at 54.57s with logical clock value of 327
2016-03-13 23:46:56,104 : Machine 3 (clock rate = 6) has internal event at 54.73s with logical clock value of 328
2016-03-13 23:46:56,270 : Machine 3 (clock rate = 6) sending to Machine 1 logical clock value of 329 at 54.90s
2016-03-13 23:46:56,437 : Machine 3 (clock rate = 6) has internal event at 55.07s with logical clock value of 330
2016-03-13 23:46:56,605 : Machine 3 (clock rate = 6) sending to Machine 1 logical clock value of 331 at 55.24s
2016-03-13 23:46:56,773 : Machine 3 (clock rate = 6) has internal event at 55.40s with logical clock value of 332
2016-03-13 23:46:56,941 : Machine 3 (clock rate = 6) has internal event at 55.57s with logical clock value of 333
2016-03-13 23:46:57,108 : Machine 3 (clock rate = 6) has internal event at 55.74s with logical clock value of 334
2016-03-13 23:46:57,276 : Machine 3 (clock rate = 6) received message with lc value of 332 with queue size of 0 at 55.91s with logical clock of 335
2016-03-13 23:46:57,277 : Machine 3 (clock rate = 6) has internal event at 55.91s with logical clock value of 335
2016-03-13 23:46:57,443 : Machine 3 (clock rate = 6) has internal event at 56.07s with logical clock value of 336
2016-03-13 23:46:57,610 : Machine 3 (clock rate = 6) sending to Machine 1 logical clock value of 337 at 56.24s
2016-03-13 23:46:57,778 : Machine 3 (clock rate = 6) has internal event at 56.41s with logical clock value of 338
2016-03-13 23:46:57,945 : Machine 3 (clock rate = 6) has internal event at 56.57s with logical clock value of 339
2016-03-13 23:46:58,112 : Machine 3 (clock rate = 6) sending to Machine 1 logical clock value of 340 at 56.74s
2016-03-13 23:46:58,280 : Machine 3 (clock rate = 6) has internal event at 56.91s with logical clock value of 341
2016-03-13 23:46:58,447 : Machine 3 (clock rate = 6) has internal event at 57.08s with logical clock value of 342
2016-03-13 23:46:58,614 : Machine 3 (clock rate = 6) sending to Machine 1 logical clock value of 343 at 57.24s
2016-03-13 23:46:58,782 : Machine 3 (clock rate = 6) has internal event at 57.41s with logical clock value of 344
2016-03-13 23:46:58,950 : Machine 3 (clock rate = 6) has internal event at 57.58s with logical clock value of 345
2016-03-13 23:46:59,117 : Machine 3 (clock rate = 6) has internal event at 57.75s with logical clock value of 346
2016-03-13 23:46:59,285 : Machine 3 (clock rate = 6) has internal event at 57.91s with logical clock value of 347
2016-03-13 23:46:59,452 : Machine 3 (clock rate = 6) sending to Machine 1 logical clock value of 348 at 58.08s
2016-03-13 23:46:59,620 : Machine 3 (clock rate = 6) received message with lc value of 348 with queue size of 0 at 58.25s with logical clock of 349
2016-03-13 23:46:59,620 : Machine 3 (clock rate = 6) has internal event at 58.25s with logical clock value of 349
2016-03-13 23:46:59,787 : Machine 3 (clock rate = 6) has internal event at 58.42s with logical clock value of 350
2016-03-13 23:46:59,955 : Machine 3 (clock rate = 6) has internal event at 58.58s with logical clock value of 351
2016-03-13 23:47:00,122 : Machine 3 (clock rate = 6) has internal event at 58.75s with logical clock value of 352
2016-03-13 23:47:00,290 : Machine 3 (clock rate = 6) has internal event at 58.92s with logical clock value of 353
2016-03-13 23:47:00,458 : Machine 3 (clock rate = 6) received message with lc value of 321 with queue size of 0 at 59.09s with logical clock of 354
2016-03-13 23:47:00,458 : Machine 3 (clock rate = 6) sending to Machine 1 logical clock value of 354 at 59.09s
2016-03-13 23:47:00,625 : Machine 3 (clock rate = 6) has internal event at 59.26s with logical clock value of 355
2016-03-13 23:47:00,793 : Machine 3 (clock rate = 6) has internal event at 59.42s with logical clock value of 356
2016-03-13 23:47:00,960 : Machine 3 (clock rate = 6) sending to Machine 1 logical clock value of 357 at 59.59s
2016-03-13 23:47:01,128 : Machine 3 (clock rate = 6) sending to Machine 1 logical clock value of 358 at 59.76s
2016-03-13 23:47:01,295 : Machine 3 (clock rate = 6) received message with lc value of 353 with queue size of 0 at 59.92s with logical clock of 359
2016-03-13 23:47:01,296 : Machine 3 (clock rate = 6) has internal event at 59.93s with logical clock value of 359
2016-03-13 23:47:01,462 : Machine 3 (clock rate = 6) has internal event at 60.09s with logical clock value of 360
