2016-03-13 23:42:06,695 : Process: 3, PID: 25371
2016-03-13 23:42:06,696 : Machine 3 (clock rate = 6) sending to Machine 1 logical clock value of 1 at 0.001s
2016-03-13 23:42:06,863 : Machine 3 (clock rate = 6) sending to Machine 1 logical clock value of 2 at 0.169s
2016-03-13 23:42:07,031 : Machine 3 (clock rate = 6) sending to Machine 1 logical clock value of 3 at 0.336s
2016-03-13 23:42:07,198 : Machine 3 (clock rate = 6) has internal event at 0.503s with logical clock value of 4
2016-03-13 23:42:07,365 : Machine 3 (clock rate = 6) has internal event at 0.671s with logical clock value of 5
2016-03-13 23:42:07,532 : Machine 3 (clock rate = 6) has internal event at 0.837s with logical clock value of 6
2016-03-13 23:42:07,699 : Machine 3 (clock rate = 6) received message with lc value of 4 with queue size of 1 at 1.004s with logical clock of 7
2016-03-13 23:42:07,700 : Machine 3 (clock rate = 6) sending to Machine 1 logical clock value of 7 at 1.005s
2016-03-13 23:42:07,867 : Machine 3 (clock rate = 6) has internal event at 1.172s with logical clock value of 8
2016-03-13 23:42:08,034 : Machine 3 (clock rate = 6) sending to Machine 1 logical clock value of 9 at 1.339s
2016-03-13 23:42:08,201 : Machine 3 (clock rate = 6) sending to Machine 1 logical clock value of 10 at 1.506s
2016-03-13 23:42:08,368 : Machine 3 (clock rate = 6) has internal event at 1.673s with logical clock value of 11
2016-03-13 23:42:08,535 : Machine 3 (clock rate = 6) sending to Machine 1 logical clock value of 12 at 1.840s
2016-03-13 23:42:08,702 : Machine 3 (clock rate = 6) sending to Machine 1 logical clock value of 13 at 2.007s
2016-03-13 23:42:08,869 : Machine 3 (clock rate = 6) has internal event at 2.175s with logical clock value of 14
2016-03-13 23:42:09,037 : Machine 3 (clock rate = 6) has internal event at 2.342s with logical clock value of 15
2016-03-13 23:42:09,204 : Machine 3 (clock rate = 6) sending to Machine 1 logical clock value of 16 at 2.509s
2016-03-13 23:42:09,372 : Machine 3 (clock rate = 6) has internal event at 2.677s with logical clock value of 17
2016-03-13 23:42:09,539 : Machine 3 (clock rate = 6) has internal event at 2.844s with logical clock value of 18
2016-03-13 23:42:09,707 : Machine 3 (clock rate = 6) sending to Machine 1 logical clock value of 19 at 3.012s
2016-03-13 23:42:09,873 : Machine 3 (clock rate = 6) sending to Machine 1 logical clock value of 20 at 3.178s
2016-03-13 23:42:10,040 : Machine 3 (clock rate = 6) received message with lc value of 19 with queue size of 1 at 3.345s with logical clock of 21
2016-03-13 23:42:10,041 : Machine 3 (clock rate = 6) sending to Machine 1 logical clock value of 21 at 3.346s
2016-03-13 23:42:10,208 : Machine 3 (clock rate = 6) sending to Machine 1 logical clock value of 22 at 3.513s
2016-03-13 23:42:10,376 : Machine 3 (clock rate = 6) has internal event at 3.681s with logical clock value of 23
2016-03-13 23:42:10,544 : Machine 3 (clock rate = 6) sending to Machine 1 logical clock value of 24 at 3.849s
2016-03-13 23:42:10,711 : Machine 3 (clock rate = 6) sending to Machine 1 logical clock value of 25 at 4.016s
2016-03-13 23:42:10,879 : Machine 3 (clock rate = 6) has internal event at 4.184s with logical clock value of 26
2016-03-13 23:42:11,046 : Machine 3 (clock rate = 6) sending to Machine 1 logical clock value of 27 at 4.351s
2016-03-13 23:42:11,213 : Machine 3 (clock rate = 6) has internal event at 4.518s with logical clock value of 28
2016-03-13 23:42:11,380 : Machine 3 (clock rate = 6) sending to Machine 1 logical clock value of 29 at 4.685s
2016-03-13 23:42:11,548 : Machine 3 (clock rate = 6) has internal event at 4.853s with logical clock value of 30
2016-03-13 23:42:11,715 : Machine 3 (clock rate = 6) has internal event at 5.020s with logical clock value of 31
2016-03-13 23:42:11,882 : Machine 3 (clock rate = 6) has internal event at 5.187s with logical clock value of 32
2016-03-13 23:42:12,050 : Machine 3 (clock rate = 6) has internal event at 5.355s with logical clock value of 33
2016-03-13 23:42:12,216 : Machine 3 (clock rate = 6) has internal event at 5.521s with logical clock value of 34
2016-03-13 23:42:12,384 : Machine 3 (clock rate = 6) has internal event at 5.689s with logical clock value of 35
2016-03-13 23:42:12,552 : Machine 3 (clock rate = 6) sending to Machine 1 logical clock value of 36 at 5.857s
2016-03-13 23:42:12,719 : Machine 3 (clock rate = 6) received message with lc value of 36 with queue size of 1 at 6.024s with logical clock of 37
2016-03-13 23:42:12,720 : Machine 3 (clock rate = 6) sending to Machine 1 logical clock value of 37 at 6.025s
2016-03-13 23:42:12,886 : Machine 3 (clock rate = 6) sending to Machine 1 logical clock value of 38 at 6.191s
2016-03-13 23:42:13,053 : Machine 3 (clock rate = 6) sending to Machine 1 logical clock value of 39 at 6.358s
2016-03-13 23:42:13,220 : Machine 3 (clock rate = 6) sending to Machine 1 logical clock value of 40 at 6.525s
2016-03-13 23:42:13,387 : Machine 3 (clock rate = 6) sending to Machine 1 logical clock value of 41 at 6.693s
2016-03-13 23:42:13,555 : Machine 3 (clock rate = 6) has internal event at 6.860s with logical clock value of 42
2016-03-13 23:42:13,722 : Machine 3 (clock rate = 6) has internal event at 7.027s with logical clock value of 43
2016-03-13 23:42:13,890 : Machine 3 (clock rate = 6) sending to Machine 1 logical clock value of 44 at 7.195s
2016-03-13 23:42:14,057 : Machine 3 (clock rate = 6) has internal event at 7.362s with logical clock value of 45
2016-03-13 23:42:14,224 : Machine 3 (clock rate = 6) sending to Machine 1 logical clock value of 46 at 7.529s
2016-03-13 23:42:14,391 : Machine 3 (clock rate = 6) received message with lc value of 46 with queue size of 1 at 7.696s with logical clock of 47
2016-03-13 23:42:14,391 : Machine 3 (clock rate = 6) sending to Machine 1 logical clock value of 47 at 7.697s
2016-03-13 23:42:14,559 : Machine 3 (clock rate = 6) has internal event at 7.864s with logical clock value of 48
2016-03-13 23:42:14,726 : Machine 3 (clock rate = 6) sending to Machine 1 logical clock value of 49 at 8.031s
2016-03-13 23:42:14,893 : Machine 3 (clock rate = 6) sending to Machine 1 logical clock value of 50 at 8.199s
2016-03-13 23:42:15,060 : Machine 3 (clock rate = 6) has internal event at 8.365s with logical clock value of 51
2016-03-13 23:42:15,227 : Machine 3 (clock rate = 6) has internal event at 8.533s with logical clock value of 52
2016-03-13 23:42:15,395 : Machine 3 (clock rate = 6) has internal event at 8.700s with logical clock value of 53
2016-03-13 23:42:15,562 : Machine 3 (clock rate = 6) sending to Machine 1 logical clock value of 54 at 8.867s
2016-03-13 23:42:15,730 : Machine 3 (clock rate = 6) received message with lc value of 50 with queue size of 1 at 9.035s with logical clock of 55
2016-03-13 23:42:15,730 : Machine 3 (clock rate = 6) sending to Machine 1 logical clock value of 55 at 9.036s
2016-03-13 23:42:15,897 : Machine 3 (clock rate = 6) sending to Machine 1 logical clock value of 56 at 9.202s
2016-03-13 23:42:16,064 : Machine 3 (clock rate = 6) sending to Machine 1 logical clock value of 57 at 9.369s
2016-03-13 23:42:16,231 : Machine 3 (clock rate = 6) has internal event at 9.537s with logical clock value of 58
2016-03-13 23:42:16,399 : Machine 3 (clock rate = 6) has internal event at 9.704s with logical clock value of 59
2016-03-13 23:42:16,566 : Machine 3 (clock rate = 6) sending to Machine 1 logical clock value of 60 at 9.871s
2016-03-13 23:42:16,733 : Machine 3 (clock rate = 6) received message with lc value of 22 with queue size of 1 at 10.03s with logical clock of 61
2016-03-13 23:42:16,733 : Machine 3 (clock rate = 6) sending to Machine 1 logical clock value of 61 at 10.03s
2016-03-13 23:42:16,900 : Machine 3 (clock rate = 6) sending to Machine 1 logical clock value of 62 at 10.20s
2016-03-13 23:42:17,067 : Machine 3 (clock rate = 6) has internal event at 10.37s with logical clock value of 63
2016-03-13 23:42:17,235 : Machine 3 (clock rate = 6) sending to Machine 1 logical clock value of 64 at 10.54s
2016-03-13 23:42:17,402 : Machine 3 (clock rate = 6) has internal event at 10.70s with logical clock value of 65
2016-03-13 23:42:17,569 : Machine 3 (clock rate = 6) has internal event at 10.87s with logical clock value of 66
2016-03-13 23:42:17,736 : Machine 3 (clock rate = 6) has internal event at 11.04s with logical clock value of 67
2016-03-13 23:42:17,903 : Machine 3 (clock rate = 6) has internal event at 11.20s with logical clock value of 68
2016-03-13 23:42:18,070 : Machine 3 (clock rate = 6) has internal event at 11.37s with logical clock value of 69
2016-03-13 23:42:18,238 : Machine 3 (clock rate = 6) has internal event at 11.54s with logical clock value of 70
2016-03-13 23:42:18,406 : Machine 3 (clock rate = 6) has internal event at 11.71s with logical clock value of 71
2016-03-13 23:42:18,573 : Machine 3 (clock rate = 6) sending to Machine 1 logical clock value of 72 at 11.87s
2016-03-13 23:42:18,740 : Machine 3 (clock rate = 6) sending to Machine 1 logical clock value of 73 at 12.04s
2016-03-13 23:42:18,907 : Machine 3 (clock rate = 6) has internal event at 12.21s with logical clock value of 74
2016-03-13 23:42:19,075 : Machine 3 (clock rate = 6) sending to Machine 1 logical clock value of 75 at 12.38s
2016-03-13 23:42:19,242 : Machine 3 (clock rate = 6) sending to Machine 1 logical clock value of 76 at 12.54s
2016-03-13 23:42:19,409 : Machine 3 (clock rate = 6) received message with lc value of 76 with queue size of 1 at 12.71s with logical clock of 77
2016-03-13 23:42:19,410 : Machine 3 (clock rate = 6) sending to Machine 1 logical clock value of 77 at 12.71s
2016-03-13 23:42:19,576 : Machine 3 (clock rate = 6) has internal event at 12.88s with logical clock value of 78
2016-03-13 23:42:19,743 : Machine 3 (clock rate = 6) has internal event at 13.04s with logical clock value of 79
2016-03-13 23:42:19,910 : Machine 3 (clock rate = 6) has internal event at 13.21s with logical clock value of 80
2016-03-13 23:42:20,077 : Machine 3 (clock rate = 6) has internal event at 13.38s with logical clock value of 81
2016-03-13 23:42:20,245 : Machine 3 (clock rate = 6) sending to Machine 1 logical clock value of 82 at 13.55s
2016-03-13 23:42:20,413 : Machine 3 (clock rate = 6) sending to Machine 1 logical clock value of 83 at 13.71s
2016-03-13 23:42:20,580 : Machine 3 (clock rate = 6) has internal event at 13.88s with logical clock value of 84
2016-03-13 23:42:20,748 : Machine 3 (clock rate = 6) has internal event at 14.05s with logical clock value of 85
2016-03-13 23:42:20,915 : Machine 3 (clock rate = 6) sending to Machine 1 logical clock value of 86 at 14.22s
2016-03-13 23:42:21,082 : Machine 3 (clock rate = 6) sending to Machine 1 logical clock value of 87 at 14.38s
2016-03-13 23:42:21,250 : Machine 3 (clock rate = 6) sending to Machine 1 logical clock value of 88 at 14.55s
2016-03-13 23:42:21,417 : Machine 3 (clock rate = 6) has internal event at 14.72s with logical clock value of 89
2016-03-13 23:42:21,584 : Machine 3 (clock rate = 6) has internal event at 14.89s with logical clock value of 90
2016-03-13 23:42:21,752 : Machine 3 (clock rate = 6) received message with lc value of 38 with queue size of 1 at 15.05s with logical clock of 91
2016-03-13 23:42:21,752 : Machine 3 (clock rate = 6) has internal event at 15.05s with logical clock value of 91
2016-03-13 23:42:21,919 : Machine 3 (clock rate = 6) has internal event at 15.22s with logical clock value of 92
2016-03-13 23:42:22,087 : Machine 3 (clock rate = 6) sending to Machine 1 logical clock value of 93 at 15.39s
2016-03-13 23:42:22,255 : Machine 3 (clock rate = 6) sending to Machine 1 logical clock value of 94 at 15.56s
2016-03-13 23:42:22,422 : Machine 3 (clock rate = 6) has internal event at 15.72s with logical clock value of 95
2016-03-13 23:42:22,589 : Machine 3 (clock rate = 6) has internal event at 15.89s with logical clock value of 96
2016-03-13 23:42:22,757 : Machine 3 (clock rate = 6) sending to Machine 1 logical clock value of 97 at 16.06s
2016-03-13 23:42:22,924 : Machine 3 (clock rate = 6) has internal event at 16.22s with logical clock value of 98
2016-03-13 23:42:23,092 : Machine 3 (clock rate = 6) has internal event at 16.39s with logical clock value of 99
2016-03-13 23:42:23,259 : Machine 3 (clock rate = 6) has internal event at 16.56s with logical clock value of 100
2016-03-13 23:42:23,426 : Machine 3 (clock rate = 6) received message with lc value of 98 with queue size of 1 at 16.73s with logical clock of 101
2016-03-13 23:42:23,426 : Machine 3 (clock rate = 6) has internal event at 16.73s with logical clock value of 101
2016-03-13 23:42:23,593 : Machine 3 (clock rate = 6) sending to Machine 1 logical clock value of 102 at 16.89s
2016-03-13 23:42:23,761 : Machine 3 (clock rate = 6) has internal event at 17.06s with logical clock value of 103
2016-03-13 23:42:23,928 : Machine 3 (clock rate = 6) sending to Machine 1 logical clock value of 104 at 17.23s
2016-03-13 23:42:24,096 : Machine 3 (clock rate = 6) sending to Machine 1 logical clock value of 105 at 17.40s
2016-03-13 23:42:24,264 : Machine 3 (clock rate = 6) sending to Machine 1 logical clock value of 106 at 17.56s
2016-03-13 23:42:24,431 : Machine 3 (clock rate = 6) sending to Machine 1 logical clock value of 107 at 17.73s
2016-03-13 23:42:24,598 : Machine 3 (clock rate = 6) sending to Machine 1 logical clock value of 108 at 17.90s
2016-03-13 23:42:24,766 : Machine 3 (clock rate = 6) sending to Machine 1 logical clock value of 109 at 18.07s
2016-03-13 23:42:24,933 : Machine 3 (clock rate = 6) sending to Machine 1 logical clock value of 110 at 18.23s
2016-03-13 23:42:25,100 : Machine 3 (clock rate = 6) has internal event at 18.40s with logical clock value of 111
2016-03-13 23:42:25,267 : Machine 3 (clock rate = 6) has internal event at 18.57s with logical clock value of 112
2016-03-13 23:42:25,434 : Machine 3 (clock rate = 6) has internal event at 18.73s with logical clock value of 113
2016-03-13 23:42:25,602 : Machine 3 (clock rate = 6) sending to Machine 1 logical clock value of 114 at 18.90s
2016-03-13 23:42:25,769 : Machine 3 (clock rate = 6) sending to Machine 1 logical clock value of 115 at 19.07s
2016-03-13 23:42:25,937 : Machine 3 (clock rate = 6) sending to Machine 1 logical clock value of 116 at 19.24s
2016-03-13 23:42:26,104 : Machine 3 (clock rate = 6) sending to Machine 1 logical clock value of 117 at 19.40s
2016-03-13 23:42:26,272 : Machine 3 (clock rate = 6) sending to Machine 1 logical clock value of 118 at 19.57s
2016-03-13 23:42:26,439 : Machine 3 (clock rate = 6) has internal event at 19.74s with logical clock value of 119
2016-03-13 23:42:26,606 : Machine 3 (clock rate = 6) sending to Machine 1 logical clock value of 120 at 19.91s
2016-03-13 23:42:26,773 : Machine 3 (clock rate = 6) received message with lc value of 118 with queue size of 1 at 20.07s with logical clock of 121
2016-03-13 23:42:26,774 : Machine 3 (clock rate = 6) has internal event at 20.07s with logical clock value of 121
2016-03-13 23:42:26,940 : Machine 3 (clock rate = 6) sending to Machine 1 logical clock value of 122 at 20.24s
2016-03-13 23:42:27,107 : Machine 3 (clock rate = 6) has internal event at 20.41s with logical clock value of 123
2016-03-13 23:42:27,275 : Machine 3 (clock rate = 6) has internal event at 20.58s with logical clock value of 124
2016-03-13 23:42:27,442 : Machine 3 (clock rate = 6) sending to Machine 1 logical clock value of 125 at 20.74s
2016-03-13 23:42:27,610 : Machine 3 (clock rate = 6) has internal event at 20.91s with logical clock value of 126
2016-03-13 23:42:27,777 : Machine 3 (clock rate = 6) received message with lc value of 50 with queue size of 1 at 21.08s with logical clock of 127
2016-03-13 23:42:27,778 : Machine 3 (clock rate = 6) has internal event at 21.08s with logical clock value of 127
2016-03-13 23:42:27,945 : Machine 3 (clock rate = 6) sending to Machine 1 logical clock value of 128 at 21.25s
2016-03-13 23:42:28,112 : Machine 3 (clock rate = 6) has internal event at 21.41s with logical clock value of 129
2016-03-13 23:42:28,280 : Machine 3 (clock rate = 6) has internal event at 21.58s with logical clock value of 130
2016-03-13 23:42:28,447 : Machine 3 (clock rate = 6) has internal event at 21.75s with logical clock value of 131
2016-03-13 23:42:28,615 : Machine 3 (clock rate = 6) has internal event at 21.92s with logical clock value of 132
2016-03-13 23:42:28,782 : Machine 3 (clock rate = 6) sending to Machine 1 logical clock value of 133 at 22.08s
2016-03-13 23:42:28,949 : Machine 3 (clock rate = 6) sending to Machine 1 logical clock value of 134 at 22.25s
2016-03-13 23:42:29,116 : Machine 3 (clock rate = 6) sending to Machine 1 logical clock value of 135 at 22.42s
2016-03-13 23:42:29,283 : Machine 3 (clock rate = 6) sending to Machine 1 logical clock value of 136 at 22.58s
2016-03-13 23:42:29,451 : Machine 3 (clock rate = 6) has internal event at 22.75s with logical clock value of 137
2016-03-13 23:42:29,618 : Machine 3 (clock rate = 6) has internal event at 22.92s with logical clock value of 138
2016-03-13 23:42:29,799 : Machine 3 (clock rate = 6) has internal event at 23.10s with logical clock value of 139
2016-03-13 23:42:29,953 : Machine 3 (clock rate = 6) received message with lc value of 133 with queue size of 1 at 23.25s with logical clock of 140
2016-03-13 23:42:29,954 : Machine 3 (clock rate = 6) has internal event at 23.25s with logical clock value of 140
2016-03-13 23:42:30,121 : Machine 3 (clock rate = 6) sending to Machine 1 logical clock value of 141 at 23.42s
2016-03-13 23:42:30,287 : Machine 3 (clock rate = 6) sending to Machine 1 logical clock value of 142 at 23.59s
2016-03-13 23:42:30,454 : Machine 3 (clock rate = 6) has internal event at 23.76s with logical clock value of 143
2016-03-13 23:42:30,622 : Machine 3 (clock rate = 6) has internal event at 23.92s with logical clock value of 144
2016-03-13 23:42:30,789 : Machine 3 (clock rate = 6) received message with lc value of 55 with queue size of 1 at 24.09s with logical clock of 145
2016-03-13 23:42:30,790 : Machine 3 (clock rate = 6) has internal event at 24.09s with logical clock value of 145
2016-03-13 23:42:30,956 : Machine 3 (clock rate = 6) has internal event at 24.26s with logical clock value of 146
2016-03-13 23:42:31,123 : Machine 3 (clock rate = 6) has internal event at 24.42s with logical clock value of 147
2016-03-13 23:42:31,290 : Machine 3 (clock rate = 6) has internal event at 24.59s with logical clock value of 148
2016-03-13 23:42:31,458 : Machine 3 (clock rate = 6) has internal event at 24.76s with logical clock value of 149
2016-03-13 23:42:31,625 : Machine 3 (clock rate = 6) sending to Machine 1 logical clock value of 150 at 24.93s
2016-03-13 23:42:31,792 : Machine 3 (clock rate = 6) sending to Machine 1 logical clock value of 151 at 25.09s
2016-03-13 23:42:31,960 : Machine 3 (clock rate = 6) has internal event at 25.26s with logical clock value of 152
2016-03-13 23:42:32,127 : Machine 3 (clock rate = 6) has internal event at 25.43s with logical clock value of 153
2016-03-13 23:42:32,295 : Machine 3 (clock rate = 6) sending to Machine 1 logical clock value of 154 at 25.60s
2016-03-13 23:42:32,463 : Machine 3 (clock rate = 6) sending to Machine 1 logical clock value of 155 at 25.76s
2016-03-13 23:42:32,630 : Machine 3 (clock rate = 6) sending to Machine 1 logical clock value of 156 at 25.93s
2016-03-13 23:42:32,798 : Machine 3 (clock rate = 6) sending to Machine 1 logical clock value of 157 at 26.10s
2016-03-13 23:42:32,966 : Machine 3 (clock rate = 6) has internal event at 26.27s with logical clock value of 158
2016-03-13 23:42:33,133 : Machine 3 (clock rate = 6) received message with lc value of 156 with queue size of 1 at 26.43s with logical clock of 159
2016-03-13 23:42:33,134 : Machine 3 (clock rate = 6) sending to Machine 1 logical clock value of 159 at 26.43s
2016-03-13 23:42:33,301 : Machine 3 (clock rate = 6) sending to Machine 1 logical clock value of 160 at 26.60s
2016-03-13 23:42:33,468 : Machine 3 (clock rate = 6) has internal event at 26.77s with logical clock value of 161
2016-03-13 23:42:33,635 : Machine 3 (clock rate = 6) sending to Machine 1 logical clock value of 162 at 26.94s
2016-03-13 23:42:33,802 : Machine 3 (clock rate = 6) received message with lc value of 160 with queue size of 1 at 27.10s with logical clock of 163
2016-03-13 23:42:33,803 : Machine 3 (clock rate = 6) has internal event at 27.10s with logical clock value of 163
2016-03-13 23:42:33,970 : Machine 3 (clock rate = 6) sending to Machine 1 logical clock value of 164 at 27.27s
2016-03-13 23:42:34,137 : Machine 3 (clock rate = 6) has internal event at 27.44s with logical clock value of 165
2016-03-13 23:42:34,305 : Machine 3 (clock rate = 6) sending to Machine 1 logical clock value of 166 at 27.61s
2016-03-13 23:42:34,472 : Machine 3 (clock rate = 6) has internal event at 27.77s with logical clock value of 167
2016-03-13 23:42:34,640 : Machine 3 (clock rate = 6) sending to Machine 1 logical clock value of 168 at 27.94s
2016-03-13 23:42:34,807 : Machine 3 (clock rate = 6) sending to Machine 1 logical clock value of 169 at 28.11s
2016-03-13 23:42:34,975 : Machine 3 (clock rate = 6) has internal event at 28.28s with logical clock value of 170
2016-03-13 23:42:35,142 : Machine 3 (clock rate = 6) sending to Machine 1 logical clock value of 171 at 28.44s
2016-03-13 23:42:35,309 : Machine 3 (clock rate = 6) sending to Machine 1 logical clock value of 172 at 28.61s
2016-03-13 23:42:35,477 : Machine 3 (clock rate = 6) has internal event at 28.78s with logical clock value of 173
2016-03-13 23:42:35,644 : Machine 3 (clock rate = 6) sending to Machine 1 logical clock value of 174 at 28.94s
2016-03-13 23:42:35,812 : Machine 3 (clock rate = 6) received message with lc value of 172 with queue size of 1 at 29.11s with logical clock of 175
2016-03-13 23:42:35,813 : Machine 3 (clock rate = 6) sending to Machine 1 logical clock value of 175 at 29.11s
2016-03-13 23:42:35,979 : Machine 3 (clock rate = 6) sending to Machine 1 logical clock value of 176 at 29.28s
2016-03-13 23:42:36,147 : Machine 3 (clock rate = 6) received message with lc value of 175 with queue size of 1 at 29.45s with logical clock of 177
2016-03-13 23:42:36,148 : Machine 3 (clock rate = 6) sending to Machine 1 logical clock value of 177 at 29.45s
2016-03-13 23:42:36,315 : Machine 3 (clock rate = 6) has internal event at 29.62s with logical clock value of 178
2016-03-13 23:42:36,482 : Machine 3 (clock rate = 6) has internal event at 29.78s with logical clock value of 179
2016-03-13 23:42:36,650 : Machine 3 (clock rate = 6) has internal event at 29.95s with logical clock value of 180
2016-03-13 23:42:36,817 : Machine 3 (clock rate = 6) has internal event at 30.12s with logical clock value of 181
2016-03-13 23:42:36,985 : Machine 3 (clock rate = 6) sending to Machine 1 logical clock value of 182 at 30.29s
2016-03-13 23:42:37,153 : Machine 3 (clock rate = 6) received message with lc value of 182 with queue size of 1 at 30.45s with logical clock of 183
2016-03-13 23:42:37,153 : Machine 3 (clock rate = 6) has internal event at 30.45s with logical clock value of 183
2016-03-13 23:42:37,320 : Machine 3 (clock rate = 6) has internal event at 30.62s with logical clock value of 184
2016-03-13 23:42:37,487 : Machine 3 (clock rate = 6) sending to Machine 1 logical clock value of 185 at 30.79s
2016-03-13 23:42:37,654 : Machine 3 (clock rate = 6) sending to Machine 1 logical clock value of 186 at 30.96s
2016-03-13 23:42:37,821 : Machine 3 (clock rate = 6) received message with lc value of 185 with queue size of 1 at 31.12s with logical clock of 187
2016-03-13 23:42:37,822 : Machine 3 (clock rate = 6) has internal event at 31.12s with logical clock value of 187
2016-03-13 23:42:37,989 : Machine 3 (clock rate = 6) sending to Machine 1 logical clock value of 188 at 31.29s
2016-03-13 23:42:38,157 : Machine 3 (clock rate = 6) sending to Machine 1 logical clock value of 189 at 31.46s
2016-03-13 23:42:38,324 : Machine 3 (clock rate = 6) sending to Machine 1 logical clock value of 190 at 31.63s
2016-03-13 23:42:38,492 : Machine 3 (clock rate = 6) has internal event at 31.79s with logical clock value of 191
2016-03-13 23:42:38,660 : Machine 3 (clock rate = 6) has internal event at 31.96s with logical clock value of 192
2016-03-13 23:42:38,828 : Machine 3 (clock rate = 6) has internal event at 32.13s with logical clock value of 193
2016-03-13 23:42:38,995 : Machine 3 (clock rate = 6) sending to Machine 1 logical clock value of 194 at 32.30s
2016-03-13 23:42:39,163 : Machine 3 (clock rate = 6) sending to Machine 1 logical clock value of 195 at 32.46s
2016-03-13 23:42:39,330 : Machine 3 (clock rate = 6) has internal event at 32.63s with logical clock value of 196
2016-03-13 23:42:39,498 : Machine 3 (clock rate = 6) received message with lc value of 195 with queue size of 1 at 32.80s with logical clock of 197
2016-03-13 23:42:39,498 : Machine 3 (clock rate = 6) has internal event at 32.80s with logical clock value of 197
2016-03-13 23:42:39,664 : Machine 3 (clock rate = 6) has internal event at 32.97s with logical clock value of 198
2016-03-13 23:42:39,831 : Machine 3 (clock rate = 6) received message with lc value of 83 with queue size of 2 at 33.13s with logical clock of 199
2016-03-13 23:42:39,832 : Machine 3 (clock rate = 6) has internal event at 33.13s with logical clock value of 199
2016-03-13 23:42:39,998 : Machine 3 (clock rate = 6) received message with lc value of 196 with queue size of 1 at 33.30s with logical clock of 200
2016-03-13 23:42:39,999 : Machine 3 (clock rate = 6) sending to Machine 1 logical clock value of 200 at 33.30s
2016-03-13 23:42:40,166 : Machine 3 (clock rate = 6) sending to Machine 1 logical clock value of 201 at 33.47s
2016-03-13 23:42:40,334 : Machine 3 (clock rate = 6) has internal event at 33.63s with logical clock value of 202
2016-03-13 23:42:40,501 : Machine 3 (clock rate = 6) has internal event at 33.80s with logical clock value of 203
2016-03-13 23:42:40,669 : Machine 3 (clock rate = 6) has internal event at 33.97s with logical clock value of 204
2016-03-13 23:42:40,837 : Machine 3 (clock rate = 6) sending to Machine 1 logical clock value of 205 at 34.14s
2016-03-13 23:42:41,005 : Machine 3 (clock rate = 6) sending to Machine 1 logical clock value of 206 at 34.31s
2016-03-13 23:42:41,172 : Machine 3 (clock rate = 6) sending to Machine 1 logical clock value of 207 at 34.47s
2016-03-13 23:42:41,340 : Machine 3 (clock rate = 6) has internal event at 34.64s with logical clock value of 208
2016-03-13 23:42:41,507 : Machine 3 (clock rate = 6) has internal event at 34.81s with logical clock value of 209
2016-03-13 23:42:41,674 : Machine 3 (clock rate = 6) sending to Machine 1 logical clock value of 210 at 34.97s
2016-03-13 23:42:41,841 : Machine 3 (clock rate = 6) received message with lc value of 87 with queue size of 1 at 35.14s with logical clock of 211
2016-03-13 23:42:41,842 : Machine 3 (clock rate = 6) sending to Machine 1 logical clock value of 211 at 35.14s
2016-03-13 23:42:42,009 : Machine 3 (clock rate = 6) has internal event at 35.31s with logical clock value of 212
2016-03-13 23:42:42,176 : Machine 3 (clock rate = 6) has internal event at 35.48s with logical clock value of 213
2016-03-13 23:42:42,343 : Machine 3 (clock rate = 6) sending to Machine 1 logical clock value of 214 at 35.64s
2016-03-13 23:42:42,510 : Machine 3 (clock rate = 6) sending to Machine 1 logical clock value of 215 at 35.81s
2016-03-13 23:42:42,678 : Machine 3 (clock rate = 6) has internal event at 35.98s with logical clock value of 216
2016-03-13 23:42:42,846 : Machine 3 (clock rate = 6) sending to Machine 1 logical clock value of 217 at 36.15s
2016-03-13 23:42:43,014 : Machine 3 (clock rate = 6) has internal event at 36.31s with logical clock value of 218
2016-03-13 23:42:43,181 : Machine 3 (clock rate = 6) sending to Machine 1 logical clock value of 219 at 36.48s
2016-03-13 23:42:43,349 : Machine 3 (clock rate = 6) sending to Machine 1 logical clock value of 220 at 36.65s
2016-03-13 23:42:43,517 : Machine 3 (clock rate = 6) has internal event at 36.82s with logical clock value of 221
2016-03-13 23:42:43,685 : Machine 3 (clock rate = 6) sending to Machine 1 logical clock value of 222 at 36.99s
2016-03-13 23:42:43,852 : Machine 3 (clock rate = 6) has internal event at 37.15s with logical clock value of 223
2016-03-13 23:42:44,020 : Machine 3 (clock rate = 6) sending to Machine 1 logical clock value of 224 at 37.32s
2016-03-13 23:42:44,187 : Machine 3 (clock rate = 6) received message with lc value of 223 with queue size of 1 at 37.49s with logical clock of 225
2016-03-13 23:42:44,188 : Machine 3 (clock rate = 6) sending to Machine 1 logical clock value of 225 at 37.49s
2016-03-13 23:42:44,355 : Machine 3 (clock rate = 6) has internal event at 37.66s with logical clock value of 226
2016-03-13 23:42:44,523 : Machine 3 (clock rate = 6) received message with lc value of 224 with queue size of 1 at 37.82s with logical clock of 227
2016-03-13 23:42:44,524 : Machine 3 (clock rate = 6) sending to Machine 1 logical clock value of 227 at 37.82s
2016-03-13 23:42:44,690 : Machine 3 (clock rate = 6) sending to Machine 1 logical clock value of 228 at 37.99s
2016-03-13 23:42:44,857 : Machine 3 (clock rate = 6) has internal event at 38.16s with logical clock value of 229
2016-03-13 23:42:45,025 : Machine 3 (clock rate = 6) has internal event at 38.33s with logical clock value of 230
2016-03-13 23:42:45,192 : Machine 3 (clock rate = 6) has internal event at 38.49s with logical clock value of 231
2016-03-13 23:42:45,359 : Machine 3 (clock rate = 6) has internal event at 38.66s with logical clock value of 232
2016-03-13 23:42:45,527 : Machine 3 (clock rate = 6) received message with lc value of 227 with queue size of 1 at 38.83s with logical clock of 233
2016-03-13 23:42:45,528 : Machine 3 (clock rate = 6) sending to Machine 1 logical clock value of 233 at 38.83s
2016-03-13 23:42:45,694 : Machine 3 (clock rate = 6) has internal event at 38.99s with logical clock value of 234
2016-03-13 23:42:45,862 : Machine 3 (clock rate = 6) sending to Machine 1 logical clock value of 235 at 39.16s
2016-03-13 23:42:46,030 : Machine 3 (clock rate = 6) sending to Machine 1 logical clock value of 236 at 39.33s
2016-03-13 23:42:46,197 : Machine 3 (clock rate = 6) received message with lc value of 235 with queue size of 1 at 39.50s with logical clock of 237
2016-03-13 23:42:46,197 : Machine 3 (clock rate = 6) has internal event at 39.50s with logical clock value of 237
2016-03-13 23:42:46,363 : Machine 3 (clock rate = 6) has internal event at 39.66s with logical clock value of 238
2016-03-13 23:42:46,530 : Machine 3 (clock rate = 6) sending to Machine 1 logical clock value of 239 at 39.83s
2016-03-13 23:42:46,698 : Machine 3 (clock rate = 6) has internal event at 40.00s with logical clock value of 240
2016-03-13 23:42:46,865 : Machine 3 (clock rate = 6) received message with lc value of 239 with queue size of 1 at 40.17s with logical clock of 241
2016-03-13 23:42:46,866 : Machine 3 (clock rate = 6) has internal event at 40.17s with logical clock value of 241
2016-03-13 23:42:47,033 : Machine 3 (clock rate = 6) has internal event at 40.33s with logical clock value of 242
2016-03-13 23:42:47,201 : Machine 3 (clock rate = 6) sending to Machine 1 logical clock value of 243 at 40.50s
2016-03-13 23:42:47,368 : Machine 3 (clock rate = 6) has internal event at 40.67s with logical clock value of 244
2016-03-13 23:42:47,535 : Machine 3 (clock rate = 6) has internal event at 40.84s with logical clock value of 245
2016-03-13 23:42:47,703 : Machine 3 (clock rate = 6) sending to Machine 1 logical clock value of 246 at 41.00s
2016-03-13 23:42:47,870 : Machine 3 (clock rate = 6) received message with lc value of 246 with queue size of 1 at 41.17s with logical clock of 247
2016-03-13 23:42:47,870 : Machine 3 (clock rate = 6) has internal event at 41.17s with logical clock value of 247
2016-03-13 23:42:48,038 : Machine 3 (clock rate = 6) has internal event at 41.34s with logical clock value of 248
2016-03-13 23:42:48,205 : Machine 3 (clock rate = 6) received message with lc value of 247 with queue size of 1 at 41.51s with logical clock of 249
2016-03-13 23:42:48,206 : Machine 3 (clock rate = 6) has internal event at 41.51s with logical clock value of 249
2016-03-13 23:42:48,372 : Machine 3 (clock rate = 6) has internal event at 41.67s with logical clock value of 250
2016-03-13 23:42:48,540 : Machine 3 (clock rate = 6) sending to Machine 1 logical clock value of 251 at 41.84s
2016-03-13 23:42:48,708 : Machine 3 (clock rate = 6) sending to Machine 1 logical clock value of 252 at 42.01s
2016-03-13 23:42:48,875 : Machine 3 (clock rate = 6) sending to Machine 1 logical clock value of 253 at 42.18s
2016-03-13 23:42:49,042 : Machine 3 (clock rate = 6) sending to Machine 1 logical clock value of 254 at 42.34s
2016-03-13 23:42:49,209 : Machine 3 (clock rate = 6) received message with lc value of 254 with queue size of 1 at 42.51s with logical clock of 255
2016-03-13 23:42:49,210 : Machine 3 (clock rate = 6) sending to Machine 1 logical clock value of 255 at 42.51s
2016-03-13 23:42:49,377 : Machine 3 (clock rate = 6) has internal event at 42.68s with logical clock value of 256
2016-03-13 23:42:49,544 : Machine 3 (clock rate = 6) has internal event at 42.84s with logical clock value of 257
2016-03-13 23:42:49,711 : Machine 3 (clock rate = 6) sending to Machine 1 logical clock value of 258 at 43.01s
2016-03-13 23:42:49,878 : Machine 3 (clock rate = 6) received message with lc value of 109 with queue size of 2 at 43.18s with logical clock of 259
2016-03-13 23:42:49,879 : Machine 3 (clock rate = 6) has internal event at 43.18s with logical clock value of 259
2016-03-13 23:42:50,046 : Machine 3 (clock rate = 6) received message with lc value of 256 with queue size of 1 at 43.35s with logical clock of 260
2016-03-13 23:42:50,046 : Machine 3 (clock rate = 6) sending to Machine 1 logical clock value of 260 at 43.35s
2016-03-13 23:42:50,214 : Machine 3 (clock rate = 6) received message with lc value of 257 with queue size of 1 at 43.51s with logical clock of 261
2016-03-13 23:42:50,215 : Machine 3 (clock rate = 6) sending to Machine 1 logical clock value of 261 at 43.52s
2016-03-13 23:42:50,381 : Machine 3 (clock rate = 6) has internal event at 43.68s with logical clock value of 262
2016-03-13 23:42:50,548 : Machine 3 (clock rate = 6) has internal event at 43.85s with logical clock value of 263
2016-03-13 23:42:50,716 : Machine 3 (clock rate = 6) has internal event at 44.02s with logical clock value of 264
2016-03-13 23:42:50,883 : Machine 3 (clock rate = 6) received message with lc value of 110 with queue size of 1 at 44.18s with logical clock of 265
2016-03-13 23:42:50,883 : Machine 3 (clock rate = 6) sending to Machine 1 logical clock value of 265 at 44.18s
2016-03-13 23:42:51,050 : Machine 3 (clock rate = 6) sending to Machine 1 logical clock value of 266 at 44.35s
2016-03-13 23:42:51,217 : Machine 3 (clock rate = 6) sending to Machine 1 logical clock value of 267 at 44.52s
2016-03-13 23:42:51,385 : Machine 3 (clock rate = 6) sending to Machine 1 logical clock value of 268 at 44.69s
2016-03-13 23:42:51,552 : Machine 3 (clock rate = 6) received message with lc value of 266 with queue size of 1 at 44.85s with logical clock of 269
2016-03-13 23:42:51,553 : Machine 3 (clock rate = 6) has internal event at 44.85s with logical clock value of 269
2016-03-13 23:42:51,719 : Machine 3 (clock rate = 6) sending to Machine 1 logical clock value of 270 at 45.02s
2016-03-13 23:42:51,886 : Machine 3 (clock rate = 6) received message with lc value of 267 with queue size of 1 at 45.19s with logical clock of 271
2016-03-13 23:42:51,887 : Machine 3 (clock rate = 6) has internal event at 45.19s with logical clock value of 271
2016-03-13 23:42:52,053 : Machine 3 (clock rate = 6) sending to Machine 1 logical clock value of 272 at 45.35s
2016-03-13 23:42:52,220 : Machine 3 (clock rate = 6) received message with lc value of 268 with queue size of 1 at 45.52s with logical clock of 273
2016-03-13 23:42:52,221 : Machine 3 (clock rate = 6) has internal event at 45.52s with logical clock value of 273
2016-03-13 23:42:52,388 : Machine 3 (clock rate = 6) sending to Machine 1 logical clock value of 274 at 45.69s
2016-03-13 23:42:52,555 : Machine 3 (clock rate = 6) received message with lc value of 272 with queue size of 1 at 45.86s with logical clock of 275
2016-03-13 23:42:52,556 : Machine 3 (clock rate = 6) has internal event at 45.86s with logical clock value of 275
2016-03-13 23:42:52,723 : Machine 3 (clock rate = 6) sending to Machine 1 logical clock value of 276 at 46.02s
2016-03-13 23:42:52,890 : Machine 3 (clock rate = 6) sending to Machine 1 logical clock value of 277 at 46.19s
2016-03-13 23:42:53,057 : Machine 3 (clock rate = 6) sending to Machine 1 logical clock value of 278 at 46.36s
2016-03-13 23:42:53,224 : Machine 3 (clock rate = 6) has internal event at 46.53s with logical clock value of 279
2016-03-13 23:42:53,392 : Machine 3 (clock rate = 6) has internal event at 46.69s with logical clock value of 280
2016-03-13 23:42:53,559 : Machine 3 (clock rate = 6) sending to Machine 1 logical clock value of 281 at 46.86s
2016-03-13 23:42:53,727 : Machine 3 (clock rate = 6) sending to Machine 1 logical clock value of 282 at 47.03s
2016-03-13 23:42:53,895 : Machine 3 (clock rate = 6) received message with lc value of 278 with queue size of 1 at 47.20s with logical clock of 283
2016-03-13 23:42:53,895 : Machine 3 (clock rate = 6) sending to Machine 1 logical clock value of 283 at 47.20s
2016-03-13 23:42:54,062 : Machine 3 (clock rate = 6) sending to Machine 1 logical clock value of 284 at 47.36s
2016-03-13 23:42:54,229 : Machine 3 (clock rate = 6) has internal event at 47.53s with logical clock value of 285
2016-03-13 23:42:54,397 : Machine 3 (clock rate = 6) sending to Machine 1 logical clock value of 286 at 47.70s
2016-03-13 23:42:54,564 : Machine 3 (clock rate = 6) sending to Machine 1 logical clock value of 287 at 47.87s
2016-03-13 23:42:54,732 : Machine 3 (clock rate = 6) has internal event at 48.03s with logical clock value of 288
2016-03-13 23:42:54,899 : Machine 3 (clock rate = 6) received message with lc value of 287 with queue size of 1 at 48.20s with logical clock of 289
2016-03-13 23:42:54,900 : Machine 3 (clock rate = 6) has internal event at 48.20s with logical clock value of 289
2016-03-13 23:42:55,067 : Machine 3 (clock rate = 6) has internal event at 48.37s with logical clock value of 290
2016-03-13 23:42:55,234 : Machine 3 (clock rate = 6) sending to Machine 1 logical clock value of 291 at 48.53s
2016-03-13 23:42:55,402 : Machine 3 (clock rate = 6) sending to Machine 1 logical clock value of 292 at 48.70s
2016-03-13 23:42:55,569 : Machine 3 (clock rate = 6) has internal event at 48.87s with logical clock value of 293
2016-03-13 23:42:55,737 : Machine 3 (clock rate = 6) received message with lc value of 128 with queue size of 1 at 49.04s with logical clock of 294
2016-03-13 23:42:55,737 : Machine 3 (clock rate = 6) sending to Machine 1 logical clock value of 294 at 49.04s
2016-03-13 23:42:55,904 : Machine 3 (clock rate = 6) received message with lc value of 294 with queue size of 1 at 49.20s with logical clock of 295
2016-03-13 23:42:55,905 : Machine 3 (clock rate = 6) sending to Machine 1 logical clock value of 295 at 49.21s
2016-03-13 23:42:56,072 : Machine 3 (clock rate = 6) sending to Machine 1 logical clock value of 296 at 49.37s
2016-03-13 23:42:56,239 : Machine 3 (clock rate = 6) sending to Machine 1 logical clock value of 297 at 49.54s
2016-03-13 23:42:56,406 : Machine 3 (clock rate = 6) sending to Machine 1 logical clock value of 298 at 49.71s
2016-03-13 23:42:56,573 : Machine 3 (clock rate = 6) sending to Machine 1 logical clock value of 299 at 49.87s
2016-03-13 23:42:56,741 : Machine 3 (clock rate = 6) sending to Machine 1 logical clock value of 300 at 50.04s
2016-03-13 23:42:56,908 : Machine 3 (clock rate = 6) received message with lc value of 299 with queue size of 1 at 50.21s with logical clock of 301
2016-03-13 23:42:56,909 : Machine 3 (clock rate = 6) has internal event at 50.21s with logical clock value of 301
2016-03-13 23:42:57,075 : Machine 3 (clock rate = 6) sending to Machine 1 logical clock value of 302 at 50.38s
2016-03-13 23:42:57,243 : Machine 3 (clock rate = 6) received message with lc value of 300 with queue size of 1 at 50.54s with logical clock of 303
2016-03-13 23:42:57,244 : Machine 3 (clock rate = 6) has internal event at 50.54s with logical clock value of 303
2016-03-13 23:42:57,411 : Machine 3 (clock rate = 6) sending to Machine 1 logical clock value of 304 at 50.71s
2016-03-13 23:42:57,578 : Machine 3 (clock rate = 6) sending to Machine 1 logical clock value of 305 at 50.88s
2016-03-13 23:42:57,745 : Machine 3 (clock rate = 6) sending to Machine 1 logical clock value of 306 at 51.05s
2016-03-13 23:42:57,913 : Machine 3 (clock rate = 6) sending to Machine 1 logical clock value of 307 at 51.21s
2016-03-13 23:42:58,081 : Machine 3 (clock rate = 6) sending to Machine 1 logical clock value of 308 at 51.38s
2016-03-13 23:42:58,248 : Machine 3 (clock rate = 6) has internal event at 51.55s with logical clock value of 309
2016-03-13 23:42:58,415 : Machine 3 (clock rate = 6) sending to Machine 1 logical clock value of 310 at 51.72s
2016-03-13 23:42:58,583 : Machine 3 (clock rate = 6) has internal event at 51.88s with logical clock value of 311
2016-03-13 23:42:58,750 : Machine 3 (clock rate = 6) has internal event at 52.05s with logical clock value of 312
2016-03-13 23:42:58,917 : Machine 3 (clock rate = 6) sending to Machine 1 logical clock value of 313 at 52.22s
2016-03-13 23:42:59,084 : Machine 3 (clock rate = 6) has internal event at 52.38s with logical clock value of 314
2016-03-13 23:42:59,251 : Machine 3 (clock rate = 6) has internal event at 52.55s with logical clock value of 315
2016-03-13 23:42:59,418 : Machine 3 (clock rate = 6) sending to Machine 1 logical clock value of 316 at 52.72s
2016-03-13 23:42:59,585 : Machine 3 (clock rate = 6) has internal event at 52.89s with logical clock value of 317
2016-03-13 23:42:59,753 : Machine 3 (clock rate = 6) has internal event at 53.05s with logical clock value of 318
2016-03-13 23:42:59,920 : Machine 3 (clock rate = 6) sending to Machine 1 logical clock value of 319 at 53.22s
2016-03-13 23:43:00,087 : Machine 3 (clock rate = 6) sending to Machine 1 logical clock value of 320 at 53.39s
2016-03-13 23:43:00,254 : Machine 3 (clock rate = 6) received message with lc value of 320 with queue size of 1 at 53.55s with logical clock of 321
2016-03-13 23:43:00,255 : Machine 3 (clock rate = 6) sending to Machine 1 logical clock value of 321 at 53.56s
2016-03-13 23:43:00,422 : Machine 3 (clock rate = 6) sending to Machine 1 logical clock value of 322 at 53.72s
2016-03-13 23:43:00,589 : Machine 3 (clock rate = 6) has internal event at 53.89s with logical clock value of 323
2016-03-13 23:43:00,756 : Machine 3 (clock rate = 6) has internal event at 54.06s with logical clock value of 324
2016-03-13 23:43:00,924 : Machine 3 (clock rate = 6) received message with lc value of 322 with queue size of 1 at 54.22s with logical clock of 325
2016-03-13 23:43:00,925 : Machine 3 (clock rate = 6) has internal event at 54.23s with logical clock value of 325
2016-03-13 23:43:01,091 : Machine 3 (clock rate = 6) sending to Machine 1 logical clock value of 326 at 54.39s
2016-03-13 23:43:01,258 : Machine 3 (clock rate = 6) sending to Machine 1 logical clock value of 327 at 54.56s
2016-03-13 23:43:01,425 : Machine 3 (clock rate = 6) has internal event at 54.73s with logical clock value of 328
2016-03-13 23:43:01,592 : Machine 3 (clock rate = 6) sending to Machine 1 logical clock value of 329 at 54.89s
2016-03-13 23:43:01,760 : Machine 3 (clock rate = 6) has internal event at 55.06s with logical clock value of 330
2016-03-13 23:43:01,928 : Machine 3 (clock rate = 6) sending to Machine 1 logical clock value of 331 at 55.23s
2016-03-13 23:43:02,096 : Machine 3 (clock rate = 6) has internal event at 55.40s with logical clock value of 332
2016-03-13 23:43:02,263 : Machine 3 (clock rate = 6) has internal event at 55.56s with logical clock value of 333
2016-03-13 23:43:02,431 : Machine 3 (clock rate = 6) has internal event at 55.73s with logical clock value of 334
2016-03-13 23:43:02,598 : Machine 3 (clock rate = 6) has internal event at 55.90s with logical clock value of 335
2016-03-13 23:43:02,765 : Machine 3 (clock rate = 6) has internal event at 56.07s with logical clock value of 336
2016-03-13 23:43:02,932 : Machine 3 (clock rate = 6) received message with lc value of 332 with queue size of 1 at 56.23s with logical clock of 337
2016-03-13 23:43:02,933 : Machine 3 (clock rate = 6) sending to Machine 1 logical clock value of 337 at 56.23s
2016-03-13 23:43:03,100 : Machine 3 (clock rate = 6) has internal event at 56.40s with logical clock value of 338
2016-03-13 23:43:03,268 : Machine 3 (clock rate = 6) has internal event at 56.57s with logical clock value of 339
2016-03-13 23:43:03,435 : Machine 3 (clock rate = 6) sending to Machine 1 logical clock value of 340 at 56.74s
2016-03-13 23:43:03,602 : Machine 3 (clock rate = 6) has internal event at 56.90s with logical clock value of 341
2016-03-13 23:43:03,770 : Machine 3 (clock rate = 6) received message with lc value of 144 with queue size of 1 at 57.07s with logical clock of 342
2016-03-13 23:43:03,771 : Machine 3 (clock rate = 6) has internal event at 57.07s with logical clock value of 342
2016-03-13 23:43:03,938 : Machine 3 (clock rate = 6) sending to Machine 1 logical clock value of 343 at 57.24s
2016-03-13 23:43:04,105 : Machine 3 (clock rate = 6) has internal event at 57.41s with logical clock value of 344
2016-03-13 23:43:04,273 : Machine 3 (clock rate = 6) has internal event at 57.57s with logical clock value of 345
2016-03-13 23:43:04,441 : Machine 3 (clock rate = 6) has internal event at 57.74s with logical clock value of 346
2016-03-13 23:43:04,608 : Machine 3 (clock rate = 6) sending to Machine 1 logical clock value of 347 at 57.91s
2016-03-13 23:43:04,775 : Machine 3 (clock rate = 6) sending to Machine 1 logical clock value of 348 at 58.08s
2016-03-13 23:43:04,943 : Machine 3 (clock rate = 6) sending to Machine 1 logical clock value of 349 at 58.24s
2016-03-13 23:43:05,110 : Machine 3 (clock rate = 6) has internal event at 58.41s with logical clock value of 350
2016-03-13 23:43:05,278 : Machine 3 (clock rate = 6) sending to Machine 1 logical clock value of 351 at 58.58s
2016-03-13 23:43:05,446 : Machine 3 (clock rate = 6) sending to Machine 1 logical clock value of 352 at 58.75s
2016-03-13 23:43:05,613 : Machine 3 (clock rate = 6) has internal event at 58.91s with logical clock value of 353
2016-03-13 23:43:05,781 : Machine 3 (clock rate = 6) received message with lc value of 146 with queue size of 1 at 59.08s with logical clock of 354
2016-03-13 23:43:05,781 : Machine 3 (clock rate = 6) sending to Machine 1 logical clock value of 354 at 59.08s
2016-03-13 23:43:05,949 : Machine 3 (clock rate = 6) sending to Machine 1 logical clock value of 355 at 59.25s
2016-03-13 23:43:06,115 : Machine 3 (clock rate = 6) sending to Machine 1 logical clock value of 356 at 59.42s
2016-03-13 23:43:06,283 : Machine 3 (clock rate = 6) has internal event at 59.58s with logical clock value of 357
2016-03-13 23:43:06,450 : Machine 3 (clock rate = 6) sending to Machine 1 logical clock value of 358 at 59.75s
2016-03-13 23:43:06,618 : Machine 3 (clock rate = 6) received message with lc value of 356 with queue size of 1 at 59.92s with logical clock of 359
2016-03-13 23:43:06,619 : Machine 3 (clock rate = 6) sending to Machine 1 logical clock value of 359 at 59.92s
2016-03-13 23:43:06,785 : Machine 3 (clock rate = 6) has internal event at 60.09s with logical clock value of 360
