2016-03-13 23:40:42,526 : Process: 3, PID: 25326
2016-03-13 23:40:42,527 : Machine 3 (clock rate = 6) sending to Machine 1 logical clock value of 1 at 0.001s
2016-03-13 23:40:42,694 : Machine 3 (clock rate = 6) has internal event at 0.168s with logical clock value of 2
2016-03-13 23:40:42,861 : Machine 3 (clock rate = 6) sending to Machine 1 logical clock value of 3 at 0.335s
2016-03-13 23:40:43,028 : Machine 3 (clock rate = 6) sending to Machine 1 logical clock value of 4 at 0.503s
2016-03-13 23:40:43,196 : Machine 3 (clock rate = 6) sending to Machine 1 logical clock value of 5 at 0.670s
2016-03-13 23:40:43,363 : Machine 3 (clock rate = 6) sending to Machine 1 logical clock value of 6 at 0.837s
2016-03-13 23:40:43,530 : Machine 3 (clock rate = 6) received message with lc value of 3 with queue size of 1 at 1.004s with logical clock of 7
2016-03-13 23:40:43,531 : Machine 3 (clock rate = 6) sending to Machine 1 logical clock value of 7 at 1.005s
2016-03-13 23:40:43,698 : Machine 3 (clock rate = 6) has internal event at 1.172s with logical clock value of 8
2016-03-13 23:40:43,865 : Machine 3 (clock rate = 6) sending to Machine 1 logical clock value of 9 at 1.340s
2016-03-13 23:40:44,033 : Machine 3 (clock rate = 6) has internal event at 1.507s with logical clock value of 10
2016-03-13 23:40:44,200 : Machine 3 (clock rate = 6) sending to Machine 1 logical clock value of 11 at 1.674s
2016-03-13 23:40:44,367 : Machine 3 (clock rate = 6) sending to Machine 1 logical clock value of 12 at 1.841s
2016-03-13 23:40:44,535 : Machine 3 (clock rate = 6) received message with lc value of 4 with queue size of 2 at 2.009s with logical clock of 13
2016-03-13 23:40:44,535 : Machine 3 (clock rate = 6) sending to Machine 1 logical clock value of 13 at 2.009s
2016-03-13 23:40:44,703 : Machine 3 (clock rate = 6) received message with lc value of 10 with queue size of 1 at 2.177s with logical clock of 14
2016-03-13 23:40:44,703 : Machine 3 (clock rate = 6) sending to Machine 1 logical clock value of 14 at 2.178s
2016-03-13 23:40:44,870 : Machine 3 (clock rate = 6) has internal event at 2.344s with logical clock value of 15
2016-03-13 23:40:45,038 : Machine 3 (clock rate = 6) has internal event at 2.512s with logical clock value of 16
2016-03-13 23:40:45,205 : Machine 3 (clock rate = 6) has internal event at 2.679s with logical clock value of 17
2016-03-13 23:40:45,372 : Machine 3 (clock rate = 6) sending to Machine 1 logical clock value of 18 at 2.846s
2016-03-13 23:40:45,540 : Machine 3 (clock rate = 6) received message with lc value of 16 with queue size of 1 at 3.014s with logical clock of 19
2016-03-13 23:40:45,541 : Machine 3 (clock rate = 6) sending to Machine 1 logical clock value of 19 at 3.015s
2016-03-13 23:40:45,707 : Machine 3 (clock rate = 6) sending to Machine 1 logical clock value of 20 at 3.182s
2016-03-13 23:40:45,875 : Machine 3 (clock rate = 6) has internal event at 3.349s with logical clock value of 21
2016-03-13 23:40:46,042 : Machine 3 (clock rate = 6) sending to Machine 1 logical clock value of 22 at 3.517s
2016-03-13 23:40:46,210 : Machine 3 (clock rate = 6) received message with lc value of 20 with queue size of 1 at 3.684s with logical clock of 23
2016-03-13 23:40:46,210 : Machine 3 (clock rate = 6) sending to Machine 1 logical clock value of 23 at 3.684s
2016-03-13 23:40:46,377 : Machine 3 (clock rate = 6) has internal event at 3.851s with logical clock value of 24
2016-03-13 23:40:46,544 : Machine 3 (clock rate = 6) received message with lc value of 7 with queue size of 1 at 4.018s with logical clock of 25
2016-03-13 23:40:46,545 : Machine 3 (clock rate = 6) sending to Machine 1 logical clock value of 25 at 4.019s
2016-03-13 23:40:46,712 : Machine 3 (clock rate = 6) has internal event at 4.186s with logical clock value of 26
2016-03-13 23:40:46,879 : Machine 3 (clock rate = 6) received message with lc value of 24 with queue size of 1 at 4.353s with logical clock of 27
2016-03-13 23:40:46,880 : Machine 3 (clock rate = 6) sending to Machine 1 logical clock value of 27 at 4.354s
2016-03-13 23:40:47,047 : Machine 3 (clock rate = 6) sending to Machine 1 logical clock value of 28 at 4.521s
2016-03-13 23:40:47,214 : Machine 3 (clock rate = 6) received message with lc value of 28 with queue size of 1 at 4.688s with logical clock of 29
2016-03-13 23:40:47,214 : Machine 3 (clock rate = 6) sending to Machine 1 logical clock value of 29 at 4.688s
2016-03-13 23:40:47,382 : Machine 3 (clock rate = 6) sending to Machine 1 logical clock value of 30 at 4.856s
2016-03-13 23:40:47,549 : Machine 3 (clock rate = 6) received message with lc value of 8 with queue size of 1 at 5.023s with logical clock of 31
2016-03-13 23:40:47,550 : Machine 3 (clock rate = 6) sending to Machine 1 logical clock value of 31 at 5.024s
2016-03-13 23:40:47,716 : Machine 3 (clock rate = 6) sending to Machine 1 logical clock value of 32 at 5.190s
2016-03-13 23:40:47,884 : Machine 3 (clock rate = 6) received message with lc value of 31 with queue size of 1 at 5.358s with logical clock of 33
2016-03-13 23:40:47,884 : Machine 3 (clock rate = 6) sending to Machine 1 logical clock value of 33 at 5.358s
2016-03-13 23:40:48,050 : Machine 3 (clock rate = 6) has internal event at 5.525s with logical clock value of 34
2016-03-13 23:40:48,218 : Machine 3 (clock rate = 6) received message with lc value of 33 with queue size of 1 at 5.692s with logical clock of 35
2016-03-13 23:40:48,219 : Machine 3 (clock rate = 6) sending to Machine 1 logical clock value of 35 at 5.693s
2016-03-13 23:40:48,385 : Machine 3 (clock rate = 6) sending to Machine 1 logical clock value of 36 at 5.859s
2016-03-13 23:40:48,553 : Machine 3 (clock rate = 6) has internal event at 6.027s with logical clock value of 37
2016-03-13 23:40:48,720 : Machine 3 (clock rate = 6) sending to Machine 1 logical clock value of 38 at 6.194s
2016-03-13 23:40:48,887 : Machine 3 (clock rate = 6) sending to Machine 1 logical clock value of 39 at 6.361s
2016-03-13 23:40:49,054 : Machine 3 (clock rate = 6) sending to Machine 1 logical clock value of 40 at 6.528s
2016-03-13 23:40:49,221 : Machine 3 (clock rate = 6) has internal event at 6.696s with logical clock value of 41
2016-03-13 23:40:49,389 : Machine 3 (clock rate = 6) sending to Machine 1 logical clock value of 42 at 6.863s
2016-03-13 23:40:49,556 : Machine 3 (clock rate = 6) received message with lc value of 11 with queue size of 1 at 7.031s with logical clock of 43
2016-03-13 23:40:49,557 : Machine 3 (clock rate = 6) sending to Machine 1 logical clock value of 43 at 7.031s
2016-03-13 23:40:49,723 : Machine 3 (clock rate = 6) has internal event at 7.197s with logical clock value of 44
2016-03-13 23:40:49,891 : Machine 3 (clock rate = 6) sending to Machine 1 logical clock value of 45 at 7.365s
2016-03-13 23:40:50,058 : Machine 3 (clock rate = 6) has internal event at 7.532s with logical clock value of 46
2016-03-13 23:40:50,225 : Machine 3 (clock rate = 6) sending to Machine 1 logical clock value of 47 at 7.699s
2016-03-13 23:40:50,392 : Machine 3 (clock rate = 6) sending to Machine 1 logical clock value of 48 at 7.866s
2016-03-13 23:40:50,560 : Machine 3 (clock rate = 6) received message with lc value of 46 with queue size of 1 at 8.034s with logical clock of 49
2016-03-13 23:40:50,560 : Machine 3 (clock rate = 6) sending to Machine 1 logical clock value of 49 at 8.034s
2016-03-13 23:40:50,727 : Machine 3 (clock rate = 6) sending to Machine 1 logical clock value of 50 at 8.201s
2016-03-13 23:40:50,894 : Machine 3 (clock rate = 6) sending to Machine 1 logical clock value of 51 at 8.368s
2016-03-13 23:40:51,061 : Machine 3 (clock rate = 6) has internal event at 8.535s with logical clock value of 52
2016-03-13 23:40:51,228 : Machine 3 (clock rate = 6) sending to Machine 1 logical clock value of 53 at 8.702s
2016-03-13 23:40:51,396 : Machine 3 (clock rate = 6) sending to Machine 1 logical clock value of 54 at 8.870s
2016-03-13 23:40:51,564 : Machine 3 (clock rate = 6) received message with lc value of 53 with queue size of 1 at 9.038s with logical clock of 55
2016-03-13 23:40:51,565 : Machine 3 (clock rate = 6) sending to Machine 1 logical clock value of 55 at 9.039s
2016-03-13 23:40:51,731 : Machine 3 (clock rate = 6) sending to Machine 1 logical clock value of 56 at 9.205s
2016-03-13 23:40:51,898 : Machine 3 (clock rate = 6) sending to Machine 1 logical clock value of 57 at 9.372s
2016-03-13 23:40:52,065 : Machine 3 (clock rate = 6) sending to Machine 1 logical clock value of 58 at 9.539s
2016-03-13 23:40:52,233 : Machine 3 (clock rate = 6) sending to Machine 1 logical clock value of 59 at 9.707s
2016-03-13 23:40:52,401 : Machine 3 (clock rate = 6) sending to Machine 1 logical clock value of 60 at 9.875s
2016-03-13 23:40:52,568 : Machine 3 (clock rate = 6) sending to Machine 1 logical clock value of 61 at 10.04s
2016-03-13 23:40:52,736 : Machine 3 (clock rate = 6) has internal event at 10.21s with logical clock value of 62
2016-03-13 23:40:52,903 : Machine 3 (clock rate = 6) received message with lc value of 58 with queue size of 1 at 10.37s with logical clock of 63
2016-03-13 23:40:52,903 : Machine 3 (clock rate = 6) sending to Machine 1 logical clock value of 63 at 10.37s
2016-03-13 23:40:53,070 : Machine 3 (clock rate = 6) sending to Machine 1 logical clock value of 64 at 10.54s
2016-03-13 23:40:53,238 : Machine 3 (clock rate = 6) received message with lc value of 60 with queue size of 1 at 10.71s with logical clock of 65
2016-03-13 23:40:53,238 : Machine 3 (clock rate = 6) sending to Machine 1 logical clock value of 65 at 10.71s
2016-03-13 23:40:53,405 : Machine 3 (clock rate = 6) has internal event at 10.87s with logical clock value of 66
2016-03-13 23:40:53,572 : Machine 3 (clock rate = 6) received message with lc value of 61 with queue size of 1 at 11.04s with logical clock of 67
2016-03-13 23:40:53,573 : Machine 3 (clock rate = 6) has internal event at 11.04s with logical clock value of 67
2016-03-13 23:40:53,739 : Machine 3 (clock rate = 6) sending to Machine 1 logical clock value of 68 at 11.21s
2016-03-13 23:40:53,907 : Machine 3 (clock rate = 6) received message with lc value of 62 with queue size of 1 at 11.38s with logical clock of 69
2016-03-13 23:40:53,908 : Machine 3 (clock rate = 6) sending to Machine 1 logical clock value of 69 at 11.38s
2016-03-13 23:40:54,075 : Machine 3 (clock rate = 6) sending to Machine 1 logical clock value of 70 at 11.54s
2016-03-13 23:40:54,242 : Machine 3 (clock rate = 6) has internal event at 11.71s with logical clock value of 71
2016-03-13 23:40:54,410 : Machine 3 (clock rate = 6) has internal event at 11.88s with logical clock value of 72
2016-03-13 23:40:54,578 : Machine 3 (clock rate = 6) received message with lc value of 18 with queue size of 1 at 12.05s with logical clock of 73
2016-03-13 23:40:54,578 : Machine 3 (clock rate = 6) has internal event at 12.05s with logical clock value of 73
2016-03-13 23:40:54,745 : Machine 3 (clock rate = 6) has internal event at 12.21s with logical clock value of 74
2016-03-13 23:40:54,912 : Machine 3 (clock rate = 6) sending to Machine 1 logical clock value of 75 at 12.38s
2016-03-13 23:40:55,080 : Machine 3 (clock rate = 6) sending to Machine 1 logical clock value of 76 at 12.55s
2016-03-13 23:40:55,247 : Machine 3 (clock rate = 6) sending to Machine 1 logical clock value of 77 at 12.72s
2016-03-13 23:40:55,415 : Machine 3 (clock rate = 6) sending to Machine 1 logical clock value of 78 at 12.88s
2016-03-13 23:40:55,582 : Machine 3 (clock rate = 6) received message with lc value of 22 with queue size of 1 at 13.05s with logical clock of 79
2016-03-13 23:40:55,583 : Machine 3 (clock rate = 6) sending to Machine 1 logical clock value of 79 at 13.05s
2016-03-13 23:40:55,749 : Machine 3 (clock rate = 6) has internal event at 13.22s with logical clock value of 80
2016-03-13 23:40:55,916 : Machine 3 (clock rate = 6) has internal event at 13.39s with logical clock value of 81
2016-03-13 23:40:56,084 : Machine 3 (clock rate = 6) sending to Machine 1 logical clock value of 82 at 13.55s
2016-03-13 23:40:56,251 : Machine 3 (clock rate = 6) has internal event at 13.72s with logical clock value of 83
2016-03-13 23:40:56,419 : Machine 3 (clock rate = 6) sending to Machine 1 logical clock value of 84 at 13.89s
2016-03-13 23:40:56,585 : Machine 3 (clock rate = 6) sending to Machine 1 logical clock value of 85 at 14.05s
2016-03-13 23:40:56,752 : Machine 3 (clock rate = 6) sending to Machine 1 logical clock value of 86 at 14.22s
2016-03-13 23:40:56,920 : Machine 3 (clock rate = 6) received message with lc value of 83 with queue size of 1 at 14.39s with logical clock of 87
2016-03-13 23:40:56,921 : Machine 3 (clock rate = 6) sending to Machine 1 logical clock value of 87 at 14.39s
2016-03-13 23:40:57,087 : Machine 3 (clock rate = 6) sending to Machine 1 logical clock value of 88 at 14.56s
2016-03-13 23:40:57,255 : Machine 3 (clock rate = 6) sending to Machine 1 logical clock value of 89 at 14.72s
2016-03-13 23:40:57,422 : Machine 3 (clock rate = 6) sending to Machine 1 logical clock value of 90 at 14.89s
2016-03-13 23:40:57,588 : Machine 3 (clock rate = 6) received message with lc value of 87 with queue size of 1 at 15.06s with logical clock of 91
2016-03-13 23:40:57,589 : Machine 3 (clock rate = 6) sending to Machine 1 logical clock value of 91 at 15.06s
2016-03-13 23:40:57,756 : Machine 3 (clock rate = 6) sending to Machine 1 logical clock value of 92 at 15.23s
2016-03-13 23:40:57,923 : Machine 3 (clock rate = 6) sending to Machine 1 logical clock value of 93 at 15.39s
2016-03-13 23:40:58,091 : Machine 3 (clock rate = 6) sending to Machine 1 logical clock value of 94 at 15.56s
2016-03-13 23:40:58,259 : Machine 3 (clock rate = 6) sending to Machine 1 logical clock value of 95 at 15.73s
2016-03-13 23:40:58,427 : Machine 3 (clock rate = 6) sending to Machine 1 logical clock value of 96 at 15.90s
2016-03-13 23:40:58,594 : Machine 3 (clock rate = 6) sending to Machine 1 logical clock value of 97 at 16.06s
2016-03-13 23:40:58,761 : Machine 3 (clock rate = 6) has internal event at 16.23s with logical clock value of 98
2016-03-13 23:40:58,929 : Machine 3 (clock rate = 6) received message with lc value of 93 with queue size of 1 at 16.40s with logical clock of 99
2016-03-13 23:40:58,929 : Machine 3 (clock rate = 6) sending to Machine 1 logical clock value of 99 at 16.40s
2016-03-13 23:40:59,097 : Machine 3 (clock rate = 6) has internal event at 16.57s with logical clock value of 100
2016-03-13 23:40:59,264 : Machine 3 (clock rate = 6) sending to Machine 1 logical clock value of 101 at 16.73s
2016-03-13 23:40:59,432 : Machine 3 (clock rate = 6) has internal event at 16.90s with logical clock value of 102
2016-03-13 23:40:59,599 : Machine 3 (clock rate = 6) received message with lc value of 29 with queue size of 1 at 17.07s with logical clock of 103
2016-03-13 23:40:59,600 : Machine 3 (clock rate = 6) sending to Machine 1 logical clock value of 103 at 17.07s
2016-03-13 23:40:59,766 : Machine 3 (clock rate = 6) sending to Machine 1 logical clock value of 104 at 17.24s
2016-03-13 23:40:59,934 : Machine 3 (clock rate = 6) sending to Machine 1 logical clock value of 105 at 17.40s
2016-03-13 23:41:00,101 : Machine 3 (clock rate = 6) sending to Machine 1 logical clock value of 106 at 17.57s
2016-03-13 23:41:00,268 : Machine 3 (clock rate = 6) received message with lc value of 97 with queue size of 1 at 17.74s with logical clock of 107
2016-03-13 23:41:00,268 : Machine 3 (clock rate = 6) has internal event at 17.74s with logical clock value of 107
2016-03-13 23:41:00,435 : Machine 3 (clock rate = 6) has internal event at 17.90s with logical clock value of 108
2016-03-13 23:41:00,602 : Machine 3 (clock rate = 6) received message with lc value of 31 with queue size of 1 at 18.07s with logical clock of 109
2016-03-13 23:41:00,603 : Machine 3 (clock rate = 6) has internal event at 18.07s with logical clock value of 109
2016-03-13 23:41:00,769 : Machine 3 (clock rate = 6) sending to Machine 1 logical clock value of 110 at 18.24s
2016-03-13 23:41:00,937 : Machine 3 (clock rate = 6) received message with lc value of 103 with queue size of 1 at 18.41s with logical clock of 111
2016-03-13 23:41:00,937 : Machine 3 (clock rate = 6) sending to Machine 1 logical clock value of 111 at 18.41s
2016-03-13 23:41:01,105 : Machine 3 (clock rate = 6) sending to Machine 1 logical clock value of 112 at 18.57s
2016-03-13 23:41:01,272 : Machine 3 (clock rate = 6) has internal event at 18.74s with logical clock value of 113
2016-03-13 23:41:01,439 : Machine 3 (clock rate = 6) sending to Machine 1 logical clock value of 114 at 18.91s
2016-03-13 23:41:01,606 : Machine 3 (clock rate = 6) sending to Machine 1 logical clock value of 115 at 19.08s
2016-03-13 23:41:01,773 : Machine 3 (clock rate = 6) sending to Machine 1 logical clock value of 116 at 19.24s
2016-03-13 23:41:01,941 : Machine 3 (clock rate = 6) sending to Machine 1 logical clock value of 117 at 19.41s
2016-03-13 23:41:02,108 : Machine 3 (clock rate = 6) sending to Machine 1 logical clock value of 118 at 19.58s
2016-03-13 23:41:02,276 : Machine 3 (clock rate = 6) sending to Machine 1 logical clock value of 119 at 19.75s
2016-03-13 23:41:02,443 : Machine 3 (clock rate = 6) sending to Machine 1 logical clock value of 120 at 19.91s
2016-03-13 23:41:02,611 : Machine 3 (clock rate = 6) received message with lc value of 112 with queue size of 1 at 20.08s with logical clock of 121
2016-03-13 23:41:02,611 : Machine 3 (clock rate = 6) sending to Machine 1 logical clock value of 121 at 20.08s
2016-03-13 23:41:02,778 : Machine 3 (clock rate = 6) has internal event at 20.25s with logical clock value of 122
2016-03-13 23:41:02,946 : Machine 3 (clock rate = 6) received message with lc value of 116 with queue size of 1 at 20.42s with logical clock of 123
2016-03-13 23:41:02,946 : Machine 3 (clock rate = 6) sending to Machine 1 logical clock value of 123 at 20.42s
2016-03-13 23:41:03,113 : Machine 3 (clock rate = 6) has internal event at 20.58s with logical clock value of 124
2016-03-13 23:41:03,281 : Machine 3 (clock rate = 6) has internal event at 20.75s with logical clock value of 125
2016-03-13 23:41:03,449 : Machine 3 (clock rate = 6) has internal event at 20.92s with logical clock value of 126
2016-03-13 23:41:03,616 : Machine 3 (clock rate = 6) received message with lc value of 37 with queue size of 1 at 21.09s with logical clock of 127
2016-03-13 23:41:03,617 : Machine 3 (clock rate = 6) sending to Machine 1 logical clock value of 127 at 21.09s
2016-03-13 23:41:03,783 : Machine 3 (clock rate = 6) has internal event at 21.25s with logical clock value of 128
2016-03-13 23:41:03,950 : Machine 3 (clock rate = 6) has internal event at 21.42s with logical clock value of 129
2016-03-13 23:41:04,118 : Machine 3 (clock rate = 6) sending to Machine 1 logical clock value of 130 at 21.59s
2016-03-13 23:41:04,284 : Machine 3 (clock rate = 6) sending to Machine 1 logical clock value of 131 at 21.75s
2016-03-13 23:41:04,452 : Machine 3 (clock rate = 6) sending to Machine 1 logical clock value of 132 at 21.92s
2016-03-13 23:41:04,619 : Machine 3 (clock rate = 6) sending to Machine 1 logical clock value of 133 at 22.09s
2016-03-13 23:41:04,786 : Machine 3 (clock rate = 6) sending to Machine 1 logical clock value of 134 at 22.26s
2016-03-13 23:41:04,953 : Machine 3 (clock rate = 6) sending to Machine 1 logical clock value of 135 at 22.42s
2016-03-13 23:41:05,120 : Machine 3 (clock rate = 6) sending to Machine 1 logical clock value of 136 at 22.59s
2016-03-13 23:41:05,288 : Machine 3 (clock rate = 6) sending to Machine 1 logical clock value of 137 at 22.76s
2016-03-13 23:41:05,456 : Machine 3 (clock rate = 6) has internal event at 22.93s with logical clock value of 138
2016-03-13 23:41:05,623 : Machine 3 (clock rate = 6) has internal event at 23.09s with logical clock value of 139
2016-03-13 23:41:05,790 : Machine 3 (clock rate = 6) sending to Machine 1 logical clock value of 140 at 23.26s
2016-03-13 23:41:05,957 : Machine 3 (clock rate = 6) sending to Machine 1 logical clock value of 141 at 23.43s
2016-03-13 23:41:06,124 : Machine 3 (clock rate = 6) has internal event at 23.59s with logical clock value of 142
2016-03-13 23:41:06,292 : Machine 3 (clock rate = 6) has internal event at 23.76s with logical clock value of 143
2016-03-13 23:41:06,460 : Machine 3 (clock rate = 6) has internal event at 23.93s with logical clock value of 144
2016-03-13 23:41:06,627 : Machine 3 (clock rate = 6) received message with lc value of 43 with queue size of 2 at 24.10s with logical clock of 145
2016-03-13 23:41:06,660 : Machine 3 (clock rate = 6) has internal event at 24.13s with logical clock value of 145
2016-03-13 23:41:06,794 : Machine 3 (clock rate = 6) received message with lc value of 141 with queue size of 1 at 24.26s with logical clock of 146
2016-03-13 23:41:06,794 : Machine 3 (clock rate = 6) sending to Machine 1 logical clock value of 146 at 24.26s
2016-03-13 23:41:06,962 : Machine 3 (clock rate = 6) received message with lc value of 146 with queue size of 1 at 24.43s with logical clock of 147
2016-03-13 23:41:06,962 : Machine 3 (clock rate = 6) sending to Machine 1 logical clock value of 147 at 24.43s
2016-03-13 23:41:07,129 : Machine 3 (clock rate = 6) sending to Machine 1 logical clock value of 148 at 24.60s
2016-03-13 23:41:07,297 : Machine 3 (clock rate = 6) received message with lc value of 148 with queue size of 1 at 24.77s with logical clock of 149
2016-03-13 23:41:07,297 : Machine 3 (clock rate = 6) has internal event at 24.77s with logical clock value of 149
2016-03-13 23:41:07,463 : Machine 3 (clock rate = 6) sending to Machine 1 logical clock value of 150 at 24.93s
2016-03-13 23:41:07,631 : Machine 3 (clock rate = 6) received message with lc value of 44 with queue size of 1 at 25.10s with logical clock of 151
2016-03-13 23:41:07,631 : Machine 3 (clock rate = 6) has internal event at 25.10s with logical clock value of 151
2016-03-13 23:41:07,798 : Machine 3 (clock rate = 6) sending to Machine 1 logical clock value of 152 at 25.27s
2016-03-13 23:41:07,965 : Machine 3 (clock rate = 6) has internal event at 25.43s with logical clock value of 153
2016-03-13 23:41:08,133 : Machine 3 (clock rate = 6) sending to Machine 1 logical clock value of 154 at 25.60s
2016-03-13 23:41:08,300 : Machine 3 (clock rate = 6) has internal event at 25.77s with logical clock value of 155
2016-03-13 23:41:08,468 : Machine 3 (clock rate = 6) sending to Machine 1 logical clock value of 156 at 25.94s
2016-03-13 23:41:08,635 : Machine 3 (clock rate = 6) received message with lc value of 45 with queue size of 2 at 26.10s with logical clock of 157
2016-03-13 23:41:08,635 : Machine 3 (clock rate = 6) has internal event at 26.10s with logical clock value of 157
2016-03-13 23:41:08,802 : Machine 3 (clock rate = 6) received message with lc value of 156 with queue size of 1 at 26.27s with logical clock of 158
2016-03-13 23:41:08,802 : Machine 3 (clock rate = 6) sending to Machine 1 logical clock value of 158 at 26.27s
2016-03-13 23:41:08,969 : Machine 3 (clock rate = 6) has internal event at 26.44s with logical clock value of 159
2016-03-13 23:41:09,136 : Machine 3 (clock rate = 6) has internal event at 26.61s with logical clock value of 160
2016-03-13 23:41:09,304 : Machine 3 (clock rate = 6) has internal event at 26.77s with logical clock value of 161
2016-03-13 23:41:09,471 : Machine 3 (clock rate = 6) sending to Machine 1 logical clock value of 162 at 26.94s
2016-03-13 23:41:09,639 : Machine 3 (clock rate = 6) sending to Machine 1 logical clock value of 163 at 27.11s
2016-03-13 23:41:09,806 : Machine 3 (clock rate = 6) sending to Machine 1 logical clock value of 164 at 27.28s
2016-03-13 23:41:09,974 : Machine 3 (clock rate = 6) received message with lc value of 163 with queue size of 1 at 27.44s with logical clock of 165
2016-03-13 23:41:09,975 : Machine 3 (clock rate = 6) has internal event at 27.44s with logical clock value of 165
2016-03-13 23:41:10,142 : Machine 3 (clock rate = 6) sending to Machine 1 logical clock value of 166 at 27.61s
2016-03-13 23:41:10,309 : Machine 3 (clock rate = 6) has internal event at 27.78s with logical clock value of 167
2016-03-13 23:41:10,476 : Machine 3 (clock rate = 6) has internal event at 27.95s with logical clock value of 168
2016-03-13 23:41:10,644 : Machine 3 (clock rate = 6) received message with lc value of 48 with queue size of 1 at 28.11s with logical clock of 169
2016-03-13 23:41:10,644 : Machine 3 (clock rate = 6) sending to Machine 1 logical clock value of 169 at 28.11s
2016-03-13 23:41:10,811 : Machine 3 (clock rate = 6) sending to Machine 1 logical clock value of 170 at 28.28s
2016-03-13 23:41:10,978 : Machine 3 (clock rate = 6) has internal event at 28.45s with logical clock value of 171
2016-03-13 23:41:11,145 : Machine 3 (clock rate = 6) sending to Machine 1 logical clock value of 172 at 28.61s
2016-03-13 23:41:11,312 : Machine 3 (clock rate = 6) has internal event at 28.78s with logical clock value of 173
2016-03-13 23:41:11,479 : Machine 3 (clock rate = 6) sending to Machine 1 logical clock value of 174 at 28.95s
2016-03-13 23:41:11,646 : Machine 3 (clock rate = 6) sending to Machine 1 logical clock value of 175 at 29.12s
2016-03-13 23:41:11,814 : Machine 3 (clock rate = 6) sending to Machine 1 logical clock value of 176 at 29.28s
2016-03-13 23:41:11,981 : Machine 3 (clock rate = 6) has internal event at 29.45s with logical clock value of 177
2016-03-13 23:41:12,148 : Machine 3 (clock rate = 6) sending to Machine 1 logical clock value of 178 at 29.62s
2016-03-13 23:41:12,315 : Machine 3 (clock rate = 6) sending to Machine 1 logical clock value of 179 at 29.78s
2016-03-13 23:41:12,483 : Machine 3 (clock rate = 6) sending to Machine 1 logical clock value of 180 at 29.95s
2016-03-13 23:41:12,650 : Machine 3 (clock rate = 6) received message with lc value of 50 with queue size of 1 at 30.12s with logical clock of 181
2016-03-13 23:41:12,651 : Machine 3 (clock rate = 6) sending to Machine 1 logical clock value of 181 at 30.12s
2016-03-13 23:41:12,817 : Machine 3 (clock rate = 6) sending to Machine 1 logical clock value of 182 at 30.29s
2016-03-13 23:41:12,984 : Machine 3 (clock rate = 6) sending to Machine 1 logical clock value of 183 at 30.45s
2016-03-13 23:41:13,152 : Machine 3 (clock rate = 6) sending to Machine 1 logical clock value of 184 at 30.62s
2016-03-13 23:41:13,319 : Machine 3 (clock rate = 6) sending to Machine 1 logical clock value of 185 at 30.79s
2016-03-13 23:41:13,487 : Machine 3 (clock rate = 6) sending to Machine 1 logical clock value of 186 at 30.96s
2016-03-13 23:41:13,654 : Machine 3 (clock rate = 6) received message with lc value of 51 with queue size of 1 at 31.12s with logical clock of 187
2016-03-13 23:41:13,655 : Machine 3 (clock rate = 6) has internal event at 31.12s with logical clock value of 187
2016-03-13 23:41:13,822 : Machine 3 (clock rate = 6) has internal event at 31.29s with logical clock value of 188
2016-03-13 23:41:13,989 : Machine 3 (clock rate = 6) has internal event at 31.46s with logical clock value of 189
2016-03-13 23:41:14,157 : Machine 3 (clock rate = 6) has internal event at 31.63s with logical clock value of 190
2016-03-13 23:41:14,323 : Machine 3 (clock rate = 6) received message with lc value of 186 with queue size of 1 at 31.79s with logical clock of 191
2016-03-13 23:41:14,324 : Machine 3 (clock rate = 6) has internal event at 31.79s with logical clock value of 191
2016-03-13 23:41:14,491 : Machine 3 (clock rate = 6) has internal event at 31.96s with logical clock value of 192
2016-03-13 23:41:14,658 : Machine 3 (clock rate = 6) sending to Machine 1 logical clock value of 193 at 32.13s
2016-03-13 23:41:14,826 : Machine 3 (clock rate = 6) sending to Machine 1 logical clock value of 194 at 32.30s
2016-03-13 23:41:14,993 : Machine 3 (clock rate = 6) sending to Machine 1 logical clock value of 195 at 32.46s
2016-03-13 23:41:15,160 : Machine 3 (clock rate = 6) has internal event at 32.63s with logical clock value of 196
2016-03-13 23:41:15,328 : Machine 3 (clock rate = 6) sending to Machine 1 logical clock value of 197 at 32.80s
2016-03-13 23:41:15,495 : Machine 3 (clock rate = 6) sending to Machine 1 logical clock value of 198 at 32.96s
2016-03-13 23:41:15,662 : Machine 3 (clock rate = 6) received message with lc value of 56 with queue size of 2 at 33.13s with logical clock of 199
2016-03-13 23:41:15,663 : Machine 3 (clock rate = 6) has internal event at 33.13s with logical clock value of 199
2016-03-13 23:41:15,830 : Machine 3 (clock rate = 6) received message with lc value of 197 with queue size of 1 at 33.30s with logical clock of 200
2016-03-13 23:41:15,830 : Machine 3 (clock rate = 6) sending to Machine 1 logical clock value of 200 at 33.30s
2016-03-13 23:41:15,997 : Machine 3 (clock rate = 6) sending to Machine 1 logical clock value of 201 at 33.47s
2016-03-13 23:41:16,165 : Machine 3 (clock rate = 6) sending to Machine 1 logical clock value of 202 at 33.63s
2016-03-13 23:41:16,331 : Machine 3 (clock rate = 6) has internal event at 33.80s with logical clock value of 203
2016-03-13 23:41:16,498 : Machine 3 (clock rate = 6) sending to Machine 1 logical clock value of 204 at 33.97s
2016-03-13 23:41:16,666 : Machine 3 (clock rate = 6) sending to Machine 1 logical clock value of 205 at 34.14s
2016-03-13 23:41:16,833 : Machine 3 (clock rate = 6) sending to Machine 1 logical clock value of 206 at 34.30s
2016-03-13 23:41:17,001 : Machine 3 (clock rate = 6) sending to Machine 1 logical clock value of 207 at 34.47s
2016-03-13 23:41:17,168 : Machine 3 (clock rate = 6) sending to Machine 1 logical clock value of 208 at 34.64s
2016-03-13 23:41:17,336 : Machine 3 (clock rate = 6) has internal event at 34.81s with logical clock value of 209
2016-03-13 23:41:17,504 : Machine 3 (clock rate = 6) has internal event at 34.97s with logical clock value of 210
2016-03-13 23:41:17,671 : Machine 3 (clock rate = 6) received message with lc value of 206 with queue size of 1 at 35.14s with logical clock of 211
2016-03-13 23:41:17,672 : Machine 3 (clock rate = 6) has internal event at 35.14s with logical clock value of 211
2016-03-13 23:41:17,839 : Machine 3 (clock rate = 6) has internal event at 35.31s with logical clock value of 212
2016-03-13 23:41:18,006 : Machine 3 (clock rate = 6) sending to Machine 1 logical clock value of 213 at 35.48s
2016-03-13 23:41:18,173 : Machine 3 (clock rate = 6) has internal event at 35.64s with logical clock value of 214
2016-03-13 23:41:18,340 : Machine 3 (clock rate = 6) sending to Machine 1 logical clock value of 215 at 35.81s
2016-03-13 23:41:18,508 : Machine 3 (clock rate = 6) sending to Machine 1 logical clock value of 216 at 35.98s
2016-03-13 23:41:18,676 : Machine 3 (clock rate = 6) sending to Machine 1 logical clock value of 217 at 36.15s
2016-03-13 23:41:18,843 : Machine 3 (clock rate = 6) has internal event at 36.31s with logical clock value of 218
2016-03-13 23:41:19,011 : Machine 3 (clock rate = 6) sending to Machine 1 logical clock value of 219 at 36.48s
2016-03-13 23:41:19,178 : Machine 3 (clock rate = 6) has internal event at 36.65s with logical clock value of 220
2016-03-13 23:41:19,346 : Machine 3 (clock rate = 6) sending to Machine 1 logical clock value of 221 at 36.82s
2016-03-13 23:41:19,514 : Machine 3 (clock rate = 6) sending to Machine 1 logical clock value of 222 at 36.98s
2016-03-13 23:41:19,681 : Machine 3 (clock rate = 6) received message with lc value of 63 with queue size of 2 at 37.15s with logical clock of 223
2016-03-13 23:41:19,682 : Machine 3 (clock rate = 6) has internal event at 37.15s with logical clock value of 223
2016-03-13 23:41:19,849 : Machine 3 (clock rate = 6) received message with lc value of 222 with queue size of 1 at 37.32s with logical clock of 224
2016-03-13 23:41:19,850 : Machine 3 (clock rate = 6) sending to Machine 1 logical clock value of 224 at 37.32s
2016-03-13 23:41:20,016 : Machine 3 (clock rate = 6) sending to Machine 1 logical clock value of 225 at 37.49s
2016-03-13 23:41:20,184 : Machine 3 (clock rate = 6) has internal event at 37.65s with logical clock value of 226
2016-03-13 23:41:20,352 : Machine 3 (clock rate = 6) sending to Machine 1 logical clock value of 227 at 37.82s
2016-03-13 23:41:20,519 : Machine 3 (clock rate = 6) has internal event at 37.99s with logical clock value of 228
2016-03-13 23:41:20,686 : Machine 3 (clock rate = 6) received message with lc value of 64 with queue size of 1 at 38.16s with logical clock of 229
2016-03-13 23:41:20,687 : Machine 3 (clock rate = 6) sending to Machine 1 logical clock value of 229 at 38.16s
2016-03-13 23:41:20,853 : Machine 3 (clock rate = 6) sending to Machine 1 logical clock value of 230 at 38.32s
2016-03-13 23:41:21,020 : Machine 3 (clock rate = 6) received message with lc value of 229 with queue size of 1 at 38.49s with logical clock of 231
2016-03-13 23:41:21,022 : Machine 3 (clock rate = 6) sending to Machine 1 logical clock value of 231 at 38.49s
2016-03-13 23:41:21,188 : Machine 3 (clock rate = 6) sending to Machine 1 logical clock value of 232 at 38.66s
2016-03-13 23:41:21,356 : Machine 3 (clock rate = 6) sending to Machine 1 logical clock value of 233 at 38.83s
2016-03-13 23:41:21,523 : Machine 3 (clock rate = 6) has internal event at 38.99s with logical clock value of 234
2016-03-13 23:41:21,690 : Machine 3 (clock rate = 6) has internal event at 39.16s with logical clock value of 235
2016-03-13 23:41:21,858 : Machine 3 (clock rate = 6) has internal event at 39.33s with logical clock value of 236
2016-03-13 23:41:22,025 : Machine 3 (clock rate = 6) has internal event at 39.49s with logical clock value of 237
2016-03-13 23:41:22,192 : Machine 3 (clock rate = 6) sending to Machine 1 logical clock value of 238 at 39.66s
2016-03-13 23:41:22,359 : Machine 3 (clock rate = 6) sending to Machine 1 logical clock value of 239 at 39.83s
2016-03-13 23:41:22,527 : Machine 3 (clock rate = 6) has internal event at 40.00s with logical clock value of 240
2016-03-13 23:41:22,695 : Machine 3 (clock rate = 6) received message with lc value of 70 with queue size of 2 at 40.16s with logical clock of 241
2016-03-13 23:41:22,695 : Machine 3 (clock rate = 6) sending to Machine 1 logical clock value of 241 at 40.16s
2016-03-13 23:41:22,862 : Machine 3 (clock rate = 6) received message with lc value of 239 with queue size of 1 at 40.33s with logical clock of 242
2016-03-13 23:41:22,862 : Machine 3 (clock rate = 6) sending to Machine 1 logical clock value of 242 at 40.33s
2016-03-13 23:41:23,029 : Machine 3 (clock rate = 6) sending to Machine 1 logical clock value of 243 at 40.50s
2016-03-13 23:41:23,197 : Machine 3 (clock rate = 6) sending to Machine 1 logical clock value of 244 at 40.67s
2016-03-13 23:41:23,365 : Machine 3 (clock rate = 6) has internal event at 40.83s with logical clock value of 245
2016-03-13 23:41:23,532 : Machine 3 (clock rate = 6) has internal event at 41.00s with logical clock value of 246
2016-03-13 23:41:23,700 : Machine 3 (clock rate = 6) sending to Machine 1 logical clock value of 247 at 41.17s
2016-03-13 23:41:23,868 : Machine 3 (clock rate = 6) has internal event at 41.34s with logical clock value of 248
2016-03-13 23:41:24,035 : Machine 3 (clock rate = 6) has internal event at 41.50s with logical clock value of 249
2016-03-13 23:41:24,203 : Machine 3 (clock rate = 6) has internal event at 41.67s with logical clock value of 250
2016-03-13 23:41:24,370 : Machine 3 (clock rate = 6) received message with lc value of 247 with queue size of 1 at 41.84s with logical clock of 251
2016-03-13 23:41:24,371 : Machine 3 (clock rate = 6) sending to Machine 1 logical clock value of 251 at 41.84s
2016-03-13 23:41:24,538 : Machine 3 (clock rate = 6) has internal event at 42.01s with logical clock value of 252
2016-03-13 23:41:24,705 : Machine 3 (clock rate = 6) sending to Machine 1 logical clock value of 253 at 42.17s
2016-03-13 23:41:24,872 : Machine 3 (clock rate = 6) sending to Machine 1 logical clock value of 254 at 42.34s
2016-03-13 23:41:25,040 : Machine 3 (clock rate = 6) received message with lc value of 253 with queue size of 1 at 42.51s with logical clock of 255
2016-03-13 23:41:25,041 : Machine 3 (clock rate = 6) sending to Machine 1 logical clock value of 255 at 42.51s
2016-03-13 23:41:25,208 : Machine 3 (clock rate = 6) has internal event at 42.68s with logical clock value of 256
2016-03-13 23:41:25,376 : Machine 3 (clock rate = 6) sending to Machine 1 logical clock value of 257 at 42.85s
2016-03-13 23:41:25,543 : Machine 3 (clock rate = 6) has internal event at 43.01s with logical clock value of 258
2016-03-13 23:41:25,710 : Machine 3 (clock rate = 6) sending to Machine 1 logical clock value of 259 at 43.18s
2016-03-13 23:41:25,877 : Machine 3 (clock rate = 6) sending to Machine 1 logical clock value of 260 at 43.35s
2016-03-13 23:41:26,044 : Machine 3 (clock rate = 6) received message with lc value of 260 with queue size of 1 at 43.51s with logical clock of 261
2016-03-13 23:41:26,045 : Machine 3 (clock rate = 6) has internal event at 43.51s with logical clock value of 261
2016-03-13 23:41:26,211 : Machine 3 (clock rate = 6) sending to Machine 1 logical clock value of 262 at 43.68s
2016-03-13 23:41:26,379 : Machine 3 (clock rate = 6) has internal event at 43.85s with logical clock value of 263
2016-03-13 23:41:26,547 : Machine 3 (clock rate = 6) sending to Machine 1 logical clock value of 264 at 44.02s
2016-03-13 23:41:26,714 : Machine 3 (clock rate = 6) received message with lc value of 263 with queue size of 1 at 44.18s with logical clock of 265
2016-03-13 23:41:26,715 : Machine 3 (clock rate = 6) has internal event at 44.18s with logical clock value of 265
2016-03-13 23:41:26,882 : Machine 3 (clock rate = 6) has internal event at 44.35s with logical clock value of 266
2016-03-13 23:41:27,049 : Machine 3 (clock rate = 6) received message with lc value of 264 with queue size of 1 at 44.52s with logical clock of 267
2016-03-13 23:41:27,050 : Machine 3 (clock rate = 6) sending to Machine 1 logical clock value of 267 at 44.52s
2016-03-13 23:41:27,217 : Machine 3 (clock rate = 6) sending to Machine 1 logical clock value of 268 at 44.69s
2016-03-13 23:41:27,384 : Machine 3 (clock rate = 6) received message with lc value of 267 with queue size of 1 at 44.85s with logical clock of 269
2016-03-13 23:41:27,385 : Machine 3 (clock rate = 6) sending to Machine 1 logical clock value of 269 at 44.85s
2016-03-13 23:41:27,551 : Machine 3 (clock rate = 6) has internal event at 45.02s with logical clock value of 270
2016-03-13 23:41:27,719 : Machine 3 (clock rate = 6) has internal event at 45.19s with logical clock value of 271
2016-03-13 23:41:27,886 : Machine 3 (clock rate = 6) sending to Machine 1 logical clock value of 272 at 45.36s
2016-03-13 23:41:28,054 : Machine 3 (clock rate = 6) sending to Machine 1 logical clock value of 273 at 45.52s
2016-03-13 23:41:28,221 : Machine 3 (clock rate = 6) has internal event at 45.69s with logical clock value of 274
2016-03-13 23:41:28,389 : Machine 3 (clock rate = 6) has internal event at 45.86s with logical clock value of 275
2016-03-13 23:41:28,556 : Machine 3 (clock rate = 6) has internal event at 46.03s with logical clock value of 276
2016-03-13 23:41:28,723 : Machine 3 (clock rate = 6) received message with lc value of 85 with queue size of 1 at 46.19s with logical clock of 277
2016-03-13 23:41:28,724 : Machine 3 (clock rate = 6) has internal event at 46.19s with logical clock value of 277
2016-03-13 23:41:28,891 : Machine 3 (clock rate = 6) has internal event at 46.36s with logical clock value of 278
2016-03-13 23:41:29,058 : Machine 3 (clock rate = 6) received message with lc value of 274 with queue size of 1 at 46.53s with logical clock of 279
2016-03-13 23:41:29,059 : Machine 3 (clock rate = 6) sending to Machine 1 logical clock value of 279 at 46.53s
2016-03-13 23:41:29,226 : Machine 3 (clock rate = 6) sending to Machine 1 logical clock value of 280 at 46.70s
2016-03-13 23:41:29,394 : Machine 3 (clock rate = 6) sending to Machine 1 logical clock value of 281 at 46.86s
2016-03-13 23:41:29,561 : Machine 3 (clock rate = 6) sending to Machine 1 logical clock value of 282 at 47.03s
2016-03-13 23:41:29,729 : Machine 3 (clock rate = 6) received message with lc value of 86 with queue size of 1 at 47.20s with logical clock of 283
2016-03-13 23:41:29,729 : Machine 3 (clock rate = 6) sending to Machine 1 logical clock value of 283 at 47.20s
2016-03-13 23:41:29,896 : Machine 3 (clock rate = 6) sending to Machine 1 logical clock value of 284 at 47.37s
2016-03-13 23:41:30,064 : Machine 3 (clock rate = 6) sending to Machine 1 logical clock value of 285 at 47.53s
2016-03-13 23:41:30,232 : Machine 3 (clock rate = 6) has internal event at 47.70s with logical clock value of 286
2016-03-13 23:41:30,400 : Machine 3 (clock rate = 6) received message with lc value of 284 with queue size of 1 at 47.87s with logical clock of 287
2016-03-13 23:41:30,400 : Machine 3 (clock rate = 6) sending to Machine 1 logical clock value of 287 at 47.87s
2016-03-13 23:41:30,567 : Machine 3 (clock rate = 6) received message with lc value of 90 with queue size of 1 at 48.04s with logical clock of 288
2016-03-13 23:41:30,568 : Machine 3 (clock rate = 6) sending to Machine 1 logical clock value of 288 at 48.04s
2016-03-13 23:41:30,735 : Machine 3 (clock rate = 6) sending to Machine 1 logical clock value of 289 at 48.20s
2016-03-13 23:41:30,902 : Machine 3 (clock rate = 6) sending to Machine 1 logical clock value of 290 at 48.37s
2016-03-13 23:41:31,069 : Machine 3 (clock rate = 6) sending to Machine 1 logical clock value of 291 at 48.54s
2016-03-13 23:41:31,237 : Machine 3 (clock rate = 6) has internal event at 48.71s with logical clock value of 292
2016-03-13 23:41:31,404 : Machine 3 (clock rate = 6) received message with lc value of 291 with queue size of 1 at 48.87s with logical clock of 293
2016-03-13 23:41:31,405 : Machine 3 (clock rate = 6) sending to Machine 1 logical clock value of 293 at 48.87s
2016-03-13 23:41:31,572 : Machine 3 (clock rate = 6) has internal event at 49.04s with logical clock value of 294
2016-03-13 23:41:31,739 : Machine 3 (clock rate = 6) received message with lc value of 293 with queue size of 1 at 49.21s with logical clock of 295
2016-03-13 23:41:31,740 : Machine 3 (clock rate = 6) has internal event at 49.21s with logical clock value of 295
2016-03-13 23:41:31,907 : Machine 3 (clock rate = 6) sending to Machine 1 logical clock value of 296 at 49.38s
2016-03-13 23:41:32,073 : Machine 3 (clock rate = 6) received message with lc value of 294 with queue size of 1 at 49.54s with logical clock of 297
2016-03-13 23:41:32,074 : Machine 3 (clock rate = 6) sending to Machine 1 logical clock value of 297 at 49.54s
2016-03-13 23:41:32,241 : Machine 3 (clock rate = 6) sending to Machine 1 logical clock value of 298 at 49.71s
2016-03-13 23:41:32,409 : Machine 3 (clock rate = 6) received message with lc value of 297 with queue size of 1 at 49.88s with logical clock of 299
2016-03-13 23:41:32,410 : Machine 3 (clock rate = 6) has internal event at 49.88s with logical clock value of 299
2016-03-13 23:41:32,576 : Machine 3 (clock rate = 6) sending to Machine 1 logical clock value of 300 at 50.05s
2016-03-13 23:41:32,744 : Machine 3 (clock rate = 6) sending to Machine 1 logical clock value of 301 at 50.21s
2016-03-13 23:41:32,911 : Machine 3 (clock rate = 6) has internal event at 50.38s with logical clock value of 302
2016-03-13 23:41:33,079 : Machine 3 (clock rate = 6) has internal event at 50.55s with logical clock value of 303
2016-03-13 23:41:33,247 : Machine 3 (clock rate = 6) sending to Machine 1 logical clock value of 304 at 50.72s
2016-03-13 23:41:33,414 : Machine 3 (clock rate = 6) sending to Machine 1 logical clock value of 305 at 50.88s
2016-03-13 23:41:33,581 : Machine 3 (clock rate = 6) sending to Machine 1 logical clock value of 306 at 51.05s
2016-03-13 23:41:33,749 : Machine 3 (clock rate = 6) sending to Machine 1 logical clock value of 307 at 51.22s
2016-03-13 23:41:33,916 : Machine 3 (clock rate = 6) has internal event at 51.39s with logical clock value of 308
2016-03-13 23:41:34,083 : Machine 3 (clock rate = 6) received message with lc value of 306 with queue size of 1 at 51.55s with logical clock of 309
2016-03-13 23:41:34,084 : Machine 3 (clock rate = 6) sending to Machine 1 logical clock value of 309 at 51.55s
2016-03-13 23:41:34,251 : Machine 3 (clock rate = 6) sending to Machine 1 logical clock value of 310 at 51.72s
2016-03-13 23:41:34,418 : Machine 3 (clock rate = 6) sending to Machine 1 logical clock value of 311 at 51.89s
2016-03-13 23:41:34,586 : Machine 3 (clock rate = 6) sending to Machine 1 logical clock value of 312 at 52.06s
2016-03-13 23:41:34,753 : Machine 3 (clock rate = 6) received message with lc value of 310 with queue size of 1 at 52.22s with logical clock of 313
2016-03-13 23:41:34,753 : Machine 3 (clock rate = 6) has internal event at 52.22s with logical clock value of 313
2016-03-13 23:41:34,920 : Machine 3 (clock rate = 6) sending to Machine 1 logical clock value of 314 at 52.39s
2016-03-13 23:41:35,087 : Machine 3 (clock rate = 6) received message with lc value of 314 with queue size of 1 at 52.56s with logical clock of 315
2016-03-13 23:41:35,087 : Machine 3 (clock rate = 6) sending to Machine 1 logical clock value of 315 at 52.56s
2016-03-13 23:41:35,254 : Machine 3 (clock rate = 6) sending to Machine 1 logical clock value of 316 at 52.72s
2016-03-13 23:41:35,421 : Machine 3 (clock rate = 6) sending to Machine 1 logical clock value of 317 at 52.89s
2016-03-13 23:41:35,588 : Machine 3 (clock rate = 6) has internal event at 53.06s with logical clock value of 318
2016-03-13 23:41:35,755 : Machine 3 (clock rate = 6) received message with lc value of 316 with queue size of 1 at 53.22s with logical clock of 319
2016-03-13 23:41:35,756 : Machine 3 (clock rate = 6) sending to Machine 1 logical clock value of 319 at 53.23s
2016-03-13 23:41:35,922 : Machine 3 (clock rate = 6) sending to Machine 1 logical clock value of 320 at 53.39s
2016-03-13 23:41:36,090 : Machine 3 (clock rate = 6) has internal event at 53.56s with logical clock value of 321
2016-03-13 23:41:36,257 : Machine 3 (clock rate = 6) sending to Machine 1 logical clock value of 322 at 53.73s
2016-03-13 23:41:36,424 : Machine 3 (clock rate = 6) has internal event at 53.89s with logical clock value of 323
2016-03-13 23:41:36,591 : Machine 3 (clock rate = 6) sending to Machine 1 logical clock value of 324 at 54.06s
2016-03-13 23:41:36,758 : Machine 3 (clock rate = 6) has internal event at 54.23s with logical clock value of 325
2016-03-13 23:41:36,926 : Machine 3 (clock rate = 6) has internal event at 54.40s with logical clock value of 326
2016-03-13 23:41:37,093 : Machine 3 (clock rate = 6) received message with lc value of 324 with queue size of 1 at 54.56s with logical clock of 327
2016-03-13 23:41:37,093 : Machine 3 (clock rate = 6) sending to Machine 1 logical clock value of 327 at 54.56s
2016-03-13 23:41:37,261 : Machine 3 (clock rate = 6) has internal event at 54.73s with logical clock value of 328
2016-03-13 23:41:37,428 : Machine 3 (clock rate = 6) sending to Machine 1 logical clock value of 329 at 54.90s
2016-03-13 23:41:37,596 : Machine 3 (clock rate = 6) sending to Machine 1 logical clock value of 330 at 55.07s
2016-03-13 23:41:37,763 : Machine 3 (clock rate = 6) has internal event at 55.23s with logical clock value of 331
2016-03-13 23:41:37,930 : Machine 3 (clock rate = 6) sending to Machine 1 logical clock value of 332 at 55.40s
2016-03-13 23:41:38,098 : Machine 3 (clock rate = 6) sending to Machine 1 logical clock value of 333 at 55.57s
2016-03-13 23:41:38,265 : Machine 3 (clock rate = 6) sending to Machine 1 logical clock value of 334 at 55.73s
2016-03-13 23:41:38,432 : Machine 3 (clock rate = 6) sending to Machine 1 logical clock value of 335 at 55.90s
2016-03-13 23:41:38,600 : Machine 3 (clock rate = 6) sending to Machine 1 logical clock value of 336 at 56.07s
2016-03-13 23:41:38,767 : Machine 3 (clock rate = 6) received message with lc value of 334 with queue size of 1 at 56.24s with logical clock of 337
2016-03-13 23:41:38,768 : Machine 3 (clock rate = 6) sending to Machine 1 logical clock value of 337 at 56.24s
2016-03-13 23:41:38,935 : Machine 3 (clock rate = 6) has internal event at 56.40s with logical clock value of 338
2016-03-13 23:41:39,102 : Machine 3 (clock rate = 6) sending to Machine 1 logical clock value of 339 at 56.57s
2016-03-13 23:41:39,269 : Machine 3 (clock rate = 6) sending to Machine 1 logical clock value of 340 at 56.74s
2016-03-13 23:41:39,436 : Machine 3 (clock rate = 6) has internal event at 56.91s with logical clock value of 341
2016-03-13 23:41:39,604 : Machine 3 (clock rate = 6) sending to Machine 1 logical clock value of 342 at 57.07s
2016-03-13 23:41:39,771 : Machine 3 (clock rate = 6) received message with lc value of 342 with queue size of 1 at 57.24s with logical clock of 343
2016-03-13 23:41:39,771 : Machine 3 (clock rate = 6) sending to Machine 1 logical clock value of 343 at 57.24s
2016-03-13 23:41:39,938 : Machine 3 (clock rate = 6) has internal event at 57.41s with logical clock value of 344
2016-03-13 23:41:40,105 : Machine 3 (clock rate = 6) has internal event at 57.58s with logical clock value of 345
2016-03-13 23:41:40,273 : Machine 3 (clock rate = 6) sending to Machine 1 logical clock value of 346 at 57.74s
2016-03-13 23:41:40,439 : Machine 3 (clock rate = 6) received message with lc value of 344 with queue size of 1 at 57.91s with logical clock of 347
2016-03-13 23:41:40,440 : Machine 3 (clock rate = 6) sending to Machine 1 logical clock value of 347 at 57.91s
2016-03-13 23:41:40,606 : Machine 3 (clock rate = 6) received message with lc value of 115 with queue size of 1 at 58.08s with logical clock of 348
2016-03-13 23:41:40,607 : Machine 3 (clock rate = 6) sending to Machine 1 logical clock value of 348 at 58.08s
2016-03-13 23:41:40,774 : Machine 3 (clock rate = 6) sending to Machine 1 logical clock value of 349 at 58.24s
2016-03-13 23:41:40,941 : Machine 3 (clock rate = 6) sending to Machine 1 logical clock value of 350 at 58.41s
2016-03-13 23:41:41,107 : Machine 3 (clock rate = 6) sending to Machine 1 logical clock value of 351 at 58.58s
2016-03-13 23:41:41,275 : Machine 3 (clock rate = 6) sending to Machine 1 logical clock value of 352 at 58.75s
2016-03-13 23:41:41,443 : Machine 3 (clock rate = 6) has internal event at 58.91s with logical clock value of 353
2016-03-13 23:41:41,610 : Machine 3 (clock rate = 6) has internal event at 59.08s with logical clock value of 354
2016-03-13 23:41:41,778 : Machine 3 (clock rate = 6) received message with lc value of 353 with queue size of 1 at 59.25s with logical clock of 355
2016-03-13 23:41:41,779 : Machine 3 (clock rate = 6) sending to Machine 1 logical clock value of 355 at 59.25s
2016-03-13 23:41:41,945 : Machine 3 (clock rate = 6) sending to Machine 1 logical clock value of 356 at 59.41s
2016-03-13 23:41:42,113 : Machine 3 (clock rate = 6) sending to Machine 1 logical clock value of 357 at 59.58s
2016-03-13 23:41:42,280 : Machine 3 (clock rate = 6) sending to Machine 1 logical clock value of 358 at 59.75s
2016-03-13 23:41:42,447 : Machine 3 (clock rate = 6) received message with lc value of 358 with queue size of 1 at 59.92s with logical clock of 359
2016-03-13 23:41:42,448 : Machine 3 (clock rate = 6) has internal event at 59.92s with logical clock value of 359
2016-03-13 23:41:42,615 : Machine 3 (clock rate = 6) sending to Machine 1 logical clock value of 360 at 60.08s
